#
# A fatal error has been detected by the Java Runtime Environment:
#
#  EXCEPTION_ACCESS_VIOLATION (0xc0000005) at pc=0x00007ffade961dd5, pid=9284, tid=4320
#
# JRE version: OpenJDK Runtime Environment Corretto-21.0.8.9.1 (21.0.8+9) (build 21.0.8+9-LTS)
# Java VM: OpenJDK 64-Bit Server VM Corretto-21.0.8.9.1 (21.0.8+9-LTS, mixed mode, sharing, tiered, compressed oops, compressed class ptrs, g1 gc, windows-amd64)
# Problematic frame:
# C  [igd9trinity64.dll+0xd11dd5]
#
# No core dump will be written. Minidumps are not enabled by default on client versions of Windows
#
# If you would like to submit a bug report, please visit:
#   https://github.com/corretto/corretto-21/issues/
# The crash happened outside the Java Virtual Machine in native code.
# See problematic frame for where to report the bug.
#

---------------  S U M M A R Y ------------

Command Line: -javaagent:C:\Users\ninja\IntelliJ IDEA 2025.2.1\lib\idea_rt.jar=57246 -Dfile.encoding=UTF-8 -Dsun.stdout.encoding=UTF-8 -Dsun.stderr.encoding=UTF-8 --module-path=C:\Users\ninja\.m2\repository\org\openjfx\javafx-controls\21.0.6\javafx-controls-21.0.6-win.jar;C:\Users\ninja\.m2\repository\org\openjfx\javafx-graphics\21.0.6\javafx-graphics-21.0.6-win.jar;C:\Users\ninja\IdeaProjects\DinoGame\target\classes;C:\Users\ninja\.m2\repository\org\openjfx\javafx-base\21.0.6\javafx-base-21.0.6-win.jar;C:\Users\ninja\.m2\repository\org\openjfx\javafx-fxml\21.0.6\javafx-fxml-21.0.6-win.jar -Djdk.module.main=com.example.dinogame com.example.dinogame/com.example.dinogame.DinoGame

Host: Intel(R) Core(TM) Ultra 5 226V, 8 cores, 15G,  Windows 11 , 64 bit Build 26100 (10.0.26100.6725)
Time: Sat Oct 25 13:57:09 2025 Central Asia Standard Time elapsed time: 1.291217 seconds (0d 0h 0m 1s)

---------------  T H R E A D  ---------------

Current thread (0x0000027246c0a010):  JavaThread "QuantumRenderer-0" daemon [_thread_in_native, id=4320, stack(0x000000d1fe300000,0x000000d1fe400000) (1024K)]

Stack: [0x000000d1fe300000,0x000000d1fe400000],  sp=0x000000d1fe3fdca0,  free space=1015k
Native frames: (J=compiled Java code, j=interpreted, Vv=VM code, C=native code)
C  [igd9trinity64.dll+0xd11dd5]

Java frames: (J=compiled Java code, j=interpreted, Vv=VM code)
j  com.sun.prism.d3d.D3DSwapChain.nPresent(JJ)I+0 javafx.graphics@21.0.6
j  com.sun.prism.d3d.D3DSwapChain.present()Z+25 javafx.graphics@21.0.6
j  com.sun.javafx.tk.quantum.PresentingPainter.run()V+451 javafx.graphics@21.0.6
j  java.util.concurrent.Executors$RunnableAdapter.call()Ljava/lang/Object;+4 java.base@21.0.8
j  java.util.concurrent.FutureTask.runAndReset()Z+44 java.base@21.0.8
j  com.sun.javafx.tk.RenderJob.run()V+1 javafx.graphics@21.0.6
j  java.util.concurrent.ThreadPoolExecutor.runWorker(Ljava/util/concurrent/ThreadPoolExecutor$Worker;)V+92 java.base@21.0.8
j  java.util.concurrent.ThreadPoolExecutor$Worker.run()V+5 java.base@21.0.8
j  com.sun.javafx.tk.quantum.QuantumRenderer$PipelineRunnable.run()V+8 javafx.graphics@21.0.6
j  java.lang.Thread.runWith(Ljava/lang/Object;Ljava/lang/Runnable;)V+5 java.base@21.0.8
j  java.lang.Thread.run()V+19 java.base@21.0.8
v  ~StubRoutines::call_stub 0x00000272374f100d

siginfo: EXCEPTION_ACCESS_VIOLATION (0xc0000005), writing address 0x000000000000000a


Registers:
RAX=0x000000d1fe3fdcd8, RBX=0x0000000000000000, RCX=0x0000000000000002, RDX=0xffffffffffffffff
RSP=0x000000d1fe3fdca0, RBP=0x0000000000000000, RSI=0x000002728d330098, RDI=0x000002728d331150
R8 =0xffffe0497a821fdf, R9 =0x0000000000000061, R10=0x0000000000000000, R11=0x000000d1fe3fdbc0
R12=0x0000000000000000, R13=0x000000d1fe3fe820, R14=0x000000d1fe3fdcd8, R15=0x0000000000000000
RIP=0x00007ffade961dd5, EFLAGS=0x0000000000010202

XMM[0]=0x0000000000000000 0x0000000000000000
XMM[1]=0x0000000000000000 0x0000000000000000
XMM[2]=0x0000000000000000 0x0000000000000000
XMM[3]=0x0000000000000000 0x0000000000000000
XMM[4]=0x0000000000000000 0x0000000000000000
XMM[5]=0x0000000000000000 0x0000000000000000
XMM[6]=0xa8b648f32cd98b37 0x0a163ef240ae8190
XMM[7]=0x9f46be6cc219e898 0x7f4881ef1cfaab1c
XMM[8]=0x05812e64b32cd937 0x5120ff6c0aa274b1
XMM[9]=0x2e98492c2e98492c 0x2e98492c96eb053a
XMM[10]=0x0000000000000000 0x000000006852bc0e
XMM[11]=0x149df300149df300 0x149df300ab88f83a
XMM[12]=0x0000000000000000 0x0000000096eb053a
XMM[13]=0x0000000000000000 0x0000000000000000
XMM[14]=0x0000000000000000 0x0000000000000000
XMM[15]=0x0000000000000000 0x0000000000000000
  MXCSR=0x00001fa0


Register to memory mapping:

RAX=0x000000d1fe3fdcd8 is pointing into the stack for thread: 0x0000027246c0a010
RBX=0x0 is null
RCX=0x0000000000000002 is an unknown value
RDX=0xffffffffffffffff is an unknown value
RSP=0x000000d1fe3fdca0 is pointing into the stack for thread: 0x0000027246c0a010
RBP=0x0 is null
RSI=0x000002728d330098 points into unknown readable memory: 0x000002728d62f980 | 80 f9 62 8d 72 02 00 00
RDI=0x000002728d331150 points into unknown readable memory: 0x0000000000000000 | 00 00 00 00 00 00 00 00
R8 =0xffffe0497a821fdf is an unknown value
R9 =0x0000000000000061 is an unknown value
R10=0x0 is null
R11=0x000000d1fe3fdbc0 is pointing into the stack for thread: 0x0000027246c0a010
R12=0x0 is null
R13=0x000000d1fe3fe820 is pointing into the stack for thread: 0x0000027246c0a010
R14=0x000000d1fe3fdcd8 is pointing into the stack for thread: 0x0000027246c0a010
R15=0x0 is null

Top of Stack: (sp=0x000000d1fe3fdca0)
0x000000d1fe3fdca0:   0000000000000000 00000272932f3ee0
0x000000d1fe3fdcb0:   0000000000000000 0000000000000000
0x000000d1fe3fdcc0:   0000000000000001 000002728ce01220
0x000000d1fe3fdcd0:   0000000000000001 00000272932f3ee0
0x000000d1fe3fdce0:   0000000100000000 00000272930159f0
0x000000d1fe3fdcf0:   000000d1fe3fdf88 0000000000000000
0x000000d1fe3fdd00:   0000000000000000 0000a7a01ca4a83c
0x000000d1fe3fdd10:   0000000000000000 0000000000000000
0x000000d1fe3fdd20:   000002728d32fe20 000002728d32fe20
0x000000d1fe3fdd30:   000000d1fe3fde40 00007ffade91b1a2
0x000000d1fe3fdd40:   0000000000000000 000002728d32fe20
0x000000d1fe3fdd50:   0000000000000000 000002728d56fba8
0x000000d1fe3fdd60:   0000027293015a60 000002728ce01220
0x000000d1fe3fdd70:   0000000000000000 00007ffb6b99a9d0
0x000000d1fe3fdd80:   0000027225450000 00007ffb00000000
0x000000d1fe3fdd90:   0000027293015a60 0000000000000008
0x000000d1fe3fdda0:   0000000000000000 0000000000000000
0x000000d1fe3fddb0:   0000027293015a60 00007ffb485aff30
0x000000d1fe3fddc0:   0000000000000001 000002728d579220
0x000000d1fe3fddd0:   0000000100000000 000000d1fe3fde40
0x000000d1fe3fdde0:   000000d1fe3fdf88 0000000000000000
0x000000d1fe3fddf0:   0000000000000000 0000000000000000
0x000000d1fe3fde00:   0000000000000000 0000000000000000
0x000000d1fe3fde10:   0000000000000000 0000000000000000
0x000000d1fe3fde20:   0000000000000001 000000d1fe3fdfc8
0x000000d1fe3fde30:   000000d1fe3fdf70 0000000000000000
0x000000d1fe3fde40:   000002728cd3c050 00007ffaddfa4aab
0x000000d1fe3fde50:   000002728d579410 000002728d32fe20
0x000000d1fe3fde60:   0000000000000000 0000000000000000
0x000000d1fe3fde70:   0000000000000000 0000000000000000
0x000000d1fe3fde80:   0000000000000000 0000000100000004
0x000000d1fe3fde90:   000000d1fe3fdf68 0000000000000001 

Instructions: (pc=0x00007ffade961dd5)
0x00007ffade961cd5:   04 4d 03 e6 4c 89 67 08 48 c1 e5 04 49 03 ee 48
0x00007ffade961ce5:   89 6f 10 4d 03 ff 4b 8d 04 fe 48 8b 5c 24 40 48
0x00007ffade961cf5:   8b 6c 24 48 48 8b 74 24 50 48 8b 7c 24 58 48 83
0x00007ffade961d05:   c4 20 41 5f 41 5e 41 5c c3 e8 1d 20 37 ff cc e8
0x00007ffade961d15:   47 ff 1e 00 cc e8 31 16 42 ff cc 48 8d 05 c9 69
0x00007ffade961d25:   9d 00 c3 cc cc cc cc cc cc cc cc 48 8b 49 08 e9
0x00007ffade961d35:   87 fa ff ff cc cc cc cc cc cc cc 48 8d 05 01 c0
0x00007ffade961d45:   77 00 48 89 02 48 8b 41 08 48 89 42 08 48 8b c2
0x00007ffade961d55:   c3 cc cc cc cc cc cc cc cc cc cc 48 89 5c 24 18
0x00007ffade961d65:   55 56 57 41 56 41 57 48 83 ec 70 48 8b 05 c9 a5
0x00007ffade961d75:   95 00 48 33 c4 48 89 44 24 68 48 8b f2 48 8b f9
0x00007ffade961d85:   80 79 01 00 0f 85 a3 01 00 00 45 33 ff 41 8b ef
0x00007ffade961d95:   41 8b df 0f 1f 84 00 00 00 00 00 4c 39 3e 0f 84
0x00007ffade961da5:   c9 01 00 00 45 33 c9 41 b8 02 00 00 00 48 8d 54
0x00007ffade961db5:   24 38 48 8b 0e e8 41 3d ff ff 4c 8b f0 4c 39 7c
0x00007ffade961dc5:   3b 18 74 31 48 8b 4c 3b 18 48 c7 c2 ff ff ff ff
0x00007ffade961dd5:   f0 48 0f c1 51 08 8d 4a ff f7 c1 ff ff ff 00 75
0x00007ffade961de5:   14 48 8b 4c 3b 18 48 85 c9 74 0a 48 8b 01 ba 01
0x00007ffade961df5:   00 00 00 ff 10 49 8b 06 48 89 44 3b 18 4d 89 3e
0x00007ffade961e05:   48 8b 44 24 38 48 85 c0 74 2b 48 c7 c1 ff ff ff
0x00007ffade961e15:   ff f0 48 0f c1 48 08 8d 41 ff a9 ff ff ff 00 75
0x00007ffade961e25:   14 48 8b 4c 24 38 48 85 c9 74 0a 48 8b 01 ba 01
0x00007ffade961e35:   00 00 00 ff 10 4c 89 7c 24 38 4c 39 3e 0f 84 0e
0x00007ffade961e45:   01 00 00 45 33 c9 41 b8 02 00 00 00 48 8d 54 24
0x00007ffade961e55:   30 48 8b 0e e8 a2 3c ff ff 4c 8b f0 4c 39 7c 3b
0x00007ffade961e65:   20 74 31 48 8b 4c 3b 20 48 c7 c2 ff ff ff ff f0
0x00007ffade961e75:   48 0f c1 51 08 8d 4a ff f7 c1 ff ff ff 00 75 14
0x00007ffade961e85:   48 8b 4c 3b 20 48 85 c9 74 0a 48 8b 01 ba 01 00
0x00007ffade961e95:   00 00 ff 10 49 8b 06 48 89 44 3b 20 4d 89 3e 48
0x00007ffade961ea5:   8b 44 24 30 48 85 c0 74 2b 48 c7 c1 ff ff ff ff
0x00007ffade961eb5:   f0 48 0f c1 48 08 8d 41 ff a9 ff ff ff 00 75 14
0x00007ffade961ec5:   48 8b 4c 24 30 48 85 c9 74 0a 48 8b 01 ba 01 00 


Stack slot to memory mapping:

stack at sp + 0 slots: 0x0 is null
stack at sp + 1 slots: 0x00000272932f3ee0 points into unknown readable memory: 0x00007ffadf0ddd80 | 80 dd 0d df fa 7f 00 00
stack at sp + 2 slots: 0x0 is null
stack at sp + 3 slots: 0x0 is null
stack at sp + 4 slots: 0x0000000000000001 is an unknown value
stack at sp + 5 slots: 0x000002728ce01220 points into unknown readable memory: 0x0000000080000880 | 80 08 00 80 00 00 00 00
stack at sp + 6 slots: 0x0000000000000001 is an unknown value
stack at sp + 7 slots: 0x00000272932f3ee0 points into unknown readable memory: 0x00007ffadf0ddd80 | 80 dd 0d df fa 7f 00 00


---------------  P R O C E S S  ---------------

Threads class SMR info:
_java_thread_list=0x0000027292e15b00, length=18, elements={
0x00000272278b4060, 0x0000027246af2ce0, 0x0000027246af3930, 0x0000027246af91f0,
0x0000027246af9d70, 0x0000027246b04920, 0x0000027246b0d8b0, 0x0000027246b109d0,
0x0000027246b153c0, 0x0000027246c0c770, 0x0000027246c092f0, 0x0000027246c09980,
0x0000027246c0a010, 0x0000027246c0ba50, 0x0000027246c0a6a0, 0x0000027246c0ad30,
0x0000027246c0c0e0, 0x0000027246c0b3c0
}

Java Threads: ( => current thread )
  0x00000272278b4060 JavaThread "main"                              [_thread_blocked, id=27096, stack(0x000000d1fce00000,0x000000d1fcf00000) (1024K)]
  0x0000027246af2ce0 JavaThread "Reference Handler"          daemon [_thread_blocked, id=15896, stack(0x000000d1fd600000,0x000000d1fd700000) (1024K)]
  0x0000027246af3930 JavaThread "Finalizer"                  daemon [_thread_blocked, id=6860, stack(0x000000d1fd700000,0x000000d1fd800000) (1024K)]
  0x0000027246af91f0 JavaThread "Signal Dispatcher"          daemon [_thread_blocked, id=20060, stack(0x000000d1fd800000,0x000000d1fd900000) (1024K)]
  0x0000027246af9d70 JavaThread "Attach Listener"            daemon [_thread_blocked, id=11392, stack(0x000000d1fd900000,0x000000d1fda00000) (1024K)]
  0x0000027246b04920 JavaThread "Service Thread"             daemon [_thread_blocked, id=24544, stack(0x000000d1fda00000,0x000000d1fdb00000) (1024K)]
  0x0000027246b0d8b0 JavaThread "Monitor Deflation Thread"   daemon [_thread_blocked, id=11792, stack(0x000000d1fdb00000,0x000000d1fdc00000) (1024K)]
  0x0000027246b109d0 JavaThread "C2 CompilerThread0"         daemon [_thread_blocked, id=6072, stack(0x000000d1fdc00000,0x000000d1fdd00000) (1024K)]
  0x0000027246b153c0 JavaThread "C1 CompilerThread0"         daemon [_thread_blocked, id=13224, stack(0x000000d1fdd00000,0x000000d1fde00000) (1024K)]
  0x0000027246c0c770 JavaThread "Common-Cleaner"             daemon [_thread_blocked, id=23992, stack(0x000000d1fde00000,0x000000d1fdf00000) (1024K)]
  0x0000027246c092f0 JavaThread "Monitor Ctrl-Break"         daemon [_thread_in_native, id=15372, stack(0x000000d1fe100000,0x000000d1fe200000) (1024K)]
  0x0000027246c09980 JavaThread "Notification Thread"        daemon [_thread_blocked, id=13596, stack(0x000000d1fe200000,0x000000d1fe300000) (1024K)]
=>0x0000027246c0a010 JavaThread "QuantumRenderer-0"          daemon [_thread_in_native, id=4320, stack(0x000000d1fe300000,0x000000d1fe400000) (1024K)]
  0x0000027246c0ba50 JavaThread "InvokeLaterDispatcher"      daemon [_thread_blocked, id=26176, stack(0x000000d1fe400000,0x000000d1fe500000) (1024K)]
  0x0000027246c0a6a0 JavaThread "JavaFX Application Thread"         [_thread_in_native, id=19668, stack(0x000000d1fe500000,0x000000d1fe600000) (1024K)]
  0x0000027246c0ad30 JavaThread "Thread-1"                   daemon [_thread_in_native, id=15620, stack(0x000000d1ff100000,0x000000d1ff200000) (1024K)]
  0x0000027246c0c0e0 JavaThread "JavaFX-Launcher"                   [_thread_blocked, id=17840, stack(0x000000d1ff700000,0x000000d1ff800000) (1024K)]
  0x0000027246c0b3c0 JavaThread "Prism Font Disposer"        daemon [_thread_blocked, id=16220, stack(0x000000d1ffb00000,0x000000d1ffc00000) (1024K)]
Total: 18

Other Threads:
  0x0000027246ad5df0 VMThread "VM Thread"                           [id=23980, stack(0x000000d1fd500000,0x000000d1fd600000) (1024K)]
  0x0000027246ac0010 WatcherThread "VM Periodic Task Thread"        [id=19064, stack(0x000000d1fd400000,0x000000d1fd500000) (1024K)]
  0x000002722791c1e0 WorkerThread "GC Thread#0"                     [id=17228, stack(0x000000d1fcf00000,0x000000d1fd000000) (1024K)]
  0x000002728d7c54a0 WorkerThread "GC Thread#1"                     [id=18904, stack(0x000000d1ff200000,0x000000d1ff300000) (1024K)]
  0x000002728d7c4d60 WorkerThread "GC Thread#2"                     [id=23492, stack(0x000000d1ff300000,0x000000d1ff400000) (1024K)]
  0x000002728d7c5be0 WorkerThread "GC Thread#3"                     [id=13088, stack(0x000000d1ff400000,0x000000d1ff500000) (1024K)]
  0x000002728d7c4620 WorkerThread "GC Thread#4"                     [id=20844, stack(0x000000d1ff500000,0x000000d1ff600000) (1024K)]
  0x000002728d7c49c0 WorkerThread "GC Thread#5"                     [id=27032, stack(0x000000d1ff600000,0x000000d1ff700000) (1024K)]
  0x000002722792c990 ConcurrentGCThread "G1 Main Marker"            [id=13740, stack(0x000000d1fd000000,0x000000d1fd100000) (1024K)]
  0x000002722792d3a0 WorkerThread "G1 Conc#0"                       [id=11152, stack(0x000000d1fd100000,0x000000d1fd200000) (1024K)]
  0x000002722797e9c0 ConcurrentGCThread "G1 Refine#0"               [id=13544, stack(0x000000d1fd200000,0x000000d1fd300000) (1024K)]
  0x0000027246992ad0 ConcurrentGCThread "G1 Service"                [id=1912, stack(0x000000d1fd300000,0x000000d1fd400000) (1024K)]
Total: 12

Threads with active compile tasks:
Total: 0

VM state: not at safepoint (normal execution)

VM Mutex/Monitor currently owned by a thread: None

Heap address: 0x0000000707400000, size: 3980 MB, Compressed Oops mode: Zero based, Oop shift amount: 3

CDS archive(s) mapped at: [0x0000027247000000-0x0000027247c80000-0x0000027247c80000), size 13107200, SharedBaseAddress: 0x0000027247000000, ArchiveRelocationMode: 1.
Compressed class space mapped at: 0x0000027248000000-0x0000027288000000, reserved size: 1073741824
Narrow klass base: 0x0000027247000000, Narrow klass shift: 0, Narrow klass range: 0x100000000

GC Precious Log:
 CardTable entry size: 512
 Card Set container configuration: InlinePtr #cards 4 size 8 Array Of Cards #cards 16 size 48 Howl #buckets 8 coarsen threshold 3686 Howl Bitmap #cards 512 size 80 coarsen threshold 460 Card regions per heap region 1 cards per card region 4096
 CPUs: 8 total, 8 available
 Memory: 15914M
 Large Page Support: Disabled
 NUMA Support: Disabled
 Compressed Oops: Enabled (Zero based)
 Heap Region Size: 2M
 Heap Min Capacity: 8M
 Heap Initial Capacity: 250M
 Heap Max Capacity: 3980M
 Pre-touch: Disabled
 Parallel Workers: 8
 Concurrent Workers: 2
 Concurrent Refinement Workers: 8
 Periodic GC: Disabled

Heap:
 garbage-first heap   total 256000K, used 31274K [0x0000000707400000, 0x0000000800000000)
  region size 2048K, 18 young (36864K), 2 survivors (4096K)
 Metaspace       used 10808K, committed 11072K, reserved 1114112K
  class space    used 1528K, committed 1664K, reserved 1048576K

Heap Regions: E=young(eden), S=young(survivor), O=old, HS=humongous(starts), HC=humongous(continues), CS=collection set, F=free, TAMS=top-at-mark-start, PB=parsable bottom
|   0|0x0000000707400000, 0x0000000707400000, 0x0000000707600000|  0%| F|  |TAMS 0x0000000707400000| PB 0x0000000707400000| Untracked 
|   1|0x0000000707600000, 0x0000000707600000, 0x0000000707800000|  0%| F|  |TAMS 0x0000000707600000| PB 0x0000000707600000| Untracked 
|   2|0x0000000707800000, 0x0000000707800000, 0x0000000707a00000|  0%| F|  |TAMS 0x0000000707800000| PB 0x0000000707800000| Untracked 
|   3|0x0000000707a00000, 0x0000000707a00000, 0x0000000707c00000|  0%| F|  |TAMS 0x0000000707a00000| PB 0x0000000707a00000| Untracked 
|   4|0x0000000707c00000, 0x0000000707c00000, 0x0000000707e00000|  0%| F|  |TAMS 0x0000000707c00000| PB 0x0000000707c00000| Untracked 
|   5|0x0000000707e00000, 0x0000000707e00000, 0x0000000708000000|  0%| F|  |TAMS 0x0000000707e00000| PB 0x0000000707e00000| Untracked 
|   6|0x0000000708000000, 0x0000000708000000, 0x0000000708200000|  0%| F|  |TAMS 0x0000000708000000| PB 0x0000000708000000| Untracked 
|   7|0x0000000708200000, 0x0000000708200000, 0x0000000708400000|  0%| F|  |TAMS 0x0000000708200000| PB 0x0000000708200000| Untracked 
|   8|0x0000000708400000, 0x0000000708400000, 0x0000000708600000|  0%| F|  |TAMS 0x0000000708400000| PB 0x0000000708400000| Untracked 
|   9|0x0000000708600000, 0x0000000708600000, 0x0000000708800000|  0%| F|  |TAMS 0x0000000708600000| PB 0x0000000708600000| Untracked 
|  10|0x0000000708800000, 0x0000000708800000, 0x0000000708a00000|  0%| F|  |TAMS 0x0000000708800000| PB 0x0000000708800000| Untracked 
|  11|0x0000000708a00000, 0x0000000708a00000, 0x0000000708c00000|  0%| F|  |TAMS 0x0000000708a00000| PB 0x0000000708a00000| Untracked 
|  12|0x0000000708c00000, 0x0000000708c00000, 0x0000000708e00000|  0%| F|  |TAMS 0x0000000708c00000| PB 0x0000000708c00000| Untracked 
|  13|0x0000000708e00000, 0x0000000708e00000, 0x0000000709000000|  0%| F|  |TAMS 0x0000000708e00000| PB 0x0000000708e00000| Untracked 
|  14|0x0000000709000000, 0x0000000709000000, 0x0000000709200000|  0%| F|  |TAMS 0x0000000709000000| PB 0x0000000709000000| Untracked 
|  15|0x0000000709200000, 0x0000000709200000, 0x0000000709400000|  0%| F|  |TAMS 0x0000000709200000| PB 0x0000000709200000| Untracked 
|  16|0x0000000709400000, 0x0000000709400000, 0x0000000709600000|  0%| F|  |TAMS 0x0000000709400000| PB 0x0000000709400000| Untracked 
|  17|0x0000000709600000, 0x0000000709600000, 0x0000000709800000|  0%| F|  |TAMS 0x0000000709600000| PB 0x0000000709600000| Untracked 
|  18|0x0000000709800000, 0x0000000709800000, 0x0000000709a00000|  0%| F|  |TAMS 0x0000000709800000| PB 0x0000000709800000| Untracked 
|  19|0x0000000709a00000, 0x0000000709a00000, 0x0000000709c00000|  0%| F|  |TAMS 0x0000000709a00000| PB 0x0000000709a00000| Untracked 
|  20|0x0000000709c00000, 0x0000000709c00000, 0x0000000709e00000|  0%| F|  |TAMS 0x0000000709c00000| PB 0x0000000709c00000| Untracked 
|  21|0x0000000709e00000, 0x0000000709e00000, 0x000000070a000000|  0%| F|  |TAMS 0x0000000709e00000| PB 0x0000000709e00000| Untracked 
|  22|0x000000070a000000, 0x000000070a000000, 0x000000070a200000|  0%| F|  |TAMS 0x000000070a000000| PB 0x000000070a000000| Untracked 
|  23|0x000000070a200000, 0x000000070a200000, 0x000000070a400000|  0%| F|  |TAMS 0x000000070a200000| PB 0x000000070a200000| Untracked 
|  24|0x000000070a400000, 0x000000070a400000, 0x000000070a600000|  0%| F|  |TAMS 0x000000070a400000| PB 0x000000070a400000| Untracked 
|  25|0x000000070a600000, 0x000000070a600000, 0x000000070a800000|  0%| F|  |TAMS 0x000000070a600000| PB 0x000000070a600000| Untracked 
|  26|0x000000070a800000, 0x000000070a800000, 0x000000070aa00000|  0%| F|  |TAMS 0x000000070a800000| PB 0x000000070a800000| Untracked 
|  27|0x000000070aa00000, 0x000000070aa00000, 0x000000070ac00000|  0%| F|  |TAMS 0x000000070aa00000| PB 0x000000070aa00000| Untracked 
|  28|0x000000070ac00000, 0x000000070ac00000, 0x000000070ae00000|  0%| F|  |TAMS 0x000000070ac00000| PB 0x000000070ac00000| Untracked 
|  29|0x000000070ae00000, 0x000000070ae00000, 0x000000070b000000|  0%| F|  |TAMS 0x000000070ae00000| PB 0x000000070ae00000| Untracked 
|  30|0x000000070b000000, 0x000000070b000000, 0x000000070b200000|  0%| F|  |TAMS 0x000000070b000000| PB 0x000000070b000000| Untracked 
|  31|0x000000070b200000, 0x000000070b200000, 0x000000070b400000|  0%| F|  |TAMS 0x000000070b200000| PB 0x000000070b200000| Untracked 
|  32|0x000000070b400000, 0x000000070b400000, 0x000000070b600000|  0%| F|  |TAMS 0x000000070b400000| PB 0x000000070b400000| Untracked 
|  33|0x000000070b600000, 0x000000070b600000, 0x000000070b800000|  0%| F|  |TAMS 0x000000070b600000| PB 0x000000070b600000| Untracked 
|  34|0x000000070b800000, 0x000000070b800000, 0x000000070ba00000|  0%| F|  |TAMS 0x000000070b800000| PB 0x000000070b800000| Untracked 
|  35|0x000000070ba00000, 0x000000070ba00000, 0x000000070bc00000|  0%| F|  |TAMS 0x000000070ba00000| PB 0x000000070ba00000| Untracked 
|  36|0x000000070bc00000, 0x000000070bc00000, 0x000000070be00000|  0%| F|  |TAMS 0x000000070bc00000| PB 0x000000070bc00000| Untracked 
|  37|0x000000070be00000, 0x000000070be00000, 0x000000070c000000|  0%| F|  |TAMS 0x000000070be00000| PB 0x000000070be00000| Untracked 
|  38|0x000000070c000000, 0x000000070c000000, 0x000000070c200000|  0%| F|  |TAMS 0x000000070c000000| PB 0x000000070c000000| Untracked 
|  39|0x000000070c200000, 0x000000070c200000, 0x000000070c400000|  0%| F|  |TAMS 0x000000070c200000| PB 0x000000070c200000| Untracked 
|  40|0x000000070c400000, 0x000000070c400000, 0x000000070c600000|  0%| F|  |TAMS 0x000000070c400000| PB 0x000000070c400000| Untracked 
|  41|0x000000070c600000, 0x000000070c600000, 0x000000070c800000|  0%| F|  |TAMS 0x000000070c600000| PB 0x000000070c600000| Untracked 
|  42|0x000000070c800000, 0x000000070c800000, 0x000000070ca00000|  0%| F|  |TAMS 0x000000070c800000| PB 0x000000070c800000| Untracked 
|  43|0x000000070ca00000, 0x000000070ca00000, 0x000000070cc00000|  0%| F|  |TAMS 0x000000070ca00000| PB 0x000000070ca00000| Untracked 
|  44|0x000000070cc00000, 0x000000070cc00000, 0x000000070ce00000|  0%| F|  |TAMS 0x000000070cc00000| PB 0x000000070cc00000| Untracked 
|  45|0x000000070ce00000, 0x000000070ce00000, 0x000000070d000000|  0%| F|  |TAMS 0x000000070ce00000| PB 0x000000070ce00000| Untracked 
|  46|0x000000070d000000, 0x000000070d000000, 0x000000070d200000|  0%| F|  |TAMS 0x000000070d000000| PB 0x000000070d000000| Untracked 
|  47|0x000000070d200000, 0x000000070d200000, 0x000000070d400000|  0%| F|  |TAMS 0x000000070d200000| PB 0x000000070d200000| Untracked 
|  48|0x000000070d400000, 0x000000070d400000, 0x000000070d600000|  0%| F|  |TAMS 0x000000070d400000| PB 0x000000070d400000| Untracked 
|  49|0x000000070d600000, 0x000000070d600000, 0x000000070d800000|  0%| F|  |TAMS 0x000000070d600000| PB 0x000000070d600000| Untracked 
|  50|0x000000070d800000, 0x000000070d800000, 0x000000070da00000|  0%| F|  |TAMS 0x000000070d800000| PB 0x000000070d800000| Untracked 
|  51|0x000000070da00000, 0x000000070da00000, 0x000000070dc00000|  0%| F|  |TAMS 0x000000070da00000| PB 0x000000070da00000| Untracked 
|  52|0x000000070dc00000, 0x000000070dc00000, 0x000000070de00000|  0%| F|  |TAMS 0x000000070dc00000| PB 0x000000070dc00000| Untracked 
|  53|0x000000070de00000, 0x000000070de00000, 0x000000070e000000|  0%| F|  |TAMS 0x000000070de00000| PB 0x000000070de00000| Untracked 
|  54|0x000000070e000000, 0x000000070e000000, 0x000000070e200000|  0%| F|  |TAMS 0x000000070e000000| PB 0x000000070e000000| Untracked 
|  55|0x000000070e200000, 0x000000070e200000, 0x000000070e400000|  0%| F|  |TAMS 0x000000070e200000| PB 0x000000070e200000| Untracked 
|  56|0x000000070e400000, 0x000000070e400000, 0x000000070e600000|  0%| F|  |TAMS 0x000000070e400000| PB 0x000000070e400000| Untracked 
|  57|0x000000070e600000, 0x000000070e600000, 0x000000070e800000|  0%| F|  |TAMS 0x000000070e600000| PB 0x000000070e600000| Untracked 
|  58|0x000000070e800000, 0x000000070e800000, 0x000000070ea00000|  0%| F|  |TAMS 0x000000070e800000| PB 0x000000070e800000| Untracked 
|  59|0x000000070ea00000, 0x000000070ea00000, 0x000000070ec00000|  0%| F|  |TAMS 0x000000070ea00000| PB 0x000000070ea00000| Untracked 
|  60|0x000000070ec00000, 0x000000070ec00000, 0x000000070ee00000|  0%| F|  |TAMS 0x000000070ec00000| PB 0x000000070ec00000| Untracked 
|  61|0x000000070ee00000, 0x000000070ee00000, 0x000000070f000000|  0%| F|  |TAMS 0x000000070ee00000| PB 0x000000070ee00000| Untracked 
|  62|0x000000070f000000, 0x000000070f000000, 0x000000070f200000|  0%| F|  |TAMS 0x000000070f000000| PB 0x000000070f000000| Untracked 
|  63|0x000000070f200000, 0x000000070f200000, 0x000000070f400000|  0%| F|  |TAMS 0x000000070f200000| PB 0x000000070f200000| Untracked 
|  64|0x000000070f400000, 0x000000070f400000, 0x000000070f600000|  0%| F|  |TAMS 0x000000070f400000| PB 0x000000070f400000| Untracked 
|  65|0x000000070f600000, 0x000000070f600000, 0x000000070f800000|  0%| F|  |TAMS 0x000000070f600000| PB 0x000000070f600000| Untracked 
|  66|0x000000070f800000, 0x000000070f800000, 0x000000070fa00000|  0%| F|  |TAMS 0x000000070f800000| PB 0x000000070f800000| Untracked 
|  67|0x000000070fa00000, 0x000000070fa00000, 0x000000070fc00000|  0%| F|  |TAMS 0x000000070fa00000| PB 0x000000070fa00000| Untracked 
|  68|0x000000070fc00000, 0x000000070fc00000, 0x000000070fe00000|  0%| F|  |TAMS 0x000000070fc00000| PB 0x000000070fc00000| Untracked 
|  69|0x000000070fe00000, 0x000000070fe00000, 0x0000000710000000|  0%| F|  |TAMS 0x000000070fe00000| PB 0x000000070fe00000| Untracked 
|  70|0x0000000710000000, 0x0000000710000000, 0x0000000710200000|  0%| F|  |TAMS 0x0000000710000000| PB 0x0000000710000000| Untracked 
|  71|0x0000000710200000, 0x0000000710200000, 0x0000000710400000|  0%| F|  |TAMS 0x0000000710200000| PB 0x0000000710200000| Untracked 
|  72|0x0000000710400000, 0x0000000710400000, 0x0000000710600000|  0%| F|  |TAMS 0x0000000710400000| PB 0x0000000710400000| Untracked 
|  73|0x0000000710600000, 0x0000000710600000, 0x0000000710800000|  0%| F|  |TAMS 0x0000000710600000| PB 0x0000000710600000| Untracked 
|  74|0x0000000710800000, 0x0000000710800000, 0x0000000710a00000|  0%| F|  |TAMS 0x0000000710800000| PB 0x0000000710800000| Untracked 
|  75|0x0000000710a00000, 0x0000000710a00000, 0x0000000710c00000|  0%| F|  |TAMS 0x0000000710a00000| PB 0x0000000710a00000| Untracked 
|  76|0x0000000710c00000, 0x0000000710c00000, 0x0000000710e00000|  0%| F|  |TAMS 0x0000000710c00000| PB 0x0000000710c00000| Untracked 
|  77|0x0000000710e00000, 0x0000000710e00000, 0x0000000711000000|  0%| F|  |TAMS 0x0000000710e00000| PB 0x0000000710e00000| Untracked 
|  78|0x0000000711000000, 0x0000000711000000, 0x0000000711200000|  0%| F|  |TAMS 0x0000000711000000| PB 0x0000000711000000| Untracked 
|  79|0x0000000711200000, 0x0000000711200000, 0x0000000711400000|  0%| F|  |TAMS 0x0000000711200000| PB 0x0000000711200000| Untracked 
|  80|0x0000000711400000, 0x0000000711400000, 0x0000000711600000|  0%| F|  |TAMS 0x0000000711400000| PB 0x0000000711400000| Untracked 
|  81|0x0000000711600000, 0x0000000711600000, 0x0000000711800000|  0%| F|  |TAMS 0x0000000711600000| PB 0x0000000711600000| Untracked 
|  82|0x0000000711800000, 0x0000000711800000, 0x0000000711a00000|  0%| F|  |TAMS 0x0000000711800000| PB 0x0000000711800000| Untracked 
|  83|0x0000000711a00000, 0x0000000711a00000, 0x0000000711c00000|  0%| F|  |TAMS 0x0000000711a00000| PB 0x0000000711a00000| Untracked 
|  84|0x0000000711c00000, 0x0000000711c00000, 0x0000000711e00000|  0%| F|  |TAMS 0x0000000711c00000| PB 0x0000000711c00000| Untracked 
|  85|0x0000000711e00000, 0x0000000711e00000, 0x0000000712000000|  0%| F|  |TAMS 0x0000000711e00000| PB 0x0000000711e00000| Untracked 
|  86|0x0000000712000000, 0x0000000712000000, 0x0000000712200000|  0%| F|  |TAMS 0x0000000712000000| PB 0x0000000712000000| Untracked 
|  87|0x0000000712200000, 0x0000000712200000, 0x0000000712400000|  0%| F|  |TAMS 0x0000000712200000| PB 0x0000000712200000| Untracked 
|  88|0x0000000712400000, 0x0000000712400000, 0x0000000712600000|  0%| F|  |TAMS 0x0000000712400000| PB 0x0000000712400000| Untracked 
|  89|0x0000000712600000, 0x0000000712600000, 0x0000000712800000|  0%| F|  |TAMS 0x0000000712600000| PB 0x0000000712600000| Untracked 
|  90|0x0000000712800000, 0x0000000712800000, 0x0000000712a00000|  0%| F|  |TAMS 0x0000000712800000| PB 0x0000000712800000| Untracked 
|  91|0x0000000712a00000, 0x0000000712a00000, 0x0000000712c00000|  0%| F|  |TAMS 0x0000000712a00000| PB 0x0000000712a00000| Untracked 
|  92|0x0000000712c00000, 0x0000000712c00000, 0x0000000712e00000|  0%| F|  |TAMS 0x0000000712c00000| PB 0x0000000712c00000| Untracked 
|  93|0x0000000712e00000, 0x0000000712e00000, 0x0000000713000000|  0%| F|  |TAMS 0x0000000712e00000| PB 0x0000000712e00000| Untracked 
|  94|0x0000000713000000, 0x0000000713000000, 0x0000000713200000|  0%| F|  |TAMS 0x0000000713000000| PB 0x0000000713000000| Untracked 
|  95|0x0000000713200000, 0x0000000713200000, 0x0000000713400000|  0%| F|  |TAMS 0x0000000713200000| PB 0x0000000713200000| Untracked 
|  96|0x0000000713400000, 0x0000000713400000, 0x0000000713600000|  0%| F|  |TAMS 0x0000000713400000| PB 0x0000000713400000| Untracked 
|  97|0x0000000713600000, 0x0000000713600000, 0x0000000713800000|  0%| F|  |TAMS 0x0000000713600000| PB 0x0000000713600000| Untracked 
|  98|0x0000000713800000, 0x0000000713800000, 0x0000000713a00000|  0%| F|  |TAMS 0x0000000713800000| PB 0x0000000713800000| Untracked 
|  99|0x0000000713a00000, 0x0000000713a00000, 0x0000000713c00000|  0%| F|  |TAMS 0x0000000713a00000| PB 0x0000000713a00000| Untracked 
| 100|0x0000000713c00000, 0x0000000713c00000, 0x0000000713e00000|  0%| F|  |TAMS 0x0000000713c00000| PB 0x0000000713c00000| Untracked 
| 101|0x0000000713e00000, 0x0000000713e00000, 0x0000000714000000|  0%| F|  |TAMS 0x0000000713e00000| PB 0x0000000713e00000| Untracked 
| 102|0x0000000714000000, 0x0000000714000000, 0x0000000714200000|  0%| F|  |TAMS 0x0000000714000000| PB 0x0000000714000000| Untracked 
| 103|0x0000000714200000, 0x0000000714200000, 0x0000000714400000|  0%| F|  |TAMS 0x0000000714200000| PB 0x0000000714200000| Untracked 
| 104|0x0000000714400000, 0x0000000714400000, 0x0000000714600000|  0%| F|  |TAMS 0x0000000714400000| PB 0x0000000714400000| Untracked 
| 105|0x0000000714600000, 0x0000000714600000, 0x0000000714800000|  0%| F|  |TAMS 0x0000000714600000| PB 0x0000000714600000| Untracked 
| 106|0x0000000714800000, 0x0000000714800000, 0x0000000714a00000|  0%| F|  |TAMS 0x0000000714800000| PB 0x0000000714800000| Untracked 
| 107|0x0000000714a00000, 0x0000000714a6cad8, 0x0000000714c00000| 21%| E|  |TAMS 0x0000000714a00000| PB 0x0000000714a00000| Complete 
| 108|0x0000000714c00000, 0x0000000714e00000, 0x0000000714e00000|100%| E|CS|TAMS 0x0000000714c00000| PB 0x0000000714c00000| Complete 
| 109|0x0000000714e00000, 0x0000000715000000, 0x0000000715000000|100%| E|CS|TAMS 0x0000000714e00000| PB 0x0000000714e00000| Complete 
| 110|0x0000000715000000, 0x0000000715200000, 0x0000000715200000|100%| E|CS|TAMS 0x0000000715000000| PB 0x0000000715000000| Complete 
| 111|0x0000000715200000, 0x0000000715400000, 0x0000000715400000|100%| E|CS|TAMS 0x0000000715200000| PB 0x0000000715200000| Complete 
| 112|0x0000000715400000, 0x000000071548aa88, 0x0000000715600000| 27%| S|CS|TAMS 0x0000000715400000| PB 0x0000000715400000| Complete 
| 113|0x0000000715600000, 0x0000000715800000, 0x0000000715800000|100%| S|CS|TAMS 0x0000000715600000| PB 0x0000000715600000| Complete 
| 114|0x0000000715800000, 0x0000000715a00000, 0x0000000715a00000|100%| E|CS|TAMS 0x0000000715800000| PB 0x0000000715800000| Complete 
| 115|0x0000000715a00000, 0x0000000715c00000, 0x0000000715c00000|100%| E|CS|TAMS 0x0000000715a00000| PB 0x0000000715a00000| Complete 
| 116|0x0000000715c00000, 0x0000000715e00000, 0x0000000715e00000|100%| E|CS|TAMS 0x0000000715c00000| PB 0x0000000715c00000| Complete 
| 117|0x0000000715e00000, 0x0000000716000000, 0x0000000716000000|100%| E|CS|TAMS 0x0000000715e00000| PB 0x0000000715e00000| Complete 
| 118|0x0000000716000000, 0x0000000716200000, 0x0000000716200000|100%| E|  |TAMS 0x0000000716000000| PB 0x0000000716000000| Complete 
| 119|0x0000000716200000, 0x0000000716400000, 0x0000000716400000|100%| E|CS|TAMS 0x0000000716200000| PB 0x0000000716200000| Complete 
| 120|0x0000000716400000, 0x0000000716600000, 0x0000000716600000|100%| E|CS|TAMS 0x0000000716400000| PB 0x0000000716400000| Complete 
| 121|0x0000000716600000, 0x0000000716800000, 0x0000000716800000|100%| E|CS|TAMS 0x0000000716600000| PB 0x0000000716600000| Complete 
| 122|0x0000000716800000, 0x0000000716a00000, 0x0000000716a00000|100%| E|CS|TAMS 0x0000000716800000| PB 0x0000000716800000| Complete 
| 123|0x0000000716a00000, 0x0000000716c00000, 0x0000000716c00000|100%| E|CS|TAMS 0x0000000716a00000| PB 0x0000000716a00000| Complete 
| 124|0x0000000716c00000, 0x0000000716e00000, 0x0000000716e00000|100%| E|CS|TAMS 0x0000000716c00000| PB 0x0000000716c00000| Complete 

Card table byte_map: [0x000002723fac0000,0x0000027240290000] _byte_map_base: 0x000002723c286000

Marking Bits: (CMBitMap*) 0x000002722791c7f0
 Bits: [0x0000027240290000, 0x00000272440c0000)

Polling page: 0x0000027225650000

Metaspace:

Usage:
  Non-class:      9.06 MB used.
      Class:      1.49 MB used.
       Both:     10.56 MB used.

Virtual space:
  Non-class space:       64.00 MB reserved,       9.19 MB ( 14%) committed,  1 nodes.
      Class space:        1.00 GB reserved,       1.62 MB ( <1%) committed,  1 nodes.
             Both:        1.06 GB reserved,      10.81 MB ( <1%) committed. 

Chunk freelists:
   Non-Class:  5.81 MB
       Class:  14.23 MB
        Both:  20.05 MB

MaxMetaspaceSize: unlimited
CompressedClassSpaceSize: 1.00 GB
Initial GC threshold: 21.00 MB
Current GC threshold: 21.00 MB
CDS: on
 - commit_granule_bytes: 65536.
 - commit_granule_words: 8192.
 - virtual_space_node_default_size: 8388608.
 - enlarge_chunks_in_place: 1.
 - use_allocation_guard: 0.


Internal statistics:

num_allocs_failed_limit: 0.
num_arena_births: 230.
num_arena_deaths: 0.
num_vsnodes_births: 2.
num_vsnodes_deaths: 0.
num_space_committed: 173.
num_space_uncommitted: 0.
num_chunks_returned_to_freelist: 0.
num_chunks_taken_from_freelist: 573.
num_chunk_merges: 0.
num_chunk_splits: 389.
num_chunks_enlarged: 285.
num_inconsistent_stats: 0.

CodeHeap 'non-profiled nmethods': size=120000Kb used=630Kb max_used=630Kb free=119369Kb
 bounds [0x0000027237a90000, 0x0000027237d00000, 0x000002723efc0000]
CodeHeap 'profiled nmethods': size=120000Kb used=2599Kb max_used=2599Kb free=117400Kb
 bounds [0x000002722ffc0000, 0x0000027230250000, 0x00000272374f0000]
CodeHeap 'non-nmethods': size=5760Kb used=1694Kb max_used=1708Kb free=4065Kb
 bounds [0x00000272374f0000, 0x0000027237760000, 0x0000027237a90000]
CodeCache: size=245760Kb, used=4923Kb, max_used=4937Kb, free=240834Kb
 total_blobs=2240, nmethods=1509, adapters=636, full_count=0
Compilation: enabled, stopped_count=0, restarted_count=0

Compilation events (20 events):
Event: 1.242 Thread 0x0000027246b153c0 1500       3       java.lang.invoke.LambdaForm::useCount (61 bytes)
Event: 1.242 Thread 0x0000027246b153c0 nmethod 1500 0x0000027230247f90 code [0x0000027230248160, 0x00000272302484a8]
Event: 1.249 Thread 0x0000027246b153c0 1501       3       java.lang.invoke.BoundMethodHandle$Species_L::<init> (12 bytes)
Event: 1.249 Thread 0x0000027246b153c0 nmethod 1501 0x0000027230248690 code [0x0000027230248840, 0x0000027230248a68]
Event: 1.249 Thread 0x0000027246b153c0 1502       3       java.lang.StrictMath::floorOrCeil (128 bytes)
Event: 1.249 Thread 0x0000027246b153c0 nmethod 1502 0x0000027230248b90 code [0x0000027230248d60, 0x00000272302491c0]
Event: 1.255 Thread 0x0000027246b153c0 1503       3       com.sun.javafx.font.directwrite.IUnknown::<init> (10 bytes)
Event: 1.256 Thread 0x0000027246b153c0 nmethod 1503 0x0000027230249290 code [0x0000027230249440, 0x00000272302495a8]
Event: 1.256 Thread 0x0000027246b153c0 1504       3       com.sun.javafx.font.directwrite.IUnknown::Release (26 bytes)
Event: 1.256 Thread 0x0000027246b153c0 nmethod 1504 0x0000027230249690 code [0x0000027230249840, 0x00000272302499e8]
Event: 1.256 Thread 0x0000027246b153c0 1505       1       com.sun.prism.PixelFormat$DataType::getSizeInBytes (5 bytes)
Event: 1.257 Thread 0x0000027246b153c0 nmethod 1505 0x0000027237b2cb90 code [0x0000027237b2cd20, 0x0000027237b2cde8]
Event: 1.257 Thread 0x0000027246b153c0 1506       1       com.sun.prism.PixelFormat::getDataType (5 bytes)
Event: 1.257 Thread 0x0000027246b153c0 nmethod 1506 0x0000027237b2ce90 code [0x0000027237b2d020, 0x0000027237b2d0f0]
Event: 1.259 Thread 0x0000027246b153c0 1508       3       java.util.concurrent.locks.ReentrantLock$Sync::isHeldExclusively (16 bytes)
Event: 1.259 Thread 0x0000027246b153c0 nmethod 1508 0x0000027230249a90 code [0x0000027230249c40, 0x0000027230249dd8]
Event: 1.259 Thread 0x0000027246b109d0 1509       4       java.util.AbstractSet::<init> (5 bytes)
Event: 1.259 Thread 0x0000027246b109d0 nmethod 1509 0x0000027237b2d590 code [0x0000027237b2d720, 0x0000027237b2d7a8]
Event: 1.267 Thread 0x0000027246b153c0 1510       1       com.sun.prism.impl.BaseContext::isDisposed (5 bytes)
Event: 1.267 Thread 0x0000027246b153c0 nmethod 1510 0x0000027237b2d890 code [0x0000027237b2da20, 0x0000027237b2daf0]

GC Heap History (2 events):
Event: 0.723 GC heap before
{Heap before GC invocations=0 (full 0):
 garbage-first heap   total 256000K, used 20480K [0x0000000707400000, 0x0000000800000000)
  region size 2048K, 11 young (22528K), 0 survivors (0K)
 Metaspace       used 4789K, committed 4992K, reserved 1114112K
  class space    used 499K, committed 576K, reserved 1048576K
}
Event: 0.727 GC heap after
{Heap after GC invocations=1 (full 0):
 garbage-first heap   total 256000K, used 2602K [0x0000000707400000, 0x0000000800000000)
  region size 2048K, 2 young (4096K), 2 survivors (4096K)
 Metaspace       used 4789K, committed 4992K, reserved 1114112K
  class space    used 499K, committed 576K, reserved 1048576K
}

Dll operation events (20 events):
Event: 0.416 Loaded shared library C:\Users\ninja\.openjfx\cache\21.0.6+3\amd64\api-ms-win-crt-locale-l1-1-0.dll
Event: 0.418 Loaded shared library C:\Users\ninja\.openjfx\cache\21.0.6+3\amd64\api-ms-win-crt-math-l1-1-0.dll
Event: 0.420 Loaded shared library C:\Users\ninja\.openjfx\cache\21.0.6+3\amd64\api-ms-win-crt-multibyte-l1-1-0.dll
Event: 0.422 Loaded shared library C:\Users\ninja\.openjfx\cache\21.0.6+3\amd64\api-ms-win-crt-private-l1-1-0.dll
Event: 0.424 Loaded shared library C:\Users\ninja\.openjfx\cache\21.0.6+3\amd64\api-ms-win-crt-process-l1-1-0.dll
Event: 0.425 Loaded shared library C:\Users\ninja\.openjfx\cache\21.0.6+3\amd64\api-ms-win-crt-runtime-l1-1-0.dll
Event: 0.427 Loaded shared library C:\Users\ninja\.openjfx\cache\21.0.6+3\amd64\api-ms-win-crt-stdio-l1-1-0.dll
Event: 0.429 Loaded shared library C:\Users\ninja\.openjfx\cache\21.0.6+3\amd64\api-ms-win-crt-string-l1-1-0.dll
Event: 0.430 Loaded shared library C:\Users\ninja\.openjfx\cache\21.0.6+3\amd64\api-ms-win-crt-time-l1-1-0.dll
Event: 0.432 Loaded shared library C:\Users\ninja\.openjfx\cache\21.0.6+3\amd64\api-ms-win-crt-utility-l1-1-0.dll
Event: 0.444 Loaded shared library C:\Users\ninja\.openjfx\cache\21.0.6+3\amd64\ucrtbase.dll
Event: 0.448 Loaded shared library C:\Users\ninja\.openjfx\cache\21.0.6+3\amd64\vcruntime140.dll
Event: 0.449 Loaded shared library C:\Users\ninja\.openjfx\cache\21.0.6+3\amd64\vcruntime140_1.dll
Event: 0.456 Loaded shared library C:\Users\ninja\.openjfx\cache\21.0.6+3\amd64\msvcp140.dll
Event: 0.459 Loaded shared library C:\Users\ninja\.openjfx\cache\21.0.6+3\amd64\msvcp140_1.dll
Event: 0.464 Loaded shared library C:\Users\ninja\.openjfx\cache\21.0.6+3\amd64\msvcp140_2.dll
Event: 0.523 Loaded shared library C:\Users\ninja\.openjfx\cache\21.0.6+3\amd64\prism_d3d.dll
Event: 0.586 Loaded shared library C:\Users\ninja\.openjfx\cache\21.0.6+3\amd64\glass.dll
Event: 0.794 Loaded shared library C:\Users\ninja\.jdks\corretto-21.0.8\bin\jimage.dll
Event: 0.806 Loaded shared library C:\Users\ninja\.openjfx\cache\21.0.6+3\amd64\javafx_font.dll

Deoptimization events (20 events):
Event: 1.235 Thread 0x0000027246c0a010 Uncommon trap: trap_request=0xffffffde fr.pc=0x0000027237af9cd0 relative=0x0000000000000b10
Event: 1.235 Thread 0x0000027246c0a010 Uncommon trap: reason=class_check action=maybe_recompile pc=0x0000027237af9cd0 method=java.io.BufferedInputStream.implRead([BII)I @ 100 c2
Event: 1.235 Thread 0x0000027246c0a010 DEOPT PACKING pc=0x0000027237af9cd0 sp=0x000000d1fe3fda00
Event: 1.235 Thread 0x0000027246c0a010 DEOPT UNPACKING pc=0x00000272375446a2 sp=0x000000d1fe3fd958 mode 2
Event: 1.235 Thread 0x0000027246c0a010 Uncommon trap: trap_request=0xffffff45 fr.pc=0x0000027237af6cb4 relative=0x0000000000000094
Event: 1.235 Thread 0x0000027246c0a010 Uncommon trap: reason=unstable_if action=reinterpret pc=0x0000027237af6cb4 method=java.io.BufferedInputStream.getBufIfOpen(Z)[B @ 13 c2
Event: 1.235 Thread 0x0000027246c0a010 DEOPT PACKING pc=0x0000027237af6cb4 sp=0x000000d1fe3fd910
Event: 1.235 Thread 0x0000027246c0a010 DEOPT UNPACKING pc=0x00000272375446a2 sp=0x000000d1fe3fd890 mode 2
Event: 1.235 Thread 0x0000027246c0a010 Uncommon trap: trap_request=0xffffff45 fr.pc=0x0000027237af9ab0 relative=0x00000000000008f0
Event: 1.235 Thread 0x0000027246c0a010 Uncommon trap: reason=unstable_if action=reinterpret pc=0x0000027237af9ab0 method=java.io.BufferedInputStream.implRead([BII)I @ 55 c2
Event: 1.235 Thread 0x0000027246c0a010 DEOPT PACKING pc=0x0000027237af9ab0 sp=0x000000d1fe3fda00
Event: 1.235 Thread 0x0000027246c0a010 DEOPT UNPACKING pc=0x00000272375446a2 sp=0x000000d1fe3fd958 mode 2
Event: 1.238 Thread 0x0000027246c0a010 Uncommon trap: trap_request=0xffffffde fr.pc=0x0000027237af7598 relative=0x00000000000005d8
Event: 1.238 Thread 0x0000027246c0a010 Uncommon trap: reason=class_check action=maybe_recompile pc=0x0000027237af7598 method=java.io.BufferedInputStream.implRead([BII)I @ 100 c2
Event: 1.238 Thread 0x0000027246c0a010 DEOPT PACKING pc=0x0000027237af7598 sp=0x000000d1fe3fdb00
Event: 1.238 Thread 0x0000027246c0a010 DEOPT UNPACKING pc=0x00000272375446a2 sp=0x000000d1fe3fdad8 mode 2
Event: 1.238 Thread 0x0000027246c0a010 Uncommon trap: trap_request=0xffffff45 fr.pc=0x0000027237af7424 relative=0x0000000000000464
Event: 1.238 Thread 0x0000027246c0a010 Uncommon trap: reason=unstable_if action=reinterpret pc=0x0000027237af7424 method=java.io.BufferedInputStream.implRead([BII)I @ 55 c2
Event: 1.238 Thread 0x0000027246c0a010 DEOPT PACKING pc=0x0000027237af7424 sp=0x000000d1fe3fdb00
Event: 1.238 Thread 0x0000027246c0a010 DEOPT UNPACKING pc=0x00000272375446a2 sp=0x000000d1fe3fdad8 mode 2

Classes loaded (20 events):
Event: 1.134 Loading class java/lang/invoke/BoundMethodHandle$Species_LI
Event: 1.134 Loading class java/lang/invoke/BoundMethodHandle$Species_LI done
Event: 1.192 Loading class java/util/WeakHashMap$EntrySet
Event: 1.193 Loading class java/util/WeakHashMap$EntrySet done
Event: 1.193 Loading class java/util/WeakHashMap$EntryIterator
Event: 1.193 Loading class java/util/WeakHashMap$EntryIterator done
Event: 1.197 Loading class java/util/ConcurrentModificationException
Event: 1.197 Loading class java/util/ConcurrentModificationException done
Event: 1.199 Loading class java/util/concurrent/ConcurrentLinkedQueue
Event: 1.199 Loading class java/util/concurrent/ConcurrentLinkedQueue done
Event: 1.199 Loading class java/util/concurrent/ConcurrentLinkedQueue$Node
Event: 1.199 Loading class java/util/concurrent/ConcurrentLinkedQueue$Node done
Event: 1.241 Loading class java/nio/ShortBuffer
Event: 1.241 Loading class java/nio/ShortBuffer done
Event: 1.241 Loading class java/nio/FloatBuffer
Event: 1.241 Loading class java/nio/FloatBuffer done
Event: 1.241 Loading class java/nio/DoubleBuffer
Event: 1.241 Loading class java/nio/DoubleBuffer done
Event: 1.242 Loading class java/nio/DirectFloatBufferU
Event: 1.242 Loading class java/nio/DirectFloatBufferU done

Classes unloaded (0 events):
No events

Classes redefined (0 events):
No events

Internal exceptions (20 events):
Event: 0.849 Thread 0x0000027246c0a6a0 Exception <a 'java/lang/ClassNotFoundException'{0x0000000715ef5910}: com/sun/glass/ui/win/themes> (0x0000000715ef5910) 
thrown [s\src\hotspot\share\prims\jni.cpp, line 539]
Event: 0.850 Thread 0x0000027246c0a6a0 Exception <a 'java/lang/ClassNotFoundException'{0x0000000715f00e18}: com/sun/glass/ui/win/themes_en> (0x0000000715f00e18) 
thrown [s\src\hotspot\share\prims\jni.cpp, line 539]
Event: 0.850 Thread 0x0000027246c0a6a0 Exception <a 'java/lang/ClassNotFoundException'{0x0000000715f08980}: com/sun/glass/ui/win/themes_en_US> (0x0000000715f08980) 
thrown [s\src\hotspot\share\prims\jni.cpp, line 539]
Event: 0.920 Thread 0x0000027246c0a6a0 Exception <a 'java/lang/NoSuchMethodError'{0x0000000715b10718}: 'void java.lang.invoke.DirectMethodHandle$Holder.invokeStaticInit(java.lang.Object, java.lang.Object)'> (0x0000000715b10718) 
thrown [s\src\hotspot\share\interpreter\linkResolver.cpp, line 773]
Event: 0.924 Thread 0x0000027246c0a6a0 Exception <a 'sun/nio/fs/WindowsException'{0x0000000715b23ae8}> (0x0000000715b23ae8) 
thrown [s\src\hotspot\share\prims\jni.cpp, line 520]
Event: 1.018 Thread 0x0000027246c0a6a0 Implicit null exception at 0x0000027237ac68e6 to 0x0000027237ac698a
Event: 1.021 Thread 0x0000027246c0a6a0 Implicit null exception at 0x0000027237b02f5d to 0x0000027237b03210
Event: 1.021 Thread 0x0000027246c0a6a0 Implicit null exception at 0x0000027237aff5dd to 0x0000027237aff8a4
Event: 1.030 Thread 0x0000027246c0a6a0 Implicit null exception at 0x0000027237ab10bd to 0x0000027237ab1141
Event: 1.112 Thread 0x0000027246c0a6a0 Exception <a 'java/lang/IncompatibleClassChangeError'{0x0000000714edd420}: Found class java.lang.Object, but interface was expected> (0x0000000714edd420) 
thrown [s\src\hotspot\share\interpreter\linkResolver.cpp, line 840]
Event: 1.133 Thread 0x0000027246c0a6a0 Exception <a 'java/lang/NoSuchMethodError'{0x0000000714f8e3e0}: 'int java.lang.invoke.DirectMethodHandle$Holder.invokeSpecial(java.lang.Object, java.lang.Object, int)'> (0x0000000714f8e3e0) 
thrown [s\src\hotspot\share\interpreter\linkResolver.cpp, line 773]
Event: 1.134 Thread 0x0000027246c0a6a0 Exception <a 'java/lang/NoSuchMethodError'{0x0000000714f95c28}: 'int java.lang.invoke.DirectMethodHandle$Holder.invokeSpecial(java.lang.Object, java.lang.Object, java.lang.Object, int)'> (0x0000000714f95c28) 
thrown [s\src\hotspot\share\interpreter\linkResolver.cpp, line 773]
Event: 1.135 Thread 0x0000027246c0a6a0 Exception <a 'java/lang/NoSuchMethodError'{0x0000000714fa80c0}: 'java.lang.Object java.lang.invoke.DirectMethodHandle$Holder.invokeStatic(java.lang.Object, java.lang.Object, java.lang.Object, java.lang.Object, int)'> (0x0000000714fa80c0) 
thrown [s\src\hotspot\share\interpreter\linkResolver.cpp, line 773]
Event: 1.137 Thread 0x0000027246c0a6a0 Exception <a 'java/lang/NoSuchMethodError'{0x0000000714fb07e8}: 'int java.lang.invoke.DirectMethodHandle$Holder.invokeSpecial(java.lang.Object, java.lang.Object, java.lang.Object)'> (0x0000000714fb07e8) 
thrown [s\src\hotspot\share\interpreter\linkResolver.cpp, line 773]
Event: 1.151 Thread 0x0000027246c0a6a0 Exception <a 'java/lang/NoSuchMethodError'{0x0000000714c1d960}: 'java.lang.Object java.lang.invoke.DirectMethodHandle$Holder.newInvokeSpecial(java.lang.Object, java.lang.Object, int)'> (0x0000000714c1d960) 
thrown [s\src\hotspot\share\interpreter\linkResolver.cpp, line 773]
Event: 1.199 Thread 0x0000027246c0a6a0 Exception <a 'java/lang/NoSuchMethodError'{0x0000000714c4e1a0}: 'long java.lang.invoke.DirectMethodHandle$Holder.invokeStatic(java.lang.Object, java.lang.Object, java.lang.Object)'> (0x0000000714c4e1a0) 
thrown [s\src\hotspot\share\interpreter\linkResolver.cpp, line 773]
Event: 1.200 Thread 0x0000027246c0a6a0 Exception <a 'java/lang/NoSuchMethodError'{0x0000000714c515b0}: 'long java.lang.invoke.DirectMethodHandle$Holder.invokeStaticInit(java.lang.Object, java.lang.Object, java.lang.Object)'> (0x0000000714c515b0) 
thrown [s\src\hotspot\share\interpreter\linkResolver.cpp, line 773]
Event: 1.203 Thread 0x0000027246c0a6a0 Exception <a 'java/lang/NoSuchMethodError'{0x0000000714c66628}: 'java.lang.Object java.lang.invoke.DirectMethodHandle$Holder.newInvokeSpecial(java.lang.Object, java.lang.Object, long)'> (0x0000000714c66628) 
thrown [s\src\hotspot\share\interpreter\linkResolver.cpp, line 773]
Event: 1.204 Thread 0x0000027246c0a6a0 Exception <a 'java/lang/NoSuchMethodError'{0x0000000714c69f80}: 'java.lang.Object java.lang.invoke.Invokers$Holder.linkToTargetMethod(java.lang.Object, long, java.lang.Object)'> (0x0000000714c69f80) 
thrown [s\src\hotspot\share\interpreter\linkResolver.cpp, line 773]
Event: 1.216 Thread 0x0000027246c0a010 Exception <a 'java/lang/NoSuchMethodError'{0x0000000714cf5b58}: 'int java.lang.invoke.DirectMethodHandle$Holder.invokeStaticInit(java.lang.Object, java.lang.Object)'> (0x0000000714cf5b58) 
thrown [s\src\hotspot\share\interpreter\linkResolver.cpp, line 773]

ZGC Phase Switch (0 events):
No events

VM Operations (14 events):
Event: 0.197 Executing VM operation: HandshakeAllThreads (Deoptimize)
Event: 0.197 Executing VM operation: HandshakeAllThreads (Deoptimize) done
Event: 0.197 Executing VM operation: HandshakeAllThreads (Deoptimize)
Event: 0.197 Executing VM operation: HandshakeAllThreads (Deoptimize) done
Event: 0.580 Executing VM operation: HandshakeAllThreads (Deoptimize)
Event: 0.580 Executing VM operation: HandshakeAllThreads (Deoptimize) done
Event: 0.723 Executing VM operation: G1CollectForAllocation (G1 Evacuation Pause)
Event: 0.727 Executing VM operation: G1CollectForAllocation (G1 Evacuation Pause) done
Event: 0.862 Executing VM operation: HandshakeAllThreads (Deoptimize)
Event: 0.862 Executing VM operation: HandshakeAllThreads (Deoptimize) done
Event: 0.928 Executing VM operation: HandshakeAllThreads (Deoptimize)
Event: 0.928 Executing VM operation: HandshakeAllThreads (Deoptimize) done
Event: 1.094 Executing VM operation: ICBufferFull
Event: 1.095 Executing VM operation: ICBufferFull done

Memory protections (0 events):
No events

Nmethod flushes (0 events):
No events

Events (20 events):
Event: 0.055 Thread 0x00000272278b4060 Thread added: 0x0000027246af9d70
Event: 0.055 Thread 0x00000272278b4060 Thread added: 0x0000027246b04920
Event: 0.055 Thread 0x00000272278b4060 Thread added: 0x0000027246b0d8b0
Event: 0.055 Thread 0x00000272278b4060 Thread added: 0x0000027246b109d0
Event: 0.055 Thread 0x00000272278b4060 Thread added: 0x0000027246b153c0
Event: 0.090 Thread 0x00000272278b4060 Thread added: 0x0000027246c0c770
Event: 0.112 Thread 0x0000027246b153c0 Thread added: 0x0000027246c8ec90
Event: 0.142 Thread 0x0000027246b153c0 Thread added: 0x0000027246d96d60
Event: 0.237 Thread 0x00000272278b4060 Thread added: 0x0000027246c092f0
Event: 0.237 Thread 0x00000272278b4060 Thread added: 0x0000027246c09980
Event: 0.512 Thread 0x00000272278b4060 Thread added: 0x0000027246c0a010
Event: 0.588 Thread 0x00000272278b4060 Thread added: 0x0000027246c0ba50
Event: 0.592 Thread 0x00000272278b4060 Thread added: 0x0000027246c0a6a0
Event: 0.714 Thread 0x0000027246c0ad30 Thread added: 0x0000027246c0ad30
Event: 0.730 Thread 0x00000272278b4060 Thread added: 0x0000027246c0c0e0
Event: 0.868 Thread 0x0000027246d96d60 Thread exited: 0x0000027246d96d60
Event: 0.908 Thread 0x0000027246b109d0 Thread added: 0x0000027292d3e4f0
Event: 1.107 Thread 0x0000027246c0a6a0 Thread added: 0x0000027246c0b3c0
Event: 1.242 Thread 0x0000027292d3e4f0 Thread exited: 0x0000027292d3e4f0
Event: 1.249 Thread 0x0000027246c8ec90 Thread exited: 0x0000027246c8ec90


Dynamic libraries:
0x00007ff706a10000 - 0x00007ff706a1e000 	C:\Users\ninja\.jdks\corretto-21.0.8\bin\java.exe
0x00007ffb6e580000 - 0x00007ffb6e7e8000 	C:\Windows\SYSTEM32\ntdll.dll
0x00007ffb6d1a0000 - 0x00007ffb6d269000 	C:\Windows\System32\KERNEL32.DLL
0x00007ffb6b950000 - 0x00007ffb6bd42000 	C:\Windows\System32\KERNELBASE.dll
0x00007ffb6bd50000 - 0x00007ffb6be9b000 	C:\Windows\System32\ucrtbase.dll
0x00007ffb55610000 - 0x00007ffb5562b000 	C:\Users\ninja\.jdks\corretto-21.0.8\bin\VCRUNTIME140.dll
0x00007ffb54280000 - 0x00007ffb54298000 	C:\Users\ninja\.jdks\corretto-21.0.8\bin\jli.dll
0x00007ffb6cfd0000 - 0x00007ffb6d195000 	C:\Windows\System32\USER32.dll
0x00007ffb44c40000 - 0x00007ffb44ed3000 	C:\Windows\WinSxS\amd64_microsoft.windows.common-controls_6595b64144ccf1df_6.0.26100.6899_none_3e0efeeae32e88c1\COMCTL32.dll
0x00007ffb6b710000 - 0x00007ffb6b737000 	C:\Windows\System32\win32u.dll
0x00007ffb6ce20000 - 0x00007ffb6cec9000 	C:\Windows\System32\msvcrt.dll
0x00007ffb6e510000 - 0x00007ffb6e53b000 	C:\Windows\System32\GDI32.dll
0x00007ffb6c010000 - 0x00007ffb6c13d000 	C:\Windows\System32\gdi32full.dll
0x00007ffb6c140000 - 0x00007ffb6c1e3000 	C:\Windows\System32\msvcp_win.dll
0x00007ffb6ccd0000 - 0x00007ffb6ccff000 	C:\Windows\System32\IMM32.DLL
0x00007ffb55c40000 - 0x00007ffb55c4c000 	C:\Users\ninja\.jdks\corretto-21.0.8\bin\vcruntime140_1.dll
0x00007ffb52380000 - 0x00007ffb5240d000 	C:\Users\ninja\.jdks\corretto-21.0.8\bin\msvcp140.dll
0x00007ffaac2d0000 - 0x00007ffaad077000 	C:\Users\ninja\.jdks\corretto-21.0.8\bin\server\jvm.dll
0x00007ffb6d270000 - 0x00007ffb6d324000 	C:\Windows\System32\ADVAPI32.dll
0x00007ffb6cbb0000 - 0x00007ffb6cc56000 	C:\Windows\System32\sechost.dll
0x00007ffb6e3f0000 - 0x00007ffb6e508000 	C:\Windows\System32\RPCRT4.dll
0x00007ffb6d3b0000 - 0x00007ffb6d424000 	C:\Windows\System32\WS2_32.dll
0x00007ffb6b570000 - 0x00007ffb6b5ce000 	C:\Windows\SYSTEM32\POWRPROF.dll
0x00007ffb50820000 - 0x00007ffb50855000 	C:\Windows\SYSTEM32\WINMM.dll
0x00007ffb4aac0000 - 0x00007ffb4aacb000 	C:\Windows\SYSTEM32\VERSION.dll
0x00007ffb6b550000 - 0x00007ffb6b564000 	C:\Windows\SYSTEM32\UMPDC.dll
0x00007ffb6a4e0000 - 0x00007ffb6a4fb000 	C:\Windows\SYSTEM32\kernel.appcore.dll
0x00007ffb55600000 - 0x00007ffb5560a000 	C:\Users\ninja\.jdks\corretto-21.0.8\bin\jimage.dll
0x00007ffb68e50000 - 0x00007ffb69092000 	C:\Windows\SYSTEM32\DBGHELP.DLL
0x00007ffb6e000000 - 0x00007ffb6e37b000 	C:\Windows\System32\combase.dll
0x00007ffb6d820000 - 0x00007ffb6d8f7000 	C:\Windows\System32\OLEAUT32.dll
0x00007ffb4a930000 - 0x00007ffb4a96c000 	C:\Windows\SYSTEM32\dbgcore.DLL
0x00007ffb6c1f0000 - 0x00007ffb6c288000 	C:\Windows\System32\bcryptPrimitives.dll
0x00007ffb548f0000 - 0x00007ffb548fe000 	C:\Users\ninja\.jdks\corretto-21.0.8\bin\instrument.dll
0x00007ffb52360000 - 0x00007ffb5237f000 	C:\Users\ninja\.jdks\corretto-21.0.8\bin\java.dll
0x00007ffb6c450000 - 0x00007ffb6cb9d000 	C:\Windows\System32\SHELL32.dll
0x00007ffb6bea0000 - 0x00007ffb6c00b000 	C:\Windows\System32\wintypes.dll
0x00007ffb69210000 - 0x00007ffb69a6d000 	C:\Windows\SYSTEM32\windows.storage.dll
0x00007ffb6c350000 - 0x00007ffb6c442000 	C:\Windows\System32\SHCORE.dll
0x00007ffb6e380000 - 0x00007ffb6e3e2000 	C:\Windows\System32\shlwapi.dll
0x00007ffb6b630000 - 0x00007ffb6b659000 	C:\Windows\SYSTEM32\profapi.dll
0x00007ffb52040000 - 0x00007ffb52117000 	C:\Users\ninja\.jdks\corretto-21.0.8\bin\jsvml.dll
0x00007ffb52350000 - 0x00007ffb52360000 	C:\Users\ninja\.jdks\corretto-21.0.8\bin\net.dll
0x00007ffb57140000 - 0x00007ffb5725f000 	C:\Windows\SYSTEM32\WINHTTP.dll
0x00007ffb6aa50000 - 0x00007ffb6aabb000 	C:\Windows\system32\mswsock.dll
0x00007ffb52330000 - 0x00007ffb52346000 	C:\Users\ninja\.jdks\corretto-21.0.8\bin\nio.dll
0x00007ffb52310000 - 0x00007ffb52328000 	C:\Users\ninja\.jdks\corretto-21.0.8\bin\zip.dll
0x0000027227000000 - 0x0000027227003000 	C:\Users\ninja\.openjfx\cache\21.0.6+3\amd64\api-ms-win-core-console-l1-1-0.dll
0x0000027227010000 - 0x0000027227013000 	C:\Users\ninja\.openjfx\cache\21.0.6+3\amd64\api-ms-win-core-console-l1-2-0.dll
0x0000027227020000 - 0x0000027227023000 	C:\Users\ninja\.openjfx\cache\21.0.6+3\amd64\api-ms-win-core-datetime-l1-1-0.dll
0x0000027227030000 - 0x0000027227033000 	C:\Users\ninja\.openjfx\cache\21.0.6+3\amd64\api-ms-win-core-debug-l1-1-0.dll
0x0000027227040000 - 0x0000027227043000 	C:\Users\ninja\.openjfx\cache\21.0.6+3\amd64\api-ms-win-core-errorhandling-l1-1-0.dll
0x0000027227050000 - 0x0000027227054000 	C:\Users\ninja\.openjfx\cache\21.0.6+3\amd64\api-ms-win-core-file-l1-1-0.dll
0x0000027227060000 - 0x0000027227063000 	C:\Users\ninja\.openjfx\cache\21.0.6+3\amd64\api-ms-win-core-file-l1-2-0.dll
0x00000272277b0000 - 0x00000272277b3000 	C:\Users\ninja\.openjfx\cache\21.0.6+3\amd64\api-ms-win-core-file-l2-1-0.dll
0x00000272277c0000 - 0x00000272277c3000 	C:\Users\ninja\.openjfx\cache\21.0.6+3\amd64\api-ms-win-core-handle-l1-1-0.dll
0x00000272277d0000 - 0x00000272277d3000 	C:\Users\ninja\.openjfx\cache\21.0.6+3\amd64\api-ms-win-core-heap-l1-1-0.dll
0x00000272277e0000 - 0x00000272277e3000 	C:\Users\ninja\.openjfx\cache\21.0.6+3\amd64\api-ms-win-core-interlocked-l1-1-0.dll
0x00000272277f0000 - 0x00000272277f3000 	C:\Users\ninja\.openjfx\cache\21.0.6+3\amd64\api-ms-win-core-libraryloader-l1-1-0.dll
0x0000027227800000 - 0x0000027227803000 	C:\Users\ninja\.openjfx\cache\21.0.6+3\amd64\api-ms-win-core-localization-l1-2-0.dll
0x0000027227810000 - 0x0000027227813000 	C:\Users\ninja\.openjfx\cache\21.0.6+3\amd64\api-ms-win-core-memory-l1-1-0.dll
0x0000027227820000 - 0x0000027227823000 	C:\Users\ninja\.openjfx\cache\21.0.6+3\amd64\api-ms-win-core-namedpipe-l1-1-0.dll
0x0000027227830000 - 0x0000027227833000 	C:\Users\ninja\.openjfx\cache\21.0.6+3\amd64\api-ms-win-core-processenvironment-l1-1-0.dll
0x0000027227840000 - 0x0000027227843000 	C:\Users\ninja\.openjfx\cache\21.0.6+3\amd64\api-ms-win-core-processthreads-l1-1-0.dll
0x0000027227850000 - 0x0000027227853000 	C:\Users\ninja\.openjfx\cache\21.0.6+3\amd64\api-ms-win-core-processthreads-l1-1-1.dll
0x0000027227860000 - 0x0000027227863000 	C:\Users\ninja\.openjfx\cache\21.0.6+3\amd64\api-ms-win-core-profile-l1-1-0.dll
0x0000027227870000 - 0x0000027227873000 	C:\Users\ninja\.openjfx\cache\21.0.6+3\amd64\api-ms-win-core-rtlsupport-l1-1-0.dll
0x0000027246f40000 - 0x0000027246f43000 	C:\Users\ninja\.openjfx\cache\21.0.6+3\amd64\api-ms-win-core-string-l1-1-0.dll
0x0000027246f50000 - 0x0000027246f53000 	C:\Users\ninja\.openjfx\cache\21.0.6+3\amd64\api-ms-win-core-synch-l1-1-0.dll
0x0000027246f60000 - 0x0000027246f63000 	C:\Users\ninja\.openjfx\cache\21.0.6+3\amd64\api-ms-win-core-synch-l1-2-0.dll
0x0000027246f70000 - 0x0000027246f73000 	C:\Users\ninja\.openjfx\cache\21.0.6+3\amd64\api-ms-win-core-sysinfo-l1-1-0.dll
0x0000027246f80000 - 0x0000027246f83000 	C:\Users\ninja\.openjfx\cache\21.0.6+3\amd64\api-ms-win-core-timezone-l1-1-0.dll
0x0000027246f90000 - 0x0000027246f93000 	C:\Users\ninja\.openjfx\cache\21.0.6+3\amd64\api-ms-win-core-util-l1-1-0.dll
0x0000027246fa0000 - 0x0000027246fa3000 	C:\Users\ninja\.openjfx\cache\21.0.6+3\amd64\api-ms-win-crt-conio-l1-1-0.dll
0x0000027246fb0000 - 0x0000027246fb4000 	C:\Users\ninja\.openjfx\cache\21.0.6+3\amd64\api-ms-win-crt-convert-l1-1-0.dll
0x0000027246fc0000 - 0x0000027246fc3000 	C:\Users\ninja\.openjfx\cache\21.0.6+3\amd64\api-ms-win-crt-environment-l1-1-0.dll
0x0000027246fd0000 - 0x0000027246fd3000 	C:\Users\ninja\.openjfx\cache\21.0.6+3\amd64\api-ms-win-crt-filesystem-l1-1-0.dll
0x0000027246fe0000 - 0x0000027246fe3000 	C:\Users\ninja\.openjfx\cache\21.0.6+3\amd64\api-ms-win-crt-heap-l1-1-0.dll
0x0000027246ff0000 - 0x0000027246ff3000 	C:\Users\ninja\.openjfx\cache\21.0.6+3\amd64\api-ms-win-crt-locale-l1-1-0.dll
0x000002728d7d0000 - 0x000002728d7d5000 	C:\Users\ninja\.openjfx\cache\21.0.6+3\amd64\api-ms-win-crt-math-l1-1-0.dll
0x000002728d7e0000 - 0x000002728d7e5000 	C:\Users\ninja\.openjfx\cache\21.0.6+3\amd64\api-ms-win-crt-multibyte-l1-1-0.dll
0x000002728d7f0000 - 0x000002728d800000 	C:\Users\ninja\.openjfx\cache\21.0.6+3\amd64\api-ms-win-crt-private-l1-1-0.dll
0x000002728d800000 - 0x000002728d803000 	C:\Users\ninja\.openjfx\cache\21.0.6+3\amd64\api-ms-win-crt-process-l1-1-0.dll
0x000002728d810000 - 0x000002728d814000 	C:\Users\ninja\.openjfx\cache\21.0.6+3\amd64\api-ms-win-crt-runtime-l1-1-0.dll
0x000002728d820000 - 0x000002728d824000 	C:\Users\ninja\.openjfx\cache\21.0.6+3\amd64\api-ms-win-crt-stdio-l1-1-0.dll
0x000002728d830000 - 0x000002728d834000 	C:\Users\ninja\.openjfx\cache\21.0.6+3\amd64\api-ms-win-crt-string-l1-1-0.dll
0x000002728d840000 - 0x000002728d843000 	C:\Users\ninja\.openjfx\cache\21.0.6+3\amd64\api-ms-win-crt-time-l1-1-0.dll
0x000002728d850000 - 0x000002728d853000 	C:\Users\ninja\.openjfx\cache\21.0.6+3\amd64\api-ms-win-crt-utility-l1-1-0.dll
0x00007ffb51df0000 - 0x00007ffb51eec000 	C:\Users\ninja\.openjfx\cache\21.0.6+3\amd64\ucrtbase.dll
0x00007ffb51550000 - 0x00007ffb5156b000 	C:\Users\ninja\.openjfx\cache\21.0.6+3\amd64\vcruntime140.dll
0x00007ffb51540000 - 0x00007ffb5154c000 	C:\Users\ninja\.openjfx\cache\21.0.6+3\amd64\vcruntime140_1.dll
0x00007ffb51390000 - 0x00007ffb5141e000 	C:\Users\ninja\.openjfx\cache\21.0.6+3\amd64\msvcp140.dll
0x00007ffb51530000 - 0x00007ffb51539000 	C:\Users\ninja\.openjfx\cache\21.0.6+3\amd64\msvcp140_1.dll
0x00007ffb514e0000 - 0x00007ffb51521000 	C:\Users\ninja\.openjfx\cache\21.0.6+3\amd64\msvcp140_2.dll
0x00007ffb51360000 - 0x00007ffb51390000 	C:\Users\ninja\.openjfx\cache\21.0.6+3\amd64\prism_d3d.dll
0x00007ffb48570000 - 0x00007ffb48720000 	C:\Windows\system32\d3d9.dll
0x00007ffb636b0000 - 0x00007ffb636dd000 	C:\Windows\SYSTEM32\dwmapi.dll
0x00007ffb634e0000 - 0x00007ffb63524000 	C:\Windows\SYSTEM32\dxcore.dll
0x00007ffb63220000 - 0x00007ffb632ca000 	C:\Windows\system32\uxtheme.dll
0x00007ffaddc50000 - 0x00007ffadf587000 	C:\Windows\System32\DriverStore\FileRepository\iigd_dch.inf_amd64_fa93a85c69ac1b8b\igd9trinity64.dll
0x00007ffb6d900000 - 0x00007ffb6da98000 	C:\Windows\System32\ole32.dll
0x00007ffb63530000 - 0x00007ffb6366b000 	C:\Windows\system32\dxgi.dll
0x00007ffb5cd70000 - 0x00007ffb5d301000 	C:\Windows\System32\DriverStore\FileRepository\iigd_dch.inf_amd64_fa93a85c69ac1b8b\igdgmm64.dll
0x00007ffb57c40000 - 0x00007ffb5ccb0000 	C:\Windows\System32\DriverStore\FileRepository\iigd_dch.inf_amd64_fa93a85c69ac1b8b\igc64.dll
0x00007ffb57670000 - 0x00007ffb576be000 	C:\Windows\SYSTEM32\ControlLib.dll
0x00007ffb6b290000 - 0x00007ffb6b2e7000 	C:\Windows\SYSTEM32\CFGMGR32.dll
0x00007ffb26780000 - 0x00007ffb2682c000 	C:\Windows\System32\DriverStore\FileRepository\iigd_dch.inf_amd64_fa93a85c69ac1b8b\IntelControlLib.dll
0x00007ffb60460000 - 0x00007ffb604c3000 	C:\Windows\SYSTEM32\directxdatabasehelper.dll
0x00007ffadc550000 - 0x00007ffaddc50000 	C:\Windows\System32\DriverStore\FileRepository\iigd_dch.inf_amd64_fa93a85c69ac1b8b\igd9dxva64.dll
0x00007ffb6db70000 - 0x00007ffb6dff8000 	C:\Windows\System32\SETUPAPI.dll
0x00007ffb402f0000 - 0x00007ffb42362000 	C:\Windows\System32\DriverStore\FileRepository\iigd_dch.inf_amd64_fa93a85c69ac1b8b\media_bin_64.dll
0x00007ffb512f0000 - 0x00007ffb51332000 	C:\Users\ninja\.openjfx\cache\21.0.6+3\amd64\glass.dll
0x00007ffb6cd10000 - 0x00007ffb6ce03000 	C:\Windows\System32\COMDLG32.dll
0x00007ffb6d450000 - 0x00007ffb6d5ab000 	C:\Windows\System32\MSCTF.dll
0x00007ffb572e0000 - 0x00007ffb57484000 	C:\Windows\System32\DriverStore\FileRepository\iigd_dch.inf_amd64_fa93a85c69ac1b8b\igdml64.dll
0x00007ffb4e050000 - 0x00007ffb4e078000 	C:\Windows\System32\DriverStore\FileRepository\iigd_dch.inf_amd64_fa93a85c69ac1b8b\igdinfo64.dll
0x00007ffb512d0000 - 0x00007ffb512e5000 	C:\Users\ninja\.openjfx\cache\21.0.6+3\amd64\javafx_font.dll
0x00007ffb61990000 - 0x00007ffb61bf7000 	C:\Windows\SYSTEM32\dwrite.dll
0x00007ffb6ced0000 - 0x00007ffb6cf81000 	C:\Windows\System32\clbcatq.dll
0x00007ffb61750000 - 0x00007ffb61980000 	C:\Windows\SYSTEM32\WindowsCodecs.dll
0x00007ffb54a60000 - 0x00007ffb54aba000 	C:\Windows\system32\dataexchange.dll
0x00007ffb4fdc0000 - 0x00007ffb50005000 	C:\Windows\system32\twinapi.appcore.dll
0x00007ffb512a0000 - 0x00007ffb512cc000 	C:\Program Files\Common Files\Microsoft Shared\Ink\rtscom.dll
0x00007ffb4f0f0000 - 0x00007ffb4f23a000 	C:\Windows\SYSTEM32\textinputframework.dll
0x00007ffb62b40000 - 0x00007ffb62c65000 	C:\Windows\SYSTEM32\CoreMessaging.dll
0x00007ffb5f710000 - 0x00007ffb5f9f3000 	C:\Windows\SYSTEM32\CoreUIComponents.dll
0x00007ffb6ad20000 - 0x00007ffb6ad2c000 	C:\Windows\SYSTEM32\CRYPTBASE.DLL
0x00007ffb355f0000 - 0x00007ffb3566a000 	C:\Windows\system32\Oleacc.dll

JVMTI agents:
C:\Users\ninja\IntelliJ IDEA 2025.2.1\lib\idea_rt.jar path:C:\Users\ninja\.jdks\corretto-21.0.8\bin\instrument.dll, loaded, initialized, instrumentlib options:57246

dbghelp: loaded successfully - version: 4.0.5 - missing functions: none
symbol engine: initialized successfully - sym options: 0x614 - pdb path: .;C:\Users\ninja\.jdks\corretto-21.0.8\bin;C:\Windows\SYSTEM32;C:\Windows\WinSxS\amd64_microsoft.windows.common-controls_6595b64144ccf1df_6.0.26100.6899_none_3e0efeeae32e88c1;C:\Users\ninja\.jdks\corretto-21.0.8\bin\server;C:\Users\ninja\.openjfx\cache\21.0.6+3\amd64;C:\Windows\System32\DriverStore\FileRepository\iigd_dch.inf_amd64_fa93a85c69ac1b8b;C:\Program Files\Common Files\Microsoft Shared\Ink

VM Arguments:
jvm_args: -javaagent:C:\Users\ninja\IntelliJ IDEA 2025.2.1\lib\idea_rt.jar=57246 -Dfile.encoding=UTF-8 -Dsun.stdout.encoding=UTF-8 -Dsun.stderr.encoding=UTF-8 --module-path=C:\Users\ninja\.m2\repository\org\openjfx\javafx-controls\21.0.6\javafx-controls-21.0.6-win.jar;C:\Users\ninja\.m2\repository\org\openjfx\javafx-graphics\21.0.6\javafx-graphics-21.0.6-win.jar;C:\Users\ninja\IdeaProjects\DinoGame\target\classes;C:\Users\ninja\.m2\repository\org\openjfx\javafx-base\21.0.6\javafx-base-21.0.6-win.jar;C:\Users\ninja\.m2\repository\org\openjfx\javafx-fxml\21.0.6\javafx-fxml-21.0.6-win.jar -Djdk.module.main=com.example.dinogame 
java_command: com.example.dinogame/com.example.dinogame.DinoGame
java_class_path (initial): C:\Users\ninja\.m2\repository\org\openjfx\javafx-controls\21.0.6\javafx-controls-21.0.6.jar;C:\Users\ninja\.m2\repository\org\openjfx\javafx-graphics\21.0.6\javafx-graphics-21.0.6.jar;C:\Users\ninja\.m2\repository\org\openjfx\javafx-base\21.0.6\javafx-base-21.0.6.jar;C:\Users\ninja\.m2\repository\org\openjfx\javafx-fxml\21.0.6\javafx-fxml-21.0.6.jar
Launcher Type: SUN_STANDARD

[Global flags]
     intx CICompilerCount                          = 4                                         {product} {ergonomic}
     uint ConcGCThreads                            = 2                                         {product} {ergonomic}
     uint G1ConcRefinementThreads                  = 8                                         {product} {ergonomic}
   size_t G1HeapRegionSize                         = 2097152                                   {product} {ergonomic}
    uintx GCDrainStackTargetSize                   = 64                                        {product} {ergonomic}
   size_t InitialHeapSize                          = 262144000                                 {product} {ergonomic}
   size_t MarkStackSize                            = 4194304                                   {product} {ergonomic}
   size_t MaxHeapSize                              = 4173332480                                {product} {ergonomic}
   size_t MaxNewSize                               = 2503999488                                {product} {ergonomic}
   size_t MinHeapDeltaBytes                        = 2097152                                   {product} {ergonomic}
   size_t MinHeapSize                              = 8388608                                   {product} {ergonomic}
    uintx NonNMethodCodeHeapSize                   = 5839372                                {pd product} {ergonomic}
    uintx NonProfiledCodeHeapSize                  = 122909434                              {pd product} {ergonomic}
    uintx ProfiledCodeHeapSize                     = 122909434                              {pd product} {ergonomic}
    uintx ReservedCodeCacheSize                    = 251658240                              {pd product} {ergonomic}
     bool SegmentedCodeCache                       = true                                      {product} {ergonomic}
   size_t SoftMaxHeapSize                          = 4173332480                             {manageable} {ergonomic}
     bool UseCompressedOops                        = true                           {product lp64_product} {ergonomic}
     bool UseG1GC                                  = true                                      {product} {ergonomic}
     bool UseLargePagesIndividualAllocation        = false                                  {pd product} {ergonomic}

Logging:
Log output configuration:
 #0: stdout all=warning uptime,level,tags foldmultilines=false
 #1: stderr all=off uptime,level,tags foldmultilines=false

Environment Variables:
PATH=C:\Program Files (x86)\Common Files\Oracle\Java\javapath;C:\Program Files (x86)\NVIDIA Corporation\PhysX\Common;C:\Windows\system32;C:\Windows;C:\Windows\System32\Wbem;C:\Windows\System32\WindowsPowerShell\v1.0\;C:\Windows\System32\OpenSSH\;C:\Program Files\dotnet\;C:\Program Files\7-Zip;C:\Users\ninja\AppData\Local\Microsoft\WindowsApps;C:\Users\ninja\AppData\Local\Programs\Microsoft VS Code\bin
USERNAME=ninja
OS=Windows_NT
PROCESSOR_IDENTIFIER=Intel64 Family 6 Model 189 Stepping 1, GenuineIntel
TMP=C:\Users\ninja\AppData\Local\Temp
TEMP=C:\Users\ninja\AppData\Local\Temp




Periodic native trim disabled

---------------  S Y S T E M  ---------------

OS:
 Windows 11 , 64 bit Build 26100 (10.0.26100.6725)
OS uptime: 4 days 14:35 hours
Hyper-V role detected

CPU: total 8 (initial active 8) (8 cores per cpu, 1 threads per core) family 6 model 189 stepping 1 microcode 0x11c, cx8, cmov, fxsr, mmx, 3dnowpref, sse, sse2, sse3, ssse3, sse4.1, sse4.2, popcnt, lzcnt, tsc, tscinvbit, avx, avx2, aes, erms, clmul, bmi1, bmi2, adx, sha, fma, vzeroupper, clflush, clflushopt, clwb, hv, serialize, rdtscp, rdpid, fsrm, f16c, cet_ibt, cet_ss
Processor Information for processor 0
  Max Mhz: 2100, Current Mhz: 2100, Mhz Limit: 2100
Processor Information for processor 1
  Max Mhz: 2100, Current Mhz: 2100, Mhz Limit: 2100
Processor Information for processor 2
  Max Mhz: 2100, Current Mhz: 2100, Mhz Limit: 2100
Processor Information for processor 3
  Max Mhz: 2100, Current Mhz: 2100, Mhz Limit: 2100
Processor Information for processor 4
  Max Mhz: 2100, Current Mhz: 2100, Mhz Limit: 2100
Processor Information for processor 5
  Max Mhz: 2100, Current Mhz: 2100, Mhz Limit: 2100
Processor Information for processor 6
  Max Mhz: 2100, Current Mhz: 2000, Mhz Limit: 2100
Processor Information for processor 7
  Max Mhz: 2100, Current Mhz: 2100, Mhz Limit: 2100

Memory: 4k page, system-wide physical 15914M (3711M free)
TotalPageFile size 25642M (AvailPageFile size 9753M)
current process WorkingSet (physical memory assigned to process): 244M, peak: 244M
current process commit charge ("private bytes"): 500M, peak: 500M

vm_info: OpenJDK 64-Bit Server VM (21.0.8+9-LTS) for windows-amd64 JRE (21.0.8+9-LTS), built on 2025-07-09T19:22:31Z by "Administrator" with MS VC++ 16.10 / 16.11 (VS2019)

END.
