#
# A fatal error has been detected by the Java Runtime Environment:
#
#  EXCEPTION_ACCESS_VIOLATION (0xc0000005) at pc=0x00007ffe23cc1dd5, pid=35376, tid=2736
#
# JRE version: OpenJDK Runtime Environment Corretto-21.0.8.9.1 (21.0.8+9) (build 21.0.8+9-LTS)
# Java VM: OpenJDK 64-Bit Server VM Corretto-21.0.8.9.1 (21.0.8+9-LTS, mixed mode, sharing, tiered, compressed oops, compressed class ptrs, g1 gc, windows-amd64)
# Problematic frame:
# C  [igd9trinity64.dll+0xd11dd5]
#
# No core dump will be written. Minidumps are not enabled by default on client versions of Windows
#
# If you would like to submit a bug report, please visit:
#   https://github.com/corretto/corretto-21/issues/
# The crash happened outside the Java Virtual Machine in native code.
# See problematic frame for where to report the bug.
#

---------------  S U M M A R Y ------------

Command Line: -javaagent:C:\Users\ninja\IntelliJ IDEA 2025.2.1\lib\idea_rt.jar=63071 -Dfile.encoding=UTF-8 -Dsun.stdout.encoding=UTF-8 -Dsun.stderr.encoding=UTF-8 --module-path=C:\Users\ninja\.m2\repository\org\openjfx\javafx-controls\21.0.6\javafx-controls-21.0.6-win.jar;C:\Users\ninja\.m2\repository\org\openjfx\javafx-base\21.0.6\javafx-base-21.0.6-win.jar;C:\Users\ninja\IdeaProjects\DinoGame\target\classes;C:\Users\ninja\.m2\repository\org\openjfx\javafx-fxml\21.0.6\javafx-fxml-21.0.6-win.jar;C:\Users\ninja\.m2\repository\org\openjfx\javafx-graphics\21.0.6\javafx-graphics-21.0.6-win.jar -Djdk.module.main=com.example.dinogame com.example.dinogame/com.example.dinogame.DinoGame

Host: Intel(R) Core(TM) Ultra 5 226V, 8 cores, 15G,  Windows 11 , 64 bit Build 26100 (10.0.26100.5074)
Time: Sat Oct 18 15:08:07 2025 Central Asia Standard Time elapsed time: 1.128409 seconds (0d 0h 0m 1s)

---------------  T H R E A D  ---------------

Current thread (0x0000022bc5a2aa40):  JavaThread "QuantumRenderer-0" daemon [_thread_in_native, id=2736, stack(0x000000645af00000,0x000000645b000000) (1024K)]

Stack: [0x000000645af00000,0x000000645b000000],  sp=0x000000645affdc70,  free space=1015k
Native frames: (J=compiled Java code, j=interpreted, Vv=VM code, C=native code)
C  [igd9trinity64.dll+0xd11dd5]

Java frames: (J=compiled Java code, j=interpreted, Vv=VM code)
j  com.sun.prism.d3d.D3DSwapChain.nPresent(JJ)I+0 javafx.graphics@21.0.6
j  com.sun.prism.d3d.D3DSwapChain.present()Z+25 javafx.graphics@21.0.6
j  com.sun.javafx.tk.quantum.PresentingPainter.run()V+451 javafx.graphics@21.0.6
j  java.util.concurrent.Executors$RunnableAdapter.call()Ljava/lang/Object;+4 java.base@21.0.8
j  java.util.concurrent.FutureTask.runAndReset()Z+44 java.base@21.0.8
j  com.sun.javafx.tk.RenderJob.run()V+1 javafx.graphics@21.0.6
j  java.util.concurrent.ThreadPoolExecutor.runWorker(Ljava/util/concurrent/ThreadPoolExecutor$Worker;)V+92 java.base@21.0.8
j  java.util.concurrent.ThreadPoolExecutor$Worker.run()V+5 java.base@21.0.8
j  com.sun.javafx.tk.quantum.QuantumRenderer$PipelineRunnable.run()V+8 javafx.graphics@21.0.6
j  java.lang.Thread.runWith(Ljava/lang/Object;Ljava/lang/Runnable;)V+5 java.base@21.0.8
j  java.lang.Thread.run()V+19 java.base@21.0.8
v  ~StubRoutines::call_stub 0x0000022bebf2100d

siginfo: EXCEPTION_ACCESS_VIOLATION (0xc0000005), writing address 0x000000000000000a


Registers:
RAX=0x000000645affdca8, RBX=0x0000000000000000, RCX=0x0000000000000002, RDX=0xffffffffffffffff
RSP=0x000000645affdc70, RBP=0x0000000000000000, RSI=0x0000022bc5f77be8, RDI=0x0000022bc5f78ca0
R8 =0xfffffffffdff8139, R9 =0x0000000000000061, R10=0x0000000000000000, R11=0x000000645affdb90
R12=0x0000000000000000, R13=0x000000645affe7f0, R14=0x000000645affdca8, R15=0x0000000000000000
RIP=0x00007ffe23cc1dd5, EFLAGS=0x0000000000010202

XMM[0]=0x0000000000000000 0x0000000000000000
XMM[1]=0x0000000000000000 0x0000000000000000
XMM[2]=0x0000000000000000 0x0000000000000000
XMM[3]=0x0000000000000000 0x0000000000000000
XMM[4]=0x0000000000000000 0x0000000000000000
XMM[5]=0x0000000000000000 0x0000000000000000
XMM[6]=0xa8b648f32cd98b37 0x0a163ef240ae8190
XMM[7]=0x9f46be6cc219e898 0x7f4881ef1cfaab1c
XMM[8]=0x05812e64b32cd937 0x5120ff6c0aa274b1
XMM[9]=0x2e98492c2e98492c 0x2e98492c96eb053a
XMM[10]=0x0000000000000000 0x000000006852bc0e
XMM[11]=0x149df300149df300 0x149df300ab88f83a
XMM[12]=0x0000000000000000 0x0000000096eb053a
XMM[13]=0x0000000000000000 0x0000000000000000
XMM[14]=0x0000000000000000 0x0000000000000000
XMM[15]=0x0000000000000000 0x0000000000000000
  MXCSR=0x00001fa0


Register to memory mapping:

RAX=0x000000645affdca8 is pointing into the stack for thread: 0x0000022bc5a2aa40
RBX=0x0 is null
RCX=0x0000000000000002 is an unknown value
RDX=0xffffffffffffffff is an unknown value
RSP=0x000000645affdc70 is pointing into the stack for thread: 0x0000022bc5a2aa40
RBP=0x0 is null
RSI=0x0000022bc5f77be8 points into unknown readable memory: 0x0000022bc6288950 | 50 89 28 c6 2b 02 00 00
RDI=0x0000022bc5f78ca0 points into unknown readable memory: 0x0000000000000000 | 00 00 00 00 00 00 00 00
R8 =0xfffffffffdff8139 is an unknown value
R9 =0x0000000000000061 is an unknown value
R10=0x0 is null
R11=0x000000645affdb90 is pointing into the stack for thread: 0x0000022bc5a2aa40
R12=0x0 is null
R13=0x000000645affe7f0 is pointing into the stack for thread: 0x0000022bc5a2aa40
R14=0x000000645affdca8 is pointing into the stack for thread: 0x0000022bc5a2aa40
R15=0x0 is null

Top of Stack: (sp=0x000000645affdc70)
0x000000645affdc70:   0000000000000000 0000022bc68d73a0
0x000000645affdc80:   0000000000000000 0000000000000000
0x000000645affdc90:   0000000000000001 0000022bc5f38ea0
0x000000645affdca0:   0000000000000001 0000022bc68d73a0
0x000000645affdcb0:   0000000100000000 0000022bcc40c410
0x000000645affdcc0:   000000645affdf58 0000000000000000
0x000000645affdcd0:   0000000000000000 000016d071713e97
0x000000645affdce0:   0000000000000000 0000000000000000
0x000000645affdcf0:   0000022bc5f77970 0000022bc5f77970
0x000000645affdd00:   000000645affde10 00007ffe23c7b1a2
0x000000645affdd10:   0000000000000000 0000022bc5f77970
0x000000645affdd20:   0000000000000000 0000022bc61a6468
0x000000645affdd30:   0000022bcc40c4c0 0000022bc5f38ea0
0x000000645affdd40:   0000000000000000 00007ffec2840900
0x000000645affdd50:   0000022bd9f00000 00007ffe00000000
0x000000645affdd60:   0000022bcc40c4c0 0000000000000008
0x000000645affdd70:   0000000000000000 0000000000000000
0x000000645affdd80:   0000022bcc40c4c0 00007ffea6a4ff30
0x000000645affdd90:   0000000000000001 0000022bc61afae0
0x000000645affdda0:   0000000100000000 000000645affde10
0x000000645affddb0:   000000645affdf58 0000000000000000
0x000000645affddc0:   0000000000000000 0000000000000000
0x000000645affddd0:   0000000000000000 0000000000000000
0x000000645affdde0:   0000000000000000 0000000000000000
0x000000645affddf0:   0000000000000001 000000645affdf98
0x000000645affde00:   000000645affdf40 0000000000000000
0x000000645affde10:   0000022bc5e56b60 00007ffe23304aab
0x000000645affde20:   0000022bc61afcd0 0000022bc5f77970
0x000000645affde30:   0000000000000000 0000000000000000
0x000000645affde40:   0000000000000000 0000000000000000
0x000000645affde50:   0000000000000000 0000000100000004
0x000000645affde60:   000000645affdf38 0000000000000001 

Instructions: (pc=0x00007ffe23cc1dd5)
0x00007ffe23cc1cd5:   04 4d 03 e6 4c 89 67 08 48 c1 e5 04 49 03 ee 48
0x00007ffe23cc1ce5:   89 6f 10 4d 03 ff 4b 8d 04 fe 48 8b 5c 24 40 48
0x00007ffe23cc1cf5:   8b 6c 24 48 48 8b 74 24 50 48 8b 7c 24 58 48 83
0x00007ffe23cc1d05:   c4 20 41 5f 41 5e 41 5c c3 e8 1d 20 37 ff cc e8
0x00007ffe23cc1d15:   47 ff 1e 00 cc e8 31 16 42 ff cc 48 8d 05 c9 69
0x00007ffe23cc1d25:   9d 00 c3 cc cc cc cc cc cc cc cc 48 8b 49 08 e9
0x00007ffe23cc1d35:   87 fa ff ff cc cc cc cc cc cc cc 48 8d 05 01 c0
0x00007ffe23cc1d45:   77 00 48 89 02 48 8b 41 08 48 89 42 08 48 8b c2
0x00007ffe23cc1d55:   c3 cc cc cc cc cc cc cc cc cc cc 48 89 5c 24 18
0x00007ffe23cc1d65:   55 56 57 41 56 41 57 48 83 ec 70 48 8b 05 c9 a5
0x00007ffe23cc1d75:   95 00 48 33 c4 48 89 44 24 68 48 8b f2 48 8b f9
0x00007ffe23cc1d85:   80 79 01 00 0f 85 a3 01 00 00 45 33 ff 41 8b ef
0x00007ffe23cc1d95:   41 8b df 0f 1f 84 00 00 00 00 00 4c 39 3e 0f 84
0x00007ffe23cc1da5:   c9 01 00 00 45 33 c9 41 b8 02 00 00 00 48 8d 54
0x00007ffe23cc1db5:   24 38 48 8b 0e e8 41 3d ff ff 4c 8b f0 4c 39 7c
0x00007ffe23cc1dc5:   3b 18 74 31 48 8b 4c 3b 18 48 c7 c2 ff ff ff ff
0x00007ffe23cc1dd5:   f0 48 0f c1 51 08 8d 4a ff f7 c1 ff ff ff 00 75
0x00007ffe23cc1de5:   14 48 8b 4c 3b 18 48 85 c9 74 0a 48 8b 01 ba 01
0x00007ffe23cc1df5:   00 00 00 ff 10 49 8b 06 48 89 44 3b 18 4d 89 3e
0x00007ffe23cc1e05:   48 8b 44 24 38 48 85 c0 74 2b 48 c7 c1 ff ff ff
0x00007ffe23cc1e15:   ff f0 48 0f c1 48 08 8d 41 ff a9 ff ff ff 00 75
0x00007ffe23cc1e25:   14 48 8b 4c 24 38 48 85 c9 74 0a 48 8b 01 ba 01
0x00007ffe23cc1e35:   00 00 00 ff 10 4c 89 7c 24 38 4c 39 3e 0f 84 0e
0x00007ffe23cc1e45:   01 00 00 45 33 c9 41 b8 02 00 00 00 48 8d 54 24
0x00007ffe23cc1e55:   30 48 8b 0e e8 a2 3c ff ff 4c 8b f0 4c 39 7c 3b
0x00007ffe23cc1e65:   20 74 31 48 8b 4c 3b 20 48 c7 c2 ff ff ff ff f0
0x00007ffe23cc1e75:   48 0f c1 51 08 8d 4a ff f7 c1 ff ff ff 00 75 14
0x00007ffe23cc1e85:   48 8b 4c 3b 20 48 85 c9 74 0a 48 8b 01 ba 01 00
0x00007ffe23cc1e95:   00 00 ff 10 49 8b 06 48 89 44 3b 20 4d 89 3e 48
0x00007ffe23cc1ea5:   8b 44 24 30 48 85 c0 74 2b 48 c7 c1 ff ff ff ff
0x00007ffe23cc1eb5:   f0 48 0f c1 48 08 8d 41 ff a9 ff ff ff 00 75 14
0x00007ffe23cc1ec5:   48 8b 4c 24 30 48 85 c9 74 0a 48 8b 01 ba 01 00 


Stack slot to memory mapping:

stack at sp + 0 slots: 0x0 is null
stack at sp + 1 slots: 0x0000022bc68d73a0 points into unknown readable memory: 0x00007ffe2443dd80 | 80 dd 43 24 fe 7f 00 00
stack at sp + 2 slots: 0x0 is null
stack at sp + 3 slots: 0x0 is null
stack at sp + 4 slots: 0x0000000000000001 is an unknown value
stack at sp + 5 slots: 0x0000022bc5f38ea0 points into unknown readable memory: 0x0000000080000880 | 80 08 00 80 00 00 00 00
stack at sp + 6 slots: 0x0000000000000001 is an unknown value
stack at sp + 7 slots: 0x0000022bc68d73a0 points into unknown readable memory: 0x00007ffe2443dd80 | 80 dd 43 24 fe 7f 00 00


---------------  P R O C E S S  ---------------

Threads class SMR info:
_java_thread_list=0x0000022bc65f1880, length=19, elements={
0x0000022bdc2e4d60, 0x0000022bfb540c40, 0x0000022bfb544310, 0x0000022bfb548480,
0x0000022bfb5490d0, 0x0000022bfb55bf50, 0x0000022bfb55e6f0, 0x0000022bfb56ac90,
0x0000022bfb560bd0, 0x0000022bc50f8540, 0x0000022bc51595e0, 0x0000022bc58ced10,
0x0000022bc58cf370, 0x0000022bc5a2aa40, 0x0000022bc5b97260, 0x0000022bc5f6e030,
0x0000022bc65ba550, 0x0000022bc65bafc0, 0x0000022bc6712b50
}

Java Threads: ( => current thread )
  0x0000022bdc2e4d60 JavaThread "main"                              [_thread_blocked, id=37480, stack(0x0000006459a00000,0x0000006459b00000) (1024K)]
  0x0000022bfb540c40 JavaThread "Reference Handler"          daemon [_thread_blocked, id=5960, stack(0x000000645a200000,0x000000645a300000) (1024K)]
  0x0000022bfb544310 JavaThread "Finalizer"                  daemon [_thread_blocked, id=3116, stack(0x000000645a300000,0x000000645a400000) (1024K)]
  0x0000022bfb548480 JavaThread "Signal Dispatcher"          daemon [_thread_blocked, id=15508, stack(0x000000645a400000,0x000000645a500000) (1024K)]
  0x0000022bfb5490d0 JavaThread "Attach Listener"            daemon [_thread_blocked, id=15564, stack(0x000000645a500000,0x000000645a600000) (1024K)]
  0x0000022bfb55bf50 JavaThread "Service Thread"             daemon [_thread_blocked, id=12572, stack(0x000000645a600000,0x000000645a700000) (1024K)]
  0x0000022bfb55e6f0 JavaThread "Monitor Deflation Thread"   daemon [_thread_blocked, id=26708, stack(0x000000645a700000,0x000000645a800000) (1024K)]
  0x0000022bfb56ac90 JavaThread "C2 CompilerThread0"         daemon [_thread_blocked, id=19148, stack(0x000000645a800000,0x000000645a900000) (1024K)]
  0x0000022bfb560bd0 JavaThread "C1 CompilerThread0"         daemon [_thread_blocked, id=14208, stack(0x000000645a900000,0x000000645aa00000) (1024K)]
  0x0000022bc50f8540 JavaThread "Common-Cleaner"             daemon [_thread_blocked, id=14640, stack(0x000000645aa00000,0x000000645ab00000) (1024K)]
  0x0000022bc51595e0 JavaThread "C2 CompilerThread1"         daemon [_thread_blocked, id=37280, stack(0x000000645ab00000,0x000000645ac00000) (1024K)]
  0x0000022bc58ced10 JavaThread "Monitor Ctrl-Break"         daemon [_thread_in_native, id=36240, stack(0x000000645ad00000,0x000000645ae00000) (1024K)]
  0x0000022bc58cf370 JavaThread "Notification Thread"        daemon [_thread_blocked, id=33196, stack(0x000000645ae00000,0x000000645af00000) (1024K)]
=>0x0000022bc5a2aa40 JavaThread "QuantumRenderer-0"          daemon [_thread_in_native, id=2736, stack(0x000000645af00000,0x000000645b000000) (1024K)]
  0x0000022bc5b97260 JavaThread "InvokeLaterDispatcher"      daemon [_thread_blocked, id=37112, stack(0x000000645ac00000,0x000000645ad00000) (1024K)]
  0x0000022bc5f6e030 JavaThread "JavaFX Application Thread"         [_thread_in_native, id=18624, stack(0x000000645b000000,0x000000645b100000) (1024K)]
  0x0000022bc65ba550 JavaThread "Thread-1"                   daemon [_thread_in_native, id=9736, stack(0x000000645bc00000,0x000000645bd00000) (1024K)]
  0x0000022bc65bafc0 JavaThread "JavaFX-Launcher"                   [_thread_blocked, id=6548, stack(0x000000645bd00000,0x000000645be00000) (1024K)]
  0x0000022bc6712b50 JavaThread "Prism Font Disposer"        daemon [_thread_blocked, id=13412, stack(0x000000645c700000,0x000000645c800000) (1024K)]
Total: 19

Other Threads:
  0x0000022bfb523630 VMThread "VM Thread"                           [id=29624, stack(0x000000645a100000,0x000000645a200000) (1024K)]
  0x0000022bfb50f500 WatcherThread "VM Periodic Task Thread"        [id=30328, stack(0x000000645a000000,0x000000645a100000) (1024K)]
  0x0000022bdc34cd80 WorkerThread "GC Thread#0"                     [id=21880, stack(0x0000006459b00000,0x0000006459c00000) (1024K)]
  0x0000022bc666ad80 WorkerThread "GC Thread#1"                     [id=17484, stack(0x000000645be00000,0x000000645bf00000) (1024K)]
  0x0000022bc6669f00 WorkerThread "GC Thread#2"                     [id=34108, stack(0x000000645bf00000,0x000000645c000000) (1024K)]
  0x0000022bc666b120 WorkerThread "GC Thread#3"                     [id=19912, stack(0x000000645c000000,0x000000645c100000) (1024K)]
  0x0000022bc666a640 WorkerThread "GC Thread#4"                     [id=10744, stack(0x000000645c100000,0x000000645c200000) (1024K)]
  0x0000022bc666b4c0 WorkerThread "GC Thread#5"                     [id=29204, stack(0x000000645c200000,0x000000645c300000) (1024K)]
  0x0000022bdc35d620 ConcurrentGCThread "G1 Main Marker"            [id=27056, stack(0x0000006459c00000,0x0000006459d00000) (1024K)]
  0x0000022bdc35efb0 WorkerThread "G1 Conc#0"                       [id=30632, stack(0x0000006459d00000,0x0000006459e00000) (1024K)]
  0x0000022bdc3aeab0 ConcurrentGCThread "G1 Refine#0"               [id=12568, stack(0x0000006459e00000,0x0000006459f00000) (1024K)]
  0x0000022bfb3e0a60 ConcurrentGCThread "G1 Service"                [id=6828, stack(0x0000006459f00000,0x000000645a000000) (1024K)]
Total: 12

Threads with active compile tasks:
Total: 0

VM state: not at safepoint (normal execution)

VM Mutex/Monitor currently owned by a thread: None

Heap address: 0x0000000707400000, size: 3980 MB, Compressed Oops mode: Zero based, Oop shift amount: 3

CDS archive(s) mapped at: [0x0000022b80000000-0x0000022b80c80000-0x0000022b80c80000), size 13107200, SharedBaseAddress: 0x0000022b80000000, ArchiveRelocationMode: 1.
Compressed class space mapped at: 0x0000022b81000000-0x0000022bc1000000, reserved size: 1073741824
Narrow klass base: 0x0000022b80000000, Narrow klass shift: 0, Narrow klass range: 0x100000000

GC Precious Log:
 CardTable entry size: 512
 Card Set container configuration: InlinePtr #cards 4 size 8 Array Of Cards #cards 16 size 48 Howl #buckets 8 coarsen threshold 3686 Howl Bitmap #cards 512 size 80 coarsen threshold 460 Card regions per heap region 1 cards per card region 4096
 CPUs: 8 total, 8 available
 Memory: 15914M
 Large Page Support: Disabled
 NUMA Support: Disabled
 Compressed Oops: Enabled (Zero based)
 Heap Region Size: 2M
 Heap Min Capacity: 8M
 Heap Initial Capacity: 250M
 Heap Max Capacity: 3980M
 Pre-touch: Disabled
 Parallel Workers: 8
 Concurrent Workers: 2
 Concurrent Refinement Workers: 8
 Periodic GC: Disabled

Heap:
 garbage-first heap   total 256000K, used 29311K [0x0000000707400000, 0x0000000800000000)
  region size 2048K, 17 young (34816K), 2 survivors (4096K)
 Metaspace       used 10791K, committed 11072K, reserved 1114112K
  class space    used 1528K, committed 1664K, reserved 1048576K

Heap Regions: E=young(eden), S=young(survivor), O=old, HS=humongous(starts), HC=humongous(continues), CS=collection set, F=free, TAMS=top-at-mark-start, PB=parsable bottom
|   0|0x0000000707400000, 0x0000000707400000, 0x0000000707600000|  0%| F|  |TAMS 0x0000000707400000| PB 0x0000000707400000| Untracked 
|   1|0x0000000707600000, 0x0000000707600000, 0x0000000707800000|  0%| F|  |TAMS 0x0000000707600000| PB 0x0000000707600000| Untracked 
|   2|0x0000000707800000, 0x0000000707800000, 0x0000000707a00000|  0%| F|  |TAMS 0x0000000707800000| PB 0x0000000707800000| Untracked 
|   3|0x0000000707a00000, 0x0000000707a00000, 0x0000000707c00000|  0%| F|  |TAMS 0x0000000707a00000| PB 0x0000000707a00000| Untracked 
|   4|0x0000000707c00000, 0x0000000707c00000, 0x0000000707e00000|  0%| F|  |TAMS 0x0000000707c00000| PB 0x0000000707c00000| Untracked 
|   5|0x0000000707e00000, 0x0000000707e00000, 0x0000000708000000|  0%| F|  |TAMS 0x0000000707e00000| PB 0x0000000707e00000| Untracked 
|   6|0x0000000708000000, 0x0000000708000000, 0x0000000708200000|  0%| F|  |TAMS 0x0000000708000000| PB 0x0000000708000000| Untracked 
|   7|0x0000000708200000, 0x0000000708200000, 0x0000000708400000|  0%| F|  |TAMS 0x0000000708200000| PB 0x0000000708200000| Untracked 
|   8|0x0000000708400000, 0x0000000708400000, 0x0000000708600000|  0%| F|  |TAMS 0x0000000708400000| PB 0x0000000708400000| Untracked 
|   9|0x0000000708600000, 0x0000000708600000, 0x0000000708800000|  0%| F|  |TAMS 0x0000000708600000| PB 0x0000000708600000| Untracked 
|  10|0x0000000708800000, 0x0000000708800000, 0x0000000708a00000|  0%| F|  |TAMS 0x0000000708800000| PB 0x0000000708800000| Untracked 
|  11|0x0000000708a00000, 0x0000000708a00000, 0x0000000708c00000|  0%| F|  |TAMS 0x0000000708a00000| PB 0x0000000708a00000| Untracked 
|  12|0x0000000708c00000, 0x0000000708c00000, 0x0000000708e00000|  0%| F|  |TAMS 0x0000000708c00000| PB 0x0000000708c00000| Untracked 
|  13|0x0000000708e00000, 0x0000000708e00000, 0x0000000709000000|  0%| F|  |TAMS 0x0000000708e00000| PB 0x0000000708e00000| Untracked 
|  14|0x0000000709000000, 0x0000000709000000, 0x0000000709200000|  0%| F|  |TAMS 0x0000000709000000| PB 0x0000000709000000| Untracked 
|  15|0x0000000709200000, 0x0000000709200000, 0x0000000709400000|  0%| F|  |TAMS 0x0000000709200000| PB 0x0000000709200000| Untracked 
|  16|0x0000000709400000, 0x0000000709400000, 0x0000000709600000|  0%| F|  |TAMS 0x0000000709400000| PB 0x0000000709400000| Untracked 
|  17|0x0000000709600000, 0x0000000709600000, 0x0000000709800000|  0%| F|  |TAMS 0x0000000709600000| PB 0x0000000709600000| Untracked 
|  18|0x0000000709800000, 0x0000000709800000, 0x0000000709a00000|  0%| F|  |TAMS 0x0000000709800000| PB 0x0000000709800000| Untracked 
|  19|0x0000000709a00000, 0x0000000709a00000, 0x0000000709c00000|  0%| F|  |TAMS 0x0000000709a00000| PB 0x0000000709a00000| Untracked 
|  20|0x0000000709c00000, 0x0000000709c00000, 0x0000000709e00000|  0%| F|  |TAMS 0x0000000709c00000| PB 0x0000000709c00000| Untracked 
|  21|0x0000000709e00000, 0x0000000709e00000, 0x000000070a000000|  0%| F|  |TAMS 0x0000000709e00000| PB 0x0000000709e00000| Untracked 
|  22|0x000000070a000000, 0x000000070a000000, 0x000000070a200000|  0%| F|  |TAMS 0x000000070a000000| PB 0x000000070a000000| Untracked 
|  23|0x000000070a200000, 0x000000070a200000, 0x000000070a400000|  0%| F|  |TAMS 0x000000070a200000| PB 0x000000070a200000| Untracked 
|  24|0x000000070a400000, 0x000000070a400000, 0x000000070a600000|  0%| F|  |TAMS 0x000000070a400000| PB 0x000000070a400000| Untracked 
|  25|0x000000070a600000, 0x000000070a600000, 0x000000070a800000|  0%| F|  |TAMS 0x000000070a600000| PB 0x000000070a600000| Untracked 
|  26|0x000000070a800000, 0x000000070a800000, 0x000000070aa00000|  0%| F|  |TAMS 0x000000070a800000| PB 0x000000070a800000| Untracked 
|  27|0x000000070aa00000, 0x000000070aa00000, 0x000000070ac00000|  0%| F|  |TAMS 0x000000070aa00000| PB 0x000000070aa00000| Untracked 
|  28|0x000000070ac00000, 0x000000070ac00000, 0x000000070ae00000|  0%| F|  |TAMS 0x000000070ac00000| PB 0x000000070ac00000| Untracked 
|  29|0x000000070ae00000, 0x000000070ae00000, 0x000000070b000000|  0%| F|  |TAMS 0x000000070ae00000| PB 0x000000070ae00000| Untracked 
|  30|0x000000070b000000, 0x000000070b000000, 0x000000070b200000|  0%| F|  |TAMS 0x000000070b000000| PB 0x000000070b000000| Untracked 
|  31|0x000000070b200000, 0x000000070b200000, 0x000000070b400000|  0%| F|  |TAMS 0x000000070b200000| PB 0x000000070b200000| Untracked 
|  32|0x000000070b400000, 0x000000070b400000, 0x000000070b600000|  0%| F|  |TAMS 0x000000070b400000| PB 0x000000070b400000| Untracked 
|  33|0x000000070b600000, 0x000000070b600000, 0x000000070b800000|  0%| F|  |TAMS 0x000000070b600000| PB 0x000000070b600000| Untracked 
|  34|0x000000070b800000, 0x000000070b800000, 0x000000070ba00000|  0%| F|  |TAMS 0x000000070b800000| PB 0x000000070b800000| Untracked 
|  35|0x000000070ba00000, 0x000000070ba00000, 0x000000070bc00000|  0%| F|  |TAMS 0x000000070ba00000| PB 0x000000070ba00000| Untracked 
|  36|0x000000070bc00000, 0x000000070bc00000, 0x000000070be00000|  0%| F|  |TAMS 0x000000070bc00000| PB 0x000000070bc00000| Untracked 
|  37|0x000000070be00000, 0x000000070be00000, 0x000000070c000000|  0%| F|  |TAMS 0x000000070be00000| PB 0x000000070be00000| Untracked 
|  38|0x000000070c000000, 0x000000070c000000, 0x000000070c200000|  0%| F|  |TAMS 0x000000070c000000| PB 0x000000070c000000| Untracked 
|  39|0x000000070c200000, 0x000000070c200000, 0x000000070c400000|  0%| F|  |TAMS 0x000000070c200000| PB 0x000000070c200000| Untracked 
|  40|0x000000070c400000, 0x000000070c400000, 0x000000070c600000|  0%| F|  |TAMS 0x000000070c400000| PB 0x000000070c400000| Untracked 
|  41|0x000000070c600000, 0x000000070c600000, 0x000000070c800000|  0%| F|  |TAMS 0x000000070c600000| PB 0x000000070c600000| Untracked 
|  42|0x000000070c800000, 0x000000070c800000, 0x000000070ca00000|  0%| F|  |TAMS 0x000000070c800000| PB 0x000000070c800000| Untracked 
|  43|0x000000070ca00000, 0x000000070ca00000, 0x000000070cc00000|  0%| F|  |TAMS 0x000000070ca00000| PB 0x000000070ca00000| Untracked 
|  44|0x000000070cc00000, 0x000000070cc00000, 0x000000070ce00000|  0%| F|  |TAMS 0x000000070cc00000| PB 0x000000070cc00000| Untracked 
|  45|0x000000070ce00000, 0x000000070ce00000, 0x000000070d000000|  0%| F|  |TAMS 0x000000070ce00000| PB 0x000000070ce00000| Untracked 
|  46|0x000000070d000000, 0x000000070d000000, 0x000000070d200000|  0%| F|  |TAMS 0x000000070d000000| PB 0x000000070d000000| Untracked 
|  47|0x000000070d200000, 0x000000070d200000, 0x000000070d400000|  0%| F|  |TAMS 0x000000070d200000| PB 0x000000070d200000| Untracked 
|  48|0x000000070d400000, 0x000000070d400000, 0x000000070d600000|  0%| F|  |TAMS 0x000000070d400000| PB 0x000000070d400000| Untracked 
|  49|0x000000070d600000, 0x000000070d600000, 0x000000070d800000|  0%| F|  |TAMS 0x000000070d600000| PB 0x000000070d600000| Untracked 
|  50|0x000000070d800000, 0x000000070d800000, 0x000000070da00000|  0%| F|  |TAMS 0x000000070d800000| PB 0x000000070d800000| Untracked 
|  51|0x000000070da00000, 0x000000070da00000, 0x000000070dc00000|  0%| F|  |TAMS 0x000000070da00000| PB 0x000000070da00000| Untracked 
|  52|0x000000070dc00000, 0x000000070dc00000, 0x000000070de00000|  0%| F|  |TAMS 0x000000070dc00000| PB 0x000000070dc00000| Untracked 
|  53|0x000000070de00000, 0x000000070de00000, 0x000000070e000000|  0%| F|  |TAMS 0x000000070de00000| PB 0x000000070de00000| Untracked 
|  54|0x000000070e000000, 0x000000070e000000, 0x000000070e200000|  0%| F|  |TAMS 0x000000070e000000| PB 0x000000070e000000| Untracked 
|  55|0x000000070e200000, 0x000000070e200000, 0x000000070e400000|  0%| F|  |TAMS 0x000000070e200000| PB 0x000000070e200000| Untracked 
|  56|0x000000070e400000, 0x000000070e400000, 0x000000070e600000|  0%| F|  |TAMS 0x000000070e400000| PB 0x000000070e400000| Untracked 
|  57|0x000000070e600000, 0x000000070e600000, 0x000000070e800000|  0%| F|  |TAMS 0x000000070e600000| PB 0x000000070e600000| Untracked 
|  58|0x000000070e800000, 0x000000070e800000, 0x000000070ea00000|  0%| F|  |TAMS 0x000000070e800000| PB 0x000000070e800000| Untracked 
|  59|0x000000070ea00000, 0x000000070ea00000, 0x000000070ec00000|  0%| F|  |TAMS 0x000000070ea00000| PB 0x000000070ea00000| Untracked 
|  60|0x000000070ec00000, 0x000000070ec00000, 0x000000070ee00000|  0%| F|  |TAMS 0x000000070ec00000| PB 0x000000070ec00000| Untracked 
|  61|0x000000070ee00000, 0x000000070ee00000, 0x000000070f000000|  0%| F|  |TAMS 0x000000070ee00000| PB 0x000000070ee00000| Untracked 
|  62|0x000000070f000000, 0x000000070f000000, 0x000000070f200000|  0%| F|  |TAMS 0x000000070f000000| PB 0x000000070f000000| Untracked 
|  63|0x000000070f200000, 0x000000070f200000, 0x000000070f400000|  0%| F|  |TAMS 0x000000070f200000| PB 0x000000070f200000| Untracked 
|  64|0x000000070f400000, 0x000000070f400000, 0x000000070f600000|  0%| F|  |TAMS 0x000000070f400000| PB 0x000000070f400000| Untracked 
|  65|0x000000070f600000, 0x000000070f600000, 0x000000070f800000|  0%| F|  |TAMS 0x000000070f600000| PB 0x000000070f600000| Untracked 
|  66|0x000000070f800000, 0x000000070f800000, 0x000000070fa00000|  0%| F|  |TAMS 0x000000070f800000| PB 0x000000070f800000| Untracked 
|  67|0x000000070fa00000, 0x000000070fa00000, 0x000000070fc00000|  0%| F|  |TAMS 0x000000070fa00000| PB 0x000000070fa00000| Untracked 
|  68|0x000000070fc00000, 0x000000070fc00000, 0x000000070fe00000|  0%| F|  |TAMS 0x000000070fc00000| PB 0x000000070fc00000| Untracked 
|  69|0x000000070fe00000, 0x000000070fe00000, 0x0000000710000000|  0%| F|  |TAMS 0x000000070fe00000| PB 0x000000070fe00000| Untracked 
|  70|0x0000000710000000, 0x0000000710000000, 0x0000000710200000|  0%| F|  |TAMS 0x0000000710000000| PB 0x0000000710000000| Untracked 
|  71|0x0000000710200000, 0x0000000710200000, 0x0000000710400000|  0%| F|  |TAMS 0x0000000710200000| PB 0x0000000710200000| Untracked 
|  72|0x0000000710400000, 0x0000000710400000, 0x0000000710600000|  0%| F|  |TAMS 0x0000000710400000| PB 0x0000000710400000| Untracked 
|  73|0x0000000710600000, 0x0000000710600000, 0x0000000710800000|  0%| F|  |TAMS 0x0000000710600000| PB 0x0000000710600000| Untracked 
|  74|0x0000000710800000, 0x0000000710800000, 0x0000000710a00000|  0%| F|  |TAMS 0x0000000710800000| PB 0x0000000710800000| Untracked 
|  75|0x0000000710a00000, 0x0000000710a00000, 0x0000000710c00000|  0%| F|  |TAMS 0x0000000710a00000| PB 0x0000000710a00000| Untracked 
|  76|0x0000000710c00000, 0x0000000710c00000, 0x0000000710e00000|  0%| F|  |TAMS 0x0000000710c00000| PB 0x0000000710c00000| Untracked 
|  77|0x0000000710e00000, 0x0000000710e00000, 0x0000000711000000|  0%| F|  |TAMS 0x0000000710e00000| PB 0x0000000710e00000| Untracked 
|  78|0x0000000711000000, 0x0000000711000000, 0x0000000711200000|  0%| F|  |TAMS 0x0000000711000000| PB 0x0000000711000000| Untracked 
|  79|0x0000000711200000, 0x0000000711200000, 0x0000000711400000|  0%| F|  |TAMS 0x0000000711200000| PB 0x0000000711200000| Untracked 
|  80|0x0000000711400000, 0x0000000711400000, 0x0000000711600000|  0%| F|  |TAMS 0x0000000711400000| PB 0x0000000711400000| Untracked 
|  81|0x0000000711600000, 0x0000000711600000, 0x0000000711800000|  0%| F|  |TAMS 0x0000000711600000| PB 0x0000000711600000| Untracked 
|  82|0x0000000711800000, 0x0000000711800000, 0x0000000711a00000|  0%| F|  |TAMS 0x0000000711800000| PB 0x0000000711800000| Untracked 
|  83|0x0000000711a00000, 0x0000000711a00000, 0x0000000711c00000|  0%| F|  |TAMS 0x0000000711a00000| PB 0x0000000711a00000| Untracked 
|  84|0x0000000711c00000, 0x0000000711c00000, 0x0000000711e00000|  0%| F|  |TAMS 0x0000000711c00000| PB 0x0000000711c00000| Untracked 
|  85|0x0000000711e00000, 0x0000000711e00000, 0x0000000712000000|  0%| F|  |TAMS 0x0000000711e00000| PB 0x0000000711e00000| Untracked 
|  86|0x0000000712000000, 0x0000000712000000, 0x0000000712200000|  0%| F|  |TAMS 0x0000000712000000| PB 0x0000000712000000| Untracked 
|  87|0x0000000712200000, 0x0000000712200000, 0x0000000712400000|  0%| F|  |TAMS 0x0000000712200000| PB 0x0000000712200000| Untracked 
|  88|0x0000000712400000, 0x0000000712400000, 0x0000000712600000|  0%| F|  |TAMS 0x0000000712400000| PB 0x0000000712400000| Untracked 
|  89|0x0000000712600000, 0x0000000712600000, 0x0000000712800000|  0%| F|  |TAMS 0x0000000712600000| PB 0x0000000712600000| Untracked 
|  90|0x0000000712800000, 0x0000000712800000, 0x0000000712a00000|  0%| F|  |TAMS 0x0000000712800000| PB 0x0000000712800000| Untracked 
|  91|0x0000000712a00000, 0x0000000712a00000, 0x0000000712c00000|  0%| F|  |TAMS 0x0000000712a00000| PB 0x0000000712a00000| Untracked 
|  92|0x0000000712c00000, 0x0000000712c00000, 0x0000000712e00000|  0%| F|  |TAMS 0x0000000712c00000| PB 0x0000000712c00000| Untracked 
|  93|0x0000000712e00000, 0x0000000712e00000, 0x0000000713000000|  0%| F|  |TAMS 0x0000000712e00000| PB 0x0000000712e00000| Untracked 
|  94|0x0000000713000000, 0x0000000713000000, 0x0000000713200000|  0%| F|  |TAMS 0x0000000713000000| PB 0x0000000713000000| Untracked 
|  95|0x0000000713200000, 0x0000000713200000, 0x0000000713400000|  0%| F|  |TAMS 0x0000000713200000| PB 0x0000000713200000| Untracked 
|  96|0x0000000713400000, 0x0000000713400000, 0x0000000713600000|  0%| F|  |TAMS 0x0000000713400000| PB 0x0000000713400000| Untracked 
|  97|0x0000000713600000, 0x0000000713600000, 0x0000000713800000|  0%| F|  |TAMS 0x0000000713600000| PB 0x0000000713600000| Untracked 
|  98|0x0000000713800000, 0x0000000713800000, 0x0000000713a00000|  0%| F|  |TAMS 0x0000000713800000| PB 0x0000000713800000| Untracked 
|  99|0x0000000713a00000, 0x0000000713a00000, 0x0000000713c00000|  0%| F|  |TAMS 0x0000000713a00000| PB 0x0000000713a00000| Untracked 
| 100|0x0000000713c00000, 0x0000000713c00000, 0x0000000713e00000|  0%| F|  |TAMS 0x0000000713c00000| PB 0x0000000713c00000| Untracked 
| 101|0x0000000713e00000, 0x0000000713e00000, 0x0000000714000000|  0%| F|  |TAMS 0x0000000713e00000| PB 0x0000000713e00000| Untracked 
| 102|0x0000000714000000, 0x0000000714000000, 0x0000000714200000|  0%| F|  |TAMS 0x0000000714000000| PB 0x0000000714000000| Untracked 
| 103|0x0000000714200000, 0x0000000714200000, 0x0000000714400000|  0%| F|  |TAMS 0x0000000714200000| PB 0x0000000714200000| Untracked 
| 104|0x0000000714400000, 0x0000000714400000, 0x0000000714600000|  0%| F|  |TAMS 0x0000000714400000| PB 0x0000000714400000| Untracked 
| 105|0x0000000714600000, 0x0000000714600000, 0x0000000714800000|  0%| F|  |TAMS 0x0000000714600000| PB 0x0000000714600000| Untracked 
| 106|0x0000000714800000, 0x0000000714800000, 0x0000000714a00000|  0%| F|  |TAMS 0x0000000714800000| PB 0x0000000714800000| Untracked 
| 107|0x0000000714a00000, 0x0000000714a00000, 0x0000000714c00000|  0%| F|  |TAMS 0x0000000714a00000| PB 0x0000000714a00000| Untracked 
| 108|0x0000000714c00000, 0x0000000714deb600, 0x0000000714e00000| 95%| E|  |TAMS 0x0000000714c00000| PB 0x0000000714c00000| Complete 
| 109|0x0000000714e00000, 0x0000000715000000, 0x0000000715000000|100%| E|  |TAMS 0x0000000714e00000| PB 0x0000000714e00000| Complete 
| 110|0x0000000715000000, 0x0000000715200000, 0x0000000715200000|100%| E|CS|TAMS 0x0000000715000000| PB 0x0000000715000000| Complete 
| 111|0x0000000715200000, 0x0000000715400000, 0x0000000715400000|100%| E|CS|TAMS 0x0000000715200000| PB 0x0000000715200000| Complete 
| 112|0x0000000715400000, 0x000000071549ffd8, 0x0000000715600000| 31%| S|CS|TAMS 0x0000000715400000| PB 0x0000000715400000| Complete 
| 113|0x0000000715600000, 0x0000000715800000, 0x0000000715800000|100%| S|CS|TAMS 0x0000000715600000| PB 0x0000000715600000| Complete 
| 114|0x0000000715800000, 0x0000000715a00000, 0x0000000715a00000|100%| E|CS|TAMS 0x0000000715800000| PB 0x0000000715800000| Complete 
| 115|0x0000000715a00000, 0x0000000715c00000, 0x0000000715c00000|100%| E|CS|TAMS 0x0000000715a00000| PB 0x0000000715a00000| Complete 
| 116|0x0000000715c00000, 0x0000000715e00000, 0x0000000715e00000|100%| E|CS|TAMS 0x0000000715c00000| PB 0x0000000715c00000| Complete 
| 117|0x0000000715e00000, 0x0000000716000000, 0x0000000716000000|100%| E|CS|TAMS 0x0000000715e00000| PB 0x0000000715e00000| Complete 
| 118|0x0000000716000000, 0x0000000716200000, 0x0000000716200000|100%| E|CS|TAMS 0x0000000716000000| PB 0x0000000716000000| Complete 
| 119|0x0000000716200000, 0x0000000716400000, 0x0000000716400000|100%| E|CS|TAMS 0x0000000716200000| PB 0x0000000716200000| Complete 
| 120|0x0000000716400000, 0x0000000716600000, 0x0000000716600000|100%| E|CS|TAMS 0x0000000716400000| PB 0x0000000716400000| Complete 
| 121|0x0000000716600000, 0x0000000716800000, 0x0000000716800000|100%| E|CS|TAMS 0x0000000716600000| PB 0x0000000716600000| Complete 
| 122|0x0000000716800000, 0x0000000716a00000, 0x0000000716a00000|100%| E|CS|TAMS 0x0000000716800000| PB 0x0000000716800000| Complete 
| 123|0x0000000716a00000, 0x0000000716c00000, 0x0000000716c00000|100%| E|CS|TAMS 0x0000000716a00000| PB 0x0000000716a00000| Complete 
| 124|0x0000000716c00000, 0x0000000716e00000, 0x0000000716e00000|100%| E|CS|TAMS 0x0000000716c00000| PB 0x0000000716c00000| Complete 

Card table byte_map: [0x0000022bf44f0000,0x0000022bf4cc0000] _byte_map_base: 0x0000022bf0cb6000

Marking Bits: (CMBitMap*) 0x0000022bdc34d480
 Bits: [0x0000022bf4cc0000, 0x0000022bf8af0000)

Polling page: 0x0000022bda0a0000

Metaspace:

Usage:
  Non-class:      9.05 MB used.
      Class:      1.49 MB used.
       Both:     10.54 MB used.

Virtual space:
  Non-class space:       64.00 MB reserved,       9.19 MB ( 14%) committed,  1 nodes.
      Class space:        1.00 GB reserved,       1.62 MB ( <1%) committed,  1 nodes.
             Both:        1.06 GB reserved,      10.81 MB ( <1%) committed. 

Chunk freelists:
   Non-Class:  5.81 MB
       Class:  14.24 MB
        Both:  20.05 MB

MaxMetaspaceSize: unlimited
CompressedClassSpaceSize: 1.00 GB
Initial GC threshold: 21.00 MB
Current GC threshold: 21.00 MB
CDS: on
 - commit_granule_bytes: 65536.
 - commit_granule_words: 8192.
 - virtual_space_node_default_size: 8388608.
 - enlarge_chunks_in_place: 1.
 - use_allocation_guard: 0.


Internal statistics:

num_allocs_failed_limit: 0.
num_arena_births: 230.
num_arena_deaths: 0.
num_vsnodes_births: 2.
num_vsnodes_deaths: 0.
num_space_committed: 173.
num_space_uncommitted: 0.
num_chunks_returned_to_freelist: 0.
num_chunks_taken_from_freelist: 577.
num_chunk_merges: 0.
num_chunk_splits: 391.
num_chunks_enlarged: 284.
num_inconsistent_stats: 0.

CodeHeap 'non-profiled nmethods': size=120000Kb used=616Kb max_used=616Kb free=119384Kb
 bounds [0x0000022bec4c0000, 0x0000022bec730000, 0x0000022bf39f0000]
CodeHeap 'profiled nmethods': size=120000Kb used=2644Kb max_used=2644Kb free=117355Kb
 bounds [0x0000022be49f0000, 0x0000022be4c90000, 0x0000022bebf20000]
CodeHeap 'non-nmethods': size=5760Kb used=1693Kb max_used=1693Kb free=4066Kb
 bounds [0x0000022bebf20000, 0x0000022bec190000, 0x0000022bec4c0000]
CodeCache: size=245760Kb, used=4953Kb, max_used=4953Kb, free=240805Kb
 total_blobs=2274, nmethods=1543, adapters=636, full_count=0
Compilation: enabled, stopped_count=0, restarted_count=0

Compilation events (20 events):
Event: 1.040 Thread 0x0000022bfb560bd0 1533       3       java.lang.invoke.InvokerBytecodeGenerator::emitStaticInvoke (258 bytes)
Event: 1.041 Thread 0x0000022bfb560bd0 nmethod 1533 0x0000022be4c81010 code [0x0000022be4c81340, 0x0000022be4c82200]
Event: 1.042 Thread 0x0000022bfb560bd0 1535       3       java.lang.invoke.LambdaForm$MH/0x0000022b81019400::invoke (45 bytes)
Event: 1.042 Thread 0x0000022bfb560bd0 nmethod 1535 0x0000022be4c82790 code [0x0000022be4c82980, 0x0000022be4c83058]
Event: 1.044 Thread 0x0000022bfb560bd0 1536       3       java.lang.String::startsWith (123 bytes)
Event: 1.045 Thread 0x0000022bfb560bd0 nmethod 1536 0x0000022be4c83210 code [0x0000022be4c83440, 0x0000022be4c83b90]
Event: 1.046 Thread 0x0000022bfb560bd0 1537       3       java.lang.invoke.InvokerBytecodeGenerator::emitStoreInsn (21 bytes)
Event: 1.047 Thread 0x0000022bfb560bd0 nmethod 1537 0x0000022be4c83e10 code [0x0000022be4c83fe0, 0x0000022be4c84240]
Event: 1.089 Thread 0x0000022bfb560bd0 1539       3       java.lang.invoke.BoundMethodHandle$Species_L::<init> (12 bytes)
Event: 1.089 Thread 0x0000022bfb560bd0 nmethod 1539 0x0000022be4c84390 code [0x0000022be4c84540, 0x0000022be4c84768]
Event: 1.099 Thread 0x0000022bfb560bd0 1540       3       com.sun.javafx.font.directwrite.IUnknown::<init> (10 bytes)
Event: 1.099 Thread 0x0000022bfb560bd0 nmethod 1540 0x0000022be4c84890 code [0x0000022be4c84a40, 0x0000022be4c84ba8]
Event: 1.100 Thread 0x0000022bfb560bd0 1541       3       com.sun.javafx.font.directwrite.IUnknown::Release (26 bytes)
Event: 1.100 Thread 0x0000022bfb560bd0 nmethod 1541 0x0000022be4c84c90 code [0x0000022be4c84e40, 0x0000022be4c84fe8]
Event: 1.100 Thread 0x0000022bfb560bd0 1542       1       com.sun.prism.PixelFormat$DataType::getSizeInBytes (5 bytes)
Event: 1.100 Thread 0x0000022bfb560bd0 nmethod 1542 0x0000022bec559710 code [0x0000022bec5598a0, 0x0000022bec559968]
Event: 1.100 Thread 0x0000022bfb560bd0 1543       1       com.sun.prism.PixelFormat::getDataType (5 bytes)
Event: 1.100 Thread 0x0000022bfb560bd0 nmethod 1543 0x0000022bec559a10 code [0x0000022bec559ba0, 0x0000022bec559c70]
Event: 1.109 Thread 0x0000022bfb560bd0 1544       1       com.sun.prism.impl.BaseContext::isDisposed (5 bytes)
Event: 1.110 Thread 0x0000022bfb560bd0 nmethod 1544 0x0000022bec559d10 code [0x0000022bec559ea0, 0x0000022bec559f70]

GC Heap History (2 events):
Event: 0.595 GC heap before
{Heap before GC invocations=0 (full 0):
 garbage-first heap   total 256000K, used 22528K [0x0000000707400000, 0x0000000800000000)
  region size 2048K, 11 young (22528K), 0 survivors (0K)
 Metaspace       used 4817K, committed 4992K, reserved 1114112K
  class space    used 505K, committed 576K, reserved 1048576K
}
Event: 0.598 GC heap after
{Heap after GC invocations=1 (full 0):
 garbage-first heap   total 256000K, used 2687K [0x0000000707400000, 0x0000000800000000)
  region size 2048K, 2 young (4096K), 2 survivors (4096K)
 Metaspace       used 4817K, committed 4992K, reserved 1114112K
  class space    used 505K, committed 576K, reserved 1048576K
}

Dll operation events (20 events):
Event: 0.322 Loaded shared library C:\Users\ninja\.openjfx\cache\21.0.6+3\amd64\api-ms-win-crt-locale-l1-1-0.dll
Event: 0.324 Loaded shared library C:\Users\ninja\.openjfx\cache\21.0.6+3\amd64\api-ms-win-crt-math-l1-1-0.dll
Event: 0.326 Loaded shared library C:\Users\ninja\.openjfx\cache\21.0.6+3\amd64\api-ms-win-crt-multibyte-l1-1-0.dll
Event: 0.328 Loaded shared library C:\Users\ninja\.openjfx\cache\21.0.6+3\amd64\api-ms-win-crt-private-l1-1-0.dll
Event: 0.329 Loaded shared library C:\Users\ninja\.openjfx\cache\21.0.6+3\amd64\api-ms-win-crt-process-l1-1-0.dll
Event: 0.331 Loaded shared library C:\Users\ninja\.openjfx\cache\21.0.6+3\amd64\api-ms-win-crt-runtime-l1-1-0.dll
Event: 0.332 Loaded shared library C:\Users\ninja\.openjfx\cache\21.0.6+3\amd64\api-ms-win-crt-stdio-l1-1-0.dll
Event: 0.334 Loaded shared library C:\Users\ninja\.openjfx\cache\21.0.6+3\amd64\api-ms-win-crt-string-l1-1-0.dll
Event: 0.335 Loaded shared library C:\Users\ninja\.openjfx\cache\21.0.6+3\amd64\api-ms-win-crt-time-l1-1-0.dll
Event: 0.337 Loaded shared library C:\Users\ninja\.openjfx\cache\21.0.6+3\amd64\api-ms-win-crt-utility-l1-1-0.dll
Event: 0.349 Loaded shared library C:\Users\ninja\.openjfx\cache\21.0.6+3\amd64\ucrtbase.dll
Event: 0.352 Loaded shared library C:\Users\ninja\.openjfx\cache\21.0.6+3\amd64\vcruntime140.dll
Event: 0.354 Loaded shared library C:\Users\ninja\.openjfx\cache\21.0.6+3\amd64\vcruntime140_1.dll
Event: 0.362 Loaded shared library C:\Users\ninja\.openjfx\cache\21.0.6+3\amd64\msvcp140.dll
Event: 0.364 Loaded shared library C:\Users\ninja\.openjfx\cache\21.0.6+3\amd64\msvcp140_1.dll
Event: 0.368 Loaded shared library C:\Users\ninja\.openjfx\cache\21.0.6+3\amd64\msvcp140_2.dll
Event: 0.400 Loaded shared library C:\Users\ninja\.openjfx\cache\21.0.6+3\amd64\prism_d3d.dll
Event: 0.472 Loaded shared library C:\Users\ninja\.openjfx\cache\21.0.6+3\amd64\glass.dll
Event: 0.649 Loaded shared library C:\Users\ninja\.jdks\corretto-21.0.8\bin\jimage.dll
Event: 0.659 Loaded shared library C:\Users\ninja\.openjfx\cache\21.0.6+3\amd64\javafx_font.dll

Deoptimization events (20 events):
Event: 1.040 Thread 0x0000022bc5a2aa40 Uncommon trap: trap_request=0xffffffde fr.pc=0x0000022bec52430c relative=0x0000000000000acc
Event: 1.040 Thread 0x0000022bc5a2aa40 Uncommon trap: reason=class_check action=maybe_recompile pc=0x0000022bec52430c method=java.io.BufferedInputStream.implRead([BII)I @ 100 c2
Event: 1.040 Thread 0x0000022bc5a2aa40 DEOPT PACKING pc=0x0000022bec52430c sp=0x000000645affd9d0
Event: 1.040 Thread 0x0000022bc5a2aa40 DEOPT UNPACKING pc=0x0000022bebf746a2 sp=0x000000645affd928 mode 2
Event: 1.040 Thread 0x0000022bc5a2aa40 Uncommon trap: trap_request=0xffffff45 fr.pc=0x0000022bec521034 relative=0x0000000000000094
Event: 1.040 Thread 0x0000022bc5a2aa40 Uncommon trap: reason=unstable_if action=reinterpret pc=0x0000022bec521034 method=java.io.BufferedInputStream.getBufIfOpen(Z)[B @ 13 c2
Event: 1.040 Thread 0x0000022bc5a2aa40 DEOPT PACKING pc=0x0000022bec521034 sp=0x000000645affd8e0
Event: 1.040 Thread 0x0000022bc5a2aa40 DEOPT UNPACKING pc=0x0000022bebf746a2 sp=0x000000645affd860 mode 2
Event: 1.040 Thread 0x0000022bc5a2aa40 Uncommon trap: trap_request=0xffffff45 fr.pc=0x0000022bec5240f8 relative=0x00000000000008b8
Event: 1.040 Thread 0x0000022bc5a2aa40 Uncommon trap: reason=unstable_if action=reinterpret pc=0x0000022bec5240f8 method=java.io.BufferedInputStream.implRead([BII)I @ 55 c2
Event: 1.040 Thread 0x0000022bc5a2aa40 DEOPT PACKING pc=0x0000022bec5240f8 sp=0x000000645affd9d0
Event: 1.040 Thread 0x0000022bc5a2aa40 DEOPT UNPACKING pc=0x0000022bebf746a2 sp=0x000000645affd928 mode 2
Event: 1.042 Thread 0x0000022bc5a2aa40 Uncommon trap: trap_request=0xffffffde fr.pc=0x0000022bec5226a0 relative=0x00000000000005e0
Event: 1.042 Thread 0x0000022bc5a2aa40 Uncommon trap: reason=class_check action=maybe_recompile pc=0x0000022bec5226a0 method=java.io.BufferedInputStream.implRead([BII)I @ 100 c2
Event: 1.042 Thread 0x0000022bc5a2aa40 DEOPT PACKING pc=0x0000022bec5226a0 sp=0x000000645affdac0
Event: 1.042 Thread 0x0000022bc5a2aa40 DEOPT UNPACKING pc=0x0000022bebf746a2 sp=0x000000645affda98 mode 2
Event: 1.042 Thread 0x0000022bc5a2aa40 Uncommon trap: trap_request=0xffffff45 fr.pc=0x0000022bec52252c relative=0x000000000000046c
Event: 1.042 Thread 0x0000022bc5a2aa40 Uncommon trap: reason=unstable_if action=reinterpret pc=0x0000022bec52252c method=java.io.BufferedInputStream.implRead([BII)I @ 55 c2
Event: 1.042 Thread 0x0000022bc5a2aa40 DEOPT PACKING pc=0x0000022bec52252c sp=0x000000645affdac0
Event: 1.042 Thread 0x0000022bc5a2aa40 DEOPT UNPACKING pc=0x0000022bebf746a2 sp=0x000000645affda98 mode 2

Classes loaded (20 events):
Event: 0.922 Loading class java/lang/invoke/BoundMethodHandle$Species_LI
Event: 0.922 Loading class java/lang/invoke/BoundMethodHandle$Species_LI done
Event: 0.996 Loading class java/util/WeakHashMap$EntrySet
Event: 0.996 Loading class java/util/WeakHashMap$EntrySet done
Event: 0.996 Loading class java/util/WeakHashMap$EntryIterator
Event: 0.996 Loading class java/util/WeakHashMap$EntryIterator done
Event: 1.000 Loading class java/util/ConcurrentModificationException
Event: 1.001 Loading class java/util/ConcurrentModificationException done
Event: 1.003 Loading class java/util/concurrent/ConcurrentLinkedQueue
Event: 1.003 Loading class java/util/concurrent/ConcurrentLinkedQueue done
Event: 1.003 Loading class java/util/concurrent/ConcurrentLinkedQueue$Node
Event: 1.003 Loading class java/util/concurrent/ConcurrentLinkedQueue$Node done
Event: 1.046 Loading class java/nio/ShortBuffer
Event: 1.046 Loading class java/nio/ShortBuffer done
Event: 1.046 Loading class java/nio/FloatBuffer
Event: 1.046 Loading class java/nio/FloatBuffer done
Event: 1.046 Loading class java/nio/DoubleBuffer
Event: 1.046 Loading class java/nio/DoubleBuffer done
Event: 1.047 Loading class java/nio/DirectFloatBufferU
Event: 1.047 Loading class java/nio/DirectFloatBufferU done

Classes unloaded (0 events):
No events

Classes redefined (0 events):
No events

Internal exceptions (20 events):
Event: 0.628 Thread 0x0000022bc5f6e030 Exception <a 'java/lang/NullPointerException'{0x0000000716842e88}> (0x0000000716842e88) 
thrown [s\src\hotspot\share\interpreter\linkResolver.cpp, line 1372]
Event: 0.651 Thread 0x0000022bc5f6e030 Exception <a 'sun/nio/fs/WindowsException'{0x000000071678a170}> (0x000000071678a170) 
thrown [s\src\hotspot\share\prims\jni.cpp, line 520]
Event: 0.699 Thread 0x0000022bc5f6e030 Exception <a 'java/lang/ClassNotFoundException'{0x00000007161f3990}: com/sun/glass/ui/win/themes> (0x00000007161f3990) 
thrown [s\src\hotspot\share\prims\jni.cpp, line 539]
Event: 0.700 Thread 0x0000022bc5f6e030 Exception <a 'java/lang/ClassNotFoundException'{0x00000007161fee98}: com/sun/glass/ui/win/themes_en> (0x00000007161fee98) 
thrown [s\src\hotspot\share\prims\jni.cpp, line 539]
Event: 0.700 Thread 0x0000022bc5f6e030 Exception <a 'java/lang/ClassNotFoundException'{0x0000000715e071e8}: com/sun/glass/ui/win/themes_en_US> (0x0000000715e071e8) 
thrown [s\src\hotspot\share\prims\jni.cpp, line 539]
Event: 0.753 Thread 0x0000022bc5f6e030 Exception <a 'java/lang/NoSuchMethodError'{0x0000000715a100d0}: 'void java.lang.invoke.DirectMethodHandle$Holder.invokeStaticInit(java.lang.Object, java.lang.Object)'> (0x0000000715a100d0) 
thrown [s\src\hotspot\share\interpreter\linkResolver.cpp, line 773]
Event: 0.756 Thread 0x0000022bc5f6e030 Exception <a 'sun/nio/fs/WindowsException'{0x0000000715a234a0}> (0x0000000715a234a0) 
thrown [s\src\hotspot\share\prims\jni.cpp, line 520]
Event: 0.824 Thread 0x0000022bc5f6e030 Implicit null exception at 0x0000022bec52825d to 0x0000022bec528510
Event: 0.824 Thread 0x0000022bc5f6e030 Implicit null exception at 0x0000022bec5270dd to 0x0000022bec527388
Event: 0.902 Thread 0x0000022bc5f6e030 Exception <a 'java/lang/IncompatibleClassChangeError'{0x00000007151de250}: Found class java.lang.Object, but interface was expected> (0x00000007151de250) 
thrown [s\src\hotspot\share\interpreter\linkResolver.cpp, line 840]
Event: 0.921 Thread 0x0000022bc5f6e030 Exception <a 'java/lang/NoSuchMethodError'{0x0000000714e8c488}: 'int java.lang.invoke.DirectMethodHandle$Holder.invokeSpecial(java.lang.Object, java.lang.Object, int)'> (0x0000000714e8c488) 
thrown [s\src\hotspot\share\interpreter\linkResolver.cpp, line 773]
Event: 0.921 Thread 0x0000022bc5f6e030 Exception <a 'java/lang/NoSuchMethodError'{0x0000000714e93cd0}: 'int java.lang.invoke.DirectMethodHandle$Holder.invokeSpecial(java.lang.Object, java.lang.Object, java.lang.Object, int)'> (0x0000000714e93cd0) 
thrown [s\src\hotspot\share\interpreter\linkResolver.cpp, line 773]
Event: 0.923 Thread 0x0000022bc5f6e030 Exception <a 'java/lang/NoSuchMethodError'{0x0000000714ea94f8}: 'java.lang.Object java.lang.invoke.DirectMethodHandle$Holder.invokeStatic(java.lang.Object, java.lang.Object, java.lang.Object, java.lang.Object, int)'> (0x0000000714ea94f8) 
thrown [s\src\hotspot\share\interpreter\linkResolver.cpp, line 773]
Event: 0.924 Thread 0x0000022bc5f6e030 Exception <a 'java/lang/NoSuchMethodError'{0x0000000714eb1c20}: 'int java.lang.invoke.DirectMethodHandle$Holder.invokeSpecial(java.lang.Object, java.lang.Object, java.lang.Object)'> (0x0000000714eb1c20) 
thrown [s\src\hotspot\share\interpreter\linkResolver.cpp, line 773]
Event: 0.934 Thread 0x0000022bc5f6e030 Exception <a 'java/lang/NoSuchMethodError'{0x0000000714f1f108}: 'java.lang.Object java.lang.invoke.DirectMethodHandle$Holder.newInvokeSpecial(java.lang.Object, java.lang.Object, int)'> (0x0000000714f1f108) 
thrown [s\src\hotspot\share\interpreter\linkResolver.cpp, line 773]
Event: 1.004 Thread 0x0000022bc5f6e030 Exception <a 'java/lang/NoSuchMethodError'{0x0000000714faafd0}: 'long java.lang.invoke.DirectMethodHandle$Holder.invokeStatic(java.lang.Object, java.lang.Object, java.lang.Object)'> (0x0000000714faafd0) 
thrown [s\src\hotspot\share\interpreter\linkResolver.cpp, line 773]
Event: 1.005 Thread 0x0000022bc5f6e030 Exception <a 'java/lang/NoSuchMethodError'{0x0000000714fae3e0}: 'long java.lang.invoke.DirectMethodHandle$Holder.invokeStaticInit(java.lang.Object, java.lang.Object, java.lang.Object)'> (0x0000000714fae3e0) 
thrown [s\src\hotspot\share\interpreter\linkResolver.cpp, line 773]
Event: 1.007 Thread 0x0000022bc5f6e030 Exception <a 'java/lang/NoSuchMethodError'{0x0000000714fc3458}: 'java.lang.Object java.lang.invoke.DirectMethodHandle$Holder.newInvokeSpecial(java.lang.Object, java.lang.Object, long)'> (0x0000000714fc3458) 
thrown [s\src\hotspot\share\interpreter\linkResolver.cpp, line 773]
Event: 1.007 Thread 0x0000022bc5f6e030 Exception <a 'java/lang/NoSuchMethodError'{0x0000000714fc6db0}: 'java.lang.Object java.lang.invoke.Invokers$Holder.linkToTargetMethod(java.lang.Object, long, java.lang.Object)'> (0x0000000714fc6db0) 
thrown [s\src\hotspot\share\interpreter\linkResolver.cpp, line 773]
Event: 1.025 Thread 0x0000022bc5a2aa40 Exception <a 'java/lang/NoSuchMethodError'{0x0000000714c58998}: 'int java.lang.invoke.DirectMethodHandle$Holder.invokeStaticInit(java.lang.Object, java.lang.Object)'> (0x0000000714c58998) 
thrown [s\src\hotspot\share\interpreter\linkResolver.cpp, line 773]

ZGC Phase Switch (0 events):
No events

VM Operations (14 events):
Event: 0.154 Executing VM operation: HandshakeAllThreads (Deoptimize)
Event: 0.154 Executing VM operation: HandshakeAllThreads (Deoptimize) done
Event: 0.154 Executing VM operation: HandshakeAllThreads (Deoptimize)
Event: 0.155 Executing VM operation: HandshakeAllThreads (Deoptimize) done
Event: 0.466 Executing VM operation: HandshakeAllThreads (Deoptimize)
Event: 0.466 Executing VM operation: HandshakeAllThreads (Deoptimize) done
Event: 0.595 Executing VM operation: G1CollectForAllocation (G1 Evacuation Pause)
Event: 0.598 Executing VM operation: G1CollectForAllocation (G1 Evacuation Pause) done
Event: 0.709 Executing VM operation: HandshakeAllThreads (Deoptimize)
Event: 0.709 Executing VM operation: HandshakeAllThreads (Deoptimize) done
Event: 0.760 Executing VM operation: HandshakeAllThreads (Deoptimize)
Event: 0.760 Executing VM operation: HandshakeAllThreads (Deoptimize) done
Event: 0.887 Executing VM operation: ICBufferFull
Event: 0.887 Executing VM operation: ICBufferFull done

Memory protections (0 events):
No events

Nmethod flushes (0 events):
No events

Events (20 events):
Event: 0.053 Thread 0x0000022bdc2e4d60 Thread added: 0x0000022bfb548480
Event: 0.053 Thread 0x0000022bdc2e4d60 Thread added: 0x0000022bfb5490d0
Event: 0.053 Thread 0x0000022bdc2e4d60 Thread added: 0x0000022bfb55bf50
Event: 0.053 Thread 0x0000022bdc2e4d60 Thread added: 0x0000022bfb55e6f0
Event: 0.053 Thread 0x0000022bdc2e4d60 Thread added: 0x0000022bfb56ac90
Event: 0.053 Thread 0x0000022bdc2e4d60 Thread added: 0x0000022bfb560bd0
Event: 0.071 Thread 0x0000022bdc2e4d60 Thread added: 0x0000022bc50f8540
Event: 0.102 Thread 0x0000022bfb560bd0 Thread added: 0x0000022bc51595e0
Event: 0.111 Thread 0x0000022bfb560bd0 Thread added: 0x0000022bc516b000
Event: 0.183 Thread 0x0000022bdc2e4d60 Thread added: 0x0000022bc58ced10
Event: 0.183 Thread 0x0000022bdc2e4d60 Thread added: 0x0000022bc58cf370
Event: 0.393 Thread 0x0000022bdc2e4d60 Thread added: 0x0000022bc5a2aa40
Event: 0.456 Thread 0x0000022bc516b000 Thread exited: 0x0000022bc516b000
Event: 0.474 Thread 0x0000022bdc2e4d60 Thread added: 0x0000022bc5b97260
Event: 0.476 Thread 0x0000022bdc2e4d60 Thread added: 0x0000022bc5f6e030
Event: 0.590 Thread 0x0000022bc65ba550 Thread added: 0x0000022bc65ba550
Event: 0.592 Thread 0x0000022bdc2e4d60 Thread added: 0x0000022bc65bafc0
Event: 0.735 Thread 0x0000022bfb560bd0 Thread added: 0x0000022bc683f110
Event: 0.895 Thread 0x0000022bc5f6e030 Thread added: 0x0000022bc6712b50
Event: 1.038 Thread 0x0000022bc683f110 Thread exited: 0x0000022bc683f110


Dynamic libraries:
0x00007ff732f30000 - 0x00007ff732f3e000 	C:\Users\ninja\.jdks\corretto-21.0.8\bin\java.exe
0x00007ffec5220000 - 0x00007ffec5489000 	C:\Windows\SYSTEM32\ntdll.dll
0x00007ffec3990000 - 0x00007ffec3a59000 	C:\Windows\System32\KERNEL32.DLL
0x00007ffec2810000 - 0x00007ffec2c03000 	C:\Windows\System32\KERNELBASE.dll
0x00007ffec23b0000 - 0x00007ffec24fb000 	C:\Windows\System32\ucrtbase.dll
0x00007ffeac470000 - 0x00007ffeac48b000 	C:\Users\ninja\.jdks\corretto-21.0.8\bin\VCRUNTIME140.dll
0x00007ffeb6380000 - 0x00007ffeb6398000 	C:\Users\ninja\.jdks\corretto-21.0.8\bin\jli.dll
0x00007ffec4040000 - 0x00007ffec4204000 	C:\Windows\System32\USER32.dll
0x00007ffec2cd0000 - 0x00007ffec2cf7000 	C:\Windows\System32\win32u.dll
0x00007ffe946f0000 - 0x00007ffe94983000 	C:\Windows\WinSxS\amd64_microsoft.windows.common-controls_6595b64144ccf1df_6.0.26100.5074_none_3e0d6f78e32fd63f\COMCTL32.dll
0x00007ffec3ae0000 - 0x00007ffec3b0b000 	C:\Windows\System32\GDI32.dll
0x00007ffec2650000 - 0x00007ffec277d000 	C:\Windows\System32\gdi32full.dll
0x00007ffec3050000 - 0x00007ffec30f9000 	C:\Windows\System32\msvcrt.dll
0x00007ffec2500000 - 0x00007ffec25a3000 	C:\Windows\System32\msvcp_win.dll
0x00007ffec4930000 - 0x00007ffec495f000 	C:\Windows\System32\IMM32.DLL
0x00007ffeb9b30000 - 0x00007ffeb9b3c000 	C:\Users\ninja\.jdks\corretto-21.0.8\bin\vcruntime140_1.dll
0x00007ffeaaed0000 - 0x00007ffeaaf5d000 	C:\Users\ninja\.jdks\corretto-21.0.8\bin\msvcp140.dll
0x00007ffdf3270000 - 0x00007ffdf4017000 	C:\Users\ninja\.jdks\corretto-21.0.8\bin\server\jvm.dll
0x00007ffec3410000 - 0x00007ffec34c4000 	C:\Windows\System32\ADVAPI32.dll
0x00007ffec32b0000 - 0x00007ffec3356000 	C:\Windows\System32\sechost.dll
0x00007ffec3180000 - 0x00007ffec3298000 	C:\Windows\System32\RPCRT4.dll
0x00007ffec3a60000 - 0x00007ffec3ad4000 	C:\Windows\System32\WS2_32.dll
0x00007ffea7ba0000 - 0x00007ffea7bd5000 	C:\Windows\SYSTEM32\WINMM.dll
0x00007ffec2210000 - 0x00007ffec226e000 	C:\Windows\SYSTEM32\POWRPROF.dll
0x00007ffea69e0000 - 0x00007ffea69eb000 	C:\Windows\SYSTEM32\VERSION.dll
0x00007ffec21f0000 - 0x00007ffec2204000 	C:\Windows\SYSTEM32\UMPDC.dll
0x00007ffec1160000 - 0x00007ffec117b000 	C:\Windows\SYSTEM32\kernel.appcore.dll
0x00007ffeb64c0000 - 0x00007ffeb64ca000 	C:\Users\ninja\.jdks\corretto-21.0.8\bin\jimage.dll
0x00007ffebfab0000 - 0x00007ffebfcf2000 	C:\Windows\SYSTEM32\DBGHELP.DLL
0x00007ffec3b10000 - 0x00007ffec3e8b000 	C:\Windows\System32\combase.dll
0x00007ffec38b0000 - 0x00007ffec3987000 	C:\Windows\System32\OLEAUT32.dll
0x00007ffe99ba0000 - 0x00007ffe99bdd000 	C:\Windows\SYSTEM32\dbgcore.DLL
0x00007ffec25b0000 - 0x00007ffec2649000 	C:\Windows\System32\bcryptPrimitives.dll
0x00007ffeac0a0000 - 0x00007ffeac0ae000 	C:\Users\ninja\.jdks\corretto-21.0.8\bin\instrument.dll
0x00007ffeac450000 - 0x00007ffeac46f000 	C:\Users\ninja\.jdks\corretto-21.0.8\bin\java.dll
0x00007ffec49e0000 - 0x00007ffec512d000 	C:\Windows\System32\SHELL32.dll
0x00007ffec2d00000 - 0x00007ffec2e6c000 	C:\Windows\System32\wintypes.dll
0x00007ffebffd0000 - 0x00007ffec0829000 	C:\Windows\SYSTEM32\windows.storage.dll
0x00007ffec34d0000 - 0x00007ffec35c0000 	C:\Windows\System32\SHCORE.dll
0x00007ffec4970000 - 0x00007ffec49d2000 	C:\Windows\System32\shlwapi.dll
0x00007ffec22d0000 - 0x00007ffec22f9000 	C:\Windows\SYSTEM32\profapi.dll
0x00007ffea96f0000 - 0x00007ffea97c7000 	C:\Users\ninja\.jdks\corretto-21.0.8\bin\jsvml.dll
0x00007ffeb64a0000 - 0x00007ffeb64b0000 	C:\Users\ninja\.jdks\corretto-21.0.8\bin\net.dll
0x00007ffeb29d0000 - 0x00007ffeb2aef000 	C:\Windows\SYSTEM32\WINHTTP.dll
0x00007ffec1710000 - 0x00007ffec177b000 	C:\Windows\system32\mswsock.dll
0x00007ffeac430000 - 0x00007ffeac446000 	C:\Users\ninja\.jdks\corretto-21.0.8\bin\nio.dll
0x00007ffeac410000 - 0x00007ffeac428000 	C:\Users\ninja\.jdks\corretto-21.0.8\bin\zip.dll
0x0000022bc6c00000 - 0x0000022bc6c03000 	C:\Users\ninja\.openjfx\cache\21.0.6+3\amd64\api-ms-win-core-console-l1-1-0.dll
0x0000022bc6c10000 - 0x0000022bc6c13000 	C:\Users\ninja\.openjfx\cache\21.0.6+3\amd64\api-ms-win-core-console-l1-2-0.dll
0x0000022bc6c20000 - 0x0000022bc6c23000 	C:\Users\ninja\.openjfx\cache\21.0.6+3\amd64\api-ms-win-core-datetime-l1-1-0.dll
0x0000022bc6c30000 - 0x0000022bc6c33000 	C:\Users\ninja\.openjfx\cache\21.0.6+3\amd64\api-ms-win-core-debug-l1-1-0.dll
0x0000022bc6c40000 - 0x0000022bc6c43000 	C:\Users\ninja\.openjfx\cache\21.0.6+3\amd64\api-ms-win-core-errorhandling-l1-1-0.dll
0x0000022bc6c50000 - 0x0000022bc6c54000 	C:\Users\ninja\.openjfx\cache\21.0.6+3\amd64\api-ms-win-core-file-l1-1-0.dll
0x0000022bc6c60000 - 0x0000022bc6c63000 	C:\Users\ninja\.openjfx\cache\21.0.6+3\amd64\api-ms-win-core-file-l1-2-0.dll
0x0000022bc6c70000 - 0x0000022bc6c73000 	C:\Users\ninja\.openjfx\cache\21.0.6+3\amd64\api-ms-win-core-file-l2-1-0.dll
0x0000022bc6c80000 - 0x0000022bc6c83000 	C:\Users\ninja\.openjfx\cache\21.0.6+3\amd64\api-ms-win-core-handle-l1-1-0.dll
0x0000022bc6c90000 - 0x0000022bc6c93000 	C:\Users\ninja\.openjfx\cache\21.0.6+3\amd64\api-ms-win-core-heap-l1-1-0.dll
0x0000022bc6ca0000 - 0x0000022bc6ca3000 	C:\Users\ninja\.openjfx\cache\21.0.6+3\amd64\api-ms-win-core-interlocked-l1-1-0.dll
0x0000022bc6cb0000 - 0x0000022bc6cb3000 	C:\Users\ninja\.openjfx\cache\21.0.6+3\amd64\api-ms-win-core-libraryloader-l1-1-0.dll
0x0000022bc6cc0000 - 0x0000022bc6cc3000 	C:\Users\ninja\.openjfx\cache\21.0.6+3\amd64\api-ms-win-core-localization-l1-2-0.dll
0x0000022bc6cd0000 - 0x0000022bc6cd3000 	C:\Users\ninja\.openjfx\cache\21.0.6+3\amd64\api-ms-win-core-memory-l1-1-0.dll
0x0000022bc6ce0000 - 0x0000022bc6ce3000 	C:\Users\ninja\.openjfx\cache\21.0.6+3\amd64\api-ms-win-core-namedpipe-l1-1-0.dll
0x0000022bc6cf0000 - 0x0000022bc6cf3000 	C:\Users\ninja\.openjfx\cache\21.0.6+3\amd64\api-ms-win-core-processenvironment-l1-1-0.dll
0x0000022bc6d00000 - 0x0000022bc6d03000 	C:\Users\ninja\.openjfx\cache\21.0.6+3\amd64\api-ms-win-core-processthreads-l1-1-0.dll
0x0000022bc6d10000 - 0x0000022bc6d13000 	C:\Users\ninja\.openjfx\cache\21.0.6+3\amd64\api-ms-win-core-processthreads-l1-1-1.dll
0x0000022bc6d20000 - 0x0000022bc6d23000 	C:\Users\ninja\.openjfx\cache\21.0.6+3\amd64\api-ms-win-core-profile-l1-1-0.dll
0x0000022bc6d30000 - 0x0000022bc6d33000 	C:\Users\ninja\.openjfx\cache\21.0.6+3\amd64\api-ms-win-core-rtlsupport-l1-1-0.dll
0x0000022bc6d40000 - 0x0000022bc6d43000 	C:\Users\ninja\.openjfx\cache\21.0.6+3\amd64\api-ms-win-core-string-l1-1-0.dll
0x0000022bc6d50000 - 0x0000022bc6d53000 	C:\Users\ninja\.openjfx\cache\21.0.6+3\amd64\api-ms-win-core-synch-l1-1-0.dll
0x0000022bc6d60000 - 0x0000022bc6d63000 	C:\Users\ninja\.openjfx\cache\21.0.6+3\amd64\api-ms-win-core-synch-l1-2-0.dll
0x0000022bc6d70000 - 0x0000022bc6d73000 	C:\Users\ninja\.openjfx\cache\21.0.6+3\amd64\api-ms-win-core-sysinfo-l1-1-0.dll
0x0000022bc6d80000 - 0x0000022bc6d83000 	C:\Users\ninja\.openjfx\cache\21.0.6+3\amd64\api-ms-win-core-timezone-l1-1-0.dll
0x0000022bc6d90000 - 0x0000022bc6d93000 	C:\Users\ninja\.openjfx\cache\21.0.6+3\amd64\api-ms-win-core-util-l1-1-0.dll
0x0000022bc6da0000 - 0x0000022bc6da3000 	C:\Users\ninja\.openjfx\cache\21.0.6+3\amd64\api-ms-win-crt-conio-l1-1-0.dll
0x0000022bc6db0000 - 0x0000022bc6db4000 	C:\Users\ninja\.openjfx\cache\21.0.6+3\amd64\api-ms-win-crt-convert-l1-1-0.dll
0x0000022bc6dc0000 - 0x0000022bc6dc3000 	C:\Users\ninja\.openjfx\cache\21.0.6+3\amd64\api-ms-win-crt-environment-l1-1-0.dll
0x0000022bc6dd0000 - 0x0000022bc6dd3000 	C:\Users\ninja\.openjfx\cache\21.0.6+3\amd64\api-ms-win-crt-filesystem-l1-1-0.dll
0x0000022bc6de0000 - 0x0000022bc6de3000 	C:\Users\ninja\.openjfx\cache\21.0.6+3\amd64\api-ms-win-crt-heap-l1-1-0.dll
0x0000022bc6df0000 - 0x0000022bc6df3000 	C:\Users\ninja\.openjfx\cache\21.0.6+3\amd64\api-ms-win-crt-locale-l1-1-0.dll
0x0000022bc6e00000 - 0x0000022bc6e05000 	C:\Users\ninja\.openjfx\cache\21.0.6+3\amd64\api-ms-win-crt-math-l1-1-0.dll
0x0000022bc6e10000 - 0x0000022bc6e15000 	C:\Users\ninja\.openjfx\cache\21.0.6+3\amd64\api-ms-win-crt-multibyte-l1-1-0.dll
0x0000022bc6e20000 - 0x0000022bc6e30000 	C:\Users\ninja\.openjfx\cache\21.0.6+3\amd64\api-ms-win-crt-private-l1-1-0.dll
0x0000022bc6e30000 - 0x0000022bc6e33000 	C:\Users\ninja\.openjfx\cache\21.0.6+3\amd64\api-ms-win-crt-process-l1-1-0.dll
0x0000022bc6e40000 - 0x0000022bc6e44000 	C:\Users\ninja\.openjfx\cache\21.0.6+3\amd64\api-ms-win-crt-runtime-l1-1-0.dll
0x0000022bc6e50000 - 0x0000022bc6e54000 	C:\Users\ninja\.openjfx\cache\21.0.6+3\amd64\api-ms-win-crt-stdio-l1-1-0.dll
0x0000022bc6e60000 - 0x0000022bc6e64000 	C:\Users\ninja\.openjfx\cache\21.0.6+3\amd64\api-ms-win-crt-string-l1-1-0.dll
0x0000022bc6e70000 - 0x0000022bc6e73000 	C:\Users\ninja\.openjfx\cache\21.0.6+3\amd64\api-ms-win-crt-time-l1-1-0.dll
0x0000022bc6e80000 - 0x0000022bc6e83000 	C:\Users\ninja\.openjfx\cache\21.0.6+3\amd64\api-ms-win-crt-utility-l1-1-0.dll
0x00007ffe771d0000 - 0x00007ffe772cc000 	C:\Users\ninja\.openjfx\cache\21.0.6+3\amd64\ucrtbase.dll
0x00007ffeab470000 - 0x00007ffeab48b000 	C:\Users\ninja\.openjfx\cache\21.0.6+3\amd64\vcruntime140.dll
0x00007ffeaa7e0000 - 0x00007ffeaa7ec000 	C:\Users\ninja\.openjfx\cache\21.0.6+3\amd64\vcruntime140_1.dll
0x00007ffe7c150000 - 0x00007ffe7c1de000 	C:\Users\ninja\.openjfx\cache\21.0.6+3\amd64\msvcp140.dll
0x00007ffeaa750000 - 0x00007ffeaa759000 	C:\Users\ninja\.openjfx\cache\21.0.6+3\amd64\msvcp140_1.dll
0x00007ffe9a290000 - 0x00007ffe9a2d1000 	C:\Users\ninja\.openjfx\cache\21.0.6+3\amd64\msvcp140_2.dll
0x00007ffea5990000 - 0x00007ffea59c0000 	C:\Users\ninja\.openjfx\cache\21.0.6+3\amd64\prism_d3d.dll
0x00007ffea6a10000 - 0x00007ffea6bc1000 	C:\Windows\system32\d3d9.dll
0x00007ffeba350000 - 0x00007ffeba37b000 	C:\Windows\SYSTEM32\dwmapi.dll
0x00007ffeba180000 - 0x00007ffeba1c4000 	C:\Windows\SYSTEM32\dxcore.dll
0x00007ffeba070000 - 0x00007ffeba118000 	C:\Windows\system32\uxtheme.dll
0x00007ffe22fb0000 - 0x00007ffe248e7000 	C:\Windows\System32\DriverStore\FileRepository\iigd_dch.inf_amd64_fa93a85c69ac1b8b\igd9trinity64.dll
0x00007ffec3e90000 - 0x00007ffec4028000 	C:\Windows\System32\ole32.dll
0x00007ffeba1f0000 - 0x00007ffeba32a000 	C:\Windows\system32\dxgi.dll
0x00007ffeb2380000 - 0x00007ffeb2911000 	C:\Windows\System32\DriverStore\FileRepository\iigd_dch.inf_amd64_fa93a85c69ac1b8b\igdgmm64.dll
0x00007ffead250000 - 0x00007ffeb22c0000 	C:\Windows\System32\DriverStore\FileRepository\iigd_dch.inf_amd64_fa93a85c69ac1b8b\igc64.dll
0x00007ffeac880000 - 0x00007ffeac8ce000 	C:\Windows\SYSTEM32\ControlLib.dll
0x00007ffec1f40000 - 0x00007ffec1f97000 	C:\Windows\SYSTEM32\CFGMGR32.dll
0x00007ffe7f7c0000 - 0x00007ffe7f86c000 	C:\Windows\System32\DriverStore\FileRepository\iigd_dch.inf_amd64_fa93a85c69ac1b8b\IntelControlLib.dll
0x00007ffeb6220000 - 0x00007ffeb6280000 	C:\Windows\SYSTEM32\directxdatabasehelper.dll
0x00007ffe0a1e0000 - 0x00007ffe0b8e0000 	C:\Windows\System32\DriverStore\FileRepository\iigd_dch.inf_amd64_fa93a85c69ac1b8b\igd9dxva64.dll
0x00007ffec44a0000 - 0x00007ffec4927000 	C:\Windows\System32\SETUPAPI.dll
0x00007ffe9cbb0000 - 0x00007ffe9ec22000 	C:\Windows\System32\DriverStore\FileRepository\iigd_dch.inf_amd64_fa93a85c69ac1b8b\media_bin_64.dll
0x00007ffe8bfe0000 - 0x00007ffe8c022000 	C:\Users\ninja\.openjfx\cache\21.0.6+3\amd64\glass.dll
0x00007ffec35d0000 - 0x00007ffec36c1000 	C:\Windows\System32\COMDLG32.dll
0x00007ffec4340000 - 0x00007ffec4498000 	C:\Windows\System32\MSCTF.dll
0x00007ffeac630000 - 0x00007ffeac7d4000 	C:\Windows\System32\DriverStore\FileRepository\iigd_dch.inf_amd64_fa93a85c69ac1b8b\igdml64.dll
0x00007ffea6060000 - 0x00007ffea6088000 	C:\Windows\System32\DriverStore\FileRepository\iigd_dch.inf_amd64_fa93a85c69ac1b8b\igdinfo64.dll
0x00007ffe9a430000 - 0x00007ffe9a445000 	C:\Users\ninja\.openjfx\cache\21.0.6+3\amd64\javafx_font.dll
0x00007ffeb8570000 - 0x00007ffeb87d7000 	C:\Windows\SYSTEM32\dwrite.dll
0x00007ffec4260000 - 0x00007ffec4311000 	C:\Windows\System32\clbcatq.dll
0x00007ffeb8330000 - 0x00007ffeb855f000 	C:\Windows\SYSTEM32\WindowsCodecs.dll
0x00007ffea9840000 - 0x00007ffea989a000 	C:\Windows\system32\dataexchange.dll
0x00007ffea7560000 - 0x00007ffea7799000 	C:\Windows\system32\twinapi.appcore.dll
0x00007ffe80b90000 - 0x00007ffe80bbc000 	C:\Program Files\Common Files\Microsoft Shared\Ink\rtscom.dll
0x00007ffe8b6b0000 - 0x00007ffe8b7f9000 	C:\Windows\SYSTEM32\textinputframework.dll
0x00007ffeb9900000 - 0x00007ffeb9a25000 	C:\Windows\SYSTEM32\CoreMessaging.dll
0x00007ffeb53f0000 - 0x00007ffeb56d3000 	C:\Windows\SYSTEM32\CoreUIComponents.dll
0x00007ffec19d0000 - 0x00007ffec19dc000 	C:\Windows\SYSTEM32\CRYPTBASE.DLL
0x00007ffe93010000 - 0x00007ffe93088000 	C:\Windows\system32\Oleacc.dll

JVMTI agents:
C:\Users\ninja\IntelliJ IDEA 2025.2.1\lib\idea_rt.jar path:C:\Users\ninja\.jdks\corretto-21.0.8\bin\instrument.dll, loaded, initialized, instrumentlib options:63071

dbghelp: loaded successfully - version: 4.0.5 - missing functions: none
symbol engine: initialized successfully - sym options: 0x614 - pdb path: .;C:\Users\ninja\.jdks\corretto-21.0.8\bin;C:\Windows\SYSTEM32;C:\Windows\WinSxS\amd64_microsoft.windows.common-controls_6595b64144ccf1df_6.0.26100.5074_none_3e0d6f78e32fd63f;C:\Users\ninja\.jdks\corretto-21.0.8\bin\server;C:\Users\ninja\.openjfx\cache\21.0.6+3\amd64;C:\Windows\System32\DriverStore\FileRepository\iigd_dch.inf_amd64_fa93a85c69ac1b8b;C:\Program Files\Common Files\Microsoft Shared\Ink

VM Arguments:
jvm_args: -javaagent:C:\Users\ninja\IntelliJ IDEA 2025.2.1\lib\idea_rt.jar=63071 -Dfile.encoding=UTF-8 -Dsun.stdout.encoding=UTF-8 -Dsun.stderr.encoding=UTF-8 --module-path=C:\Users\ninja\.m2\repository\org\openjfx\javafx-controls\21.0.6\javafx-controls-21.0.6-win.jar;C:\Users\ninja\.m2\repository\org\openjfx\javafx-base\21.0.6\javafx-base-21.0.6-win.jar;C:\Users\ninja\IdeaProjects\DinoGame\target\classes;C:\Users\ninja\.m2\repository\org\openjfx\javafx-fxml\21.0.6\javafx-fxml-21.0.6-win.jar;C:\Users\ninja\.m2\repository\org\openjfx\javafx-graphics\21.0.6\javafx-graphics-21.0.6-win.jar -Djdk.module.main=com.example.dinogame 
java_command: com.example.dinogame/com.example.dinogame.DinoGame
java_class_path (initial): C:\Users\ninja\.m2\repository\org\openjfx\javafx-controls\21.0.6\javafx-controls-21.0.6.jar;C:\Users\ninja\.m2\repository\org\openjfx\javafx-graphics\21.0.6\javafx-graphics-21.0.6.jar;C:\Users\ninja\.m2\repository\org\openjfx\javafx-base\21.0.6\javafx-base-21.0.6.jar;C:\Users\ninja\.m2\repository\org\openjfx\javafx-fxml\21.0.6\javafx-fxml-21.0.6.jar
Launcher Type: SUN_STANDARD

[Global flags]
     intx CICompilerCount                          = 4                                         {product} {ergonomic}
     uint ConcGCThreads                            = 2                                         {product} {ergonomic}
     uint G1ConcRefinementThreads                  = 8                                         {product} {ergonomic}
   size_t G1HeapRegionSize                         = 2097152                                   {product} {ergonomic}
    uintx GCDrainStackTargetSize                   = 64                                        {product} {ergonomic}
   size_t InitialHeapSize                          = 262144000                                 {product} {ergonomic}
   size_t MarkStackSize                            = 4194304                                   {product} {ergonomic}
   size_t MaxHeapSize                              = 4173332480                                {product} {ergonomic}
   size_t MaxNewSize                               = 2503999488                                {product} {ergonomic}
   size_t MinHeapDeltaBytes                        = 2097152                                   {product} {ergonomic}
   size_t MinHeapSize                              = 8388608                                   {product} {ergonomic}
    uintx NonNMethodCodeHeapSize                   = 5839372                                {pd product} {ergonomic}
    uintx NonProfiledCodeHeapSize                  = 122909434                              {pd product} {ergonomic}
    uintx ProfiledCodeHeapSize                     = 122909434                              {pd product} {ergonomic}
    uintx ReservedCodeCacheSize                    = 251658240                              {pd product} {ergonomic}
     bool SegmentedCodeCache                       = true                                      {product} {ergonomic}
   size_t SoftMaxHeapSize                          = 4173332480                             {manageable} {ergonomic}
     bool UseCompressedOops                        = true                           {product lp64_product} {ergonomic}
     bool UseG1GC                                  = true                                      {product} {ergonomic}
     bool UseLargePagesIndividualAllocation        = false                                  {pd product} {ergonomic}

Logging:
Log output configuration:
 #0: stdout all=warning uptime,level,tags foldmultilines=false
 #1: stderr all=off uptime,level,tags foldmultilines=false

Environment Variables:
PATH=C:\Program Files (x86)\NVIDIA Corporation\PhysX\Common;C:\Windows\system32;C:\Windows;C:\Windows\System32\Wbem;C:\Windows\System32\WindowsPowerShell\v1.0\;C:\Windows\System32\OpenSSH\;C:\Program Files\dotnet\;C:\Program Files\7-Zip;C:\Users\ninja\AppData\Local\Microsoft\WindowsApps;C:\Users\ninja\AppData\Local\Programs\Microsoft VS Code\bin
USERNAME=ninja
OS=Windows_NT
PROCESSOR_IDENTIFIER=Intel64 Family 6 Model 189 Stepping 1, GenuineIntel
TMP=C:\Users\ninja\AppData\Local\Temp
TEMP=C:\Users\ninja\AppData\Local\Temp




Periodic native trim disabled

---------------  S Y S T E M  ---------------

OS:
 Windows 11 , 64 bit Build 26100 (10.0.26100.5074)
OS uptime: 36 days 0:30 hours
Hyper-V role detected

CPU: total 8 (initial active 8) (8 cores per cpu, 1 threads per core) family 6 model 189 stepping 1 microcode 0x11c, cx8, cmov, fxsr, mmx, 3dnowpref, sse, sse2, sse3, ssse3, sse4.1, sse4.2, popcnt, lzcnt, tsc, tscinvbit, avx, avx2, aes, erms, clmul, bmi1, bmi2, adx, sha, fma, vzeroupper, clflush, clflushopt, clwb, hv, serialize, rdtscp, rdpid, fsrm, f16c, cet_ibt, cet_ss
Processor Information for processor 0
  Max Mhz: 2100, Current Mhz: 2100, Mhz Limit: 2100
Processor Information for processor 1
  Max Mhz: 2100, Current Mhz: 2100, Mhz Limit: 2100
Processor Information for processor 2
  Max Mhz: 2100, Current Mhz: 2100, Mhz Limit: 2100
Processor Information for processor 3
  Max Mhz: 2100, Current Mhz: 2100, Mhz Limit: 2100
Processor Information for processor 4
  Max Mhz: 2100, Current Mhz: 2100, Mhz Limit: 2100
Processor Information for processor 5
  Max Mhz: 2100, Current Mhz: 2000, Mhz Limit: 2100
Processor Information for processor 6
  Max Mhz: 2100, Current Mhz: 2000, Mhz Limit: 2100
Processor Information for processor 7
  Max Mhz: 2100, Current Mhz: 2100, Mhz Limit: 2100

Memory: 4k page, system-wide physical 15914M (2148M free)
TotalPageFile size 24353M (AvailPageFile size 2337M)
current process WorkingSet (physical memory assigned to process): 243M, peak: 243M
current process commit charge ("private bytes"): 501M, peak: 501M

vm_info: OpenJDK 64-Bit Server VM (21.0.8+9-LTS) for windows-amd64 JRE (21.0.8+9-LTS), built on 2025-07-09T19:22:31Z by "Administrator" with MS VC++ 16.10 / 16.11 (VS2019)

END.
