#
# A fatal error has been detected by the Java Runtime Environment:
#
#  EXCEPTION_ACCESS_VIOLATION (0xc0000005) at pc=0x00007ffaaffd1dd5, pid=1816, tid=26296
#
# JRE version: OpenJDK Runtime Environment Corretto-21.0.8.9.1 (21.0.8+9) (build 21.0.8+9-LTS)
# Java VM: OpenJDK 64-Bit Server VM Corretto-21.0.8.9.1 (21.0.8+9-LTS, mixed mode, sharing, tiered, compressed oops, compressed class ptrs, g1 gc, windows-amd64)
# Problematic frame:
# C  [igd9trinity64.dll+0xd11dd5]
#
# No core dump will be written. Minidumps are not enabled by default on client versions of Windows
#
# If you would like to submit a bug report, please visit:
#   https://github.com/corretto/corretto-21/issues/
# The crash happened outside the Java Virtual Machine in native code.
# See problematic frame for where to report the bug.
#

---------------  S U M M A R Y ------------

Command Line: -javaagent:C:\Users\ninja\IntelliJ IDEA 2025.2.1\lib\idea_rt.jar=64833 -Dfile.encoding=UTF-8 -Dsun.stdout.encoding=UTF-8 -Dsun.stderr.encoding=UTF-8 --module-path=C:\Users\ninja\.m2\repository\org\openjfx\javafx-base\21.0.6\javafx-base-21.0.6-win.jar;C:\Users\ninja\.m2\repository\org\openjfx\javafx-graphics\21.0.6\javafx-graphics-21.0.6-win.jar;C:\Users\ninja\.m2\repository\org\openjfx\javafx-controls\21.0.6\javafx-controls-21.0.6-win.jar;C:\Users\ninja\.m2\repository\org\openjfx\javafx-fxml\21.0.6\javafx-fxml-21.0.6-win.jar;C:\Users\ninja\IdeaProjects\DinoGame\target\classes -Djdk.module.main=com.example.dinogame com.example.dinogame/com.example.dinogame.DinoGame

Host: Intel(R) Core(TM) Ultra 5 226V, 8 cores, 15G,  Windows 11 , 64 bit Build 26100 (10.0.26100.6725)
Time: Tue Oct 28 13:59:32 2025 Central Asia Standard Time elapsed time: 2.771202 seconds (0d 0h 0m 2s)

---------------  T H R E A D  ---------------

Current thread (0x0000027165cca780):  JavaThread "QuantumRenderer-0" daemon [_thread_in_native, id=26296, stack(0x000000ac89800000,0x000000ac89900000) (1024K)]

Stack: [0x000000ac89800000,0x000000ac89900000],  sp=0x000000ac898fe310,  free space=1016k
Native frames: (J=compiled Java code, j=interpreted, Vv=VM code, C=native code)
C  [igd9trinity64.dll+0xd11dd5]

Java frames: (J=compiled Java code, j=interpreted, Vv=VM code)
j  com.sun.prism.d3d.D3DSwapChain.nPresent(JJ)I+0 javafx.graphics@21.0.6
j  com.sun.prism.d3d.D3DSwapChain.present()Z+25 javafx.graphics@21.0.6
j  com.sun.javafx.tk.quantum.PresentingPainter.run()V+451 javafx.graphics@21.0.6
j  java.util.concurrent.Executors$RunnableAdapter.call()Ljava/lang/Object;+4 java.base@21.0.8
j  java.util.concurrent.FutureTask.runAndReset()Z+44 java.base@21.0.8
j  com.sun.javafx.tk.RenderJob.run()V+1 javafx.graphics@21.0.6
j  java.util.concurrent.ThreadPoolExecutor.runWorker(Ljava/util/concurrent/ThreadPoolExecutor$Worker;)V+92 java.base@21.0.8
j  java.util.concurrent.ThreadPoolExecutor$Worker.run()V+5 java.base@21.0.8
j  com.sun.javafx.tk.quantum.QuantumRenderer$PipelineRunnable.run()V+8 javafx.graphics@21.0.6
j  java.lang.Thread.runWith(Ljava/lang/Object;Ljava/lang/Runnable;)V+5 java.base@21.0.8
j  java.lang.Thread.run()V+19 java.base@21.0.8
v  ~StubRoutines::call_stub 0x0000027155c5100d

siginfo: EXCEPTION_ACCESS_VIOLATION (0xc0000005), writing address 0x0000000100000008


Registers:
RAX=0x000000ac898fe348, RBX=0x0000000000000080, RCX=0x0000000100000000, RDX=0xffffffffffffffff
RSP=0x000000ac898fe310, RBP=0x0000000000000008, RSI=0x000002716aa4db58, RDI=0x000002716aa4ec10
R8 =0xffffffffb7e3ffff, R9 =0x000000000000007c, R10=0x0000000000000000, R11=0x000000ac898fe230
R12=0x0000000000000000, R13=0x000000ac898fee90, R14=0x000000ac898fe348, R15=0x0000000000000000
RIP=0x00007ffaaffd1dd5, EFLAGS=0x0000000000010206

XMM[0]=0x0000000000000000 0x0000000000000000
XMM[1]=0x0000000000000000 0x0000000000000000
XMM[2]=0x0000000000000000 0x0000000000000000
XMM[3]=0x0000000000000000 0x0000000000000000
XMM[4]=0x0000000000000000 0x0000000000000000
XMM[5]=0x0000000000000000 0x0000000000000000
XMM[6]=0x3b70000000000000 0x3b70000000000000
XMM[7]=0x0000000000000000 0x0000000000000000
XMM[8]=0x05812e64b32cd937 0x5120ff6c0aa274b1
XMM[9]=0x2e98492c2e98492c 0x2e98492c96eb053a
XMM[10]=0x0000000000000000 0x000000006852bc0e
XMM[11]=0x149df300149df300 0x149df300ab88f83a
XMM[12]=0x0000000000000000 0x0000000096eb053a
XMM[13]=0x0000000000000000 0x0000000000000000
XMM[14]=0x0000000000000000 0x0000000000000000
XMM[15]=0x0000000000000000 0x0000000000000000
  MXCSR=0x00001fa0


Register to memory mapping:

RAX=0x000000ac898fe348 is pointing into the stack for thread: 0x0000027165cca780
RBX=0x0000000000000080 is an unknown value
RCX=0x0000000100000000 is an unknown value
RDX=0xffffffffffffffff is an unknown value
RSP=0x000000ac898fe310 is pointing into the stack for thread: 0x0000027165cca780
RBP=0x0000000000000008 is an unknown value
RSI=0x000002716aa4db58 points into unknown readable memory: 0x000002716ace4a00 | 00 4a ce 6a 71 02 00 00
RDI=0x000002716aa4ec10 points into unknown readable memory: 0x0000000000000000 | 00 00 00 00 00 00 00 00
R8 =0xffffffffb7e3ffff is an unknown value
R9 =0x000000000000007c is an unknown value
R10=0x0 is null
R11=0x000000ac898fe230 is pointing into the stack for thread: 0x0000027165cca780
R12=0x0 is null
R13=0x000000ac898fee90 is pointing into the stack for thread: 0x0000027165cca780
R14=0x000000ac898fe348 is pointing into the stack for thread: 0x0000027165cca780
R15=0x0 is null

Top of Stack: (sp=0x000000ac898fe310)
0x000000ac898fe310:   0000000000000080 0000027170717090
0x000000ac898fe320:   0000000000000008 0000000000000000
0x000000ac898fe330:   0000000000000001 000002716a54cde0
0x000000ac898fe340:   0000000000000000 0000027170717090
0x000000ac898fe350:   0000000100000000 0000027170899280
0x000000ac898fe360:   000000ac898fe5f8 0000000000000000
0x000000ac898fe370:   0000000000000000 0000104f549d5c04
0x000000ac898fe380:   0000000000000000 0000000000000000
0x000000ac898fe390:   000002716aa4d8e0 000002716aa4d8e0
0x000000ac898fe3a0:   000000ac898fe4b0 00007ffaaff8b1a2
0x000000ac898fe3b0:   0000000000000000 000002716aa4d8e0
0x000000ac898fe3c0:   0000000000000000 000002716accd688
0x000000ac898fe3d0:   0000027170899230 000002716a54cde0
0x000000ac898fe3e0:   0000000000000000 00007ffb6b99a9d0
0x000000ac898fe3f0:   0000027143cb0000 00007ffb00000000
0x000000ac898fe400:   0000027170899230 0000000000000008
0x000000ac898fe410:   0000000000000000 0000000000000000
0x000000ac898fe420:   0000027170899230 00007ffb5192ff30
0x000000ac898fe430:   0000000000000001 000002716acd6d00
0x000000ac898fe440:   0000000100000000 000000ac898fe4b0
0x000000ac898fe450:   000000ac898fe5f8 0000000000000000
0x000000ac898fe460:   0000000000000000 0000000000000000
0x000000ac898fe470:   0000000000000000 0000000000000000
0x000000ac898fe480:   0000000000000000 0000000000000000
0x000000ac898fe490:   0000000000000001 000000ac898fe638
0x000000ac898fe4a0:   000000ac898fe5e0 0000000000000000
0x000000ac898fe4b0:   000002716a4195c0 00007ffaaf614aab
0x000000ac898fe4c0:   000002716acd6ef0 000002716aa4d8e0
0x000000ac898fe4d0:   0000000000000000 0000000000000000
0x000000ac898fe4e0:   0000000000000000 0000000000000000
0x000000ac898fe4f0:   0000000000000000 0000000100000004
0x000000ac898fe500:   000000ac898fe5d8 0000000000000001 

Instructions: (pc=0x00007ffaaffd1dd5)
0x00007ffaaffd1cd5:   04 4d 03 e6 4c 89 67 08 48 c1 e5 04 49 03 ee 48
0x00007ffaaffd1ce5:   89 6f 10 4d 03 ff 4b 8d 04 fe 48 8b 5c 24 40 48
0x00007ffaaffd1cf5:   8b 6c 24 48 48 8b 74 24 50 48 8b 7c 24 58 48 83
0x00007ffaaffd1d05:   c4 20 41 5f 41 5e 41 5c c3 e8 1d 20 37 ff cc e8
0x00007ffaaffd1d15:   47 ff 1e 00 cc e8 31 16 42 ff cc 48 8d 05 c9 69
0x00007ffaaffd1d25:   9d 00 c3 cc cc cc cc cc cc cc cc 48 8b 49 08 e9
0x00007ffaaffd1d35:   87 fa ff ff cc cc cc cc cc cc cc 48 8d 05 01 c0
0x00007ffaaffd1d45:   77 00 48 89 02 48 8b 41 08 48 89 42 08 48 8b c2
0x00007ffaaffd1d55:   c3 cc cc cc cc cc cc cc cc cc cc 48 89 5c 24 18
0x00007ffaaffd1d65:   55 56 57 41 56 41 57 48 83 ec 70 48 8b 05 c9 a5
0x00007ffaaffd1d75:   95 00 48 33 c4 48 89 44 24 68 48 8b f2 48 8b f9
0x00007ffaaffd1d85:   80 79 01 00 0f 85 a3 01 00 00 45 33 ff 41 8b ef
0x00007ffaaffd1d95:   41 8b df 0f 1f 84 00 00 00 00 00 4c 39 3e 0f 84
0x00007ffaaffd1da5:   c9 01 00 00 45 33 c9 41 b8 02 00 00 00 48 8d 54
0x00007ffaaffd1db5:   24 38 48 8b 0e e8 41 3d ff ff 4c 8b f0 4c 39 7c
0x00007ffaaffd1dc5:   3b 18 74 31 48 8b 4c 3b 18 48 c7 c2 ff ff ff ff
0x00007ffaaffd1dd5:   f0 48 0f c1 51 08 8d 4a ff f7 c1 ff ff ff 00 75
0x00007ffaaffd1de5:   14 48 8b 4c 3b 18 48 85 c9 74 0a 48 8b 01 ba 01
0x00007ffaaffd1df5:   00 00 00 ff 10 49 8b 06 48 89 44 3b 18 4d 89 3e
0x00007ffaaffd1e05:   48 8b 44 24 38 48 85 c0 74 2b 48 c7 c1 ff ff ff
0x00007ffaaffd1e15:   ff f0 48 0f c1 48 08 8d 41 ff a9 ff ff ff 00 75
0x00007ffaaffd1e25:   14 48 8b 4c 24 38 48 85 c9 74 0a 48 8b 01 ba 01
0x00007ffaaffd1e35:   00 00 00 ff 10 4c 89 7c 24 38 4c 39 3e 0f 84 0e
0x00007ffaaffd1e45:   01 00 00 45 33 c9 41 b8 02 00 00 00 48 8d 54 24
0x00007ffaaffd1e55:   30 48 8b 0e e8 a2 3c ff ff 4c 8b f0 4c 39 7c 3b
0x00007ffaaffd1e65:   20 74 31 48 8b 4c 3b 20 48 c7 c2 ff ff ff ff f0
0x00007ffaaffd1e75:   48 0f c1 51 08 8d 4a ff f7 c1 ff ff ff 00 75 14
0x00007ffaaffd1e85:   48 8b 4c 3b 20 48 85 c9 74 0a 48 8b 01 ba 01 00
0x00007ffaaffd1e95:   00 00 ff 10 49 8b 06 48 89 44 3b 20 4d 89 3e 48
0x00007ffaaffd1ea5:   8b 44 24 30 48 85 c0 74 2b 48 c7 c1 ff ff ff ff
0x00007ffaaffd1eb5:   f0 48 0f c1 48 08 8d 41 ff a9 ff ff ff 00 75 14
0x00007ffaaffd1ec5:   48 8b 4c 24 30 48 85 c9 74 0a 48 8b 01 ba 01 00 


Stack slot to memory mapping:

stack at sp + 0 slots: 0x0000000000000080 is an unknown value
stack at sp + 1 slots: 0x0000027170717090 points into unknown readable memory: 0x00007ffab074dd80 | 80 dd 74 b0 fa 7f 00 00
stack at sp + 2 slots: 0x0000000000000008 is an unknown value
stack at sp + 3 slots: 0x0 is null
stack at sp + 4 slots: 0x0000000000000001 is an unknown value
stack at sp + 5 slots: 0x000002716a54cde0 points into unknown readable memory: 0x0000000080000880 | 80 08 00 80 00 00 00 00
stack at sp + 6 slots: 0x0 is null
stack at sp + 7 slots: 0x0000027170717090 points into unknown readable memory: 0x00007ffab074dd80 | 80 dd 74 b0 fa 7f 00 00


---------------  P R O C E S S  ---------------

Threads class SMR info:
_java_thread_list=0x0000027170660a20, length=19, elements={
0x0000027146014270, 0x0000027165250fe0, 0x0000027165253c40, 0x0000027165258f50,
0x000002716525a3a0, 0x000002716525d1d0, 0x000002716525def0, 0x0000027165298130,
0x00000271652a0080, 0x000002716525e580, 0x000002716525d860, 0x0000027165cc8020,
0x0000027165cca780, 0x0000027165ccae10, 0x0000027165ccbb30, 0x0000027165ccb4a0,
0x0000027165cc9a60, 0x0000027170580ab0, 0x0000027165cc86b0
}

Java Threads: ( => current thread )
  0x0000027146014270 JavaThread "main"                              [_thread_blocked, id=11664, stack(0x000000ac88300000,0x000000ac88400000) (1024K)]
  0x0000027165250fe0 JavaThread "Reference Handler"          daemon [_thread_blocked, id=16904, stack(0x000000ac88b00000,0x000000ac88c00000) (1024K)]
  0x0000027165253c40 JavaThread "Finalizer"                  daemon [_thread_blocked, id=27472, stack(0x000000ac88c00000,0x000000ac88d00000) (1024K)]
  0x0000027165258f50 JavaThread "Signal Dispatcher"          daemon [_thread_blocked, id=18952, stack(0x000000ac88d00000,0x000000ac88e00000) (1024K)]
  0x000002716525a3a0 JavaThread "Attach Listener"            daemon [_thread_blocked, id=15144, stack(0x000000ac88e00000,0x000000ac88f00000) (1024K)]
  0x000002716525d1d0 JavaThread "Service Thread"             daemon [_thread_blocked, id=19816, stack(0x000000ac88f00000,0x000000ac89000000) (1024K)]
  0x000002716525def0 JavaThread "Monitor Deflation Thread"   daemon [_thread_blocked, id=16164, stack(0x000000ac89000000,0x000000ac89100000) (1024K)]
  0x0000027165298130 JavaThread "C2 CompilerThread0"         daemon [_thread_blocked, id=8352, stack(0x000000ac89100000,0x000000ac89200000) (1024K)]
  0x00000271652a0080 JavaThread "C1 CompilerThread0"         daemon [_thread_blocked, id=20676, stack(0x000000ac89200000,0x000000ac89300000) (1024K)]
  0x000002716525e580 JavaThread "Common-Cleaner"             daemon [_thread_blocked, id=24100, stack(0x000000ac89300000,0x000000ac89400000) (1024K)]
  0x000002716525d860 JavaThread "Monitor Ctrl-Break"         daemon [_thread_in_native, id=22772, stack(0x000000ac89600000,0x000000ac89700000) (1024K)]
  0x0000027165cc8020 JavaThread "Notification Thread"        daemon [_thread_blocked, id=25132, stack(0x000000ac89700000,0x000000ac89800000) (1024K)]
=>0x0000027165cca780 JavaThread "QuantumRenderer-0"          daemon [_thread_in_native, id=26296, stack(0x000000ac89800000,0x000000ac89900000) (1024K)]
  0x0000027165ccae10 JavaThread "InvokeLaterDispatcher"      daemon [_thread_blocked, id=11540, stack(0x000000ac89400000,0x000000ac89500000) (1024K)]
  0x0000027165ccbb30 JavaThread "JavaFX Application Thread"         [_thread_blocked, id=8788, stack(0x000000ac89500000,0x000000ac89600000) (1024K)]
  0x0000027165ccb4a0 JavaThread "Thread-1"                   daemon [_thread_in_native, id=27384, stack(0x000000ac8a400000,0x000000ac8a500000) (1024K)]
  0x0000027165cc9a60 JavaThread "JavaFX-Launcher"                   [_thread_blocked, id=3096, stack(0x000000ac8a500000,0x000000ac8a600000) (1024K)]
  0x0000027170580ab0 JavaThread "C2 CompilerThread1"         daemon [_thread_blocked, id=7712, stack(0x000000ac8ab00000,0x000000ac8ac00000) (1024K)]
  0x0000027165cc86b0 JavaThread "Prism Font Disposer"        daemon [_thread_blocked, id=18460, stack(0x000000ac8af00000,0x000000ac8b000000) (1024K)]
Total: 19

Other Threads:
  0x0000027165234660 VMThread "VM Thread"                           [id=10740, stack(0x000000ac88a00000,0x000000ac88b00000) (1024K)]
  0x0000027165220e10 WatcherThread "VM Periodic Task Thread"        [id=20512, stack(0x000000ac88900000,0x000000ac88a00000) (1024K)]
  0x000002714607c590 WorkerThread "GC Thread#0"                     [id=26232, stack(0x000000ac88400000,0x000000ac88500000) (1024K)]
  0x00000271703d9ff0 WorkerThread "GC Thread#1"                     [id=13708, stack(0x000000ac8a600000,0x000000ac8a700000) (1024K)]
  0x0000027165658f40 WorkerThread "GC Thread#2"                     [id=22636, stack(0x000000ac8a700000,0x000000ac8a800000) (1024K)]
  0x00000271704bf850 WorkerThread "GC Thread#3"                     [id=11024, stack(0x000000ac8a800000,0x000000ac8a900000) (1024K)]
  0x00000271704bfbf0 WorkerThread "GC Thread#4"                     [id=27828, stack(0x000000ac8a900000,0x000000ac8aa00000) (1024K)]
  0x00000271704ab5a0 WorkerThread "GC Thread#5"                     [id=26564, stack(0x000000ac8aa00000,0x000000ac8ab00000) (1024K)]
  0x000002714608ce30 ConcurrentGCThread "G1 Main Marker"            [id=7640, stack(0x000000ac88500000,0x000000ac88600000) (1024K)]
  0x000002714608d930 WorkerThread "G1 Conc#0"                       [id=16108, stack(0x000000ac88600000,0x000000ac88700000) (1024K)]
  0x00000271650f3990 ConcurrentGCThread "G1 Refine#0"               [id=23532, stack(0x000000ac88700000,0x000000ac88800000) (1024K)]
  0x00000271650f52c0 ConcurrentGCThread "G1 Service"                [id=15088, stack(0x000000ac88800000,0x000000ac88900000) (1024K)]
Total: 12

Threads with active compile tasks:
Total: 0

VM state: not at safepoint (normal execution)

VM Mutex/Monitor currently owned by a thread: None

Heap address: 0x0000000707400000, size: 3980 MB, Compressed Oops mode: Zero based, Oop shift amount: 3

CDS archive(s) mapped at: [0x0000027100000000-0x0000027100c80000-0x0000027100c80000), size 13107200, SharedBaseAddress: 0x0000027100000000, ArchiveRelocationMode: 1.
Compressed class space mapped at: 0x0000027101000000-0x0000027141000000, reserved size: 1073741824
Narrow klass base: 0x0000027100000000, Narrow klass shift: 0, Narrow klass range: 0x100000000

GC Precious Log:
 CardTable entry size: 512
 Card Set container configuration: InlinePtr #cards 4 size 8 Array Of Cards #cards 16 size 48 Howl #buckets 8 coarsen threshold 3686 Howl Bitmap #cards 512 size 80 coarsen threshold 460 Card regions per heap region 1 cards per card region 4096
 CPUs: 8 total, 8 available
 Memory: 15914M
 Large Page Support: Disabled
 NUMA Support: Disabled
 Compressed Oops: Enabled (Zero based)
 Heap Region Size: 2M
 Heap Min Capacity: 8M
 Heap Initial Capacity: 250M
 Heap Max Capacity: 3980M
 Pre-touch: Disabled
 Parallel Workers: 8
 Concurrent Workers: 2
 Concurrent Refinement Workers: 8
 Periodic GC: Disabled

Heap:
 garbage-first heap   total 256000K, used 47658K [0x0000000707400000, 0x0000000800000000)
  region size 2048K, 20 young (40960K), 2 survivors (4096K)
 Metaspace       used 11409K, committed 11648K, reserved 1114112K
  class space    used 1631K, committed 1728K, reserved 1048576K

Heap Regions: E=young(eden), S=young(survivor), O=old, HS=humongous(starts), HC=humongous(continues), CS=collection set, F=free, TAMS=top-at-mark-start, PB=parsable bottom
|   0|0x0000000707400000, 0x0000000707600000, 0x0000000707600000|100%|HS|  |TAMS 0x0000000707400000| PB 0x0000000707400000| Complete 
|   1|0x0000000707600000, 0x0000000707800000, 0x0000000707800000|100%|HC|  |TAMS 0x0000000707600000| PB 0x0000000707600000| Complete 
|   2|0x0000000707800000, 0x0000000707a00000, 0x0000000707a00000|100%|HS|  |TAMS 0x0000000707800000| PB 0x0000000707800000| Complete 
|   3|0x0000000707a00000, 0x0000000707c00000, 0x0000000707c00000|100%|HC|  |TAMS 0x0000000707a00000| PB 0x0000000707a00000| Complete 
|   4|0x0000000707c00000, 0x0000000707e00000, 0x0000000707e00000|100%|HS|  |TAMS 0x0000000707c00000| PB 0x0000000707c00000| Complete 
|   5|0x0000000707e00000, 0x0000000708000000, 0x0000000708000000|100%|HC|  |TAMS 0x0000000707e00000| PB 0x0000000707e00000| Complete 
|   6|0x0000000708000000, 0x0000000708000000, 0x0000000708200000|  0%| F|  |TAMS 0x0000000708000000| PB 0x0000000708000000| Untracked 
|   7|0x0000000708200000, 0x0000000708200000, 0x0000000708400000|  0%| F|  |TAMS 0x0000000708200000| PB 0x0000000708200000| Untracked 
|   8|0x0000000708400000, 0x0000000708400000, 0x0000000708600000|  0%| F|  |TAMS 0x0000000708400000| PB 0x0000000708400000| Untracked 
|   9|0x0000000708600000, 0x0000000708600000, 0x0000000708800000|  0%| F|  |TAMS 0x0000000708600000| PB 0x0000000708600000| Untracked 
|  10|0x0000000708800000, 0x0000000708800000, 0x0000000708a00000|  0%| F|  |TAMS 0x0000000708800000| PB 0x0000000708800000| Untracked 
|  11|0x0000000708a00000, 0x0000000708a00000, 0x0000000708c00000|  0%| F|  |TAMS 0x0000000708a00000| PB 0x0000000708a00000| Untracked 
|  12|0x0000000708c00000, 0x0000000708c00000, 0x0000000708e00000|  0%| F|  |TAMS 0x0000000708c00000| PB 0x0000000708c00000| Untracked 
|  13|0x0000000708e00000, 0x0000000708e00000, 0x0000000709000000|  0%| F|  |TAMS 0x0000000708e00000| PB 0x0000000708e00000| Untracked 
|  14|0x0000000709000000, 0x0000000709000000, 0x0000000709200000|  0%| F|  |TAMS 0x0000000709000000| PB 0x0000000709000000| Untracked 
|  15|0x0000000709200000, 0x0000000709200000, 0x0000000709400000|  0%| F|  |TAMS 0x0000000709200000| PB 0x0000000709200000| Untracked 
|  16|0x0000000709400000, 0x0000000709400000, 0x0000000709600000|  0%| F|  |TAMS 0x0000000709400000| PB 0x0000000709400000| Untracked 
|  17|0x0000000709600000, 0x0000000709600000, 0x0000000709800000|  0%| F|  |TAMS 0x0000000709600000| PB 0x0000000709600000| Untracked 
|  18|0x0000000709800000, 0x0000000709800000, 0x0000000709a00000|  0%| F|  |TAMS 0x0000000709800000| PB 0x0000000709800000| Untracked 
|  19|0x0000000709a00000, 0x0000000709a00000, 0x0000000709c00000|  0%| F|  |TAMS 0x0000000709a00000| PB 0x0000000709a00000| Untracked 
|  20|0x0000000709c00000, 0x0000000709c00000, 0x0000000709e00000|  0%| F|  |TAMS 0x0000000709c00000| PB 0x0000000709c00000| Untracked 
|  21|0x0000000709e00000, 0x0000000709e00000, 0x000000070a000000|  0%| F|  |TAMS 0x0000000709e00000| PB 0x0000000709e00000| Untracked 
|  22|0x000000070a000000, 0x000000070a000000, 0x000000070a200000|  0%| F|  |TAMS 0x000000070a000000| PB 0x000000070a000000| Untracked 
|  23|0x000000070a200000, 0x000000070a200000, 0x000000070a400000|  0%| F|  |TAMS 0x000000070a200000| PB 0x000000070a200000| Untracked 
|  24|0x000000070a400000, 0x000000070a400000, 0x000000070a600000|  0%| F|  |TAMS 0x000000070a400000| PB 0x000000070a400000| Untracked 
|  25|0x000000070a600000, 0x000000070a600000, 0x000000070a800000|  0%| F|  |TAMS 0x000000070a600000| PB 0x000000070a600000| Untracked 
|  26|0x000000070a800000, 0x000000070a800000, 0x000000070aa00000|  0%| F|  |TAMS 0x000000070a800000| PB 0x000000070a800000| Untracked 
|  27|0x000000070aa00000, 0x000000070aa00000, 0x000000070ac00000|  0%| F|  |TAMS 0x000000070aa00000| PB 0x000000070aa00000| Untracked 
|  28|0x000000070ac00000, 0x000000070ac00000, 0x000000070ae00000|  0%| F|  |TAMS 0x000000070ac00000| PB 0x000000070ac00000| Untracked 
|  29|0x000000070ae00000, 0x000000070ae00000, 0x000000070b000000|  0%| F|  |TAMS 0x000000070ae00000| PB 0x000000070ae00000| Untracked 
|  30|0x000000070b000000, 0x000000070b000000, 0x000000070b200000|  0%| F|  |TAMS 0x000000070b000000| PB 0x000000070b000000| Untracked 
|  31|0x000000070b200000, 0x000000070b200000, 0x000000070b400000|  0%| F|  |TAMS 0x000000070b200000| PB 0x000000070b200000| Untracked 
|  32|0x000000070b400000, 0x000000070b400000, 0x000000070b600000|  0%| F|  |TAMS 0x000000070b400000| PB 0x000000070b400000| Untracked 
|  33|0x000000070b600000, 0x000000070b600000, 0x000000070b800000|  0%| F|  |TAMS 0x000000070b600000| PB 0x000000070b600000| Untracked 
|  34|0x000000070b800000, 0x000000070b800000, 0x000000070ba00000|  0%| F|  |TAMS 0x000000070b800000| PB 0x000000070b800000| Untracked 
|  35|0x000000070ba00000, 0x000000070ba00000, 0x000000070bc00000|  0%| F|  |TAMS 0x000000070ba00000| PB 0x000000070ba00000| Untracked 
|  36|0x000000070bc00000, 0x000000070bc00000, 0x000000070be00000|  0%| F|  |TAMS 0x000000070bc00000| PB 0x000000070bc00000| Untracked 
|  37|0x000000070be00000, 0x000000070be00000, 0x000000070c000000|  0%| F|  |TAMS 0x000000070be00000| PB 0x000000070be00000| Untracked 
|  38|0x000000070c000000, 0x000000070c000000, 0x000000070c200000|  0%| F|  |TAMS 0x000000070c000000| PB 0x000000070c000000| Untracked 
|  39|0x000000070c200000, 0x000000070c200000, 0x000000070c400000|  0%| F|  |TAMS 0x000000070c200000| PB 0x000000070c200000| Untracked 
|  40|0x000000070c400000, 0x000000070c400000, 0x000000070c600000|  0%| F|  |TAMS 0x000000070c400000| PB 0x000000070c400000| Untracked 
|  41|0x000000070c600000, 0x000000070c600000, 0x000000070c800000|  0%| F|  |TAMS 0x000000070c600000| PB 0x000000070c600000| Untracked 
|  42|0x000000070c800000, 0x000000070c800000, 0x000000070ca00000|  0%| F|  |TAMS 0x000000070c800000| PB 0x000000070c800000| Untracked 
|  43|0x000000070ca00000, 0x000000070ca00000, 0x000000070cc00000|  0%| F|  |TAMS 0x000000070ca00000| PB 0x000000070ca00000| Untracked 
|  44|0x000000070cc00000, 0x000000070cc00000, 0x000000070ce00000|  0%| F|  |TAMS 0x000000070cc00000| PB 0x000000070cc00000| Untracked 
|  45|0x000000070ce00000, 0x000000070ce00000, 0x000000070d000000|  0%| F|  |TAMS 0x000000070ce00000| PB 0x000000070ce00000| Untracked 
|  46|0x000000070d000000, 0x000000070d000000, 0x000000070d200000|  0%| F|  |TAMS 0x000000070d000000| PB 0x000000070d000000| Untracked 
|  47|0x000000070d200000, 0x000000070d200000, 0x000000070d400000|  0%| F|  |TAMS 0x000000070d200000| PB 0x000000070d200000| Untracked 
|  48|0x000000070d400000, 0x000000070d400000, 0x000000070d600000|  0%| F|  |TAMS 0x000000070d400000| PB 0x000000070d400000| Untracked 
|  49|0x000000070d600000, 0x000000070d600000, 0x000000070d800000|  0%| F|  |TAMS 0x000000070d600000| PB 0x000000070d600000| Untracked 
|  50|0x000000070d800000, 0x000000070d800000, 0x000000070da00000|  0%| F|  |TAMS 0x000000070d800000| PB 0x000000070d800000| Untracked 
|  51|0x000000070da00000, 0x000000070da00000, 0x000000070dc00000|  0%| F|  |TAMS 0x000000070da00000| PB 0x000000070da00000| Untracked 
|  52|0x000000070dc00000, 0x000000070dc00000, 0x000000070de00000|  0%| F|  |TAMS 0x000000070dc00000| PB 0x000000070dc00000| Untracked 
|  53|0x000000070de00000, 0x000000070de00000, 0x000000070e000000|  0%| F|  |TAMS 0x000000070de00000| PB 0x000000070de00000| Untracked 
|  54|0x000000070e000000, 0x000000070e000000, 0x000000070e200000|  0%| F|  |TAMS 0x000000070e000000| PB 0x000000070e000000| Untracked 
|  55|0x000000070e200000, 0x000000070e200000, 0x000000070e400000|  0%| F|  |TAMS 0x000000070e200000| PB 0x000000070e200000| Untracked 
|  56|0x000000070e400000, 0x000000070e400000, 0x000000070e600000|  0%| F|  |TAMS 0x000000070e400000| PB 0x000000070e400000| Untracked 
|  57|0x000000070e600000, 0x000000070e600000, 0x000000070e800000|  0%| F|  |TAMS 0x000000070e600000| PB 0x000000070e600000| Untracked 
|  58|0x000000070e800000, 0x000000070e800000, 0x000000070ea00000|  0%| F|  |TAMS 0x000000070e800000| PB 0x000000070e800000| Untracked 
|  59|0x000000070ea00000, 0x000000070ea00000, 0x000000070ec00000|  0%| F|  |TAMS 0x000000070ea00000| PB 0x000000070ea00000| Untracked 
|  60|0x000000070ec00000, 0x000000070ec00000, 0x000000070ee00000|  0%| F|  |TAMS 0x000000070ec00000| PB 0x000000070ec00000| Untracked 
|  61|0x000000070ee00000, 0x000000070ee00000, 0x000000070f000000|  0%| F|  |TAMS 0x000000070ee00000| PB 0x000000070ee00000| Untracked 
|  62|0x000000070f000000, 0x000000070f000000, 0x000000070f200000|  0%| F|  |TAMS 0x000000070f000000| PB 0x000000070f000000| Untracked 
|  63|0x000000070f200000, 0x000000070f200000, 0x000000070f400000|  0%| F|  |TAMS 0x000000070f200000| PB 0x000000070f200000| Untracked 
|  64|0x000000070f400000, 0x000000070f400000, 0x000000070f600000|  0%| F|  |TAMS 0x000000070f400000| PB 0x000000070f400000| Untracked 
|  65|0x000000070f600000, 0x000000070f600000, 0x000000070f800000|  0%| F|  |TAMS 0x000000070f600000| PB 0x000000070f600000| Untracked 
|  66|0x000000070f800000, 0x000000070f800000, 0x000000070fa00000|  0%| F|  |TAMS 0x000000070f800000| PB 0x000000070f800000| Untracked 
|  67|0x000000070fa00000, 0x000000070fa00000, 0x000000070fc00000|  0%| F|  |TAMS 0x000000070fa00000| PB 0x000000070fa00000| Untracked 
|  68|0x000000070fc00000, 0x000000070fc00000, 0x000000070fe00000|  0%| F|  |TAMS 0x000000070fc00000| PB 0x000000070fc00000| Untracked 
|  69|0x000000070fe00000, 0x000000070fe00000, 0x0000000710000000|  0%| F|  |TAMS 0x000000070fe00000| PB 0x000000070fe00000| Untracked 
|  70|0x0000000710000000, 0x0000000710000000, 0x0000000710200000|  0%| F|  |TAMS 0x0000000710000000| PB 0x0000000710000000| Untracked 
|  71|0x0000000710200000, 0x0000000710200000, 0x0000000710400000|  0%| F|  |TAMS 0x0000000710200000| PB 0x0000000710200000| Untracked 
|  72|0x0000000710400000, 0x0000000710400000, 0x0000000710600000|  0%| F|  |TAMS 0x0000000710400000| PB 0x0000000710400000| Untracked 
|  73|0x0000000710600000, 0x0000000710600000, 0x0000000710800000|  0%| F|  |TAMS 0x0000000710600000| PB 0x0000000710600000| Untracked 
|  74|0x0000000710800000, 0x0000000710800000, 0x0000000710a00000|  0%| F|  |TAMS 0x0000000710800000| PB 0x0000000710800000| Untracked 
|  75|0x0000000710a00000, 0x0000000710a00000, 0x0000000710c00000|  0%| F|  |TAMS 0x0000000710a00000| PB 0x0000000710a00000| Untracked 
|  76|0x0000000710c00000, 0x0000000710c00000, 0x0000000710e00000|  0%| F|  |TAMS 0x0000000710c00000| PB 0x0000000710c00000| Untracked 
|  77|0x0000000710e00000, 0x0000000710e00000, 0x0000000711000000|  0%| F|  |TAMS 0x0000000710e00000| PB 0x0000000710e00000| Untracked 
|  78|0x0000000711000000, 0x0000000711000000, 0x0000000711200000|  0%| F|  |TAMS 0x0000000711000000| PB 0x0000000711000000| Untracked 
|  79|0x0000000711200000, 0x0000000711200000, 0x0000000711400000|  0%| F|  |TAMS 0x0000000711200000| PB 0x0000000711200000| Untracked 
|  80|0x0000000711400000, 0x0000000711400000, 0x0000000711600000|  0%| F|  |TAMS 0x0000000711400000| PB 0x0000000711400000| Untracked 
|  81|0x0000000711600000, 0x0000000711600000, 0x0000000711800000|  0%| F|  |TAMS 0x0000000711600000| PB 0x0000000711600000| Untracked 
|  82|0x0000000711800000, 0x0000000711800000, 0x0000000711a00000|  0%| F|  |TAMS 0x0000000711800000| PB 0x0000000711800000| Untracked 
|  83|0x0000000711a00000, 0x0000000711a00000, 0x0000000711c00000|  0%| F|  |TAMS 0x0000000711a00000| PB 0x0000000711a00000| Untracked 
|  84|0x0000000711c00000, 0x0000000711c00000, 0x0000000711e00000|  0%| F|  |TAMS 0x0000000711c00000| PB 0x0000000711c00000| Untracked 
|  85|0x0000000711e00000, 0x0000000711e00000, 0x0000000712000000|  0%| F|  |TAMS 0x0000000711e00000| PB 0x0000000711e00000| Untracked 
|  86|0x0000000712000000, 0x0000000712000000, 0x0000000712200000|  0%| F|  |TAMS 0x0000000712000000| PB 0x0000000712000000| Untracked 
|  87|0x0000000712200000, 0x0000000712200000, 0x0000000712400000|  0%| F|  |TAMS 0x0000000712200000| PB 0x0000000712200000| Untracked 
|  88|0x0000000712400000, 0x0000000712400000, 0x0000000712600000|  0%| F|  |TAMS 0x0000000712400000| PB 0x0000000712400000| Untracked 
|  89|0x0000000712600000, 0x0000000712600000, 0x0000000712800000|  0%| F|  |TAMS 0x0000000712600000| PB 0x0000000712600000| Untracked 
|  90|0x0000000712800000, 0x0000000712800000, 0x0000000712a00000|  0%| F|  |TAMS 0x0000000712800000| PB 0x0000000712800000| Untracked 
|  91|0x0000000712a00000, 0x0000000712a00000, 0x0000000712c00000|  0%| F|  |TAMS 0x0000000712a00000| PB 0x0000000712a00000| Untracked 
|  92|0x0000000712c00000, 0x0000000712c00000, 0x0000000712e00000|  0%| F|  |TAMS 0x0000000712c00000| PB 0x0000000712c00000| Untracked 
|  93|0x0000000712e00000, 0x0000000712e00000, 0x0000000713000000|  0%| F|  |TAMS 0x0000000712e00000| PB 0x0000000712e00000| Untracked 
|  94|0x0000000713000000, 0x0000000713000000, 0x0000000713200000|  0%| F|  |TAMS 0x0000000713000000| PB 0x0000000713000000| Untracked 
|  95|0x0000000713200000, 0x0000000713200000, 0x0000000713400000|  0%| F|  |TAMS 0x0000000713200000| PB 0x0000000713200000| Untracked 
|  96|0x0000000713400000, 0x0000000713400000, 0x0000000713600000|  0%| F|  |TAMS 0x0000000713400000| PB 0x0000000713400000| Untracked 
|  97|0x0000000713600000, 0x0000000713600000, 0x0000000713800000|  0%| F|  |TAMS 0x0000000713600000| PB 0x0000000713600000| Untracked 
|  98|0x0000000713800000, 0x0000000713800000, 0x0000000713a00000|  0%| F|  |TAMS 0x0000000713800000| PB 0x0000000713800000| Untracked 
|  99|0x0000000713a00000, 0x0000000713a00000, 0x0000000713c00000|  0%| F|  |TAMS 0x0000000713a00000| PB 0x0000000713a00000| Untracked 
| 100|0x0000000713c00000, 0x0000000713c00000, 0x0000000713e00000|  0%| F|  |TAMS 0x0000000713c00000| PB 0x0000000713c00000| Untracked 
| 101|0x0000000713e00000, 0x0000000713e00000, 0x0000000714000000|  0%| F|  |TAMS 0x0000000713e00000| PB 0x0000000713e00000| Untracked 
| 102|0x0000000714000000, 0x0000000714000000, 0x0000000714200000|  0%| F|  |TAMS 0x0000000714000000| PB 0x0000000714000000| Untracked 
| 103|0x0000000714200000, 0x0000000714200000, 0x0000000714400000|  0%| F|  |TAMS 0x0000000714200000| PB 0x0000000714200000| Untracked 
| 104|0x0000000714400000, 0x0000000714400000, 0x0000000714600000|  0%| F|  |TAMS 0x0000000714400000| PB 0x0000000714400000| Untracked 
| 105|0x0000000714600000, 0x00000007146d03a8, 0x0000000714800000| 40%| E|  |TAMS 0x0000000714600000| PB 0x0000000714600000| Complete 
| 106|0x0000000714800000, 0x0000000714a00000, 0x0000000714a00000|100%| E|CS|TAMS 0x0000000714800000| PB 0x0000000714800000| Complete 
| 107|0x0000000714a00000, 0x0000000714c00000, 0x0000000714c00000|100%| E|CS|TAMS 0x0000000714a00000| PB 0x0000000714a00000| Complete 
| 108|0x0000000714c00000, 0x0000000714e00000, 0x0000000714e00000|100%| E|CS|TAMS 0x0000000714c00000| PB 0x0000000714c00000| Complete 
| 109|0x0000000714e00000, 0x0000000715000000, 0x0000000715000000|100%| E|CS|TAMS 0x0000000714e00000| PB 0x0000000714e00000| Complete 
| 110|0x0000000715000000, 0x0000000715200000, 0x0000000715200000|100%| E|CS|TAMS 0x0000000715000000| PB 0x0000000715000000| Complete 
| 111|0x0000000715200000, 0x0000000715400000, 0x0000000715400000|100%| E|CS|TAMS 0x0000000715200000| PB 0x0000000715200000| Complete 
| 112|0x0000000715400000, 0x000000071548aa88, 0x0000000715600000| 27%| S|CS|TAMS 0x0000000715400000| PB 0x0000000715400000| Complete 
| 113|0x0000000715600000, 0x0000000715800000, 0x0000000715800000|100%| S|CS|TAMS 0x0000000715600000| PB 0x0000000715600000| Complete 
| 114|0x0000000715800000, 0x0000000715a00000, 0x0000000715a00000|100%| E|CS|TAMS 0x0000000715800000| PB 0x0000000715800000| Complete 
| 115|0x0000000715a00000, 0x0000000715c00000, 0x0000000715c00000|100%| E|  |TAMS 0x0000000715a00000| PB 0x0000000715a00000| Complete 
| 116|0x0000000715c00000, 0x0000000715e00000, 0x0000000715e00000|100%| E|CS|TAMS 0x0000000715c00000| PB 0x0000000715c00000| Complete 
| 117|0x0000000715e00000, 0x0000000716000000, 0x0000000716000000|100%| E|CS|TAMS 0x0000000715e00000| PB 0x0000000715e00000| Complete 
| 118|0x0000000716000000, 0x0000000716200000, 0x0000000716200000|100%| E|CS|TAMS 0x0000000716000000| PB 0x0000000716000000| Complete 
| 119|0x0000000716200000, 0x0000000716400000, 0x0000000716400000|100%| E|CS|TAMS 0x0000000716200000| PB 0x0000000716200000| Complete 
| 120|0x0000000716400000, 0x0000000716600000, 0x0000000716600000|100%| E|CS|TAMS 0x0000000716400000| PB 0x0000000716400000| Complete 
| 121|0x0000000716600000, 0x0000000716800000, 0x0000000716800000|100%| E|CS|TAMS 0x0000000716600000| PB 0x0000000716600000| Complete 
| 122|0x0000000716800000, 0x0000000716a00000, 0x0000000716a00000|100%| E|CS|TAMS 0x0000000716800000| PB 0x0000000716800000| Complete 
| 123|0x0000000716a00000, 0x0000000716c00000, 0x0000000716c00000|100%| E|CS|TAMS 0x0000000716a00000| PB 0x0000000716a00000| Complete 
| 124|0x0000000716c00000, 0x0000000716e00000, 0x0000000716e00000|100%| E|CS|TAMS 0x0000000716c00000| PB 0x0000000716c00000| Complete 

Card table byte_map: [0x000002715e220000,0x000002715e9f0000] _byte_map_base: 0x000002715a9e6000

Marking Bits: (CMBitMap*) 0x000002714607cc90
 Bits: [0x000002715e9f0000, 0x0000027162820000)

Polling page: 0x0000027143e10000

Metaspace:

Usage:
  Non-class:      9.55 MB used.
      Class:      1.59 MB used.
       Both:     11.14 MB used.

Virtual space:
  Non-class space:       64.00 MB reserved,       9.69 MB ( 15%) committed,  1 nodes.
      Class space:        1.00 GB reserved,       1.69 MB ( <1%) committed,  1 nodes.
             Both:        1.06 GB reserved,      11.38 MB (  1%) committed. 

Chunk freelists:
   Non-Class:  5.39 MB
       Class:  14.14 MB
        Both:  19.53 MB

MaxMetaspaceSize: unlimited
CompressedClassSpaceSize: 1.00 GB
Initial GC threshold: 21.00 MB
Current GC threshold: 21.00 MB
CDS: on
 - commit_granule_bytes: 65536.
 - commit_granule_words: 8192.
 - virtual_space_node_default_size: 8388608.
 - enlarge_chunks_in_place: 1.
 - use_allocation_guard: 0.


Internal statistics:

num_allocs_failed_limit: 0.
num_arena_births: 232.
num_arena_deaths: 0.
num_vsnodes_births: 2.
num_vsnodes_deaths: 0.
num_space_committed: 182.
num_space_uncommitted: 0.
num_chunks_returned_to_freelist: 0.
num_chunks_taken_from_freelist: 604.
num_chunk_merges: 0.
num_chunk_splits: 410.
num_chunks_enlarged: 297.
num_inconsistent_stats: 0.

CodeHeap 'non-profiled nmethods': size=120000Kb used=691Kb max_used=691Kb free=119308Kb
 bounds [0x00000271561f0000, 0x0000027156460000, 0x000002715d720000]
CodeHeap 'profiled nmethods': size=120000Kb used=2763Kb max_used=2763Kb free=117236Kb
 bounds [0x000002714e720000, 0x000002714e9e0000, 0x0000027155c50000]
CodeHeap 'non-nmethods': size=5760Kb used=1724Kb max_used=1736Kb free=4035Kb
 bounds [0x0000027155c50000, 0x0000027155ec0000, 0x00000271561f0000]
CodeCache: size=245760Kb, used=5178Kb, max_used=5190Kb, free=240579Kb
 total_blobs=2369, nmethods=1615, adapters=658, full_count=0
Compilation: enabled, stopped_count=0, restarted_count=0

Compilation events (20 events):
Event: 2.722 Thread 0x00000271652a0080 nmethod 1607 0x000002714e9d1090 code [0x000002714e9d1260, 0x000002714e9d14c0]
Event: 2.724 Thread 0x0000027170580ab0 nmethod 1603 0x000002715629bb90 code [0x000002715629bd40, 0x000002715629c1c0]
Event: 2.740 Thread 0x00000271652a0080 1608       3       java.lang.invoke.LambdaFormEditor$Transform::equals (32 bytes)
Event: 2.741 Thread 0x00000271652a0080 nmethod 1608 0x000002714e9d1610 code [0x000002714e9d17c0, 0x000002714e9d1998]
Event: 2.744 Thread 0x00000271652a0080 1609       3       com.sun.javafx.geom.transform.BaseTransform::almostZero (22 bytes)
Event: 2.744 Thread 0x00000271652a0080 nmethod 1609 0x000002714e9d1a90 code [0x000002714e9d1c60, 0x000002714e9d1e20]
Event: 2.744 Thread 0x00000271652a0080 1610       3       java.lang.Float::floatToIntBits (15 bytes)
Event: 2.744 Thread 0x00000271652a0080 nmethod 1610 0x000002714e9d1e90 code [0x000002714e9d2040, 0x000002714e9d2270]
Event: 2.744 Thread 0x00000271652a0080 1611   !   3       com.sun.prism.impl.BaseContext::checkDisposed (34 bytes)
Event: 2.744 Thread 0x00000271652a0080 nmethod 1611 0x000002714e9d2310 code [0x000002714e9d24a0, 0x000002714e9d25d8]
Event: 2.744 Thread 0x00000271652a0080 1612       3       com.sun.javafx.font.directwrite.IUnknown::Release (26 bytes)
Event: 2.744 Thread 0x00000271652a0080 nmethod 1612 0x000002714e9d2690 code [0x000002714e9d2840, 0x000002714e9d29e8]
Event: 2.745 Thread 0x00000271652a0080 1613       1       com.sun.prism.PixelFormat$DataType::getSizeInBytes (5 bytes)
Event: 2.745 Thread 0x00000271652a0080 nmethod 1613 0x000002715629c490 code [0x000002715629c620, 0x000002715629c6e8]
Event: 2.745 Thread 0x00000271652a0080 1614       1       com.sun.prism.PixelFormat::getDataType (5 bytes)
Event: 2.745 Thread 0x00000271652a0080 nmethod 1614 0x000002715629c790 code [0x000002715629c920, 0x000002715629c9f0]
Event: 2.754 Thread 0x00000271652a0080 1615       3       java.nio.ByteBuffer::hasArray (20 bytes)
Event: 2.755 Thread 0x00000271652a0080 nmethod 1615 0x000002714e9d2a90 code [0x000002714e9d2c40, 0x000002714e9d2dd8]
Event: 2.755 Thread 0x00000271652a0080 1616       1       com.sun.prism.impl.BaseTexture::getPhysicalWidth (5 bytes)
Event: 2.755 Thread 0x00000271652a0080 nmethod 1616 0x000002715629ca90 code [0x000002715629cc20, 0x000002715629cce8]

GC Heap History (2 events):
Event: 0.751 GC heap before
{Heap before GC invocations=0 (full 0):
 garbage-first heap   total 256000K, used 20480K [0x0000000707400000, 0x0000000800000000)
  region size 2048K, 11 young (22528K), 0 survivors (0K)
 Metaspace       used 4842K, committed 5056K, reserved 1114112K
  class space    used 503K, committed 576K, reserved 1048576K
}
Event: 0.759 GC heap after
{Heap after GC invocations=1 (full 0):
 garbage-first heap   total 256000K, used 2602K [0x0000000707400000, 0x0000000800000000)
  region size 2048K, 2 young (4096K), 2 survivors (4096K)
 Metaspace       used 4842K, committed 5056K, reserved 1114112K
  class space    used 503K, committed 576K, reserved 1048576K
}

Dll operation events (20 events):
Event: 0.303 Loaded shared library C:\Users\ninja\.openjfx\cache\21.0.6+3\amd64\api-ms-win-crt-locale-l1-1-0.dll
Event: 0.305 Loaded shared library C:\Users\ninja\.openjfx\cache\21.0.6+3\amd64\api-ms-win-crt-math-l1-1-0.dll
Event: 0.308 Loaded shared library C:\Users\ninja\.openjfx\cache\21.0.6+3\amd64\api-ms-win-crt-multibyte-l1-1-0.dll
Event: 0.313 Loaded shared library C:\Users\ninja\.openjfx\cache\21.0.6+3\amd64\api-ms-win-crt-private-l1-1-0.dll
Event: 0.317 Loaded shared library C:\Users\ninja\.openjfx\cache\21.0.6+3\amd64\api-ms-win-crt-process-l1-1-0.dll
Event: 0.319 Loaded shared library C:\Users\ninja\.openjfx\cache\21.0.6+3\amd64\api-ms-win-crt-runtime-l1-1-0.dll
Event: 0.320 Loaded shared library C:\Users\ninja\.openjfx\cache\21.0.6+3\amd64\api-ms-win-crt-stdio-l1-1-0.dll
Event: 0.323 Loaded shared library C:\Users\ninja\.openjfx\cache\21.0.6+3\amd64\api-ms-win-crt-string-l1-1-0.dll
Event: 0.324 Loaded shared library C:\Users\ninja\.openjfx\cache\21.0.6+3\amd64\api-ms-win-crt-time-l1-1-0.dll
Event: 0.326 Loaded shared library C:\Users\ninja\.openjfx\cache\21.0.6+3\amd64\api-ms-win-crt-utility-l1-1-0.dll
Event: 0.339 Loaded shared library C:\Users\ninja\.openjfx\cache\21.0.6+3\amd64\ucrtbase.dll
Event: 0.342 Loaded shared library C:\Users\ninja\.openjfx\cache\21.0.6+3\amd64\vcruntime140.dll
Event: 0.344 Loaded shared library C:\Users\ninja\.openjfx\cache\21.0.6+3\amd64\vcruntime140_1.dll
Event: 0.350 Loaded shared library C:\Users\ninja\.openjfx\cache\21.0.6+3\amd64\msvcp140.dll
Event: 0.353 Loaded shared library C:\Users\ninja\.openjfx\cache\21.0.6+3\amd64\msvcp140_1.dll
Event: 0.356 Loaded shared library C:\Users\ninja\.openjfx\cache\21.0.6+3\amd64\msvcp140_2.dll
Event: 0.431 Loaded shared library C:\Users\ninja\.openjfx\cache\21.0.6+3\amd64\prism_d3d.dll
Event: 0.596 Loaded shared library C:\Users\ninja\.openjfx\cache\21.0.6+3\amd64\glass.dll
Event: 0.855 Loaded shared library C:\Users\ninja\.jdks\corretto-21.0.8\bin\jimage.dll
Event: 0.919 Loaded shared library C:\Users\ninja\.openjfx\cache\21.0.6+3\amd64\javafx_font.dll

Deoptimization events (20 events):
Event: 2.699 Thread 0x0000027165ccbb30 Uncommon trap: trap_request=0xffffffde fr.pc=0x00000271562956d8 relative=0x00000000000002f8
Event: 2.699 Thread 0x0000027165ccbb30 Uncommon trap: reason=class_check action=maybe_recompile pc=0x00000271562956d8 method=java.util.regex.Pattern$BmpCharPropertyGreedy.match(Ljava/util/regex/Matcher;ILjava/lang/CharSequence;)Z @ 26 c2
Event: 2.699 Thread 0x0000027165ccbb30 DEOPT PACKING pc=0x00000271562956d8 sp=0x000000ac895fdac0
Event: 2.699 Thread 0x0000027165ccbb30 DEOPT UNPACKING pc=0x0000027155ca46a2 sp=0x000000ac895fda78 mode 2
Event: 2.699 Thread 0x0000027165ccbb30 Uncommon trap: trap_request=0xffffffde fr.pc=0x00000271562956d8 relative=0x00000000000002f8
Event: 2.699 Thread 0x0000027165ccbb30 Uncommon trap: reason=class_check action=maybe_recompile pc=0x00000271562956d8 method=java.util.regex.Pattern$BmpCharPropertyGreedy.match(Ljava/util/regex/Matcher;ILjava/lang/CharSequence;)Z @ 26 c2
Event: 2.699 Thread 0x0000027165ccbb30 DEOPT PACKING pc=0x00000271562956d8 sp=0x000000ac895fda40
Event: 2.699 Thread 0x0000027165ccbb30 DEOPT UNPACKING pc=0x0000027155ca46a2 sp=0x000000ac895fd9f8 mode 2
Event: 2.699 Thread 0x0000027165ccbb30 Uncommon trap: trap_request=0xffffffde fr.pc=0x00000271562956d8 relative=0x00000000000002f8
Event: 2.699 Thread 0x0000027165ccbb30 Uncommon trap: reason=class_check action=maybe_recompile pc=0x00000271562956d8 method=java.util.regex.Pattern$BmpCharPropertyGreedy.match(Ljava/util/regex/Matcher;ILjava/lang/CharSequence;)Z @ 26 c2
Event: 2.699 Thread 0x0000027165ccbb30 DEOPT PACKING pc=0x00000271562956d8 sp=0x000000ac895fd7a0
Event: 2.699 Thread 0x0000027165ccbb30 DEOPT UNPACKING pc=0x0000027155ca46a2 sp=0x000000ac895fd758 mode 2
Event: 2.710 Thread 0x0000027165cca780 Uncommon trap: trap_request=0xffffff45 fr.pc=0x000002715625e594 relative=0x0000000000000934
Event: 2.710 Thread 0x0000027165cca780 Uncommon trap: reason=unstable_if action=reinterpret pc=0x000002715625e594 method=java.io.BufferedInputStream.read1([BII)I @ 34 c2
Event: 2.710 Thread 0x0000027165cca780 DEOPT PACKING pc=0x000002715625e594 sp=0x000000ac898fe010
Event: 2.710 Thread 0x0000027165cca780 DEOPT UNPACKING pc=0x0000027155ca46a2 sp=0x000000ac898fdf38 mode 2
Event: 2.710 Thread 0x0000027165cca780 Uncommon trap: trap_request=0xffffff45 fr.pc=0x000002715625fef0 relative=0x0000000000000190
Event: 2.710 Thread 0x0000027165cca780 Uncommon trap: reason=unstable_if action=reinterpret pc=0x000002715625fef0 method=java.io.BufferedInputStream.read1([BII)I @ 73 c2
Event: 2.710 Thread 0x0000027165cca780 DEOPT PACKING pc=0x000002715625fef0 sp=0x000000ac898fdf70
Event: 2.710 Thread 0x0000027165cca780 DEOPT UNPACKING pc=0x0000027155ca46a2 sp=0x000000ac898fdf40 mode 2

Classes loaded (20 events):
Event: 2.675 Loading class java/nio/HeapIntBuffer
Event: 2.675 Loading class java/nio/HeapIntBuffer done
Event: 2.677 Loading class java/util/concurrent/ConcurrentLinkedQueue
Event: 2.677 Loading class java/util/concurrent/ConcurrentLinkedQueue done
Event: 2.677 Loading class java/util/concurrent/ConcurrentLinkedQueue$Node
Event: 2.677 Loading class java/util/concurrent/ConcurrentLinkedQueue$Node done
Event: 2.684 Loading class java/util/Formatter$FixedString
Event: 2.684 Loading class java/util/Formatter$FixedString done
Event: 2.686 Loading class sun/net/www/protocol/jrt/Handler
Event: 2.686 Loading class sun/net/www/protocol/jrt/Handler done
Event: 2.689 Loading class sun/text/resources/cldr/FormatData_en
Event: 2.690 Loading class sun/text/resources/cldr/FormatData_en done
Event: 2.690 Loading class sun/text/resources/cldr/FormatData_en_US
Event: 2.690 Loading class sun/text/resources/cldr/FormatData_en_US done
Event: 2.721 Loading class java/nio/ShortBuffer
Event: 2.721 Loading class java/nio/ShortBuffer done
Event: 2.721 Loading class java/nio/DoubleBuffer
Event: 2.722 Loading class java/nio/DoubleBuffer done
Event: 2.723 Loading class java/nio/DirectFloatBufferU
Event: 2.723 Loading class java/nio/DirectFloatBufferU done

Classes unloaded (0 events):
No events

Classes redefined (0 events):
No events

Internal exceptions (20 events):
Event: 1.020 Thread 0x0000027165ccbb30 Exception <a 'java/lang/ClassNotFoundException'{0x0000000715d14b40}: com/sun/glass/ui/win/themes_en> (0x0000000715d14b40) 
thrown [s\src\hotspot\share\prims\jni.cpp, line 539]
Event: 1.020 Thread 0x0000027165ccbb30 Exception <a 'java/lang/ClassNotFoundException'{0x0000000715d1c6a8}: com/sun/glass/ui/win/themes_en_US> (0x0000000715d1c6a8) 
thrown [s\src\hotspot\share\prims\jni.cpp, line 539]
Event: 1.094 Thread 0x0000027165ccbb30 Exception <a 'java/lang/NoSuchMethodError'{0x00000007159224c0}: 'void java.lang.invoke.DirectMethodHandle$Holder.invokeStaticInit(java.lang.Object, java.lang.Object)'> (0x00000007159224c0) 
thrown [s\src\hotspot\share\interpreter\linkResolver.cpp, line 773]
Event: 1.098 Thread 0x0000027165ccbb30 Exception <a 'sun/nio/fs/WindowsException'{0x0000000715935890}> (0x0000000715935890) 
thrown [s\src\hotspot\share\prims\jni.cpp, line 520]
Event: 2.496 Thread 0x0000027165ccbb30 Implicit null exception at 0x0000027156228e66 to 0x0000027156228f0a
Event: 2.496 Thread 0x0000027165ccbb30 Implicit null exception at 0x00000271562651dd to 0x00000271562654b4
Event: 2.498 Thread 0x0000027165ccbb30 Implicit null exception at 0x000002715626493d to 0x0000027156264bcc
Event: 2.501 Thread 0x0000027165ccbb30 Implicit null exception at 0x000002715621103d to 0x00000271562110c1
Event: 2.503 Thread 0x0000027165ccbb30 Exception <a 'java/io/FileNotFoundException'{0x000000071504bd58}> (0x000000071504bd58) 
thrown [s\src\hotspot\share\prims\jni.cpp, line 520]
Event: 2.602 Thread 0x0000027165ccbb30 Exception <a 'java/lang/IncompatibleClassChangeError'{0x0000000714d8aee0}: Found class java.lang.Object, but interface was expected> (0x0000000714d8aee0) 
thrown [s\src\hotspot\share\interpreter\linkResolver.cpp, line 840]
Event: 2.628 Thread 0x0000027165ccbb30 Exception <a 'java/lang/NoSuchMethodError'{0x0000000714a38568}: 'int java.lang.invoke.DirectMethodHandle$Holder.invokeSpecial(java.lang.Object, java.lang.Object, int)'> (0x0000000714a38568) 
thrown [s\src\hotspot\share\interpreter\linkResolver.cpp, line 773]
Event: 2.628 Thread 0x0000027165ccbb30 Exception <a 'java/lang/NoSuchMethodError'{0x0000000714a3fff0}: 'int java.lang.invoke.DirectMethodHandle$Holder.invokeSpecial(java.lang.Object, java.lang.Object, java.lang.Object, int)'> (0x0000000714a3fff0) 
thrown [s\src\hotspot\share\interpreter\linkResolver.cpp, line 773]
Event: 2.630 Thread 0x0000027165ccbb30 Exception <a 'java/lang/NoSuchMethodError'{0x0000000714a55518}: 'java.lang.Object java.lang.invoke.DirectMethodHandle$Holder.invokeStatic(java.lang.Object, java.lang.Object, java.lang.Object, java.lang.Object, int)'> (0x0000000714a55518) 
thrown [s\src\hotspot\share\interpreter\linkResolver.cpp, line 773]
Event: 2.631 Thread 0x0000027165ccbb30 Exception <a 'java/lang/NoSuchMethodError'{0x0000000714a5dc40}: 'int java.lang.invoke.DirectMethodHandle$Holder.invokeSpecial(java.lang.Object, java.lang.Object, java.lang.Object)'> (0x0000000714a5dc40) 
thrown [s\src\hotspot\share\interpreter\linkResolver.cpp, line 773]
Event: 2.644 Thread 0x0000027165ccbb30 Exception <a 'java/lang/NoSuchMethodError'{0x0000000714acac98}: 'java.lang.Object java.lang.invoke.DirectMethodHandle$Holder.newInvokeSpecial(java.lang.Object, java.lang.Object, int)'> (0x0000000714acac98) 
thrown [s\src\hotspot\share\interpreter\linkResolver.cpp, line 773]
Event: 2.678 Thread 0x0000027165ccbb30 Exception <a 'java/lang/NoSuchMethodError'{0x0000000714bb8220}: 'long java.lang.invoke.DirectMethodHandle$Holder.invokeStatic(java.lang.Object, java.lang.Object, java.lang.Object)'> (0x0000000714bb8220) 
thrown [s\src\hotspot\share\interpreter\linkResolver.cpp, line 773]
Event: 2.678 Thread 0x0000027165ccbb30 Exception <a 'java/lang/NoSuchMethodError'{0x0000000714bbb630}: 'long java.lang.invoke.DirectMethodHandle$Holder.invokeStaticInit(java.lang.Object, java.lang.Object, java.lang.Object)'> (0x0000000714bbb630) 
thrown [s\src\hotspot\share\interpreter\linkResolver.cpp, line 773]
Event: 2.683 Thread 0x0000027165ccbb30 Exception <a 'java/lang/NoSuchMethodError'{0x0000000714bd06a8}: 'java.lang.Object java.lang.invoke.DirectMethodHandle$Holder.newInvokeSpecial(java.lang.Object, java.lang.Object, long)'> (0x0000000714bd06a8) 
thrown [s\src\hotspot\share\interpreter\linkResolver.cpp, line 773]
Event: 2.683 Thread 0x0000027165ccbb30 Exception <a 'java/lang/NoSuchMethodError'{0x0000000714bd4000}: 'java.lang.Object java.lang.invoke.Invokers$Holder.linkToTargetMethod(java.lang.Object, long, java.lang.Object)'> (0x0000000714bd4000) 
thrown [s\src\hotspot\share\interpreter\linkResolver.cpp, line 773]
Event: 2.700 Thread 0x0000027165cca780 Exception <a 'java/lang/NoSuchMethodError'{0x00000007148bc920}: 'int java.lang.invoke.DirectMethodHandle$Holder.invokeStaticInit(java.lang.Object, java.lang.Object)'> (0x00000007148bc920) 
thrown [s\src\hotspot\share\interpreter\linkResolver.cpp, line 773]

ZGC Phase Switch (0 events):
No events

VM Operations (14 events):
Event: 0.131 Executing VM operation: HandshakeAllThreads (Deoptimize)
Event: 0.131 Executing VM operation: HandshakeAllThreads (Deoptimize) done
Event: 0.131 Executing VM operation: HandshakeAllThreads (Deoptimize)
Event: 0.131 Executing VM operation: HandshakeAllThreads (Deoptimize) done
Event: 0.534 Executing VM operation: HandshakeAllThreads (Deoptimize)
Event: 0.534 Executing VM operation: HandshakeAllThreads (Deoptimize) done
Event: 0.751 Executing VM operation: G1CollectForAllocation (G1 Evacuation Pause)
Event: 0.759 Executing VM operation: G1CollectForAllocation (G1 Evacuation Pause) done
Event: 1.036 Executing VM operation: HandshakeAllThreads (Deoptimize)
Event: 1.036 Executing VM operation: HandshakeAllThreads (Deoptimize) done
Event: 1.103 Executing VM operation: HandshakeAllThreads (Deoptimize)
Event: 1.103 Executing VM operation: HandshakeAllThreads (Deoptimize) done
Event: 2.104 Executing VM operation: Cleanup
Event: 2.104 Executing VM operation: Cleanup done

Memory protections (0 events):
No events

Nmethod flushes (0 events):
No events

Events (20 events):
Event: 0.063 Thread 0x0000027146014270 Thread added: 0x000002716525d1d0
Event: 0.063 Thread 0x0000027146014270 Thread added: 0x000002716525def0
Event: 0.063 Thread 0x0000027146014270 Thread added: 0x0000027165298130
Event: 0.063 Thread 0x0000027146014270 Thread added: 0x00000271652a0080
Event: 0.076 Thread 0x0000027146014270 Thread added: 0x000002716525e580
Event: 0.100 Thread 0x00000271652a0080 Thread added: 0x00000271653c95b0
Event: 0.100 Thread 0x00000271652a0080 Thread added: 0x0000027165400400
Event: 0.155 Thread 0x0000027146014270 Thread added: 0x000002716525d860
Event: 0.155 Thread 0x0000027146014270 Thread added: 0x0000027165cc8020
Event: 0.376 Thread 0x0000027146014270 Thread added: 0x0000027165cca780
Event: 0.521 Thread 0x0000027165400400 Thread exited: 0x0000027165400400
Event: 0.521 Thread 0x00000271653c95b0 Thread exited: 0x00000271653c95b0
Event: 0.598 Thread 0x0000027146014270 Thread added: 0x0000027165ccae10
Event: 0.600 Thread 0x0000027146014270 Thread added: 0x0000027165ccbb30
Event: 0.715 Thread 0x0000027165ccb4a0 Thread added: 0x0000027165ccb4a0
Event: 0.743 Thread 0x0000027146014270 Thread added: 0x0000027165cc9a60
Event: 1.046 Thread 0x00000271652a0080 Thread added: 0x0000027170583390
Event: 1.319 Thread 0x0000027170583390 Thread exited: 0x0000027170583390
Event: 2.510 Thread 0x0000027165298130 Thread added: 0x0000027170580ab0
Event: 2.594 Thread 0x0000027165ccbb30 Thread added: 0x0000027165cc86b0


Dynamic libraries:
0x00007ff606080000 - 0x00007ff60608e000 	C:\Users\ninja\.jdks\corretto-21.0.8\bin\java.exe
0x00007ffb6e580000 - 0x00007ffb6e7e8000 	C:\Windows\SYSTEM32\ntdll.dll
0x00007ffb6d1a0000 - 0x00007ffb6d269000 	C:\Windows\System32\KERNEL32.DLL
0x00007ffb6b950000 - 0x00007ffb6bd42000 	C:\Windows\System32\KERNELBASE.dll
0x00007ffb6bd50000 - 0x00007ffb6be9b000 	C:\Windows\System32\ucrtbase.dll
0x00007ffb559b0000 - 0x00007ffb559c8000 	C:\Users\ninja\.jdks\corretto-21.0.8\bin\jli.dll
0x00007ffb55810000 - 0x00007ffb5582b000 	C:\Users\ninja\.jdks\corretto-21.0.8\bin\VCRUNTIME140.dll
0x00007ffb6cfd0000 - 0x00007ffb6d195000 	C:\Windows\System32\USER32.dll
0x00007ffb6b710000 - 0x00007ffb6b737000 	C:\Windows\System32\win32u.dll
0x00007ffb6e510000 - 0x00007ffb6e53b000 	C:\Windows\System32\GDI32.dll
0x00007ffb44c40000 - 0x00007ffb44ed3000 	C:\Windows\WinSxS\amd64_microsoft.windows.common-controls_6595b64144ccf1df_6.0.26100.6899_none_3e0efeeae32e88c1\COMCTL32.dll
0x00007ffb6c010000 - 0x00007ffb6c13d000 	C:\Windows\System32\gdi32full.dll
0x00007ffb6ce20000 - 0x00007ffb6cec9000 	C:\Windows\System32\msvcrt.dll
0x00007ffb6c140000 - 0x00007ffb6c1e3000 	C:\Windows\System32\msvcp_win.dll
0x00007ffb6ccd0000 - 0x00007ffb6ccff000 	C:\Windows\System32\IMM32.DLL
0x00007ffb62db0000 - 0x00007ffb62dbc000 	C:\Users\ninja\.jdks\corretto-21.0.8\bin\vcruntime140_1.dll
0x00007ffb520d0000 - 0x00007ffb5215d000 	C:\Users\ninja\.jdks\corretto-21.0.8\bin\msvcp140.dll
0x00007ffaefdc0000 - 0x00007ffaf0b67000 	C:\Users\ninja\.jdks\corretto-21.0.8\bin\server\jvm.dll
0x00007ffb6d270000 - 0x00007ffb6d324000 	C:\Windows\System32\ADVAPI32.dll
0x00007ffb6cbb0000 - 0x00007ffb6cc56000 	C:\Windows\System32\sechost.dll
0x00007ffb6e3f0000 - 0x00007ffb6e508000 	C:\Windows\System32\RPCRT4.dll
0x00007ffb6d3b0000 - 0x00007ffb6d424000 	C:\Windows\System32\WS2_32.dll
0x00007ffb6b570000 - 0x00007ffb6b5ce000 	C:\Windows\SYSTEM32\POWRPROF.dll
0x00007ffb4aac0000 - 0x00007ffb4aacb000 	C:\Windows\SYSTEM32\VERSION.dll
0x00007ffb50820000 - 0x00007ffb50855000 	C:\Windows\SYSTEM32\WINMM.dll
0x00007ffb6b550000 - 0x00007ffb6b564000 	C:\Windows\SYSTEM32\UMPDC.dll
0x00007ffb6a4e0000 - 0x00007ffb6a4fb000 	C:\Windows\SYSTEM32\kernel.appcore.dll
0x00007ffb55e10000 - 0x00007ffb55e1a000 	C:\Users\ninja\.jdks\corretto-21.0.8\bin\jimage.dll
0x00007ffb68e50000 - 0x00007ffb69092000 	C:\Windows\SYSTEM32\DBGHELP.DLL
0x00007ffb6e000000 - 0x00007ffb6e37b000 	C:\Windows\System32\combase.dll
0x00007ffb6d820000 - 0x00007ffb6d8f7000 	C:\Windows\System32\OLEAUT32.dll
0x00007ffb4a930000 - 0x00007ffb4a96c000 	C:\Windows\SYSTEM32\dbgcore.DLL
0x00007ffb6c1f0000 - 0x00007ffb6c288000 	C:\Windows\System32\bcryptPrimitives.dll
0x00007ffb55600000 - 0x00007ffb5560e000 	C:\Users\ninja\.jdks\corretto-21.0.8\bin\instrument.dll
0x00007ffb551f0000 - 0x00007ffb5520f000 	C:\Users\ninja\.jdks\corretto-21.0.8\bin\java.dll
0x00007ffb6c450000 - 0x00007ffb6cb9d000 	C:\Windows\System32\SHELL32.dll
0x00007ffb6bea0000 - 0x00007ffb6c00b000 	C:\Windows\System32\wintypes.dll
0x00007ffb69210000 - 0x00007ffb69a6d000 	C:\Windows\SYSTEM32\windows.storage.dll
0x00007ffb6c350000 - 0x00007ffb6c442000 	C:\Windows\System32\SHCORE.dll
0x00007ffb6e380000 - 0x00007ffb6e3e2000 	C:\Windows\System32\shlwapi.dll
0x00007ffb6b630000 - 0x00007ffb6b659000 	C:\Windows\SYSTEM32\profapi.dll
0x00007ffb51ff0000 - 0x00007ffb520c7000 	C:\Users\ninja\.jdks\corretto-21.0.8\bin\jsvml.dll
0x00007ffb54fc0000 - 0x00007ffb54fd0000 	C:\Users\ninja\.jdks\corretto-21.0.8\bin\net.dll
0x00007ffb57140000 - 0x00007ffb5725f000 	C:\Windows\SYSTEM32\WINHTTP.dll
0x00007ffb6aa50000 - 0x00007ffb6aabb000 	C:\Windows\system32\mswsock.dll
0x00007ffb54d20000 - 0x00007ffb54d36000 	C:\Users\ninja\.jdks\corretto-21.0.8\bin\nio.dll
0x00007ffb50ac0000 - 0x00007ffb50ad8000 	C:\Users\ninja\.jdks\corretto-21.0.8\bin\zip.dll
0x0000027143f10000 - 0x0000027143f13000 	C:\Users\ninja\.openjfx\cache\21.0.6+3\amd64\api-ms-win-core-console-l1-1-0.dll
0x0000027145f10000 - 0x0000027145f13000 	C:\Users\ninja\.openjfx\cache\21.0.6+3\amd64\api-ms-win-core-console-l1-2-0.dll
0x0000027145f20000 - 0x0000027145f23000 	C:\Users\ninja\.openjfx\cache\21.0.6+3\amd64\api-ms-win-core-datetime-l1-1-0.dll
0x0000027145f30000 - 0x0000027145f33000 	C:\Users\ninja\.openjfx\cache\21.0.6+3\amd64\api-ms-win-core-debug-l1-1-0.dll
0x0000027145f40000 - 0x0000027145f43000 	C:\Users\ninja\.openjfx\cache\21.0.6+3\amd64\api-ms-win-core-errorhandling-l1-1-0.dll
0x0000027145f50000 - 0x0000027145f54000 	C:\Users\ninja\.openjfx\cache\21.0.6+3\amd64\api-ms-win-core-file-l1-1-0.dll
0x0000027145f60000 - 0x0000027145f63000 	C:\Users\ninja\.openjfx\cache\21.0.6+3\amd64\api-ms-win-core-file-l1-2-0.dll
0x0000027145f70000 - 0x0000027145f73000 	C:\Users\ninja\.openjfx\cache\21.0.6+3\amd64\api-ms-win-core-file-l2-1-0.dll
0x0000027145f80000 - 0x0000027145f83000 	C:\Users\ninja\.openjfx\cache\21.0.6+3\amd64\api-ms-win-core-handle-l1-1-0.dll
0x0000027145f90000 - 0x0000027145f93000 	C:\Users\ninja\.openjfx\cache\21.0.6+3\amd64\api-ms-win-core-heap-l1-1-0.dll
0x0000027145fa0000 - 0x0000027145fa3000 	C:\Users\ninja\.openjfx\cache\21.0.6+3\amd64\api-ms-win-core-interlocked-l1-1-0.dll
0x0000027145fb0000 - 0x0000027145fb3000 	C:\Users\ninja\.openjfx\cache\21.0.6+3\amd64\api-ms-win-core-libraryloader-l1-1-0.dll
0x0000027145fc0000 - 0x0000027145fc3000 	C:\Users\ninja\.openjfx\cache\21.0.6+3\amd64\api-ms-win-core-localization-l1-2-0.dll
0x0000027145fd0000 - 0x0000027145fd3000 	C:\Users\ninja\.openjfx\cache\21.0.6+3\amd64\api-ms-win-core-memory-l1-1-0.dll
0x0000027165ea0000 - 0x0000027165ea3000 	C:\Users\ninja\.openjfx\cache\21.0.6+3\amd64\api-ms-win-core-namedpipe-l1-1-0.dll
0x0000027165eb0000 - 0x0000027165eb3000 	C:\Users\ninja\.openjfx\cache\21.0.6+3\amd64\api-ms-win-core-processenvironment-l1-1-0.dll
0x0000027165ec0000 - 0x0000027165ec3000 	C:\Users\ninja\.openjfx\cache\21.0.6+3\amd64\api-ms-win-core-processthreads-l1-1-0.dll
0x0000027165ed0000 - 0x0000027165ed3000 	C:\Users\ninja\.openjfx\cache\21.0.6+3\amd64\api-ms-win-core-processthreads-l1-1-1.dll
0x0000027165ee0000 - 0x0000027165ee3000 	C:\Users\ninja\.openjfx\cache\21.0.6+3\amd64\api-ms-win-core-profile-l1-1-0.dll
0x0000027165ef0000 - 0x0000027165ef3000 	C:\Users\ninja\.openjfx\cache\21.0.6+3\amd64\api-ms-win-core-rtlsupport-l1-1-0.dll
0x0000027165f00000 - 0x0000027165f03000 	C:\Users\ninja\.openjfx\cache\21.0.6+3\amd64\api-ms-win-core-string-l1-1-0.dll
0x0000027165f10000 - 0x0000027165f13000 	C:\Users\ninja\.openjfx\cache\21.0.6+3\amd64\api-ms-win-core-synch-l1-1-0.dll
0x0000027165f20000 - 0x0000027165f23000 	C:\Users\ninja\.openjfx\cache\21.0.6+3\amd64\api-ms-win-core-synch-l1-2-0.dll
0x0000027165f30000 - 0x0000027165f33000 	C:\Users\ninja\.openjfx\cache\21.0.6+3\amd64\api-ms-win-core-sysinfo-l1-1-0.dll
0x0000027165f40000 - 0x0000027165f43000 	C:\Users\ninja\.openjfx\cache\21.0.6+3\amd64\api-ms-win-core-timezone-l1-1-0.dll
0x0000027165f50000 - 0x0000027165f53000 	C:\Users\ninja\.openjfx\cache\21.0.6+3\amd64\api-ms-win-core-util-l1-1-0.dll
0x0000027165f60000 - 0x0000027165f63000 	C:\Users\ninja\.openjfx\cache\21.0.6+3\amd64\api-ms-win-crt-conio-l1-1-0.dll
0x0000027165f70000 - 0x0000027165f74000 	C:\Users\ninja\.openjfx\cache\21.0.6+3\amd64\api-ms-win-crt-convert-l1-1-0.dll
0x0000027165f80000 - 0x0000027165f83000 	C:\Users\ninja\.openjfx\cache\21.0.6+3\amd64\api-ms-win-crt-environment-l1-1-0.dll
0x0000027165f90000 - 0x0000027165f93000 	C:\Users\ninja\.openjfx\cache\21.0.6+3\amd64\api-ms-win-crt-filesystem-l1-1-0.dll
0x0000027165fa0000 - 0x0000027165fa3000 	C:\Users\ninja\.openjfx\cache\21.0.6+3\amd64\api-ms-win-crt-heap-l1-1-0.dll
0x0000027165fb0000 - 0x0000027165fb3000 	C:\Users\ninja\.openjfx\cache\21.0.6+3\amd64\api-ms-win-crt-locale-l1-1-0.dll
0x0000027165fc0000 - 0x0000027165fc5000 	C:\Users\ninja\.openjfx\cache\21.0.6+3\amd64\api-ms-win-crt-math-l1-1-0.dll
0x0000027165fd0000 - 0x0000027165fd5000 	C:\Users\ninja\.openjfx\cache\21.0.6+3\amd64\api-ms-win-crt-multibyte-l1-1-0.dll
0x0000027165fe0000 - 0x0000027165ff0000 	C:\Users\ninja\.openjfx\cache\21.0.6+3\amd64\api-ms-win-crt-private-l1-1-0.dll
0x0000027165ff0000 - 0x0000027165ff3000 	C:\Users\ninja\.openjfx\cache\21.0.6+3\amd64\api-ms-win-crt-process-l1-1-0.dll
0x000002716afd0000 - 0x000002716afd4000 	C:\Users\ninja\.openjfx\cache\21.0.6+3\amd64\api-ms-win-crt-runtime-l1-1-0.dll
0x000002716afe0000 - 0x000002716afe4000 	C:\Users\ninja\.openjfx\cache\21.0.6+3\amd64\api-ms-win-crt-stdio-l1-1-0.dll
0x000002716aff0000 - 0x000002716aff4000 	C:\Users\ninja\.openjfx\cache\21.0.6+3\amd64\api-ms-win-crt-string-l1-1-0.dll
0x000002716b000000 - 0x000002716b003000 	C:\Users\ninja\.openjfx\cache\21.0.6+3\amd64\api-ms-win-crt-time-l1-1-0.dll
0x000002716b010000 - 0x000002716b013000 	C:\Users\ninja\.openjfx\cache\21.0.6+3\amd64\api-ms-win-crt-utility-l1-1-0.dll
0x00007ffad4e50000 - 0x00007ffad4f4c000 	C:\Users\ninja\.openjfx\cache\21.0.6+3\amd64\ucrtbase.dll
0x00007ffb47f90000 - 0x00007ffb47fab000 	C:\Users\ninja\.openjfx\cache\21.0.6+3\amd64\vcruntime140.dll
0x00007ffb54fb0000 - 0x00007ffb54fbc000 	C:\Users\ninja\.openjfx\cache\21.0.6+3\amd64\vcruntime140_1.dll
0x00007ffaeef50000 - 0x00007ffaeefde000 	C:\Users\ninja\.openjfx\cache\21.0.6+3\amd64\msvcp140.dll
0x00007ffb50ab0000 - 0x00007ffb50ab9000 	C:\Users\ninja\.openjfx\cache\21.0.6+3\amd64\msvcp140_1.dll
0x00007ffb03e50000 - 0x00007ffb03e91000 	C:\Users\ninja\.openjfx\cache\21.0.6+3\amd64\msvcp140_2.dll
0x00007ffaf5350000 - 0x00007ffaf5380000 	C:\Users\ninja\.openjfx\cache\21.0.6+3\amd64\prism_d3d.dll
0x00007ffb518f0000 - 0x00007ffb51aa0000 	C:\Windows\system32\d3d9.dll
0x00007ffb636b0000 - 0x00007ffb636dd000 	C:\Windows\SYSTEM32\dwmapi.dll
0x00007ffb634e0000 - 0x00007ffb63524000 	C:\Windows\SYSTEM32\dxcore.dll
0x00007ffb63220000 - 0x00007ffb632ca000 	C:\Windows\system32\uxtheme.dll
0x00007ffaaf2c0000 - 0x00007ffab0bf7000 	C:\Windows\System32\DriverStore\FileRepository\iigd_dch.inf_amd64_fa93a85c69ac1b8b\igd9trinity64.dll
0x00007ffb6d900000 - 0x00007ffb6da98000 	C:\Windows\System32\ole32.dll
0x00007ffb63530000 - 0x00007ffb6366b000 	C:\Windows\system32\dxgi.dll
0x00007ffb5cd70000 - 0x00007ffb5d301000 	C:\Windows\System32\DriverStore\FileRepository\iigd_dch.inf_amd64_fa93a85c69ac1b8b\igdgmm64.dll
0x00007ffb57c40000 - 0x00007ffb5ccb0000 	C:\Windows\System32\DriverStore\FileRepository\iigd_dch.inf_amd64_fa93a85c69ac1b8b\igc64.dll
0x00007ffb57670000 - 0x00007ffb576be000 	C:\Windows\SYSTEM32\ControlLib.dll
0x00007ffb6b290000 - 0x00007ffb6b2e7000 	C:\Windows\SYSTEM32\CFGMGR32.dll
0x00007ffb26780000 - 0x00007ffb2682c000 	C:\Windows\System32\DriverStore\FileRepository\iigd_dch.inf_amd64_fa93a85c69ac1b8b\IntelControlLib.dll
0x00007ffb60460000 - 0x00007ffb604c3000 	C:\Windows\SYSTEM32\directxdatabasehelper.dll
0x00007ffaadbc0000 - 0x00007ffaaf2c0000 	C:\Windows\System32\DriverStore\FileRepository\iigd_dch.inf_amd64_fa93a85c69ac1b8b\igd9dxva64.dll
0x00007ffb6db70000 - 0x00007ffb6dff8000 	C:\Windows\System32\SETUPAPI.dll
0x00007ffb402f0000 - 0x00007ffb42362000 	C:\Windows\System32\DriverStore\FileRepository\iigd_dch.inf_amd64_fa93a85c69ac1b8b\media_bin_64.dll
0x00007ffaf5300000 - 0x00007ffaf5342000 	C:\Users\ninja\.openjfx\cache\21.0.6+3\amd64\glass.dll
0x00007ffb6cd10000 - 0x00007ffb6ce03000 	C:\Windows\System32\COMDLG32.dll
0x00007ffb6d450000 - 0x00007ffb6d5ab000 	C:\Windows\System32\MSCTF.dll
0x00007ffb572e0000 - 0x00007ffb57484000 	C:\Windows\System32\DriverStore\FileRepository\iigd_dch.inf_amd64_fa93a85c69ac1b8b\igdml64.dll
0x00007ffb4e050000 - 0x00007ffb4e078000 	C:\Windows\System32\DriverStore\FileRepository\iigd_dch.inf_amd64_fa93a85c69ac1b8b\igdinfo64.dll
0x00007ffaeef30000 - 0x00007ffaeef45000 	C:\Users\ninja\.openjfx\cache\21.0.6+3\amd64\javafx_font.dll
0x00007ffb61990000 - 0x00007ffb61bf7000 	C:\Windows\SYSTEM32\dwrite.dll
0x00007ffb6ced0000 - 0x00007ffb6cf81000 	C:\Windows\System32\clbcatq.dll
0x00007ffb61750000 - 0x00007ffb61980000 	C:\Windows\SYSTEM32\WindowsCodecs.dll
0x00007ffb55bb0000 - 0x00007ffb55c0a000 	C:\Windows\system32\dataexchange.dll
0x00007ffb4fdc0000 - 0x00007ffb50005000 	C:\Windows\system32\twinapi.appcore.dll
0x00007ffae6670000 - 0x00007ffae669c000 	C:\Program Files\Common Files\Microsoft Shared\Ink\rtscom.dll
0x00007ffb4f0f0000 - 0x00007ffb4f23a000 	C:\Windows\SYSTEM32\textinputframework.dll
0x00007ffb355f0000 - 0x00007ffb3566a000 	C:\Windows\system32\Oleacc.dll

JVMTI agents:
C:\Users\ninja\IntelliJ IDEA 2025.2.1\lib\idea_rt.jar path:C:\Users\ninja\.jdks\corretto-21.0.8\bin\instrument.dll, loaded, initialized, instrumentlib options:64833

dbghelp: loaded successfully - version: 4.0.5 - missing functions: none
symbol engine: initialized successfully - sym options: 0x614 - pdb path: .;C:\Users\ninja\.jdks\corretto-21.0.8\bin;C:\Windows\SYSTEM32;C:\Windows\WinSxS\amd64_microsoft.windows.common-controls_6595b64144ccf1df_6.0.26100.6899_none_3e0efeeae32e88c1;C:\Users\ninja\.jdks\corretto-21.0.8\bin\server;C:\Users\ninja\.openjfx\cache\21.0.6+3\amd64;C:\Windows\System32\DriverStore\FileRepository\iigd_dch.inf_amd64_fa93a85c69ac1b8b;C:\Program Files\Common Files\Microsoft Shared\Ink

VM Arguments:
jvm_args: -javaagent:C:\Users\ninja\IntelliJ IDEA 2025.2.1\lib\idea_rt.jar=64833 -Dfile.encoding=UTF-8 -Dsun.stdout.encoding=UTF-8 -Dsun.stderr.encoding=UTF-8 --module-path=C:\Users\ninja\.m2\repository\org\openjfx\javafx-base\21.0.6\javafx-base-21.0.6-win.jar;C:\Users\ninja\.m2\repository\org\openjfx\javafx-graphics\21.0.6\javafx-graphics-21.0.6-win.jar;C:\Users\ninja\.m2\repository\org\openjfx\javafx-controls\21.0.6\javafx-controls-21.0.6-win.jar;C:\Users\ninja\.m2\repository\org\openjfx\javafx-fxml\21.0.6\javafx-fxml-21.0.6-win.jar;C:\Users\ninja\IdeaProjects\DinoGame\target\classes -Djdk.module.main=com.example.dinogame 
java_command: com.example.dinogame/com.example.dinogame.DinoGame
java_class_path (initial): C:\Users\ninja\.m2\repository\org\openjfx\javafx-controls\21.0.6\javafx-controls-21.0.6.jar;C:\Users\ninja\.m2\repository\org\openjfx\javafx-graphics\21.0.6\javafx-graphics-21.0.6.jar;C:\Users\ninja\.m2\repository\org\openjfx\javafx-base\21.0.6\javafx-base-21.0.6.jar;C:\Users\ninja\.m2\repository\org\openjfx\javafx-fxml\21.0.6\javafx-fxml-21.0.6.jar
Launcher Type: SUN_STANDARD

[Global flags]
     intx CICompilerCount                          = 4                                         {product} {ergonomic}
     uint ConcGCThreads                            = 2                                         {product} {ergonomic}
     uint G1ConcRefinementThreads                  = 8                                         {product} {ergonomic}
   size_t G1HeapRegionSize                         = 2097152                                   {product} {ergonomic}
    uintx GCDrainStackTargetSize                   = 64                                        {product} {ergonomic}
   size_t InitialHeapSize                          = 262144000                                 {product} {ergonomic}
   size_t MarkStackSize                            = 4194304                                   {product} {ergonomic}
   size_t MaxHeapSize                              = 4173332480                                {product} {ergonomic}
   size_t MaxNewSize                               = 2503999488                                {product} {ergonomic}
   size_t MinHeapDeltaBytes                        = 2097152                                   {product} {ergonomic}
   size_t MinHeapSize                              = 8388608                                   {product} {ergonomic}
    uintx NonNMethodCodeHeapSize                   = 5839372                                {pd product} {ergonomic}
    uintx NonProfiledCodeHeapSize                  = 122909434                              {pd product} {ergonomic}
    uintx ProfiledCodeHeapSize                     = 122909434                              {pd product} {ergonomic}
    uintx ReservedCodeCacheSize                    = 251658240                              {pd product} {ergonomic}
     bool SegmentedCodeCache                       = true                                      {product} {ergonomic}
   size_t SoftMaxHeapSize                          = 4173332480                             {manageable} {ergonomic}
     bool UseCompressedOops                        = true                           {product lp64_product} {ergonomic}
     bool UseG1GC                                  = true                                      {product} {ergonomic}
     bool UseLargePagesIndividualAllocation        = false                                  {pd product} {ergonomic}

Logging:
Log output configuration:
 #0: stdout all=warning uptime,level,tags foldmultilines=false
 #1: stderr all=off uptime,level,tags foldmultilines=false

Environment Variables:
PATH=C:\Program Files (x86)\Common Files\Oracle\Java\javapath;C:\Program Files (x86)\NVIDIA Corporation\PhysX\Common;C:\Windows\system32;C:\Windows;C:\Windows\System32\Wbem;C:\Windows\System32\WindowsPowerShell\v1.0\;C:\Windows\System32\OpenSSH\;C:\Program Files\dotnet\;C:\Program Files\7-Zip;C:\Users\ninja\AppData\Local\Microsoft\WindowsApps;C:\Users\ninja\AppData\Local\Programs\Microsoft VS Code\bin
USERNAME=ninja
OS=Windows_NT
PROCESSOR_IDENTIFIER=Intel64 Family 6 Model 189 Stepping 1, GenuineIntel
TMP=C:\Users\ninja\AppData\Local\Temp
TEMP=C:\Users\ninja\AppData\Local\Temp




Periodic native trim disabled

---------------  S Y S T E M  ---------------

OS:
 Windows 11 , 64 bit Build 26100 (10.0.26100.6725)
OS uptime: 7 days 14:37 hours
Hyper-V role detected

CPU: total 8 (initial active 8) (8 cores per cpu, 1 threads per core) family 6 model 189 stepping 1 microcode 0x11c, cx8, cmov, fxsr, mmx, 3dnowpref, sse, sse2, sse3, ssse3, sse4.1, sse4.2, popcnt, lzcnt, tsc, tscinvbit, avx, avx2, aes, erms, clmul, bmi1, bmi2, adx, sha, fma, vzeroupper, clflush, clflushopt, clwb, hv, serialize, rdtscp, rdpid, fsrm, f16c, cet_ibt, cet_ss
Processor Information for processor 0
  Max Mhz: 2100, Current Mhz: 2100, Mhz Limit: 2100
Processor Information for processor 1
  Max Mhz: 2100, Current Mhz: 2100, Mhz Limit: 2100
Processor Information for processor 2
  Max Mhz: 2100, Current Mhz: 2100, Mhz Limit: 2100
Processor Information for processor 3
  Max Mhz: 2100, Current Mhz: 2100, Mhz Limit: 2100
Processor Information for processor 4
  Max Mhz: 2100, Current Mhz: 2000, Mhz Limit: 2100
Processor Information for processor 5
  Max Mhz: 2100, Current Mhz: 2000, Mhz Limit: 2100
Processor Information for processor 6
  Max Mhz: 2100, Current Mhz: 2000, Mhz Limit: 2100
Processor Information for processor 7
  Max Mhz: 2100, Current Mhz: 2000, Mhz Limit: 2100

Memory: 4k page, system-wide physical 15914M (2363M free)
TotalPageFile size 25642M (AvailPageFile size 7915M)
current process WorkingSet (physical memory assigned to process): 280M, peak: 280M
current process commit charge ("private bytes"): 527M, peak: 527M

vm_info: OpenJDK 64-Bit Server VM (21.0.8+9-LTS) for windows-amd64 JRE (21.0.8+9-LTS), built on 2025-07-09T19:22:31Z by "Administrator" with MS VC++ 16.10 / 16.11 (VS2019)

END.
