#
# A fatal error has been detected by the Java Runtime Environment:
#
#  EXCEPTION_ACCESS_VIOLATION (0xc0000005) at pc=0x00007ffade961e74, pid=15620, tid=15216
#
# JRE version: OpenJDK Runtime Environment Corretto-21.0.8.9.1 (21.0.8+9) (build 21.0.8+9-LTS)
# Java VM: OpenJDK 64-Bit Server VM Corretto-21.0.8.9.1 (21.0.8+9-LTS, mixed mode, sharing, tiered, compressed oops, compressed class ptrs, g1 gc, windows-amd64)
# Problematic frame:
# C  [igd9trinity64.dll+0xd11e74]
#
# No core dump will be written. Minidumps are not enabled by default on client versions of Windows
#
# If you would like to submit a bug report, please visit:
#   https://github.com/corretto/corretto-21/issues/
# The crash happened outside the Java Virtual Machine in native code.
# See problematic frame for where to report the bug.
#

---------------  S U M M A R Y ------------

Command Line: -javaagent:C:\Users\ninja\IntelliJ IDEA 2025.2.1\lib\idea_rt.jar=52357 -Dfile.encoding=UTF-8 -Dsun.stdout.encoding=UTF-8 -Dsun.stderr.encoding=UTF-8 --module-path=C:\Users\ninja\.m2\repository\org\openjfx\javafx-controls\21.0.6\javafx-controls-21.0.6-win.jar;C:\Users\ninja\.m2\repository\org\openjfx\javafx-graphics\21.0.6\javafx-graphics-21.0.6-win.jar;C:\Users\ninja\IdeaProjects\DinoGame\target\classes;C:\Users\ninja\.m2\repository\org\openjfx\javafx-base\21.0.6\javafx-base-21.0.6-win.jar;C:\Users\ninja\.m2\repository\org\openjfx\javafx-fxml\21.0.6\javafx-fxml-21.0.6-win.jar -Djdk.module.main=com.example.dinogame com.example.dinogame/com.example.dinogame.DinoGame

Host: Intel(R) Core(TM) Ultra 5 226V, 8 cores, 15G,  Windows 11 , 64 bit Build 26100 (10.0.26100.6725)
Time: Sat Oct 25 14:09:18 2025 Central Asia Standard Time elapsed time: 1.160796 seconds (0d 0h 0m 1s)

---------------  T H R E A D  ---------------

Current thread (0x0000026950ad10d0):  JavaThread "QuantumRenderer-0" daemon [_thread_in_native, id=15216, stack(0x000000bbca700000,0x000000bbca800000) (1024K)]

Stack: [0x000000bbca700000,0x000000bbca800000],  sp=0x000000bbca7fe0c0,  free space=1016k
Native frames: (J=compiled Java code, j=interpreted, Vv=VM code, C=native code)
C  [igd9trinity64.dll+0xd11e74]

Java frames: (J=compiled Java code, j=interpreted, Vv=VM code)
j  com.sun.prism.d3d.D3DSwapChain.nPresent(JJ)I+0 javafx.graphics@21.0.6
j  com.sun.prism.d3d.D3DSwapChain.present()Z+25 javafx.graphics@21.0.6
j  com.sun.javafx.tk.quantum.PresentingPainter.run()V+451 javafx.graphics@21.0.6
j  java.util.concurrent.Executors$RunnableAdapter.call()Ljava/lang/Object;+4 java.base@21.0.8
j  java.util.concurrent.FutureTask.runAndReset()Z+44 java.base@21.0.8
j  com.sun.javafx.tk.RenderJob.run()V+1 javafx.graphics@21.0.6
j  java.util.concurrent.ThreadPoolExecutor.runWorker(Ljava/util/concurrent/ThreadPoolExecutor$Worker;)V+92 java.base@21.0.8
j  java.util.concurrent.ThreadPoolExecutor$Worker.run()V+5 java.base@21.0.8
j  com.sun.javafx.tk.quantum.QuantumRenderer$PipelineRunnable.run()V+8 javafx.graphics@21.0.6
j  java.lang.Thread.runWith(Ljava/lang/Object;Ljava/lang/Runnable;)V+5 java.base@21.0.8
j  java.lang.Thread.run()V+19 java.base@21.0.8
v  ~StubRoutines::call_stub 0x000002694045100d

siginfo: EXCEPTION_ACCESS_VIOLATION (0xc0000005), writing address 0x000000000000000e


Registers:
RAX=0x000000bbca7fe0f0, RBX=0x0000000000000000, RCX=0x0000000000000006, RDX=0xffffffffffffffff
RSP=0x000000bbca7fe0c0, RBP=0x0000000000000000, RSI=0x00000269963e03e8, RDI=0x00000269963e14a0
R8 =0xffffc7e10cfd8ee3, R9 =0x0000000000000062, R10=0x0000000000000000, R11=0x000000bbca7fdfe0
R12=0x0000000000000000, R13=0x000000bbca7fec40, R14=0x000000bbca7fe0f0, R15=0x0000000000000000
RIP=0x00007ffade961e74, EFLAGS=0x0000000000010206

XMM[0]=0x0000000000000000 0x0000000000000000
XMM[1]=0x0000000000000000 0x0000000000000000
XMM[2]=0x0000000000000000 0x0000000000000000
XMM[3]=0x0000000000000000 0x0000000000000000
XMM[4]=0x0000000000000000 0x0000000000000000
XMM[5]=0x0000000000000000 0x0000000000000000
XMM[6]=0x0000000000000000 0x0000000000000090
XMM[7]=0x9f46be6cc219e898 0x7f4881ef1cfaab1c
XMM[8]=0x05812e64b32cd937 0x5120ff6c0aa274b1
XMM[9]=0x2e98492c2e98492c 0x2e98492c96eb053a
XMM[10]=0x0000000000000000 0x000000006852bc0e
XMM[11]=0x149df300149df300 0x149df300ab88f83a
XMM[12]=0x0000000000000000 0x0000000096eb053a
XMM[13]=0x0000000000000000 0x0000000000000000
XMM[14]=0x0000000000000000 0x0000000000000000
XMM[15]=0x0000000000000000 0x0000000000000000
  MXCSR=0x00001fa0


Register to memory mapping:

RAX=0x000000bbca7fe0f0 is pointing into the stack for thread: 0x0000026950ad10d0
RBX=0x0 is null
RCX=0x0000000000000006 is an unknown value
RDX=0xffffffffffffffff is an unknown value
RSP=0x000000bbca7fe0c0 is pointing into the stack for thread: 0x0000026950ad10d0
RBP=0x0 is null
RSI=0x00000269963e03e8 points into unknown readable memory: 0x00000269966fb160 | 60 b1 6f 96 69 02 00 00
RDI=0x00000269963e14a0 points into unknown readable memory: 0x0000000000000000 | 00 00 00 00 00 00 00 00
R8 =0xffffc7e10cfd8ee3 is an unknown value
R9 =0x0000000000000062 is an unknown value
R10=0x0 is null
R11=0x000000bbca7fdfe0 is pointing into the stack for thread: 0x0000026950ad10d0
R12=0x0 is null
R13=0x000000bbca7fec40 is pointing into the stack for thread: 0x0000026950ad10d0
R14=0x000000bbca7fe0f0 is pointing into the stack for thread: 0x0000026950ad10d0
R15=0x0 is null

Top of Stack: (sp=0x000000bbca7fe0c0)
0x000000bbca7fe0c0:   0000000000000000 0000026996c0f4a0
0x000000bbca7fe0d0:   0000000000000000 0000000000000000
0x000000bbca7fe0e0:   0000000000000001 0000026996444860
0x000000bbca7fe0f0:   0000026996c0f4a0 0000000000000000
0x000000bbca7fe100:   0000000100000000 000002699c9f64c0
0x000000bbca7fe110:   000000bbca7fe3a8 0000000000000000
0x000000bbca7fe120:   0000000000000000 0000494e91564dc3
0x000000bbca7fe130:   0000000000000000 0000000000000000
0x000000bbca7fe140:   00000269963e0170 00000269963e0170
0x000000bbca7fe150:   000000bbca7fe260 00007ffade91b1a2
0x000000bbca7fe160:   0000000000000000 00000269963e0170
0x000000bbca7fe170:   0000000000000000 0000026996617e78
0x000000bbca7fe180:   000002699c9f65b0 0000026996444860
0x000000bbca7fe190:   0000000000000000 00007ffb6b99a9d0
0x000000bbca7fe1a0:   000002692ece0000 00007ffb00000000
0x000000bbca7fe1b0:   000002699c9f65b0 0000000000000008
0x000000bbca7fe1c0:   0000000000000000 0000000000000000
0x000000bbca7fe1d0:   000002699c9f65b0 00007ffb485aff30
0x000000bbca7fe1e0:   0000000000000001 00000269966214f0
0x000000bbca7fe1f0:   0000000100000000 000000bbca7fe260
0x000000bbca7fe200:   000000bbca7fe3a8 0000000000000000
0x000000bbca7fe210:   0000000000000000 0000000000000000
0x000000bbca7fe220:   0000000000000000 0000000000000000
0x000000bbca7fe230:   0000000000000000 0000000000000000
0x000000bbca7fe240:   0000000000000001 000000bbca7fe3e8
0x000000bbca7fe250:   000000bbca7fe390 0000000000000000
0x000000bbca7fe260:   00000269963d4ca0 00007ffaddfa4aab
0x000000bbca7fe270:   00000269966216e0 00000269963e0170
0x000000bbca7fe280:   0000000000000000 0000000000000000
0x000000bbca7fe290:   0000000000000000 0000000000000000
0x000000bbca7fe2a0:   0000000000000000 0000000100000004
0x000000bbca7fe2b0:   000000bbca7fe388 0000000000000001 

Instructions: (pc=0x00007ffade961e74)
0x00007ffade961d74:   a5 95 00 48 33 c4 48 89 44 24 68 48 8b f2 48 8b
0x00007ffade961d84:   f9 80 79 01 00 0f 85 a3 01 00 00 45 33 ff 41 8b
0x00007ffade961d94:   ef 41 8b df 0f 1f 84 00 00 00 00 00 4c 39 3e 0f
0x00007ffade961da4:   84 c9 01 00 00 45 33 c9 41 b8 02 00 00 00 48 8d
0x00007ffade961db4:   54 24 38 48 8b 0e e8 41 3d ff ff 4c 8b f0 4c 39
0x00007ffade961dc4:   7c 3b 18 74 31 48 8b 4c 3b 18 48 c7 c2 ff ff ff
0x00007ffade961dd4:   ff f0 48 0f c1 51 08 8d 4a ff f7 c1 ff ff ff 00
0x00007ffade961de4:   75 14 48 8b 4c 3b 18 48 85 c9 74 0a 48 8b 01 ba
0x00007ffade961df4:   01 00 00 00 ff 10 49 8b 06 48 89 44 3b 18 4d 89
0x00007ffade961e04:   3e 48 8b 44 24 38 48 85 c0 74 2b 48 c7 c1 ff ff
0x00007ffade961e14:   ff ff f0 48 0f c1 48 08 8d 41 ff a9 ff ff ff 00
0x00007ffade961e24:   75 14 48 8b 4c 24 38 48 85 c9 74 0a 48 8b 01 ba
0x00007ffade961e34:   01 00 00 00 ff 10 4c 89 7c 24 38 4c 39 3e 0f 84
0x00007ffade961e44:   0e 01 00 00 45 33 c9 41 b8 02 00 00 00 48 8d 54
0x00007ffade961e54:   24 30 48 8b 0e e8 a2 3c ff ff 4c 8b f0 4c 39 7c
0x00007ffade961e64:   3b 20 74 31 48 8b 4c 3b 20 48 c7 c2 ff ff ff ff
0x00007ffade961e74:   f0 48 0f c1 51 08 8d 4a ff f7 c1 ff ff ff 00 75
0x00007ffade961e84:   14 48 8b 4c 3b 20 48 85 c9 74 0a 48 8b 01 ba 01
0x00007ffade961e94:   00 00 00 ff 10 49 8b 06 48 89 44 3b 20 4d 89 3e
0x00007ffade961ea4:   48 8b 44 24 30 48 85 c0 74 2b 48 c7 c1 ff ff ff
0x00007ffade961eb4:   ff f0 48 0f c1 48 08 8d 41 ff a9 ff ff ff 00 75
0x00007ffade961ec4:   14 48 8b 4c 24 30 48 85 c9 74 0a 48 8b 01 ba 01
0x00007ffade961ed4:   00 00 00 ff 10 4c 89 7c 24 30 ff c5 48 83 c3 10
0x00007ffade961ee4:   83 fd 40 0f 82 b3 fe ff ff 4c 39 3e 0f 84 98 00
0x00007ffade961ef4:   00 00 48 8b 06 48 8b 80 30 01 00 00 48 89 44 24
0x00007ffade961f04:   30 48 85 c0 74 08 f0 ff 00 48 8b 44 24 30 48 85
0x00007ffade961f14:   c0 0f 84 8f 00 00 00 8b 88 20 03 00 00 89 4f 10
0x00007ffade961f24:   48 8d 4c 24 30 e8 b2 33 f9 ff c6 47 01 01 c6 07
0x00007ffade961f34:   01 48 8b 4c 24 68 48 33 cc e8 4e 68 1c 00 48 8b
0x00007ffade961f44:   9c 24 b0 00 00 00 48 83 c4 70 41 5f 41 5e 5f 5e
0x00007ffade961f54:   5d c3 48 8d 4c 24 40 e8 00 22 f9 ff 48 8d 15 21
0x00007ffade961f64:   65 95 00 48 8d 4c 24 40 e8 ff bf 1e 00 cc 48 8d 


Stack slot to memory mapping:

stack at sp + 0 slots: 0x0 is null
stack at sp + 1 slots: 0x0000026996c0f4a0 points into unknown readable memory: 0x00007ffadf0ddd80 | 80 dd 0d df fa 7f 00 00
stack at sp + 2 slots: 0x0 is null
stack at sp + 3 slots: 0x0 is null
stack at sp + 4 slots: 0x0000000000000001 is an unknown value
stack at sp + 5 slots: 0x0000026996444860 points into unknown readable memory: 0x0000000080000880 | 80 08 00 80 00 00 00 00
stack at sp + 6 slots: 0x0000026996c0f4a0 points into unknown readable memory: 0x00007ffadf0ddd80 | 80 dd 0d df fa 7f 00 00
stack at sp + 7 slots: 0x0 is null


---------------  P R O C E S S  ---------------

Threads class SMR info:
_java_thread_list=0x000002699ccf4c80, length=18, elements={
0x00000269306f4e00, 0x000002695003c370, 0x000002695003cfc0, 0x0000026950042580,
0x0000026950045390, 0x00000269500493b0, 0x00000269502a8090, 0x00000269502c8f50,
0x00000269502da860, 0x00000269503921d0, 0x0000026950a29190, 0x0000026950be3960,
0x0000026950ad10d0, 0x00000269963cf190, 0x000002699603db00, 0x0000026996a19660,
0x0000026996a4c7e0, 0x000002699cad67a0
}

Java Threads: ( => current thread )
  0x00000269306f4e00 JavaThread "main"                              [_thread_blocked, id=22164, stack(0x000000bbc9200000,0x000000bbc9300000) (1024K)]
  0x000002695003c370 JavaThread "Reference Handler"          daemon [_thread_blocked, id=2328, stack(0x000000bbc9a00000,0x000000bbc9b00000) (1024K)]
  0x000002695003cfc0 JavaThread "Finalizer"                  daemon [_thread_blocked, id=12924, stack(0x000000bbc9b00000,0x000000bbc9c00000) (1024K)]
  0x0000026950042580 JavaThread "Signal Dispatcher"          daemon [_thread_blocked, id=1612, stack(0x000000bbc9c00000,0x000000bbc9d00000) (1024K)]
  0x0000026950045390 JavaThread "Attach Listener"            daemon [_thread_blocked, id=16220, stack(0x000000bbc9d00000,0x000000bbc9e00000) (1024K)]
  0x00000269500493b0 JavaThread "Service Thread"             daemon [_thread_blocked, id=14428, stack(0x000000bbc9e00000,0x000000bbc9f00000) (1024K)]
  0x00000269502a8090 JavaThread "Monitor Deflation Thread"   daemon [_thread_blocked, id=7988, stack(0x000000bbc9f00000,0x000000bbca000000) (1024K)]
  0x00000269502c8f50 JavaThread "C2 CompilerThread0"         daemon [_thread_blocked, id=25284, stack(0x000000bbca000000,0x000000bbca100000) (1024K)]
  0x00000269502da860 JavaThread "C1 CompilerThread0"         daemon [_thread_blocked, id=24356, stack(0x000000bbca100000,0x000000bbca200000) (1024K)]
  0x00000269503921d0 JavaThread "Common-Cleaner"             daemon [_thread_blocked, id=13112, stack(0x000000bbca200000,0x000000bbca300000) (1024K)]
  0x0000026950a29190 JavaThread "Monitor Ctrl-Break"         daemon [_thread_in_native, id=26984, stack(0x000000bbca500000,0x000000bbca600000) (1024K)]
  0x0000026950be3960 JavaThread "Notification Thread"        daemon [_thread_blocked, id=17840, stack(0x000000bbca600000,0x000000bbca700000) (1024K)]
=>0x0000026950ad10d0 JavaThread "QuantumRenderer-0"          daemon [_thread_in_native, id=15216, stack(0x000000bbca700000,0x000000bbca800000) (1024K)]
  0x00000269963cf190 JavaThread "InvokeLaterDispatcher"      daemon [_thread_blocked, id=20916, stack(0x000000bbca300000,0x000000bbca400000) (1024K)]
  0x000002699603db00 JavaThread "JavaFX Application Thread"         [_thread_in_native, id=28504, stack(0x000000bbca400000,0x000000bbca500000) (1024K)]
  0x0000026996a19660 JavaThread "Thread-1"                   daemon [_thread_in_native, id=14680, stack(0x000000bbcb300000,0x000000bbcb400000) (1024K)]
  0x0000026996a4c7e0 JavaThread "JavaFX-Launcher"                   [_thread_blocked, id=868, stack(0x000000bbcb400000,0x000000bbcb500000) (1024K)]
  0x000002699cad67a0 JavaThread "Prism Font Disposer"        daemon [_thread_blocked, id=26520, stack(0x000000bbcbf00000,0x000000bbcc000000) (1024K)]
Total: 18

Other Threads:
  0x0000026950020460 VMThread "VM Thread"                           [id=28492, stack(0x000000bbc9900000,0x000000bbc9a00000) (1024K)]
  0x000002695000cf70 WatcherThread "VM Periodic Task Thread"        [id=7316, stack(0x000000bbc9800000,0x000000bbc9900000) (1024K)]
  0x000002693075ef90 WorkerThread "GC Thread#0"                     [id=11952, stack(0x000000bbc9300000,0x000000bbc9400000) (1024K)]
  0x0000026996aa46d0 WorkerThread "GC Thread#1"                     [id=2936, stack(0x000000bbcb500000,0x000000bbcb600000) (1024K)]
  0x0000026996aa3bf0 WorkerThread "GC Thread#2"                     [id=15420, stack(0x000000bbcb600000,0x000000bbcb700000) (1024K)]
  0x0000026996aa4a70 WorkerThread "GC Thread#3"                     [id=9088, stack(0x000000bbcb700000,0x000000bbcb800000) (1024K)]
  0x0000026996aa3f90 WorkerThread "GC Thread#4"                     [id=15408, stack(0x000000bbcb800000,0x000000bbcb900000) (1024K)]
  0x0000026996aa4330 WorkerThread "GC Thread#5"                     [id=23852, stack(0x000000bbcb900000,0x000000bbcba00000) (1024K)]
  0x000002693076f830 ConcurrentGCThread "G1 Main Marker"            [id=20728, stack(0x000000bbc9400000,0x000000bbc9500000) (1024K)]
  0x0000026930770330 WorkerThread "G1 Conc#0"                       [id=9264, stack(0x000000bbc9500000,0x000000bbc9600000) (1024K)]
  0x000002694fee0050 ConcurrentGCThread "G1 Refine#0"               [id=12500, stack(0x000000bbc9600000,0x000000bbc9700000) (1024K)]
  0x000002694fee1880 ConcurrentGCThread "G1 Service"                [id=1556, stack(0x000000bbc9700000,0x000000bbc9800000) (1024K)]
Total: 12

Threads with active compile tasks:
Total: 0

VM state: not at safepoint (normal execution)

VM Mutex/Monitor currently owned by a thread: None

Heap address: 0x0000000707400000, size: 3980 MB, Compressed Oops mode: Zero based, Oop shift amount: 3

CDS archive(s) mapped at: [0x0000026951000000-0x0000026951c80000-0x0000026951c80000), size 13107200, SharedBaseAddress: 0x0000026951000000, ArchiveRelocationMode: 1.
Compressed class space mapped at: 0x0000026952000000-0x0000026992000000, reserved size: 1073741824
Narrow klass base: 0x0000026951000000, Narrow klass shift: 0, Narrow klass range: 0x100000000

GC Precious Log:
 CardTable entry size: 512
 Card Set container configuration: InlinePtr #cards 4 size 8 Array Of Cards #cards 16 size 48 Howl #buckets 8 coarsen threshold 3686 Howl Bitmap #cards 512 size 80 coarsen threshold 460 Card regions per heap region 1 cards per card region 4096
 CPUs: 8 total, 8 available
 Memory: 15914M
 Large Page Support: Disabled
 NUMA Support: Disabled
 Compressed Oops: Enabled (Zero based)
 Heap Region Size: 2M
 Heap Min Capacity: 8M
 Heap Initial Capacity: 250M
 Heap Max Capacity: 3980M
 Pre-touch: Disabled
 Parallel Workers: 8
 Concurrent Workers: 2
 Concurrent Refinement Workers: 8
 Periodic GC: Disabled

Heap:
 garbage-first heap   total 256000K, used 31402K [0x0000000707400000, 0x0000000800000000)
  region size 2048K, 18 young (36864K), 2 survivors (4096K)
 Metaspace       used 10806K, committed 11072K, reserved 1114112K
  class space    used 1529K, committed 1664K, reserved 1048576K

Heap Regions: E=young(eden), S=young(survivor), O=old, HS=humongous(starts), HC=humongous(continues), CS=collection set, F=free, TAMS=top-at-mark-start, PB=parsable bottom
|   0|0x0000000707400000, 0x0000000707400000, 0x0000000707600000|  0%| F|  |TAMS 0x0000000707400000| PB 0x0000000707400000| Untracked 
|   1|0x0000000707600000, 0x0000000707600000, 0x0000000707800000|  0%| F|  |TAMS 0x0000000707600000| PB 0x0000000707600000| Untracked 
|   2|0x0000000707800000, 0x0000000707800000, 0x0000000707a00000|  0%| F|  |TAMS 0x0000000707800000| PB 0x0000000707800000| Untracked 
|   3|0x0000000707a00000, 0x0000000707a00000, 0x0000000707c00000|  0%| F|  |TAMS 0x0000000707a00000| PB 0x0000000707a00000| Untracked 
|   4|0x0000000707c00000, 0x0000000707c00000, 0x0000000707e00000|  0%| F|  |TAMS 0x0000000707c00000| PB 0x0000000707c00000| Untracked 
|   5|0x0000000707e00000, 0x0000000707e00000, 0x0000000708000000|  0%| F|  |TAMS 0x0000000707e00000| PB 0x0000000707e00000| Untracked 
|   6|0x0000000708000000, 0x0000000708000000, 0x0000000708200000|  0%| F|  |TAMS 0x0000000708000000| PB 0x0000000708000000| Untracked 
|   7|0x0000000708200000, 0x0000000708200000, 0x0000000708400000|  0%| F|  |TAMS 0x0000000708200000| PB 0x0000000708200000| Untracked 
|   8|0x0000000708400000, 0x0000000708400000, 0x0000000708600000|  0%| F|  |TAMS 0x0000000708400000| PB 0x0000000708400000| Untracked 
|   9|0x0000000708600000, 0x0000000708600000, 0x0000000708800000|  0%| F|  |TAMS 0x0000000708600000| PB 0x0000000708600000| Untracked 
|  10|0x0000000708800000, 0x0000000708800000, 0x0000000708a00000|  0%| F|  |TAMS 0x0000000708800000| PB 0x0000000708800000| Untracked 
|  11|0x0000000708a00000, 0x0000000708a00000, 0x0000000708c00000|  0%| F|  |TAMS 0x0000000708a00000| PB 0x0000000708a00000| Untracked 
|  12|0x0000000708c00000, 0x0000000708c00000, 0x0000000708e00000|  0%| F|  |TAMS 0x0000000708c00000| PB 0x0000000708c00000| Untracked 
|  13|0x0000000708e00000, 0x0000000708e00000, 0x0000000709000000|  0%| F|  |TAMS 0x0000000708e00000| PB 0x0000000708e00000| Untracked 
|  14|0x0000000709000000, 0x0000000709000000, 0x0000000709200000|  0%| F|  |TAMS 0x0000000709000000| PB 0x0000000709000000| Untracked 
|  15|0x0000000709200000, 0x0000000709200000, 0x0000000709400000|  0%| F|  |TAMS 0x0000000709200000| PB 0x0000000709200000| Untracked 
|  16|0x0000000709400000, 0x0000000709400000, 0x0000000709600000|  0%| F|  |TAMS 0x0000000709400000| PB 0x0000000709400000| Untracked 
|  17|0x0000000709600000, 0x0000000709600000, 0x0000000709800000|  0%| F|  |TAMS 0x0000000709600000| PB 0x0000000709600000| Untracked 
|  18|0x0000000709800000, 0x0000000709800000, 0x0000000709a00000|  0%| F|  |TAMS 0x0000000709800000| PB 0x0000000709800000| Untracked 
|  19|0x0000000709a00000, 0x0000000709a00000, 0x0000000709c00000|  0%| F|  |TAMS 0x0000000709a00000| PB 0x0000000709a00000| Untracked 
|  20|0x0000000709c00000, 0x0000000709c00000, 0x0000000709e00000|  0%| F|  |TAMS 0x0000000709c00000| PB 0x0000000709c00000| Untracked 
|  21|0x0000000709e00000, 0x0000000709e00000, 0x000000070a000000|  0%| F|  |TAMS 0x0000000709e00000| PB 0x0000000709e00000| Untracked 
|  22|0x000000070a000000, 0x000000070a000000, 0x000000070a200000|  0%| F|  |TAMS 0x000000070a000000| PB 0x000000070a000000| Untracked 
|  23|0x000000070a200000, 0x000000070a200000, 0x000000070a400000|  0%| F|  |TAMS 0x000000070a200000| PB 0x000000070a200000| Untracked 
|  24|0x000000070a400000, 0x000000070a400000, 0x000000070a600000|  0%| F|  |TAMS 0x000000070a400000| PB 0x000000070a400000| Untracked 
|  25|0x000000070a600000, 0x000000070a600000, 0x000000070a800000|  0%| F|  |TAMS 0x000000070a600000| PB 0x000000070a600000| Untracked 
|  26|0x000000070a800000, 0x000000070a800000, 0x000000070aa00000|  0%| F|  |TAMS 0x000000070a800000| PB 0x000000070a800000| Untracked 
|  27|0x000000070aa00000, 0x000000070aa00000, 0x000000070ac00000|  0%| F|  |TAMS 0x000000070aa00000| PB 0x000000070aa00000| Untracked 
|  28|0x000000070ac00000, 0x000000070ac00000, 0x000000070ae00000|  0%| F|  |TAMS 0x000000070ac00000| PB 0x000000070ac00000| Untracked 
|  29|0x000000070ae00000, 0x000000070ae00000, 0x000000070b000000|  0%| F|  |TAMS 0x000000070ae00000| PB 0x000000070ae00000| Untracked 
|  30|0x000000070b000000, 0x000000070b000000, 0x000000070b200000|  0%| F|  |TAMS 0x000000070b000000| PB 0x000000070b000000| Untracked 
|  31|0x000000070b200000, 0x000000070b200000, 0x000000070b400000|  0%| F|  |TAMS 0x000000070b200000| PB 0x000000070b200000| Untracked 
|  32|0x000000070b400000, 0x000000070b400000, 0x000000070b600000|  0%| F|  |TAMS 0x000000070b400000| PB 0x000000070b400000| Untracked 
|  33|0x000000070b600000, 0x000000070b600000, 0x000000070b800000|  0%| F|  |TAMS 0x000000070b600000| PB 0x000000070b600000| Untracked 
|  34|0x000000070b800000, 0x000000070b800000, 0x000000070ba00000|  0%| F|  |TAMS 0x000000070b800000| PB 0x000000070b800000| Untracked 
|  35|0x000000070ba00000, 0x000000070ba00000, 0x000000070bc00000|  0%| F|  |TAMS 0x000000070ba00000| PB 0x000000070ba00000| Untracked 
|  36|0x000000070bc00000, 0x000000070bc00000, 0x000000070be00000|  0%| F|  |TAMS 0x000000070bc00000| PB 0x000000070bc00000| Untracked 
|  37|0x000000070be00000, 0x000000070be00000, 0x000000070c000000|  0%| F|  |TAMS 0x000000070be00000| PB 0x000000070be00000| Untracked 
|  38|0x000000070c000000, 0x000000070c000000, 0x000000070c200000|  0%| F|  |TAMS 0x000000070c000000| PB 0x000000070c000000| Untracked 
|  39|0x000000070c200000, 0x000000070c200000, 0x000000070c400000|  0%| F|  |TAMS 0x000000070c200000| PB 0x000000070c200000| Untracked 
|  40|0x000000070c400000, 0x000000070c400000, 0x000000070c600000|  0%| F|  |TAMS 0x000000070c400000| PB 0x000000070c400000| Untracked 
|  41|0x000000070c600000, 0x000000070c600000, 0x000000070c800000|  0%| F|  |TAMS 0x000000070c600000| PB 0x000000070c600000| Untracked 
|  42|0x000000070c800000, 0x000000070c800000, 0x000000070ca00000|  0%| F|  |TAMS 0x000000070c800000| PB 0x000000070c800000| Untracked 
|  43|0x000000070ca00000, 0x000000070ca00000, 0x000000070cc00000|  0%| F|  |TAMS 0x000000070ca00000| PB 0x000000070ca00000| Untracked 
|  44|0x000000070cc00000, 0x000000070cc00000, 0x000000070ce00000|  0%| F|  |TAMS 0x000000070cc00000| PB 0x000000070cc00000| Untracked 
|  45|0x000000070ce00000, 0x000000070ce00000, 0x000000070d000000|  0%| F|  |TAMS 0x000000070ce00000| PB 0x000000070ce00000| Untracked 
|  46|0x000000070d000000, 0x000000070d000000, 0x000000070d200000|  0%| F|  |TAMS 0x000000070d000000| PB 0x000000070d000000| Untracked 
|  47|0x000000070d200000, 0x000000070d200000, 0x000000070d400000|  0%| F|  |TAMS 0x000000070d200000| PB 0x000000070d200000| Untracked 
|  48|0x000000070d400000, 0x000000070d400000, 0x000000070d600000|  0%| F|  |TAMS 0x000000070d400000| PB 0x000000070d400000| Untracked 
|  49|0x000000070d600000, 0x000000070d600000, 0x000000070d800000|  0%| F|  |TAMS 0x000000070d600000| PB 0x000000070d600000| Untracked 
|  50|0x000000070d800000, 0x000000070d800000, 0x000000070da00000|  0%| F|  |TAMS 0x000000070d800000| PB 0x000000070d800000| Untracked 
|  51|0x000000070da00000, 0x000000070da00000, 0x000000070dc00000|  0%| F|  |TAMS 0x000000070da00000| PB 0x000000070da00000| Untracked 
|  52|0x000000070dc00000, 0x000000070dc00000, 0x000000070de00000|  0%| F|  |TAMS 0x000000070dc00000| PB 0x000000070dc00000| Untracked 
|  53|0x000000070de00000, 0x000000070de00000, 0x000000070e000000|  0%| F|  |TAMS 0x000000070de00000| PB 0x000000070de00000| Untracked 
|  54|0x000000070e000000, 0x000000070e000000, 0x000000070e200000|  0%| F|  |TAMS 0x000000070e000000| PB 0x000000070e000000| Untracked 
|  55|0x000000070e200000, 0x000000070e200000, 0x000000070e400000|  0%| F|  |TAMS 0x000000070e200000| PB 0x000000070e200000| Untracked 
|  56|0x000000070e400000, 0x000000070e400000, 0x000000070e600000|  0%| F|  |TAMS 0x000000070e400000| PB 0x000000070e400000| Untracked 
|  57|0x000000070e600000, 0x000000070e600000, 0x000000070e800000|  0%| F|  |TAMS 0x000000070e600000| PB 0x000000070e600000| Untracked 
|  58|0x000000070e800000, 0x000000070e800000, 0x000000070ea00000|  0%| F|  |TAMS 0x000000070e800000| PB 0x000000070e800000| Untracked 
|  59|0x000000070ea00000, 0x000000070ea00000, 0x000000070ec00000|  0%| F|  |TAMS 0x000000070ea00000| PB 0x000000070ea00000| Untracked 
|  60|0x000000070ec00000, 0x000000070ec00000, 0x000000070ee00000|  0%| F|  |TAMS 0x000000070ec00000| PB 0x000000070ec00000| Untracked 
|  61|0x000000070ee00000, 0x000000070ee00000, 0x000000070f000000|  0%| F|  |TAMS 0x000000070ee00000| PB 0x000000070ee00000| Untracked 
|  62|0x000000070f000000, 0x000000070f000000, 0x000000070f200000|  0%| F|  |TAMS 0x000000070f000000| PB 0x000000070f000000| Untracked 
|  63|0x000000070f200000, 0x000000070f200000, 0x000000070f400000|  0%| F|  |TAMS 0x000000070f200000| PB 0x000000070f200000| Untracked 
|  64|0x000000070f400000, 0x000000070f400000, 0x000000070f600000|  0%| F|  |TAMS 0x000000070f400000| PB 0x000000070f400000| Untracked 
|  65|0x000000070f600000, 0x000000070f600000, 0x000000070f800000|  0%| F|  |TAMS 0x000000070f600000| PB 0x000000070f600000| Untracked 
|  66|0x000000070f800000, 0x000000070f800000, 0x000000070fa00000|  0%| F|  |TAMS 0x000000070f800000| PB 0x000000070f800000| Untracked 
|  67|0x000000070fa00000, 0x000000070fa00000, 0x000000070fc00000|  0%| F|  |TAMS 0x000000070fa00000| PB 0x000000070fa00000| Untracked 
|  68|0x000000070fc00000, 0x000000070fc00000, 0x000000070fe00000|  0%| F|  |TAMS 0x000000070fc00000| PB 0x000000070fc00000| Untracked 
|  69|0x000000070fe00000, 0x000000070fe00000, 0x0000000710000000|  0%| F|  |TAMS 0x000000070fe00000| PB 0x000000070fe00000| Untracked 
|  70|0x0000000710000000, 0x0000000710000000, 0x0000000710200000|  0%| F|  |TAMS 0x0000000710000000| PB 0x0000000710000000| Untracked 
|  71|0x0000000710200000, 0x0000000710200000, 0x0000000710400000|  0%| F|  |TAMS 0x0000000710200000| PB 0x0000000710200000| Untracked 
|  72|0x0000000710400000, 0x0000000710400000, 0x0000000710600000|  0%| F|  |TAMS 0x0000000710400000| PB 0x0000000710400000| Untracked 
|  73|0x0000000710600000, 0x0000000710600000, 0x0000000710800000|  0%| F|  |TAMS 0x0000000710600000| PB 0x0000000710600000| Untracked 
|  74|0x0000000710800000, 0x0000000710800000, 0x0000000710a00000|  0%| F|  |TAMS 0x0000000710800000| PB 0x0000000710800000| Untracked 
|  75|0x0000000710a00000, 0x0000000710a00000, 0x0000000710c00000|  0%| F|  |TAMS 0x0000000710a00000| PB 0x0000000710a00000| Untracked 
|  76|0x0000000710c00000, 0x0000000710c00000, 0x0000000710e00000|  0%| F|  |TAMS 0x0000000710c00000| PB 0x0000000710c00000| Untracked 
|  77|0x0000000710e00000, 0x0000000710e00000, 0x0000000711000000|  0%| F|  |TAMS 0x0000000710e00000| PB 0x0000000710e00000| Untracked 
|  78|0x0000000711000000, 0x0000000711000000, 0x0000000711200000|  0%| F|  |TAMS 0x0000000711000000| PB 0x0000000711000000| Untracked 
|  79|0x0000000711200000, 0x0000000711200000, 0x0000000711400000|  0%| F|  |TAMS 0x0000000711200000| PB 0x0000000711200000| Untracked 
|  80|0x0000000711400000, 0x0000000711400000, 0x0000000711600000|  0%| F|  |TAMS 0x0000000711400000| PB 0x0000000711400000| Untracked 
|  81|0x0000000711600000, 0x0000000711600000, 0x0000000711800000|  0%| F|  |TAMS 0x0000000711600000| PB 0x0000000711600000| Untracked 
|  82|0x0000000711800000, 0x0000000711800000, 0x0000000711a00000|  0%| F|  |TAMS 0x0000000711800000| PB 0x0000000711800000| Untracked 
|  83|0x0000000711a00000, 0x0000000711a00000, 0x0000000711c00000|  0%| F|  |TAMS 0x0000000711a00000| PB 0x0000000711a00000| Untracked 
|  84|0x0000000711c00000, 0x0000000711c00000, 0x0000000711e00000|  0%| F|  |TAMS 0x0000000711c00000| PB 0x0000000711c00000| Untracked 
|  85|0x0000000711e00000, 0x0000000711e00000, 0x0000000712000000|  0%| F|  |TAMS 0x0000000711e00000| PB 0x0000000711e00000| Untracked 
|  86|0x0000000712000000, 0x0000000712000000, 0x0000000712200000|  0%| F|  |TAMS 0x0000000712000000| PB 0x0000000712000000| Untracked 
|  87|0x0000000712200000, 0x0000000712200000, 0x0000000712400000|  0%| F|  |TAMS 0x0000000712200000| PB 0x0000000712200000| Untracked 
|  88|0x0000000712400000, 0x0000000712400000, 0x0000000712600000|  0%| F|  |TAMS 0x0000000712400000| PB 0x0000000712400000| Untracked 
|  89|0x0000000712600000, 0x0000000712600000, 0x0000000712800000|  0%| F|  |TAMS 0x0000000712600000| PB 0x0000000712600000| Untracked 
|  90|0x0000000712800000, 0x0000000712800000, 0x0000000712a00000|  0%| F|  |TAMS 0x0000000712800000| PB 0x0000000712800000| Untracked 
|  91|0x0000000712a00000, 0x0000000712a00000, 0x0000000712c00000|  0%| F|  |TAMS 0x0000000712a00000| PB 0x0000000712a00000| Untracked 
|  92|0x0000000712c00000, 0x0000000712c00000, 0x0000000712e00000|  0%| F|  |TAMS 0x0000000712c00000| PB 0x0000000712c00000| Untracked 
|  93|0x0000000712e00000, 0x0000000712e00000, 0x0000000713000000|  0%| F|  |TAMS 0x0000000712e00000| PB 0x0000000712e00000| Untracked 
|  94|0x0000000713000000, 0x0000000713000000, 0x0000000713200000|  0%| F|  |TAMS 0x0000000713000000| PB 0x0000000713000000| Untracked 
|  95|0x0000000713200000, 0x0000000713200000, 0x0000000713400000|  0%| F|  |TAMS 0x0000000713200000| PB 0x0000000713200000| Untracked 
|  96|0x0000000713400000, 0x0000000713400000, 0x0000000713600000|  0%| F|  |TAMS 0x0000000713400000| PB 0x0000000713400000| Untracked 
|  97|0x0000000713600000, 0x0000000713600000, 0x0000000713800000|  0%| F|  |TAMS 0x0000000713600000| PB 0x0000000713600000| Untracked 
|  98|0x0000000713800000, 0x0000000713800000, 0x0000000713a00000|  0%| F|  |TAMS 0x0000000713800000| PB 0x0000000713800000| Untracked 
|  99|0x0000000713a00000, 0x0000000713a00000, 0x0000000713c00000|  0%| F|  |TAMS 0x0000000713a00000| PB 0x0000000713a00000| Untracked 
| 100|0x0000000713c00000, 0x0000000713c00000, 0x0000000713e00000|  0%| F|  |TAMS 0x0000000713c00000| PB 0x0000000713c00000| Untracked 
| 101|0x0000000713e00000, 0x0000000713e00000, 0x0000000714000000|  0%| F|  |TAMS 0x0000000713e00000| PB 0x0000000713e00000| Untracked 
| 102|0x0000000714000000, 0x0000000714000000, 0x0000000714200000|  0%| F|  |TAMS 0x0000000714000000| PB 0x0000000714000000| Untracked 
| 103|0x0000000714200000, 0x0000000714200000, 0x0000000714400000|  0%| F|  |TAMS 0x0000000714200000| PB 0x0000000714200000| Untracked 
| 104|0x0000000714400000, 0x0000000714400000, 0x0000000714600000|  0%| F|  |TAMS 0x0000000714400000| PB 0x0000000714400000| Untracked 
| 105|0x0000000714600000, 0x0000000714600000, 0x0000000714800000|  0%| F|  |TAMS 0x0000000714600000| PB 0x0000000714600000| Untracked 
| 106|0x0000000714800000, 0x0000000714800000, 0x0000000714a00000|  0%| F|  |TAMS 0x0000000714800000| PB 0x0000000714800000| Untracked 
| 107|0x0000000714a00000, 0x0000000714a759e8, 0x0000000714c00000| 22%| E|  |TAMS 0x0000000714a00000| PB 0x0000000714a00000| Complete 
| 108|0x0000000714c00000, 0x0000000714e00000, 0x0000000714e00000|100%| E|CS|TAMS 0x0000000714c00000| PB 0x0000000714c00000| Complete 
| 109|0x0000000714e00000, 0x0000000715000000, 0x0000000715000000|100%| E|CS|TAMS 0x0000000714e00000| PB 0x0000000714e00000| Complete 
| 110|0x0000000715000000, 0x0000000715200000, 0x0000000715200000|100%| E|CS|TAMS 0x0000000715000000| PB 0x0000000715000000| Complete 
| 111|0x0000000715200000, 0x0000000715400000, 0x0000000715400000|100%| E|CS|TAMS 0x0000000715200000| PB 0x0000000715200000| Complete 
| 112|0x0000000715400000, 0x00000007154aaa80, 0x0000000715600000| 33%| S|CS|TAMS 0x0000000715400000| PB 0x0000000715400000| Complete 
| 113|0x0000000715600000, 0x0000000715800000, 0x0000000715800000|100%| S|CS|TAMS 0x0000000715600000| PB 0x0000000715600000| Complete 
| 114|0x0000000715800000, 0x0000000715a00000, 0x0000000715a00000|100%| E|  |TAMS 0x0000000715800000| PB 0x0000000715800000| Complete 
| 115|0x0000000715a00000, 0x0000000715c00000, 0x0000000715c00000|100%| E|CS|TAMS 0x0000000715a00000| PB 0x0000000715a00000| Complete 
| 116|0x0000000715c00000, 0x0000000715e00000, 0x0000000715e00000|100%| E|CS|TAMS 0x0000000715c00000| PB 0x0000000715c00000| Complete 
| 117|0x0000000715e00000, 0x0000000716000000, 0x0000000716000000|100%| E|CS|TAMS 0x0000000715e00000| PB 0x0000000715e00000| Complete 
| 118|0x0000000716000000, 0x0000000716200000, 0x0000000716200000|100%| E|CS|TAMS 0x0000000716000000| PB 0x0000000716000000| Complete 
| 119|0x0000000716200000, 0x0000000716400000, 0x0000000716400000|100%| E|CS|TAMS 0x0000000716200000| PB 0x0000000716200000| Complete 
| 120|0x0000000716400000, 0x0000000716600000, 0x0000000716600000|100%| E|CS|TAMS 0x0000000716400000| PB 0x0000000716400000| Complete 
| 121|0x0000000716600000, 0x0000000716800000, 0x0000000716800000|100%| E|CS|TAMS 0x0000000716600000| PB 0x0000000716600000| Complete 
| 122|0x0000000716800000, 0x0000000716a00000, 0x0000000716a00000|100%| E|CS|TAMS 0x0000000716800000| PB 0x0000000716800000| Complete 
| 123|0x0000000716a00000, 0x0000000716c00000, 0x0000000716c00000|100%| E|CS|TAMS 0x0000000716a00000| PB 0x0000000716a00000| Complete 
| 124|0x0000000716c00000, 0x0000000716e00000, 0x0000000716e00000|100%| E|CS|TAMS 0x0000000716c00000| PB 0x0000000716c00000| Complete 

Card table byte_map: [0x0000026949160000,0x0000026949930000] _byte_map_base: 0x0000026945926000

Marking Bits: (CMBitMap*) 0x000002693075f690
 Bits: [0x0000026949930000, 0x000002694d760000)

Polling page: 0x000002692f080000

Metaspace:

Usage:
  Non-class:      9.06 MB used.
      Class:      1.49 MB used.
       Both:     10.55 MB used.

Virtual space:
  Non-class space:       64.00 MB reserved,       9.19 MB ( 14%) committed,  1 nodes.
      Class space:        1.00 GB reserved,       1.62 MB ( <1%) committed,  1 nodes.
             Both:        1.06 GB reserved,      10.81 MB ( <1%) committed. 

Chunk freelists:
   Non-Class:  5.81 MB
       Class:  14.23 MB
        Both:  20.05 MB

MaxMetaspaceSize: unlimited
CompressedClassSpaceSize: 1.00 GB
Initial GC threshold: 21.00 MB
Current GC threshold: 21.00 MB
CDS: on
 - commit_granule_bytes: 65536.
 - commit_granule_words: 8192.
 - virtual_space_node_default_size: 8388608.
 - enlarge_chunks_in_place: 1.
 - use_allocation_guard: 0.


Internal statistics:

num_allocs_failed_limit: 0.
num_arena_births: 230.
num_arena_deaths: 0.
num_vsnodes_births: 2.
num_vsnodes_deaths: 0.
num_space_committed: 173.
num_space_uncommitted: 0.
num_chunks_returned_to_freelist: 0.
num_chunks_taken_from_freelist: 578.
num_chunk_merges: 0.
num_chunk_splits: 393.
num_chunks_enlarged: 285.
num_inconsistent_stats: 0.

CodeHeap 'non-profiled nmethods': size=120000Kb used=604Kb max_used=604Kb free=119396Kb
 bounds [0x00000269409f0000, 0x0000026940c60000, 0x0000026947f20000]
CodeHeap 'profiled nmethods': size=120000Kb used=2615Kb max_used=2615Kb free=117384Kb
 bounds [0x0000026938f20000, 0x00000269391b0000, 0x0000026940450000]
CodeHeap 'non-nmethods': size=5760Kb used=1698Kb max_used=1710Kb free=4061Kb
 bounds [0x0000026940450000, 0x00000269406c0000, 0x00000269409f0000]
CodeCache: size=245760Kb, used=4917Kb, max_used=4929Kb, free=240841Kb
 total_blobs=2261, nmethods=1530, adapters=636, full_count=0
Compilation: enabled, stopped_count=0, restarted_count=0

Compilation events (20 events):
Event: 1.089 Thread 0x00000269502da860 1524       3       java.lang.invoke.LambdaForm::useCount (61 bytes)
Event: 1.089 Thread 0x00000269502da860 nmethod 1524 0x00000269391ac090 code [0x00000269391ac260, 0x00000269391ac5a8]
Event: 1.091 Thread 0x00000269502da860 1525       3       java.util.concurrent.locks.ReentrantLock$Sync::isHeldExclusively (16 bytes)
Event: 1.091 Thread 0x00000269502da860 nmethod 1525 0x00000269391ac790 code [0x00000269391ac940, 0x00000269391acad8]
Event: 1.123 Thread 0x00000269502c8f50 1526       4       java.util.AbstractSet::<init> (5 bytes)
Event: 1.123 Thread 0x00000269502c8f50 nmethod 1526 0x0000026940a86410 code [0x0000026940a865a0, 0x0000026940a86628]
Event: 1.125 Thread 0x00000269502da860 1527       3       java.lang.invoke.BoundMethodHandle$Species_L::<init> (12 bytes)
Event: 1.126 Thread 0x00000269502da860 nmethod 1527 0x00000269391acb90 code [0x00000269391acd40, 0x00000269391acf68]
Event: 1.126 Thread 0x00000269502da860 1528       3       java.lang.StrictMath::floorOrCeil (128 bytes)
Event: 1.126 Thread 0x00000269502da860 nmethod 1528 0x00000269391ad090 code [0x00000269391ad260, 0x00000269391ad6c0]
Event: 1.135 Thread 0x00000269502da860 1529       3       com.sun.javafx.font.directwrite.IUnknown::Release (26 bytes)
Event: 1.135 Thread 0x00000269502da860 nmethod 1529 0x00000269391ad790 code [0x00000269391ad940, 0x00000269391adae8]
Event: 1.135 Thread 0x00000269502da860 1530       1       com.sun.prism.PixelFormat$DataType::getSizeInBytes (5 bytes)
Event: 1.135 Thread 0x00000269502da860 nmethod 1530 0x0000026940a86710 code [0x0000026940a868a0, 0x0000026940a86968]
Event: 1.135 Thread 0x00000269502da860 1531       1       com.sun.prism.PixelFormat::getDataType (5 bytes)
Event: 1.135 Thread 0x00000269502da860 nmethod 1531 0x0000026940a86a10 code [0x0000026940a86ba0, 0x0000026940a86c70]
Event: 1.145 Thread 0x00000269502da860 1532       3       java.nio.ByteBuffer::hasArray (20 bytes)
Event: 1.146 Thread 0x00000269502da860 nmethod 1532 0x00000269391adb90 code [0x00000269391add40, 0x00000269391aded8]
Event: 1.146 Thread 0x00000269502da860 1533       1       com.sun.prism.impl.BaseContext::isDisposed (5 bytes)
Event: 1.146 Thread 0x00000269502da860 nmethod 1533 0x0000026940a86d10 code [0x0000026940a86ea0, 0x0000026940a86f70]

GC Heap History (2 events):
Event: 0.628 GC heap before
{Heap before GC invocations=0 (full 0):
 garbage-first heap   total 256000K, used 20480K [0x0000000707400000, 0x0000000800000000)
  region size 2048K, 11 young (22528K), 0 survivors (0K)
 Metaspace       used 4813K, committed 5056K, reserved 1114112K
  class space    used 500K, committed 576K, reserved 1048576K
}
Event: 0.632 GC heap after
{Heap after GC invocations=1 (full 0):
 garbage-first heap   total 256000K, used 2730K [0x0000000707400000, 0x0000000800000000)
  region size 2048K, 2 young (4096K), 2 survivors (4096K)
 Metaspace       used 4813K, committed 5056K, reserved 1114112K
  class space    used 500K, committed 576K, reserved 1048576K
}

Dll operation events (20 events):
Event: 0.354 Loaded shared library C:\Users\ninja\.openjfx\cache\21.0.6+3\amd64\api-ms-win-crt-locale-l1-1-0.dll
Event: 0.356 Loaded shared library C:\Users\ninja\.openjfx\cache\21.0.6+3\amd64\api-ms-win-crt-math-l1-1-0.dll
Event: 0.357 Loaded shared library C:\Users\ninja\.openjfx\cache\21.0.6+3\amd64\api-ms-win-crt-multibyte-l1-1-0.dll
Event: 0.362 Loaded shared library C:\Users\ninja\.openjfx\cache\21.0.6+3\amd64\api-ms-win-crt-private-l1-1-0.dll
Event: 0.366 Loaded shared library C:\Users\ninja\.openjfx\cache\21.0.6+3\amd64\api-ms-win-crt-process-l1-1-0.dll
Event: 0.368 Loaded shared library C:\Users\ninja\.openjfx\cache\21.0.6+3\amd64\api-ms-win-crt-runtime-l1-1-0.dll
Event: 0.370 Loaded shared library C:\Users\ninja\.openjfx\cache\21.0.6+3\amd64\api-ms-win-crt-stdio-l1-1-0.dll
Event: 0.372 Loaded shared library C:\Users\ninja\.openjfx\cache\21.0.6+3\amd64\api-ms-win-crt-string-l1-1-0.dll
Event: 0.374 Loaded shared library C:\Users\ninja\.openjfx\cache\21.0.6+3\amd64\api-ms-win-crt-time-l1-1-0.dll
Event: 0.376 Loaded shared library C:\Users\ninja\.openjfx\cache\21.0.6+3\amd64\api-ms-win-crt-utility-l1-1-0.dll
Event: 0.388 Loaded shared library C:\Users\ninja\.openjfx\cache\21.0.6+3\amd64\ucrtbase.dll
Event: 0.391 Loaded shared library C:\Users\ninja\.openjfx\cache\21.0.6+3\amd64\vcruntime140.dll
Event: 0.393 Loaded shared library C:\Users\ninja\.openjfx\cache\21.0.6+3\amd64\vcruntime140_1.dll
Event: 0.400 Loaded shared library C:\Users\ninja\.openjfx\cache\21.0.6+3\amd64\msvcp140.dll
Event: 0.402 Loaded shared library C:\Users\ninja\.openjfx\cache\21.0.6+3\amd64\msvcp140_1.dll
Event: 0.406 Loaded shared library C:\Users\ninja\.openjfx\cache\21.0.6+3\amd64\msvcp140_2.dll
Event: 0.436 Loaded shared library C:\Users\ninja\.openjfx\cache\21.0.6+3\amd64\prism_d3d.dll
Event: 0.517 Loaded shared library C:\Users\ninja\.openjfx\cache\21.0.6+3\amd64\glass.dll
Event: 0.684 Loaded shared library C:\Users\ninja\.jdks\corretto-21.0.8\bin\jimage.dll
Event: 0.695 Loaded shared library C:\Users\ninja\.openjfx\cache\21.0.6+3\amd64\javafx_font.dll

Deoptimization events (20 events):
Event: 1.080 Thread 0x0000026950ad10d0 Uncommon trap: trap_request=0xffffffde fr.pc=0x0000026940a51ed0 relative=0x0000000000000b10
Event: 1.080 Thread 0x0000026950ad10d0 Uncommon trap: reason=class_check action=maybe_recompile pc=0x0000026940a51ed0 method=java.io.BufferedInputStream.implRead([BII)I @ 100 c2
Event: 1.080 Thread 0x0000026950ad10d0 DEOPT PACKING pc=0x0000026940a51ed0 sp=0x000000bbca7fde20
Event: 1.080 Thread 0x0000026950ad10d0 DEOPT UNPACKING pc=0x00000269404a46a2 sp=0x000000bbca7fdd78 mode 2
Event: 1.080 Thread 0x0000026950ad10d0 Uncommon trap: trap_request=0xffffff45 fr.pc=0x0000026940a502b4 relative=0x0000000000000094
Event: 1.080 Thread 0x0000026950ad10d0 Uncommon trap: reason=unstable_if action=reinterpret pc=0x0000026940a502b4 method=java.io.BufferedInputStream.getBufIfOpen(Z)[B @ 13 c2
Event: 1.080 Thread 0x0000026950ad10d0 DEOPT PACKING pc=0x0000026940a502b4 sp=0x000000bbca7fdd30
Event: 1.080 Thread 0x0000026950ad10d0 DEOPT UNPACKING pc=0x00000269404a46a2 sp=0x000000bbca7fdcb0 mode 2
Event: 1.080 Thread 0x0000026950ad10d0 Uncommon trap: trap_request=0xffffff45 fr.pc=0x0000026940a51cb0 relative=0x00000000000008f0
Event: 1.080 Thread 0x0000026950ad10d0 Uncommon trap: reason=unstable_if action=reinterpret pc=0x0000026940a51cb0 method=java.io.BufferedInputStream.implRead([BII)I @ 55 c2
Event: 1.080 Thread 0x0000026950ad10d0 DEOPT PACKING pc=0x0000026940a51cb0 sp=0x000000bbca7fde20
Event: 1.080 Thread 0x0000026950ad10d0 DEOPT UNPACKING pc=0x00000269404a46a2 sp=0x000000bbca7fdd78 mode 2
Event: 1.083 Thread 0x0000026950ad10d0 Uncommon trap: trap_request=0xffffffde fr.pc=0x0000026940a4f798 relative=0x00000000000005d8
Event: 1.083 Thread 0x0000026950ad10d0 Uncommon trap: reason=class_check action=maybe_recompile pc=0x0000026940a4f798 method=java.io.BufferedInputStream.implRead([BII)I @ 100 c2
Event: 1.083 Thread 0x0000026950ad10d0 DEOPT PACKING pc=0x0000026940a4f798 sp=0x000000bbca7fdf10
Event: 1.083 Thread 0x0000026950ad10d0 DEOPT UNPACKING pc=0x00000269404a46a2 sp=0x000000bbca7fdee8 mode 2
Event: 1.083 Thread 0x0000026950ad10d0 Uncommon trap: trap_request=0xffffff45 fr.pc=0x0000026940a4f624 relative=0x0000000000000464
Event: 1.083 Thread 0x0000026950ad10d0 Uncommon trap: reason=unstable_if action=reinterpret pc=0x0000026940a4f624 method=java.io.BufferedInputStream.implRead([BII)I @ 55 c2
Event: 1.083 Thread 0x0000026950ad10d0 DEOPT PACKING pc=0x0000026940a4f624 sp=0x000000bbca7fdf10
Event: 1.083 Thread 0x0000026950ad10d0 DEOPT UNPACKING pc=0x00000269404a46a2 sp=0x000000bbca7fdee8 mode 2

Classes loaded (20 events):
Event: 0.984 Loading class java/lang/invoke/BoundMethodHandle$Species_LI
Event: 0.985 Loading class java/lang/invoke/BoundMethodHandle$Species_LI done
Event: 1.039 Loading class java/util/WeakHashMap$EntrySet
Event: 1.039 Loading class java/util/WeakHashMap$EntrySet done
Event: 1.039 Loading class java/util/WeakHashMap$EntryIterator
Event: 1.039 Loading class java/util/WeakHashMap$EntryIterator done
Event: 1.045 Loading class java/util/ConcurrentModificationException
Event: 1.045 Loading class java/util/ConcurrentModificationException done
Event: 1.048 Loading class java/util/concurrent/ConcurrentLinkedQueue
Event: 1.048 Loading class java/util/concurrent/ConcurrentLinkedQueue done
Event: 1.049 Loading class java/util/concurrent/ConcurrentLinkedQueue$Node
Event: 1.049 Loading class java/util/concurrent/ConcurrentLinkedQueue$Node done
Event: 1.088 Loading class java/nio/ShortBuffer
Event: 1.088 Loading class java/nio/ShortBuffer done
Event: 1.088 Loading class java/nio/FloatBuffer
Event: 1.088 Loading class java/nio/FloatBuffer done
Event: 1.088 Loading class java/nio/DoubleBuffer
Event: 1.088 Loading class java/nio/DoubleBuffer done
Event: 1.089 Loading class java/nio/DirectFloatBufferU
Event: 1.089 Loading class java/nio/DirectFloatBufferU done

Classes unloaded (0 events):
No events

Classes redefined (0 events):
No events

Internal exceptions (20 events):
Event: 0.687 Thread 0x000002699603db00 Exception <a 'sun/nio/fs/WindowsException'{0x000000071646a640}> (0x000000071646a640) 
thrown [s\src\hotspot\share\prims\jni.cpp, line 520]
Event: 0.734 Thread 0x000002699603db00 Exception <a 'java/lang/ClassNotFoundException'{0x0000000715ed4c00}: com/sun/glass/ui/win/themes> (0x0000000715ed4c00) 
thrown [s\src\hotspot\share\prims\jni.cpp, line 539]
Event: 0.735 Thread 0x000002699603db00 Exception <a 'java/lang/ClassNotFoundException'{0x0000000715ee0108}: com/sun/glass/ui/win/themes_en> (0x0000000715ee0108) 
thrown [s\src\hotspot\share\prims\jni.cpp, line 539]
Event: 0.735 Thread 0x000002699603db00 Exception <a 'java/lang/ClassNotFoundException'{0x0000000715ee7c70}: com/sun/glass/ui/win/themes_en_US> (0x0000000715ee7c70) 
thrown [s\src\hotspot\share\prims\jni.cpp, line 539]
Event: 0.797 Thread 0x000002699603db00 Exception <a 'java/lang/NoSuchMethodError'{0x0000000715aeddc0}: 'void java.lang.invoke.DirectMethodHandle$Holder.invokeStaticInit(java.lang.Object, java.lang.Object)'> (0x0000000715aeddc0) 
thrown [s\src\hotspot\share\interpreter\linkResolver.cpp, line 773]
Event: 0.801 Thread 0x000002699603db00 Exception <a 'sun/nio/fs/WindowsException'{0x0000000715b01848}> (0x0000000715b01848) 
thrown [s\src\hotspot\share\prims\jni.cpp, line 520]
Event: 0.893 Thread 0x000002699603db00 Implicit null exception at 0x0000026940a5aedd to 0x0000026940a5b188
Event: 0.893 Thread 0x000002699603db00 Implicit null exception at 0x0000026940a587dd to 0x0000026940a58a88
Event: 0.899 Thread 0x000002699603db00 Implicit null exception at 0x0000026940a0e6fd to 0x0000026940a0e9e0
Event: 0.965 Thread 0x000002699603db00 Exception <a 'java/lang/IncompatibleClassChangeError'{0x0000000714ebaf20}: Found class java.lang.Object, but interface was expected> (0x0000000714ebaf20) 
thrown [s\src\hotspot\share\interpreter\linkResolver.cpp, line 840]
Event: 0.984 Thread 0x000002699603db00 Exception <a 'java/lang/NoSuchMethodError'{0x0000000714f691f8}: 'int java.lang.invoke.DirectMethodHandle$Holder.invokeSpecial(java.lang.Object, java.lang.Object, int)'> (0x0000000714f691f8) 
thrown [s\src\hotspot\share\interpreter\linkResolver.cpp, line 773]
Event: 0.984 Thread 0x000002699603db00 Exception <a 'java/lang/NoSuchMethodError'{0x0000000714f70c88}: 'int java.lang.invoke.DirectMethodHandle$Holder.invokeSpecial(java.lang.Object, java.lang.Object, java.lang.Object, int)'> (0x0000000714f70c88) 
thrown [s\src\hotspot\share\interpreter\linkResolver.cpp, line 773]
Event: 0.985 Thread 0x000002699603db00 Exception <a 'java/lang/NoSuchMethodError'{0x0000000714f86270}: 'java.lang.Object java.lang.invoke.DirectMethodHandle$Holder.invokeStatic(java.lang.Object, java.lang.Object, java.lang.Object, java.lang.Object, int)'> (0x0000000714f86270) 
thrown [s\src\hotspot\share\interpreter\linkResolver.cpp, line 773]
Event: 0.986 Thread 0x000002699603db00 Exception <a 'java/lang/NoSuchMethodError'{0x0000000714f8e998}: 'int java.lang.invoke.DirectMethodHandle$Holder.invokeSpecial(java.lang.Object, java.lang.Object, java.lang.Object)'> (0x0000000714f8e998) 
thrown [s\src\hotspot\share\interpreter\linkResolver.cpp, line 773]
Event: 0.996 Thread 0x000002699603db00 Exception <a 'java/lang/NoSuchMethodError'{0x0000000714ffb690}: 'java.lang.Object java.lang.invoke.DirectMethodHandle$Holder.newInvokeSpecial(java.lang.Object, java.lang.Object, int)'> (0x0000000714ffb690) 
thrown [s\src\hotspot\share\interpreter\linkResolver.cpp, line 773]
Event: 1.049 Thread 0x000002699603db00 Exception <a 'java/lang/NoSuchMethodError'{0x0000000714c2b5f8}: 'long java.lang.invoke.DirectMethodHandle$Holder.invokeStatic(java.lang.Object, java.lang.Object, java.lang.Object)'> (0x0000000714c2b5f8) 
thrown [s\src\hotspot\share\interpreter\linkResolver.cpp, line 773]
Event: 1.050 Thread 0x000002699603db00 Exception <a 'java/lang/NoSuchMethodError'{0x0000000714c2ea08}: 'long java.lang.invoke.DirectMethodHandle$Holder.invokeStaticInit(java.lang.Object, java.lang.Object, java.lang.Object)'> (0x0000000714c2ea08) 
thrown [s\src\hotspot\share\interpreter\linkResolver.cpp, line 773]
Event: 1.052 Thread 0x000002699603db00 Exception <a 'java/lang/NoSuchMethodError'{0x0000000714c43cd0}: 'java.lang.Object java.lang.invoke.DirectMethodHandle$Holder.newInvokeSpecial(java.lang.Object, java.lang.Object, long)'> (0x0000000714c43cd0) 
thrown [s\src\hotspot\share\interpreter\linkResolver.cpp, line 773]
Event: 1.052 Thread 0x000002699603db00 Exception <a 'java/lang/NoSuchMethodError'{0x0000000714c47628}: 'java.lang.Object java.lang.invoke.Invokers$Holder.linkToTargetMethod(java.lang.Object, long, java.lang.Object)'> (0x0000000714c47628) 
thrown [s\src\hotspot\share\interpreter\linkResolver.cpp, line 773]
Event: 1.065 Thread 0x0000026950ad10d0 Exception <a 'java/lang/NoSuchMethodError'{0x0000000714cbb1e0}: 'int java.lang.invoke.DirectMethodHandle$Holder.invokeStaticInit(java.lang.Object, java.lang.Object)'> (0x0000000714cbb1e0) 
thrown [s\src\hotspot\share\interpreter\linkResolver.cpp, line 773]

ZGC Phase Switch (0 events):
No events

VM Operations (14 events):
Event: 0.162 Executing VM operation: HandshakeAllThreads (Deoptimize)
Event: 0.162 Executing VM operation: HandshakeAllThreads (Deoptimize) done
Event: 0.162 Executing VM operation: HandshakeAllThreads (Deoptimize)
Event: 0.163 Executing VM operation: HandshakeAllThreads (Deoptimize) done
Event: 0.509 Executing VM operation: HandshakeAllThreads (Deoptimize)
Event: 0.509 Executing VM operation: HandshakeAllThreads (Deoptimize) done
Event: 0.628 Executing VM operation: G1CollectForAllocation (G1 Evacuation Pause)
Event: 0.632 Executing VM operation: G1CollectForAllocation (G1 Evacuation Pause) done
Event: 0.745 Executing VM operation: HandshakeAllThreads (Deoptimize)
Event: 0.745 Executing VM operation: HandshakeAllThreads (Deoptimize) done
Event: 0.805 Executing VM operation: HandshakeAllThreads (Deoptimize)
Event: 0.805 Executing VM operation: HandshakeAllThreads (Deoptimize) done
Event: 0.950 Executing VM operation: ICBufferFull
Event: 0.950 Executing VM operation: ICBufferFull done

Memory protections (0 events):
No events

Nmethod flushes (0 events):
No events

Events (20 events):
Event: 0.053 Thread 0x00000269306f4e00 Thread added: 0x00000269502a8090
Event: 0.053 Thread 0x00000269306f4e00 Thread added: 0x00000269502c8f50
Event: 0.053 Thread 0x00000269306f4e00 Thread added: 0x00000269502da860
Event: 0.078 Thread 0x00000269306f4e00 Thread added: 0x00000269503921d0
Event: 0.104 Thread 0x00000269502da860 Thread added: 0x000002695042d430
Event: 0.115 Thread 0x00000269502da860 Thread added: 0x000002695042f420
Event: 0.188 Thread 0x00000269306f4e00 Thread added: 0x0000026950a29190
Event: 0.188 Thread 0x00000269306f4e00 Thread added: 0x0000026950be3960
Event: 0.428 Thread 0x00000269306f4e00 Thread added: 0x0000026950ad10d0
Event: 0.496 Thread 0x000002695042f420 Thread exited: 0x000002695042f420
Event: 0.498 Thread 0x000002695042d430 Thread exited: 0x000002695042d430
Event: 0.519 Thread 0x00000269306f4e00 Thread added: 0x00000269963cf190
Event: 0.521 Thread 0x00000269306f4e00 Thread added: 0x000002699603db00
Event: 0.626 Thread 0x0000026996a19660 Thread added: 0x0000026996a19660
Event: 0.628 Thread 0x00000269306f4e00 Thread added: 0x0000026996a4c7e0
Event: 0.756 Thread 0x00000269502c8f50 Thread added: 0x0000026996d4c680
Event: 0.780 Thread 0x00000269502da860 Thread added: 0x0000026996b775a0
Event: 0.960 Thread 0x000002699603db00 Thread added: 0x000002699cad67a0
Event: 1.082 Thread 0x0000026996b775a0 Thread exited: 0x0000026996b775a0
Event: 1.082 Thread 0x0000026996d4c680 Thread exited: 0x0000026996d4c680


Dynamic libraries:
0x00007ff706a10000 - 0x00007ff706a1e000 	C:\Users\ninja\.jdks\corretto-21.0.8\bin\java.exe
0x00007ffb6e580000 - 0x00007ffb6e7e8000 	C:\Windows\SYSTEM32\ntdll.dll
0x00007ffb6d1a0000 - 0x00007ffb6d269000 	C:\Windows\System32\KERNEL32.DLL
0x00007ffb6b950000 - 0x00007ffb6bd42000 	C:\Windows\System32\KERNELBASE.dll
0x00007ffb6bd50000 - 0x00007ffb6be9b000 	C:\Windows\System32\ucrtbase.dll
0x00007ffb55610000 - 0x00007ffb5562b000 	C:\Users\ninja\.jdks\corretto-21.0.8\bin\VCRUNTIME140.dll
0x00007ffb60eb0000 - 0x00007ffb60ec8000 	C:\Users\ninja\.jdks\corretto-21.0.8\bin\jli.dll
0x00007ffb6cfd0000 - 0x00007ffb6d195000 	C:\Windows\System32\USER32.dll
0x00007ffb44c40000 - 0x00007ffb44ed3000 	C:\Windows\WinSxS\amd64_microsoft.windows.common-controls_6595b64144ccf1df_6.0.26100.6899_none_3e0efeeae32e88c1\COMCTL32.dll
0x00007ffb6b710000 - 0x00007ffb6b737000 	C:\Windows\System32\win32u.dll
0x00007ffb6ce20000 - 0x00007ffb6cec9000 	C:\Windows\System32\msvcrt.dll
0x00007ffb6e510000 - 0x00007ffb6e53b000 	C:\Windows\System32\GDI32.dll
0x00007ffb6c010000 - 0x00007ffb6c13d000 	C:\Windows\System32\gdi32full.dll
0x00007ffb6c140000 - 0x00007ffb6c1e3000 	C:\Windows\System32\msvcp_win.dll
0x00007ffb6ccd0000 - 0x00007ffb6ccff000 	C:\Windows\System32\IMM32.DLL
0x00007ffb62e00000 - 0x00007ffb62e0c000 	C:\Users\ninja\.jdks\corretto-21.0.8\bin\vcruntime140_1.dll
0x00007ffb52380000 - 0x00007ffb5240d000 	C:\Users\ninja\.jdks\corretto-21.0.8\bin\msvcp140.dll
0x00007ffaac2d0000 - 0x00007ffaad077000 	C:\Users\ninja\.jdks\corretto-21.0.8\bin\server\jvm.dll
0x00007ffb6d270000 - 0x00007ffb6d324000 	C:\Windows\System32\ADVAPI32.dll
0x00007ffb6cbb0000 - 0x00007ffb6cc56000 	C:\Windows\System32\sechost.dll
0x00007ffb6e3f0000 - 0x00007ffb6e508000 	C:\Windows\System32\RPCRT4.dll
0x00007ffb6d3b0000 - 0x00007ffb6d424000 	C:\Windows\System32\WS2_32.dll
0x00007ffb6b570000 - 0x00007ffb6b5ce000 	C:\Windows\SYSTEM32\POWRPROF.dll
0x00007ffb50820000 - 0x00007ffb50855000 	C:\Windows\SYSTEM32\WINMM.dll
0x00007ffb4aac0000 - 0x00007ffb4aacb000 	C:\Windows\SYSTEM32\VERSION.dll
0x00007ffb6b550000 - 0x00007ffb6b564000 	C:\Windows\SYSTEM32\UMPDC.dll
0x00007ffb6a4e0000 - 0x00007ffb6a4fb000 	C:\Windows\SYSTEM32\kernel.appcore.dll
0x00007ffb55c40000 - 0x00007ffb55c4a000 	C:\Users\ninja\.jdks\corretto-21.0.8\bin\jimage.dll
0x00007ffb68e50000 - 0x00007ffb69092000 	C:\Windows\SYSTEM32\DBGHELP.DLL
0x00007ffb6e000000 - 0x00007ffb6e37b000 	C:\Windows\System32\combase.dll
0x00007ffb6d820000 - 0x00007ffb6d8f7000 	C:\Windows\System32\OLEAUT32.dll
0x00007ffb4a930000 - 0x00007ffb4a96c000 	C:\Windows\SYSTEM32\dbgcore.DLL
0x00007ffb6c1f0000 - 0x00007ffb6c288000 	C:\Windows\System32\bcryptPrimitives.dll
0x00007ffb55830000 - 0x00007ffb5583e000 	C:\Users\ninja\.jdks\corretto-21.0.8\bin\instrument.dll
0x00007ffb54280000 - 0x00007ffb5429f000 	C:\Users\ninja\.jdks\corretto-21.0.8\bin\java.dll
0x00007ffb6c450000 - 0x00007ffb6cb9d000 	C:\Windows\System32\SHELL32.dll
0x00007ffb6bea0000 - 0x00007ffb6c00b000 	C:\Windows\System32\wintypes.dll
0x00007ffb69210000 - 0x00007ffb69a6d000 	C:\Windows\SYSTEM32\windows.storage.dll
0x00007ffb6c350000 - 0x00007ffb6c442000 	C:\Windows\System32\SHCORE.dll
0x00007ffb6e380000 - 0x00007ffb6e3e2000 	C:\Windows\System32\shlwapi.dll
0x00007ffb6b630000 - 0x00007ffb6b659000 	C:\Windows\SYSTEM32\profapi.dll
0x00007ffb52040000 - 0x00007ffb52117000 	C:\Users\ninja\.jdks\corretto-21.0.8\bin\jsvml.dll
0x00007ffb55600000 - 0x00007ffb55610000 	C:\Users\ninja\.jdks\corretto-21.0.8\bin\net.dll
0x00007ffb57140000 - 0x00007ffb5725f000 	C:\Windows\SYSTEM32\WINHTTP.dll
0x00007ffb6aa50000 - 0x00007ffb6aabb000 	C:\Windows\system32\mswsock.dll
0x00007ffb52360000 - 0x00007ffb52376000 	C:\Users\ninja\.jdks\corretto-21.0.8\bin\nio.dll
0x00007ffb52340000 - 0x00007ffb52358000 	C:\Users\ninja\.jdks\corretto-21.0.8\bin\zip.dll
0x0000026950ea0000 - 0x0000026950ea3000 	C:\Users\ninja\.openjfx\cache\21.0.6+3\amd64\api-ms-win-core-console-l1-1-0.dll
0x0000026950eb0000 - 0x0000026950eb3000 	C:\Users\ninja\.openjfx\cache\21.0.6+3\amd64\api-ms-win-core-console-l1-2-0.dll
0x0000026950ec0000 - 0x0000026950ec3000 	C:\Users\ninja\.openjfx\cache\21.0.6+3\amd64\api-ms-win-core-datetime-l1-1-0.dll
0x0000026950ed0000 - 0x0000026950ed3000 	C:\Users\ninja\.openjfx\cache\21.0.6+3\amd64\api-ms-win-core-debug-l1-1-0.dll
0x0000026950ee0000 - 0x0000026950ee3000 	C:\Users\ninja\.openjfx\cache\21.0.6+3\amd64\api-ms-win-core-errorhandling-l1-1-0.dll
0x0000026950ef0000 - 0x0000026950ef4000 	C:\Users\ninja\.openjfx\cache\21.0.6+3\amd64\api-ms-win-core-file-l1-1-0.dll
0x0000026950f00000 - 0x0000026950f03000 	C:\Users\ninja\.openjfx\cache\21.0.6+3\amd64\api-ms-win-core-file-l1-2-0.dll
0x0000026950f10000 - 0x0000026950f13000 	C:\Users\ninja\.openjfx\cache\21.0.6+3\amd64\api-ms-win-core-file-l2-1-0.dll
0x0000026950f20000 - 0x0000026950f23000 	C:\Users\ninja\.openjfx\cache\21.0.6+3\amd64\api-ms-win-core-handle-l1-1-0.dll
0x0000026950f30000 - 0x0000026950f33000 	C:\Users\ninja\.openjfx\cache\21.0.6+3\amd64\api-ms-win-core-heap-l1-1-0.dll
0x0000026950f40000 - 0x0000026950f43000 	C:\Users\ninja\.openjfx\cache\21.0.6+3\amd64\api-ms-win-core-interlocked-l1-1-0.dll
0x0000026950f50000 - 0x0000026950f53000 	C:\Users\ninja\.openjfx\cache\21.0.6+3\amd64\api-ms-win-core-libraryloader-l1-1-0.dll
0x0000026950f60000 - 0x0000026950f63000 	C:\Users\ninja\.openjfx\cache\21.0.6+3\amd64\api-ms-win-core-localization-l1-2-0.dll
0x0000026950f70000 - 0x0000026950f73000 	C:\Users\ninja\.openjfx\cache\21.0.6+3\amd64\api-ms-win-core-memory-l1-1-0.dll
0x0000026950f80000 - 0x0000026950f83000 	C:\Users\ninja\.openjfx\cache\21.0.6+3\amd64\api-ms-win-core-namedpipe-l1-1-0.dll
0x0000026950f90000 - 0x0000026950f93000 	C:\Users\ninja\.openjfx\cache\21.0.6+3\amd64\api-ms-win-core-processenvironment-l1-1-0.dll
0x0000026950fa0000 - 0x0000026950fa3000 	C:\Users\ninja\.openjfx\cache\21.0.6+3\amd64\api-ms-win-core-processthreads-l1-1-0.dll
0x0000026950fb0000 - 0x0000026950fb3000 	C:\Users\ninja\.openjfx\cache\21.0.6+3\amd64\api-ms-win-core-processthreads-l1-1-1.dll
0x0000026950fc0000 - 0x0000026950fc3000 	C:\Users\ninja\.openjfx\cache\21.0.6+3\amd64\api-ms-win-core-profile-l1-1-0.dll
0x0000026950fd0000 - 0x0000026950fd3000 	C:\Users\ninja\.openjfx\cache\21.0.6+3\amd64\api-ms-win-core-rtlsupport-l1-1-0.dll
0x0000026950fe0000 - 0x0000026950fe3000 	C:\Users\ninja\.openjfx\cache\21.0.6+3\amd64\api-ms-win-core-string-l1-1-0.dll
0x0000026950ff0000 - 0x0000026950ff3000 	C:\Users\ninja\.openjfx\cache\21.0.6+3\amd64\api-ms-win-core-synch-l1-1-0.dll
0x0000026996fd0000 - 0x0000026996fd3000 	C:\Users\ninja\.openjfx\cache\21.0.6+3\amd64\api-ms-win-core-synch-l1-2-0.dll
0x0000026996fe0000 - 0x0000026996fe3000 	C:\Users\ninja\.openjfx\cache\21.0.6+3\amd64\api-ms-win-core-sysinfo-l1-1-0.dll
0x0000026996ff0000 - 0x0000026996ff3000 	C:\Users\ninja\.openjfx\cache\21.0.6+3\amd64\api-ms-win-core-timezone-l1-1-0.dll
0x0000026997000000 - 0x0000026997003000 	C:\Users\ninja\.openjfx\cache\21.0.6+3\amd64\api-ms-win-core-util-l1-1-0.dll
0x0000026997010000 - 0x0000026997013000 	C:\Users\ninja\.openjfx\cache\21.0.6+3\amd64\api-ms-win-crt-conio-l1-1-0.dll
0x0000026997020000 - 0x0000026997024000 	C:\Users\ninja\.openjfx\cache\21.0.6+3\amd64\api-ms-win-crt-convert-l1-1-0.dll
0x0000026997030000 - 0x0000026997033000 	C:\Users\ninja\.openjfx\cache\21.0.6+3\amd64\api-ms-win-crt-environment-l1-1-0.dll
0x0000026997040000 - 0x0000026997043000 	C:\Users\ninja\.openjfx\cache\21.0.6+3\amd64\api-ms-win-crt-filesystem-l1-1-0.dll
0x0000026997050000 - 0x0000026997053000 	C:\Users\ninja\.openjfx\cache\21.0.6+3\amd64\api-ms-win-crt-heap-l1-1-0.dll
0x0000026997060000 - 0x0000026997063000 	C:\Users\ninja\.openjfx\cache\21.0.6+3\amd64\api-ms-win-crt-locale-l1-1-0.dll
0x0000026997070000 - 0x0000026997075000 	C:\Users\ninja\.openjfx\cache\21.0.6+3\amd64\api-ms-win-crt-math-l1-1-0.dll
0x0000026997080000 - 0x0000026997085000 	C:\Users\ninja\.openjfx\cache\21.0.6+3\amd64\api-ms-win-crt-multibyte-l1-1-0.dll
0x0000026997090000 - 0x00000269970a0000 	C:\Users\ninja\.openjfx\cache\21.0.6+3\amd64\api-ms-win-crt-private-l1-1-0.dll
0x00000269970a0000 - 0x00000269970a3000 	C:\Users\ninja\.openjfx\cache\21.0.6+3\amd64\api-ms-win-crt-process-l1-1-0.dll
0x00000269970b0000 - 0x00000269970b4000 	C:\Users\ninja\.openjfx\cache\21.0.6+3\amd64\api-ms-win-crt-runtime-l1-1-0.dll
0x00000269970c0000 - 0x00000269970c4000 	C:\Users\ninja\.openjfx\cache\21.0.6+3\amd64\api-ms-win-crt-stdio-l1-1-0.dll
0x00000269970d0000 - 0x00000269970d4000 	C:\Users\ninja\.openjfx\cache\21.0.6+3\amd64\api-ms-win-crt-string-l1-1-0.dll
0x00000269970e0000 - 0x00000269970e3000 	C:\Users\ninja\.openjfx\cache\21.0.6+3\amd64\api-ms-win-crt-time-l1-1-0.dll
0x00000269970f0000 - 0x00000269970f3000 	C:\Users\ninja\.openjfx\cache\21.0.6+3\amd64\api-ms-win-crt-utility-l1-1-0.dll
0x00007ffb51ee0000 - 0x00007ffb51fdc000 	C:\Users\ninja\.openjfx\cache\21.0.6+3\amd64\ucrtbase.dll
0x00007ffb51e20000 - 0x00007ffb51e3b000 	C:\Users\ninja\.openjfx\cache\21.0.6+3\amd64\vcruntime140.dll
0x00007ffb52310000 - 0x00007ffb5231c000 	C:\Users\ninja\.openjfx\cache\21.0.6+3\amd64\vcruntime140_1.dll
0x00007ffb51430000 - 0x00007ffb514be000 	C:\Users\ninja\.openjfx\cache\21.0.6+3\amd64\msvcp140.dll
0x00007ffb51e10000 - 0x00007ffb51e19000 	C:\Users\ninja\.openjfx\cache\21.0.6+3\amd64\msvcp140_1.dll
0x00007ffb513e0000 - 0x00007ffb51421000 	C:\Users\ninja\.openjfx\cache\21.0.6+3\amd64\msvcp140_2.dll
0x00007ffb51540000 - 0x00007ffb51570000 	C:\Users\ninja\.openjfx\cache\21.0.6+3\amd64\prism_d3d.dll
0x00007ffb48570000 - 0x00007ffb48720000 	C:\Windows\system32\d3d9.dll
0x00007ffb636b0000 - 0x00007ffb636dd000 	C:\Windows\SYSTEM32\dwmapi.dll
0x00007ffb634e0000 - 0x00007ffb63524000 	C:\Windows\SYSTEM32\dxcore.dll
0x00007ffb63220000 - 0x00007ffb632ca000 	C:\Windows\system32\uxtheme.dll
0x00007ffaddc50000 - 0x00007ffadf587000 	C:\Windows\System32\DriverStore\FileRepository\iigd_dch.inf_amd64_fa93a85c69ac1b8b\igd9trinity64.dll
0x00007ffb6d900000 - 0x00007ffb6da98000 	C:\Windows\System32\ole32.dll
0x00007ffb63530000 - 0x00007ffb6366b000 	C:\Windows\system32\dxgi.dll
0x00007ffb5cd70000 - 0x00007ffb5d301000 	C:\Windows\System32\DriverStore\FileRepository\iigd_dch.inf_amd64_fa93a85c69ac1b8b\igdgmm64.dll
0x00007ffb57c40000 - 0x00007ffb5ccb0000 	C:\Windows\System32\DriverStore\FileRepository\iigd_dch.inf_amd64_fa93a85c69ac1b8b\igc64.dll
0x00007ffb57670000 - 0x00007ffb576be000 	C:\Windows\SYSTEM32\ControlLib.dll
0x00007ffb6b290000 - 0x00007ffb6b2e7000 	C:\Windows\SYSTEM32\CFGMGR32.dll
0x00007ffb26780000 - 0x00007ffb2682c000 	C:\Windows\System32\DriverStore\FileRepository\iigd_dch.inf_amd64_fa93a85c69ac1b8b\IntelControlLib.dll
0x00007ffb60460000 - 0x00007ffb604c3000 	C:\Windows\SYSTEM32\directxdatabasehelper.dll
0x00007ffadc550000 - 0x00007ffaddc50000 	C:\Windows\System32\DriverStore\FileRepository\iigd_dch.inf_amd64_fa93a85c69ac1b8b\igd9dxva64.dll
0x00007ffb6db70000 - 0x00007ffb6dff8000 	C:\Windows\System32\SETUPAPI.dll
0x00007ffb402f0000 - 0x00007ffb42362000 	C:\Windows\System32\DriverStore\FileRepository\iigd_dch.inf_amd64_fa93a85c69ac1b8b\media_bin_64.dll
0x00007ffb51210000 - 0x00007ffb51252000 	C:\Users\ninja\.openjfx\cache\21.0.6+3\amd64\glass.dll
0x00007ffb6cd10000 - 0x00007ffb6ce03000 	C:\Windows\System32\COMDLG32.dll
0x00007ffb6d450000 - 0x00007ffb6d5ab000 	C:\Windows\System32\MSCTF.dll
0x00007ffb572e0000 - 0x00007ffb57484000 	C:\Windows\System32\DriverStore\FileRepository\iigd_dch.inf_amd64_fa93a85c69ac1b8b\igdml64.dll
0x00007ffb4e050000 - 0x00007ffb4e078000 	C:\Windows\System32\DriverStore\FileRepository\iigd_dch.inf_amd64_fa93a85c69ac1b8b\igdinfo64.dll
0x00007ffb51df0000 - 0x00007ffb51e05000 	C:\Users\ninja\.openjfx\cache\21.0.6+3\amd64\javafx_font.dll
0x00007ffb61990000 - 0x00007ffb61bf7000 	C:\Windows\SYSTEM32\dwrite.dll
0x00007ffb6ced0000 - 0x00007ffb6cf81000 	C:\Windows\System32\clbcatq.dll
0x00007ffb61750000 - 0x00007ffb61980000 	C:\Windows\SYSTEM32\WindowsCodecs.dll
0x00007ffb54a60000 - 0x00007ffb54aba000 	C:\Windows\system32\dataexchange.dll
0x00007ffb4fdc0000 - 0x00007ffb50005000 	C:\Windows\system32\twinapi.appcore.dll
0x00007ffb514f0000 - 0x00007ffb5151c000 	C:\Program Files\Common Files\Microsoft Shared\Ink\rtscom.dll
0x00007ffb4f0f0000 - 0x00007ffb4f23a000 	C:\Windows\SYSTEM32\textinputframework.dll
0x00007ffb62b40000 - 0x00007ffb62c65000 	C:\Windows\SYSTEM32\CoreMessaging.dll
0x00007ffb5f710000 - 0x00007ffb5f9f3000 	C:\Windows\SYSTEM32\CoreUIComponents.dll
0x00007ffb6ad20000 - 0x00007ffb6ad2c000 	C:\Windows\SYSTEM32\CRYPTBASE.DLL
0x00007ffb355f0000 - 0x00007ffb3566a000 	C:\Windows\system32\Oleacc.dll

JVMTI agents:
C:\Users\ninja\IntelliJ IDEA 2025.2.1\lib\idea_rt.jar path:C:\Users\ninja\.jdks\corretto-21.0.8\bin\instrument.dll, loaded, initialized, instrumentlib options:52357

dbghelp: loaded successfully - version: 4.0.5 - missing functions: none
symbol engine: initialized successfully - sym options: 0x614 - pdb path: .;C:\Users\ninja\.jdks\corretto-21.0.8\bin;C:\Windows\SYSTEM32;C:\Windows\WinSxS\amd64_microsoft.windows.common-controls_6595b64144ccf1df_6.0.26100.6899_none_3e0efeeae32e88c1;C:\Users\ninja\.jdks\corretto-21.0.8\bin\server;C:\Users\ninja\.openjfx\cache\21.0.6+3\amd64;C:\Windows\System32\DriverStore\FileRepository\iigd_dch.inf_amd64_fa93a85c69ac1b8b;C:\Program Files\Common Files\Microsoft Shared\Ink

VM Arguments:
jvm_args: -javaagent:C:\Users\ninja\IntelliJ IDEA 2025.2.1\lib\idea_rt.jar=52357 -Dfile.encoding=UTF-8 -Dsun.stdout.encoding=UTF-8 -Dsun.stderr.encoding=UTF-8 --module-path=C:\Users\ninja\.m2\repository\org\openjfx\javafx-controls\21.0.6\javafx-controls-21.0.6-win.jar;C:\Users\ninja\.m2\repository\org\openjfx\javafx-graphics\21.0.6\javafx-graphics-21.0.6-win.jar;C:\Users\ninja\IdeaProjects\DinoGame\target\classes;C:\Users\ninja\.m2\repository\org\openjfx\javafx-base\21.0.6\javafx-base-21.0.6-win.jar;C:\Users\ninja\.m2\repository\org\openjfx\javafx-fxml\21.0.6\javafx-fxml-21.0.6-win.jar -Djdk.module.main=com.example.dinogame 
java_command: com.example.dinogame/com.example.dinogame.DinoGame
java_class_path (initial): C:\Users\ninja\.m2\repository\org\openjfx\javafx-controls\21.0.6\javafx-controls-21.0.6.jar;C:\Users\ninja\.m2\repository\org\openjfx\javafx-graphics\21.0.6\javafx-graphics-21.0.6.jar;C:\Users\ninja\.m2\repository\org\openjfx\javafx-base\21.0.6\javafx-base-21.0.6.jar;C:\Users\ninja\.m2\repository\org\openjfx\javafx-fxml\21.0.6\javafx-fxml-21.0.6.jar
Launcher Type: SUN_STANDARD

[Global flags]
     intx CICompilerCount                          = 4                                         {product} {ergonomic}
     uint ConcGCThreads                            = 2                                         {product} {ergonomic}
     uint G1ConcRefinementThreads                  = 8                                         {product} {ergonomic}
   size_t G1HeapRegionSize                         = 2097152                                   {product} {ergonomic}
    uintx GCDrainStackTargetSize                   = 64                                        {product} {ergonomic}
   size_t InitialHeapSize                          = 262144000                                 {product} {ergonomic}
   size_t MarkStackSize                            = 4194304                                   {product} {ergonomic}
   size_t MaxHeapSize                              = 4173332480                                {product} {ergonomic}
   size_t MaxNewSize                               = 2503999488                                {product} {ergonomic}
   size_t MinHeapDeltaBytes                        = 2097152                                   {product} {ergonomic}
   size_t MinHeapSize                              = 8388608                                   {product} {ergonomic}
    uintx NonNMethodCodeHeapSize                   = 5839372                                {pd product} {ergonomic}
    uintx NonProfiledCodeHeapSize                  = 122909434                              {pd product} {ergonomic}
    uintx ProfiledCodeHeapSize                     = 122909434                              {pd product} {ergonomic}
    uintx ReservedCodeCacheSize                    = 251658240                              {pd product} {ergonomic}
     bool SegmentedCodeCache                       = true                                      {product} {ergonomic}
   size_t SoftMaxHeapSize                          = 4173332480                             {manageable} {ergonomic}
     bool UseCompressedOops                        = true                           {product lp64_product} {ergonomic}
     bool UseG1GC                                  = true                                      {product} {ergonomic}
     bool UseLargePagesIndividualAllocation        = false                                  {pd product} {ergonomic}

Logging:
Log output configuration:
 #0: stdout all=warning uptime,level,tags foldmultilines=false
 #1: stderr all=off uptime,level,tags foldmultilines=false

Environment Variables:
PATH=C:\Program Files (x86)\Common Files\Oracle\Java\javapath;C:\Program Files (x86)\NVIDIA Corporation\PhysX\Common;C:\Windows\system32;C:\Windows;C:\Windows\System32\Wbem;C:\Windows\System32\WindowsPowerShell\v1.0\;C:\Windows\System32\OpenSSH\;C:\Program Files\dotnet\;C:\Program Files\7-Zip;C:\Users\ninja\AppData\Local\Microsoft\WindowsApps;C:\Users\ninja\AppData\Local\Programs\Microsoft VS Code\bin
USERNAME=ninja
OS=Windows_NT
PROCESSOR_IDENTIFIER=Intel64 Family 6 Model 189 Stepping 1, GenuineIntel
TMP=C:\Users\ninja\AppData\Local\Temp
TEMP=C:\Users\ninja\AppData\Local\Temp




Periodic native trim disabled

---------------  S Y S T E M  ---------------

OS:
 Windows 11 , 64 bit Build 26100 (10.0.26100.6725)
OS uptime: 4 days 14:47 hours
Hyper-V role detected

CPU: total 8 (initial active 8) (8 cores per cpu, 1 threads per core) family 6 model 189 stepping 1 microcode 0x11c, cx8, cmov, fxsr, mmx, 3dnowpref, sse, sse2, sse3, ssse3, sse4.1, sse4.2, popcnt, lzcnt, tsc, tscinvbit, avx, avx2, aes, erms, clmul, bmi1, bmi2, adx, sha, fma, vzeroupper, clflush, clflushopt, clwb, hv, serialize, rdtscp, rdpid, fsrm, f16c, cet_ibt, cet_ss
Processor Information for processor 0
  Max Mhz: 2100, Current Mhz: 2100, Mhz Limit: 2100
Processor Information for processor 1
  Max Mhz: 2100, Current Mhz: 2100, Mhz Limit: 2100
Processor Information for processor 2
  Max Mhz: 2100, Current Mhz: 2100, Mhz Limit: 2100
Processor Information for processor 3
  Max Mhz: 2100, Current Mhz: 2100, Mhz Limit: 2100
Processor Information for processor 4
  Max Mhz: 2100, Current Mhz: 2100, Mhz Limit: 2100
Processor Information for processor 5
  Max Mhz: 2100, Current Mhz: 2000, Mhz Limit: 2100
Processor Information for processor 6
  Max Mhz: 2100, Current Mhz: 2100, Mhz Limit: 2100
Processor Information for processor 7
  Max Mhz: 2100, Current Mhz: 2000, Mhz Limit: 2100

Memory: 4k page, system-wide physical 15914M (3325M free)
TotalPageFile size 25642M (AvailPageFile size 8650M)
current process WorkingSet (physical memory assigned to process): 245M, peak: 245M
current process commit charge ("private bytes"): 501M, peak: 501M

vm_info: OpenJDK 64-Bit Server VM (21.0.8+9-LTS) for windows-amd64 JRE (21.0.8+9-LTS), built on 2025-07-09T19:22:31Z by "Administrator" with MS VC++ 16.10 / 16.11 (VS2019)

END.
