#
# A fatal error has been detected by the Java Runtime Environment:
#
#  EXCEPTION_INT_DIVIDE_BY_ZERO (0xc0000094) at pc=0x00007ffade91aee3, pid=25492, tid=1212
#
# JRE version: OpenJDK Runtime Environment Corretto-21.0.8.9.1 (21.0.8+9) (build 21.0.8+9-LTS)
# Java VM: OpenJDK 64-Bit Server VM Corretto-21.0.8.9.1 (21.0.8+9-LTS, mixed mode, sharing, tiered, compressed oops, compressed class ptrs, g1 gc, windows-amd64)
# Problematic frame:
# C  [igd9trinity64.dll+0xccaee3]
#
# No core dump will be written. Minidumps are not enabled by default on client versions of Windows
#
# If you would like to submit a bug report, please visit:
#   https://github.com/corretto/corretto-21/issues/
# The crash happened outside the Java Virtual Machine in native code.
# See problematic frame for where to report the bug.
#

---------------  S U M M A R Y ------------

Command Line: -javaagent:C:\Users\ninja\IntelliJ IDEA 2025.2.1\lib\idea_rt.jar=63355 -Dfile.encoding=UTF-8 -Dsun.stdout.encoding=UTF-8 -Dsun.stderr.encoding=UTF-8 --module-path=C:\Users\ninja\.m2\repository\org\openjfx\javafx-controls\21.0.6\javafx-controls-21.0.6-win.jar;C:\Users\ninja\.m2\repository\org\openjfx\javafx-graphics\21.0.6\javafx-graphics-21.0.6-win.jar;C:\Users\ninja\IdeaProjects\DinoGame\target\classes;C:\Users\ninja\.m2\repository\org\openjfx\javafx-base\21.0.6\javafx-base-21.0.6-win.jar;C:\Users\ninja\.m2\repository\org\openjfx\javafx-fxml\21.0.6\javafx-fxml-21.0.6-win.jar -Djdk.module.main=com.example.dinogame com.example.dinogame/com.example.dinogame.DinoGame

Host: Intel(R) Core(TM) Ultra 5 226V, 8 cores, 15G,  Windows 11 , 64 bit Build 26100 (10.0.26100.6725)
Time: Sat Oct 25 14:27:38 2025 Central Asia Standard Time elapsed time: 1.343076 seconds (0d 0h 0m 1s)

---------------  T H R E A D  ---------------

Current thread (0x000001ac2b409c20):  JavaThread "QuantumRenderer-0" daemon [_thread_in_native, id=1212, stack(0x0000000b7c100000,0x0000000b7c200000) (1024K)]

Stack: [0x0000000b7c100000,0x0000000b7c200000],  sp=0x0000000b7c1fdfd0,  free space=1015k
Native frames: (J=compiled Java code, j=interpreted, Vv=VM code, C=native code)
C  [igd9trinity64.dll+0xccaee3]

Java frames: (J=compiled Java code, j=interpreted, Vv=VM code)
j  com.sun.prism.d3d.D3DSwapChain.nPresent(JJ)I+0 javafx.graphics@21.0.6
j  com.sun.prism.d3d.D3DSwapChain.present()Z+25 javafx.graphics@21.0.6
j  com.sun.javafx.tk.quantum.PresentingPainter.run()V+451 javafx.graphics@21.0.6
j  java.util.concurrent.Executors$RunnableAdapter.call()Ljava/lang/Object;+4 java.base@21.0.8
j  java.util.concurrent.FutureTask.runAndReset()Z+44 java.base@21.0.8
j  com.sun.javafx.tk.RenderJob.run()V+1 javafx.graphics@21.0.6
j  java.util.concurrent.ThreadPoolExecutor.runWorker(Ljava/util/concurrent/ThreadPoolExecutor$Worker;)V+92 java.base@21.0.8
j  java.util.concurrent.ThreadPoolExecutor$Worker.run()V+5 java.base@21.0.8
j  com.sun.javafx.tk.quantum.QuantumRenderer$PipelineRunnable.run()V+8 javafx.graphics@21.0.6
j  java.lang.Thread.runWith(Ljava/lang/Object;Ljava/lang/Runnable;)V+5 java.base@21.0.8
j  java.lang.Thread.run()V+19 java.base@21.0.8
v  ~StubRoutines::call_stub 0x000001ac1bac100d

siginfo: EXCEPTION_INT_DIVIDE_BY_ZERO (0xc0000094)


Registers:
RAX=0xe2c125f241efac00, RBX=0x0000000000000000, RCX=0x0000000000000000, RDX=0x0000000000000000
RSP=0x0000000b7c1fdfd0, RBP=0x0000000b7c1fe0d0, RSI=0x0000000000000000, RDI=0x000001ac7158db70
R8 =0x0000000000000083, R9 =0x000000007ffe1000, R10=0x0000000000000001, R11=0x0000014cc31c9db5
R12=0x0000000000000000, R13=0x0000000000000000, R14=0x0000000000000000, R15=0x0000000000000000
RIP=0x00007ffade91aee3, EFLAGS=0x0000000000010246

XMM[0]=0x0000000000000000 0x0000000000000000
XMM[1]=0x0000000000000000 0x0000000000000000
XMM[2]=0x0000000000000000 0x0000000000000000
XMM[3]=0x0000000000000000 0x0000000000000000
XMM[4]=0x0000000000000000 0x0000000000000000
XMM[5]=0x0000000000000000 0x0000000000000000
XMM[6]=0x0000000000000000 0x3b70000000000000
XMM[7]=0x0000000000000000 0x0000000000000000
XMM[8]=0x0000000000000000 0x5120ff6c0aa274b1
XMM[9]=0x0000000000000000 0x2e98492c96eb053a
XMM[10]=0x0000000000000000 0x000000006852bc0e
XMM[11]=0x0000000000000000 0x149df300ab88f83a
XMM[12]=0x0000000000000000 0x0000000096eb053a
XMM[13]=0x0000000000000000 0x0000000000000000
XMM[14]=0x0000000000000000 0x0000000000000000
XMM[15]=0x0000000000000000 0x0000000000000000
  MXCSR=0x00001fa0


Register to memory mapping:

RAX=0xe2c125f241efac00 is an unknown value
RBX=0x0 is null
RCX=0x0 is null
RDX=0x0 is null
RSP=0x0000000b7c1fdfd0 is pointing into the stack for thread: 0x000001ac2b409c20
RBP=0x0000000b7c1fe0d0 is pointing into the stack for thread: 0x000001ac2b409c20
RSI=0x0 is null
RDI=0x000001ac7158db70 points into unknown readable memory: 0x0000000900000001 | 01 00 00 00 09 00 00 00
R8 =0x0000000000000083 is an unknown value
R9 =0x000000007ffe1000 points into unknown readable memory: 0x0000000000000001 | 01 00 00 00 00 00 00 00
R10=0x0000000000000001 is an unknown value
R11=0x0000014cc31c9db5 is an unknown value
R12=0x0 is null
R13=0x0 is null
R14=0x0 is null
R15=0x0 is null

Top of Stack: (sp=0x0000000b7c1fdfd0)
0x0000000b7c1fdfd0:   0000000000000000 000001ac7158db70
0x0000000b7c1fdfe0:   0000000000000002 000001ac71ae6008
0x0000000b7c1fdff0:   000001ac774846c0 000001ac718e0700
0x0000000b7c1fe000:   0000000000000000 00007ffb6b99a9d0
0x0000000b7c1fe010:   000001ac09b80000 00007ffb00000000
0x0000000b7c1fe020:   000001ac774846c0 0000000000000008
0x0000000b7c1fe030:   0000000000000000 0000000000000000
0x0000000b7c1fe040:   000001ac774846c0 00007ffb485aff30
0x0000000b7c1fe050:   0000000000000001 000001ac71aef680
0x0000000b7c1fe060:   0000000100000000 0000000b7c1fe0d0
0x0000000b7c1fe070:   0000000b7c1fe218 0000000000000000
0x0000000b7c1fe080:   0000000000000000 0000000000000000
0x0000000b7c1fe090:   0000000000000000 0000000000000000
0x0000000b7c1fe0a0:   0000000000000000 0000000000000000
0x0000000b7c1fe0b0:   0000000000000001 0000000b7c1fe258
0x0000000b7c1fe0c0:   0000000b7c1fe200 0000000000000000
0x0000000b7c1fe0d0:   000001ac714cf1e0 00007ffaddfa4aab
0x0000000b7c1fe0e0:   000001ac71aef870 000001ac7158db70
0x0000000b7c1fe0f0:   0000000000000000 0000000000000000
0x0000000b7c1fe100:   0000000000000000 0000000000000000
0x0000000b7c1fe110:   0000000000000000 0000000100000004
0x0000000b7c1fe120:   0000000b7c1fe1f8 0000000000000001
0x0000000b7c1fe130:   0000000b7c1fe258 0000000b7c1fe200
0x0000000b7c1fe140:   0000000000000000 0000000000000000
0x0000000b7c1fe150:   0000000000000000 0000000000000000
0x0000000b7c1fe160:   0000000000000000 0000000000000000
0x0000000b7c1fe170:   0000000000000000 0000000000000000
0x0000000b7c1fe180:   0000000000000000 0000000000000000
0x0000000b7c1fe190:   0000000000000000 0000000000000000
0x0000000b7c1fe1a0:   0000000b7c1feab0 000001ac71b21030
0x0000000b7c1fe1b0:   0000000b7c1feab0 0000000000000000
0x0000000b7c1fe1c0:   0000000000000000 000001ac7158db70 

Instructions: (pc=0x00007ffade91aee3)
0x00007ffade91ade3:   45 0f 28 43 d0 49 8b e3 41 5f 41 5e 5f 5e 5d c3
0x00007ffade91adf3:   cc cc cc cc cc cc cc cc cc cc cc cc cc 4c 8b dc
0x00007ffade91ae03:   55 57 49 8d ab 38 fd ff ff 48 81 ec b8 03 00 00
0x00007ffade91ae13:   48 8b 05 26 15 9a 00 48 33 c4 48 89 85 90 02 00
0x00007ffade91ae23:   00 48 83 b9 60 0c 00 00 00 48 8b f9 0f 84 cc 04
0x00007ffade91ae33:   00 00 49 89 5b 10 4d 89 73 e0 45 33 f6 41 8b de
0x00007ffade91ae43:   4d 89 7b d8 45 8b fe 44 38 b1 e0 12 00 00 0f 84
0x00007ffade91ae53:   56 04 00 00 49 89 73 18 4d 89 6b e8 4d 89 63 20
0x00007ffade91ae63:   44 8b a1 58 0c 00 00 48 81 c1 78 02 00 00 e8 5a
0x00007ffade91ae73:   a1 fd ff 8b b7 58 0c 00 00 83 e6 0f 4c 8b a8 90
0x00007ffade91ae83:   2b 00 00 48 8d 0c 76 48 c1 e1 05 48 81 c1 78 0c
0x00007ffade91ae93:   00 00 48 03 cf ff 15 ca c3 2d 00 85 c0 75 10 48
0x00007ffade91aea3:   8d 0c 76 48 c1 e1 05 4c 89 b4 39 78 0c 00 00 33
0x00007ffade91aeb3:   d2 48 8d 04 76 48 c1 e0 05 48 8d 0c 76 48 c1 e1
0x00007ffade91aec3:   05 48 8b 84 38 78 0c 00 00 48 2b 84 39 90 0c 00
0x00007ffade91aed3:   00 48 8d 0c 76 48 69 c0 00 ca 9a 3b 48 c1 e1 05
0x00007ffade91aee3:   48 f7 b7 d8 12 00 00 48 8d 14 76 4c 89 ac 39 70
0x00007ffade91aef3:   0c 00 00 48 c1 e2 05 48 89 84 3a c0 0c 00 00 38
0x00007ffade91af03:   9f 30 13 00 00 74 1a 48 8b 97 38 13 00 00 48 8d
0x00007ffade91af13:   0c 76 48 ff ca 48 c1 e1 05 48 89 94 39 a0 0c 00
0x00007ffade91af23:   00 8b 87 64 0c 00 00 83 c0 10 39 87 58 0c 00 00
0x00007ffade91af33:   0f 82 28 02 00 00 33 d2 48 8d 4c 24 60 41 b8 30
0x00007ffade91af43:   03 00 00 e8 d5 1c 29 00 48 8b 87 18 02 00 00 48
0x00007ffade91af53:   8d 54 24 38 48 8b 8f 28 02 00 00 0f 57 c0 0f 11
0x00007ffade91af63:   44 24 38 48 89 44 24 38 48 8b 87 40 02 00 00 48
0x00007ffade91af73:   89 44 24 58 48 8d 44 24 60 0f 11 44 24 48 48 89
0x00007ffade91af83:   44 24 48 48 8b 47 50 c7 44 24 68 6e 00 00 00 c7
0x00007ffade91af93:   44 24 60 20 03 00 00 44 89 64 24 70 c7 44 24 74
0x00007ffade91afa3:   10 00 00 00 44 89 74 24 40 c7 44 24 50 30 03 00
0x00007ffade91afb3:   00 48 8b 89 70 01 00 00 ff d0 85 c0 0f 85 a3 01
0x00007ffade91afc3:   00 00 48 8d 4c 24 28 ff 15 98 c2 2d 00 48 8b 4c
0x00007ffade91afd3:   24 28 85 c0 48 8b 95 78 02 00 00 49 0f 44 ce 48 


Stack slot to memory mapping:

stack at sp + 0 slots: 0x0 is null
stack at sp + 1 slots: 0x000001ac7158db70 points into unknown readable memory: 0x0000000900000001 | 01 00 00 00 09 00 00 00
stack at sp + 2 slots: 0x0000000000000002 is an unknown value
stack at sp + 3 slots: 0x000001ac71ae6008 points into unknown readable memory: 0x000001ac715bd5a8 | a8 d5 5b 71 ac 01 00 00
stack at sp + 4 slots: 0x000001ac774846c0 points into unknown readable memory: 0x0000000080001c80 | 80 1c 00 80 00 00 00 00
stack at sp + 5 slots: 0x000001ac718e0700 points into unknown readable memory: 0x0000000080000880 | 80 08 00 80 00 00 00 00
stack at sp + 6 slots: 0x0 is null
stack at sp + 7 slots: 0x00007ffb6b99a9d0 KERNELBASE.dll


---------------  P R O C E S S  ---------------

Threads class SMR info:
_java_thread_list=0x000001ac77584a20, length=19, elements={
0x000001ac0be86d90, 0x000001ac2b0e3700, 0x000001ac2b0e4350, 0x000001ac2b0e93f0,
0x000001ac2b0ec850, 0x000001ac2b0f6c90, 0x000001ac2b0f5450, 0x000001ac2b0ffa00,
0x000001ac2b101c20, 0x000001ac2b1eec30, 0x000001ac710587f0, 0x000001ac2bca8560,
0x000001ac2b409c20, 0x000001ac711fbd80, 0x000001ac711f3450, 0x000001ac2b326b90,
0x000001ac71e57560, 0x000001ac774539d0, 0x000001ac773fc700
}

Java Threads: ( => current thread )
  0x000001ac0be86d90 JavaThread "main"                              [_thread_blocked, id=18536, stack(0x0000000b7ac00000,0x0000000b7ad00000) (1024K)]
  0x000001ac2b0e3700 JavaThread "Reference Handler"          daemon [_thread_blocked, id=25464, stack(0x0000000b7b400000,0x0000000b7b500000) (1024K)]
  0x000001ac2b0e4350 JavaThread "Finalizer"                  daemon [_thread_blocked, id=8996, stack(0x0000000b7b500000,0x0000000b7b600000) (1024K)]
  0x000001ac2b0e93f0 JavaThread "Signal Dispatcher"          daemon [_thread_blocked, id=13960, stack(0x0000000b7b600000,0x0000000b7b700000) (1024K)]
  0x000001ac2b0ec850 JavaThread "Attach Listener"            daemon [_thread_blocked, id=15748, stack(0x0000000b7b700000,0x0000000b7b800000) (1024K)]
  0x000001ac2b0f6c90 JavaThread "Service Thread"             daemon [_thread_blocked, id=4832, stack(0x0000000b7b800000,0x0000000b7b900000) (1024K)]
  0x000001ac2b0f5450 JavaThread "Monitor Deflation Thread"   daemon [_thread_blocked, id=10792, stack(0x0000000b7b900000,0x0000000b7ba00000) (1024K)]
  0x000001ac2b0ffa00 JavaThread "C2 CompilerThread0"         daemon [_thread_blocked, id=5352, stack(0x0000000b7ba00000,0x0000000b7bb00000) (1024K)]
  0x000001ac2b101c20 JavaThread "C1 CompilerThread0"         daemon [_thread_blocked, id=20604, stack(0x0000000b7bb00000,0x0000000b7bc00000) (1024K)]
  0x000001ac2b1eec30 JavaThread "Common-Cleaner"             daemon [_thread_blocked, id=24280, stack(0x0000000b7bc00000,0x0000000b7bd00000) (1024K)]
  0x000001ac710587f0 JavaThread "Monitor Ctrl-Break"         daemon [_thread_in_native, id=14096, stack(0x0000000b7bf00000,0x0000000b7c000000) (1024K)]
  0x000001ac2bca8560 JavaThread "Notification Thread"        daemon [_thread_blocked, id=15556, stack(0x0000000b7c000000,0x0000000b7c100000) (1024K)]
=>0x000001ac2b409c20 JavaThread "QuantumRenderer-0"          daemon [_thread_in_native, id=1212, stack(0x0000000b7c100000,0x0000000b7c200000) (1024K)]
  0x000001ac711fbd80 JavaThread "InvokeLaterDispatcher"      daemon [_thread_blocked, id=2768, stack(0x0000000b7be00000,0x0000000b7bf00000) (1024K)]
  0x000001ac711f3450 JavaThread "JavaFX Application Thread"         [_thread_blocked, id=23644, stack(0x0000000b7c200000,0x0000000b7c300000) (1024K)]
  0x000001ac2b326b90 JavaThread "Thread-1"                   daemon [_thread_in_native, id=25080, stack(0x0000000b7bd00000,0x0000000b7be00000) (1024K)]
  0x000001ac71e57560 JavaThread "JavaFX-Launcher"                   [_thread_blocked, id=11192, stack(0x0000000b7ce00000,0x0000000b7cf00000) (1024K)]
  0x000001ac774539d0 JavaThread "C2 CompilerThread1"         daemon [_thread_blocked, id=23660, stack(0x0000000b7d400000,0x0000000b7d500000) (1024K)]
  0x000001ac773fc700 JavaThread "Prism Font Disposer"        daemon [_thread_blocked, id=25228, stack(0x0000000b7d800000,0x0000000b7d900000) (1024K)]
Total: 19

Other Threads:
  0x000001ac09ba0950 VMThread "VM Thread"                           [id=12820, stack(0x0000000b7b300000,0x0000000b7b400000) (1024K)]
  0x000001ac2b0aecf0 WatcherThread "VM Periodic Task Thread"        [id=25396, stack(0x0000000b7b200000,0x0000000b7b300000) (1024K)]
  0x000001ac09ba05b0 WorkerThread "GC Thread#0"                     [id=23464, stack(0x0000000b7ad00000,0x0000000b7ae00000) (1024K)]
  0x000001ac71c11eb0 WorkerThread "GC Thread#1"                     [id=17888, stack(0x0000000b7cf00000,0x0000000b7d000000) (1024K)]
  0x000001ac71c11b10 WorkerThread "GC Thread#2"                     [id=23972, stack(0x0000000b7d000000,0x0000000b7d100000) (1024K)]
  0x000001ac71c12250 WorkerThread "GC Thread#3"                     [id=888, stack(0x0000000b7d100000,0x0000000b7d200000) (1024K)]
  0x000001ac71c125f0 WorkerThread "GC Thread#4"                     [id=5736, stack(0x0000000b7d200000,0x0000000b7d300000) (1024K)]
  0x000001ac71c108f0 WorkerThread "GC Thread#5"                     [id=324, stack(0x0000000b7d300000,0x0000000b7d400000) (1024K)]
  0x000001ac0bf00d90 ConcurrentGCThread "G1 Main Marker"            [id=4328, stack(0x0000000b7ae00000,0x0000000b7af00000) (1024K)]
  0x000001ac09b9f730 WorkerThread "G1 Conc#0"                       [id=14012, stack(0x0000000b7af00000,0x0000000b7b000000) (1024K)]
  0x000001ac2af7f560 ConcurrentGCThread "G1 Refine#0"               [id=26464, stack(0x0000000b7b000000,0x0000000b7b100000) (1024K)]
  0x000001ac2af7fee0 ConcurrentGCThread "G1 Service"                [id=13976, stack(0x0000000b7b100000,0x0000000b7b200000) (1024K)]
Total: 12

Threads with active compile tasks:
Total: 0

VM state: not at safepoint (normal execution)

VM Mutex/Monitor currently owned by a thread: None

Heap address: 0x0000000707400000, size: 3980 MB, Compressed Oops mode: Zero based, Oop shift amount: 3

CDS archive(s) mapped at: [0x000001ac2c000000-0x000001ac2cc80000-0x000001ac2cc80000), size 13107200, SharedBaseAddress: 0x000001ac2c000000, ArchiveRelocationMode: 1.
Compressed class space mapped at: 0x000001ac2d000000-0x000001ac6d000000, reserved size: 1073741824
Narrow klass base: 0x000001ac2c000000, Narrow klass shift: 0, Narrow klass range: 0x100000000

GC Precious Log:
 CardTable entry size: 512
 Card Set container configuration: InlinePtr #cards 4 size 8 Array Of Cards #cards 16 size 48 Howl #buckets 8 coarsen threshold 3686 Howl Bitmap #cards 512 size 80 coarsen threshold 460 Card regions per heap region 1 cards per card region 4096
 CPUs: 8 total, 8 available
 Memory: 15914M
 Large Page Support: Disabled
 NUMA Support: Disabled
 Compressed Oops: Enabled (Zero based)
 Heap Region Size: 2M
 Heap Min Capacity: 8M
 Heap Initial Capacity: 250M
 Heap Max Capacity: 3980M
 Pre-touch: Disabled
 Parallel Workers: 8
 Concurrent Workers: 2
 Concurrent Refinement Workers: 8
 Periodic GC: Disabled

Heap:
 garbage-first heap   total 256000K, used 39509K [0x0000000707400000, 0x0000000800000000)
  region size 2048K, 19 young (38912K), 2 survivors (4096K)
 Metaspace       used 11299K, committed 11520K, reserved 1114112K
  class space    used 1627K, committed 1728K, reserved 1048576K

Heap Regions: E=young(eden), S=young(survivor), O=old, HS=humongous(starts), HC=humongous(continues), CS=collection set, F=free, TAMS=top-at-mark-start, PB=parsable bottom
|   0|0x0000000707400000, 0x0000000707600000, 0x0000000707600000|100%|HS|  |TAMS 0x0000000707400000| PB 0x0000000707400000| Complete 
|   1|0x0000000707600000, 0x0000000707800000, 0x0000000707800000|100%|HS|  |TAMS 0x0000000707600000| PB 0x0000000707600000| Complete 
|   2|0x0000000707800000, 0x0000000707a00000, 0x0000000707a00000|100%|HC|  |TAMS 0x0000000707800000| PB 0x0000000707800000| Complete 
|   3|0x0000000707a00000, 0x0000000707a00000, 0x0000000707c00000|  0%| F|  |TAMS 0x0000000707a00000| PB 0x0000000707a00000| Untracked 
|   4|0x0000000707c00000, 0x0000000707c00000, 0x0000000707e00000|  0%| F|  |TAMS 0x0000000707c00000| PB 0x0000000707c00000| Untracked 
|   5|0x0000000707e00000, 0x0000000707e00000, 0x0000000708000000|  0%| F|  |TAMS 0x0000000707e00000| PB 0x0000000707e00000| Untracked 
|   6|0x0000000708000000, 0x0000000708000000, 0x0000000708200000|  0%| F|  |TAMS 0x0000000708000000| PB 0x0000000708000000| Untracked 
|   7|0x0000000708200000, 0x0000000708200000, 0x0000000708400000|  0%| F|  |TAMS 0x0000000708200000| PB 0x0000000708200000| Untracked 
|   8|0x0000000708400000, 0x0000000708400000, 0x0000000708600000|  0%| F|  |TAMS 0x0000000708400000| PB 0x0000000708400000| Untracked 
|   9|0x0000000708600000, 0x0000000708600000, 0x0000000708800000|  0%| F|  |TAMS 0x0000000708600000| PB 0x0000000708600000| Untracked 
|  10|0x0000000708800000, 0x0000000708800000, 0x0000000708a00000|  0%| F|  |TAMS 0x0000000708800000| PB 0x0000000708800000| Untracked 
|  11|0x0000000708a00000, 0x0000000708a00000, 0x0000000708c00000|  0%| F|  |TAMS 0x0000000708a00000| PB 0x0000000708a00000| Untracked 
|  12|0x0000000708c00000, 0x0000000708c00000, 0x0000000708e00000|  0%| F|  |TAMS 0x0000000708c00000| PB 0x0000000708c00000| Untracked 
|  13|0x0000000708e00000, 0x0000000708e00000, 0x0000000709000000|  0%| F|  |TAMS 0x0000000708e00000| PB 0x0000000708e00000| Untracked 
|  14|0x0000000709000000, 0x0000000709000000, 0x0000000709200000|  0%| F|  |TAMS 0x0000000709000000| PB 0x0000000709000000| Untracked 
|  15|0x0000000709200000, 0x0000000709200000, 0x0000000709400000|  0%| F|  |TAMS 0x0000000709200000| PB 0x0000000709200000| Untracked 
|  16|0x0000000709400000, 0x0000000709400000, 0x0000000709600000|  0%| F|  |TAMS 0x0000000709400000| PB 0x0000000709400000| Untracked 
|  17|0x0000000709600000, 0x0000000709600000, 0x0000000709800000|  0%| F|  |TAMS 0x0000000709600000| PB 0x0000000709600000| Untracked 
|  18|0x0000000709800000, 0x0000000709800000, 0x0000000709a00000|  0%| F|  |TAMS 0x0000000709800000| PB 0x0000000709800000| Untracked 
|  19|0x0000000709a00000, 0x0000000709a00000, 0x0000000709c00000|  0%| F|  |TAMS 0x0000000709a00000| PB 0x0000000709a00000| Untracked 
|  20|0x0000000709c00000, 0x0000000709c00000, 0x0000000709e00000|  0%| F|  |TAMS 0x0000000709c00000| PB 0x0000000709c00000| Untracked 
|  21|0x0000000709e00000, 0x0000000709e00000, 0x000000070a000000|  0%| F|  |TAMS 0x0000000709e00000| PB 0x0000000709e00000| Untracked 
|  22|0x000000070a000000, 0x000000070a000000, 0x000000070a200000|  0%| F|  |TAMS 0x000000070a000000| PB 0x000000070a000000| Untracked 
|  23|0x000000070a200000, 0x000000070a200000, 0x000000070a400000|  0%| F|  |TAMS 0x000000070a200000| PB 0x000000070a200000| Untracked 
|  24|0x000000070a400000, 0x000000070a400000, 0x000000070a600000|  0%| F|  |TAMS 0x000000070a400000| PB 0x000000070a400000| Untracked 
|  25|0x000000070a600000, 0x000000070a600000, 0x000000070a800000|  0%| F|  |TAMS 0x000000070a600000| PB 0x000000070a600000| Untracked 
|  26|0x000000070a800000, 0x000000070a800000, 0x000000070aa00000|  0%| F|  |TAMS 0x000000070a800000| PB 0x000000070a800000| Untracked 
|  27|0x000000070aa00000, 0x000000070aa00000, 0x000000070ac00000|  0%| F|  |TAMS 0x000000070aa00000| PB 0x000000070aa00000| Untracked 
|  28|0x000000070ac00000, 0x000000070ac00000, 0x000000070ae00000|  0%| F|  |TAMS 0x000000070ac00000| PB 0x000000070ac00000| Untracked 
|  29|0x000000070ae00000, 0x000000070ae00000, 0x000000070b000000|  0%| F|  |TAMS 0x000000070ae00000| PB 0x000000070ae00000| Untracked 
|  30|0x000000070b000000, 0x000000070b000000, 0x000000070b200000|  0%| F|  |TAMS 0x000000070b000000| PB 0x000000070b000000| Untracked 
|  31|0x000000070b200000, 0x000000070b200000, 0x000000070b400000|  0%| F|  |TAMS 0x000000070b200000| PB 0x000000070b200000| Untracked 
|  32|0x000000070b400000, 0x000000070b400000, 0x000000070b600000|  0%| F|  |TAMS 0x000000070b400000| PB 0x000000070b400000| Untracked 
|  33|0x000000070b600000, 0x000000070b600000, 0x000000070b800000|  0%| F|  |TAMS 0x000000070b600000| PB 0x000000070b600000| Untracked 
|  34|0x000000070b800000, 0x000000070b800000, 0x000000070ba00000|  0%| F|  |TAMS 0x000000070b800000| PB 0x000000070b800000| Untracked 
|  35|0x000000070ba00000, 0x000000070ba00000, 0x000000070bc00000|  0%| F|  |TAMS 0x000000070ba00000| PB 0x000000070ba00000| Untracked 
|  36|0x000000070bc00000, 0x000000070bc00000, 0x000000070be00000|  0%| F|  |TAMS 0x000000070bc00000| PB 0x000000070bc00000| Untracked 
|  37|0x000000070be00000, 0x000000070be00000, 0x000000070c000000|  0%| F|  |TAMS 0x000000070be00000| PB 0x000000070be00000| Untracked 
|  38|0x000000070c000000, 0x000000070c000000, 0x000000070c200000|  0%| F|  |TAMS 0x000000070c000000| PB 0x000000070c000000| Untracked 
|  39|0x000000070c200000, 0x000000070c200000, 0x000000070c400000|  0%| F|  |TAMS 0x000000070c200000| PB 0x000000070c200000| Untracked 
|  40|0x000000070c400000, 0x000000070c400000, 0x000000070c600000|  0%| F|  |TAMS 0x000000070c400000| PB 0x000000070c400000| Untracked 
|  41|0x000000070c600000, 0x000000070c600000, 0x000000070c800000|  0%| F|  |TAMS 0x000000070c600000| PB 0x000000070c600000| Untracked 
|  42|0x000000070c800000, 0x000000070c800000, 0x000000070ca00000|  0%| F|  |TAMS 0x000000070c800000| PB 0x000000070c800000| Untracked 
|  43|0x000000070ca00000, 0x000000070ca00000, 0x000000070cc00000|  0%| F|  |TAMS 0x000000070ca00000| PB 0x000000070ca00000| Untracked 
|  44|0x000000070cc00000, 0x000000070cc00000, 0x000000070ce00000|  0%| F|  |TAMS 0x000000070cc00000| PB 0x000000070cc00000| Untracked 
|  45|0x000000070ce00000, 0x000000070ce00000, 0x000000070d000000|  0%| F|  |TAMS 0x000000070ce00000| PB 0x000000070ce00000| Untracked 
|  46|0x000000070d000000, 0x000000070d000000, 0x000000070d200000|  0%| F|  |TAMS 0x000000070d000000| PB 0x000000070d000000| Untracked 
|  47|0x000000070d200000, 0x000000070d200000, 0x000000070d400000|  0%| F|  |TAMS 0x000000070d200000| PB 0x000000070d200000| Untracked 
|  48|0x000000070d400000, 0x000000070d400000, 0x000000070d600000|  0%| F|  |TAMS 0x000000070d400000| PB 0x000000070d400000| Untracked 
|  49|0x000000070d600000, 0x000000070d600000, 0x000000070d800000|  0%| F|  |TAMS 0x000000070d600000| PB 0x000000070d600000| Untracked 
|  50|0x000000070d800000, 0x000000070d800000, 0x000000070da00000|  0%| F|  |TAMS 0x000000070d800000| PB 0x000000070d800000| Untracked 
|  51|0x000000070da00000, 0x000000070da00000, 0x000000070dc00000|  0%| F|  |TAMS 0x000000070da00000| PB 0x000000070da00000| Untracked 
|  52|0x000000070dc00000, 0x000000070dc00000, 0x000000070de00000|  0%| F|  |TAMS 0x000000070dc00000| PB 0x000000070dc00000| Untracked 
|  53|0x000000070de00000, 0x000000070de00000, 0x000000070e000000|  0%| F|  |TAMS 0x000000070de00000| PB 0x000000070de00000| Untracked 
|  54|0x000000070e000000, 0x000000070e000000, 0x000000070e200000|  0%| F|  |TAMS 0x000000070e000000| PB 0x000000070e000000| Untracked 
|  55|0x000000070e200000, 0x000000070e200000, 0x000000070e400000|  0%| F|  |TAMS 0x000000070e200000| PB 0x000000070e200000| Untracked 
|  56|0x000000070e400000, 0x000000070e400000, 0x000000070e600000|  0%| F|  |TAMS 0x000000070e400000| PB 0x000000070e400000| Untracked 
|  57|0x000000070e600000, 0x000000070e600000, 0x000000070e800000|  0%| F|  |TAMS 0x000000070e600000| PB 0x000000070e600000| Untracked 
|  58|0x000000070e800000, 0x000000070e800000, 0x000000070ea00000|  0%| F|  |TAMS 0x000000070e800000| PB 0x000000070e800000| Untracked 
|  59|0x000000070ea00000, 0x000000070ea00000, 0x000000070ec00000|  0%| F|  |TAMS 0x000000070ea00000| PB 0x000000070ea00000| Untracked 
|  60|0x000000070ec00000, 0x000000070ec00000, 0x000000070ee00000|  0%| F|  |TAMS 0x000000070ec00000| PB 0x000000070ec00000| Untracked 
|  61|0x000000070ee00000, 0x000000070ee00000, 0x000000070f000000|  0%| F|  |TAMS 0x000000070ee00000| PB 0x000000070ee00000| Untracked 
|  62|0x000000070f000000, 0x000000070f000000, 0x000000070f200000|  0%| F|  |TAMS 0x000000070f000000| PB 0x000000070f000000| Untracked 
|  63|0x000000070f200000, 0x000000070f200000, 0x000000070f400000|  0%| F|  |TAMS 0x000000070f200000| PB 0x000000070f200000| Untracked 
|  64|0x000000070f400000, 0x000000070f400000, 0x000000070f600000|  0%| F|  |TAMS 0x000000070f400000| PB 0x000000070f400000| Untracked 
|  65|0x000000070f600000, 0x000000070f600000, 0x000000070f800000|  0%| F|  |TAMS 0x000000070f600000| PB 0x000000070f600000| Untracked 
|  66|0x000000070f800000, 0x000000070f800000, 0x000000070fa00000|  0%| F|  |TAMS 0x000000070f800000| PB 0x000000070f800000| Untracked 
|  67|0x000000070fa00000, 0x000000070fa00000, 0x000000070fc00000|  0%| F|  |TAMS 0x000000070fa00000| PB 0x000000070fa00000| Untracked 
|  68|0x000000070fc00000, 0x000000070fc00000, 0x000000070fe00000|  0%| F|  |TAMS 0x000000070fc00000| PB 0x000000070fc00000| Untracked 
|  69|0x000000070fe00000, 0x000000070fe00000, 0x0000000710000000|  0%| F|  |TAMS 0x000000070fe00000| PB 0x000000070fe00000| Untracked 
|  70|0x0000000710000000, 0x0000000710000000, 0x0000000710200000|  0%| F|  |TAMS 0x0000000710000000| PB 0x0000000710000000| Untracked 
|  71|0x0000000710200000, 0x0000000710200000, 0x0000000710400000|  0%| F|  |TAMS 0x0000000710200000| PB 0x0000000710200000| Untracked 
|  72|0x0000000710400000, 0x0000000710400000, 0x0000000710600000|  0%| F|  |TAMS 0x0000000710400000| PB 0x0000000710400000| Untracked 
|  73|0x0000000710600000, 0x0000000710600000, 0x0000000710800000|  0%| F|  |TAMS 0x0000000710600000| PB 0x0000000710600000| Untracked 
|  74|0x0000000710800000, 0x0000000710800000, 0x0000000710a00000|  0%| F|  |TAMS 0x0000000710800000| PB 0x0000000710800000| Untracked 
|  75|0x0000000710a00000, 0x0000000710a00000, 0x0000000710c00000|  0%| F|  |TAMS 0x0000000710a00000| PB 0x0000000710a00000| Untracked 
|  76|0x0000000710c00000, 0x0000000710c00000, 0x0000000710e00000|  0%| F|  |TAMS 0x0000000710c00000| PB 0x0000000710c00000| Untracked 
|  77|0x0000000710e00000, 0x0000000710e00000, 0x0000000711000000|  0%| F|  |TAMS 0x0000000710e00000| PB 0x0000000710e00000| Untracked 
|  78|0x0000000711000000, 0x0000000711000000, 0x0000000711200000|  0%| F|  |TAMS 0x0000000711000000| PB 0x0000000711000000| Untracked 
|  79|0x0000000711200000, 0x0000000711200000, 0x0000000711400000|  0%| F|  |TAMS 0x0000000711200000| PB 0x0000000711200000| Untracked 
|  80|0x0000000711400000, 0x0000000711400000, 0x0000000711600000|  0%| F|  |TAMS 0x0000000711400000| PB 0x0000000711400000| Untracked 
|  81|0x0000000711600000, 0x0000000711600000, 0x0000000711800000|  0%| F|  |TAMS 0x0000000711600000| PB 0x0000000711600000| Untracked 
|  82|0x0000000711800000, 0x0000000711800000, 0x0000000711a00000|  0%| F|  |TAMS 0x0000000711800000| PB 0x0000000711800000| Untracked 
|  83|0x0000000711a00000, 0x0000000711a00000, 0x0000000711c00000|  0%| F|  |TAMS 0x0000000711a00000| PB 0x0000000711a00000| Untracked 
|  84|0x0000000711c00000, 0x0000000711c00000, 0x0000000711e00000|  0%| F|  |TAMS 0x0000000711c00000| PB 0x0000000711c00000| Untracked 
|  85|0x0000000711e00000, 0x0000000711e00000, 0x0000000712000000|  0%| F|  |TAMS 0x0000000711e00000| PB 0x0000000711e00000| Untracked 
|  86|0x0000000712000000, 0x0000000712000000, 0x0000000712200000|  0%| F|  |TAMS 0x0000000712000000| PB 0x0000000712000000| Untracked 
|  87|0x0000000712200000, 0x0000000712200000, 0x0000000712400000|  0%| F|  |TAMS 0x0000000712200000| PB 0x0000000712200000| Untracked 
|  88|0x0000000712400000, 0x0000000712400000, 0x0000000712600000|  0%| F|  |TAMS 0x0000000712400000| PB 0x0000000712400000| Untracked 
|  89|0x0000000712600000, 0x0000000712600000, 0x0000000712800000|  0%| F|  |TAMS 0x0000000712600000| PB 0x0000000712600000| Untracked 
|  90|0x0000000712800000, 0x0000000712800000, 0x0000000712a00000|  0%| F|  |TAMS 0x0000000712800000| PB 0x0000000712800000| Untracked 
|  91|0x0000000712a00000, 0x0000000712a00000, 0x0000000712c00000|  0%| F|  |TAMS 0x0000000712a00000| PB 0x0000000712a00000| Untracked 
|  92|0x0000000712c00000, 0x0000000712c00000, 0x0000000712e00000|  0%| F|  |TAMS 0x0000000712c00000| PB 0x0000000712c00000| Untracked 
|  93|0x0000000712e00000, 0x0000000712e00000, 0x0000000713000000|  0%| F|  |TAMS 0x0000000712e00000| PB 0x0000000712e00000| Untracked 
|  94|0x0000000713000000, 0x0000000713000000, 0x0000000713200000|  0%| F|  |TAMS 0x0000000713000000| PB 0x0000000713000000| Untracked 
|  95|0x0000000713200000, 0x0000000713200000, 0x0000000713400000|  0%| F|  |TAMS 0x0000000713200000| PB 0x0000000713200000| Untracked 
|  96|0x0000000713400000, 0x0000000713400000, 0x0000000713600000|  0%| F|  |TAMS 0x0000000713400000| PB 0x0000000713400000| Untracked 
|  97|0x0000000713600000, 0x0000000713600000, 0x0000000713800000|  0%| F|  |TAMS 0x0000000713600000| PB 0x0000000713600000| Untracked 
|  98|0x0000000713800000, 0x0000000713800000, 0x0000000713a00000|  0%| F|  |TAMS 0x0000000713800000| PB 0x0000000713800000| Untracked 
|  99|0x0000000713a00000, 0x0000000713a00000, 0x0000000713c00000|  0%| F|  |TAMS 0x0000000713a00000| PB 0x0000000713a00000| Untracked 
| 100|0x0000000713c00000, 0x0000000713c00000, 0x0000000713e00000|  0%| F|  |TAMS 0x0000000713c00000| PB 0x0000000713c00000| Untracked 
| 101|0x0000000713e00000, 0x0000000713e00000, 0x0000000714000000|  0%| F|  |TAMS 0x0000000713e00000| PB 0x0000000713e00000| Untracked 
| 102|0x0000000714000000, 0x0000000714000000, 0x0000000714200000|  0%| F|  |TAMS 0x0000000714000000| PB 0x0000000714000000| Untracked 
| 103|0x0000000714200000, 0x0000000714200000, 0x0000000714400000|  0%| F|  |TAMS 0x0000000714200000| PB 0x0000000714200000| Untracked 
| 104|0x0000000714400000, 0x0000000714400000, 0x0000000714600000|  0%| F|  |TAMS 0x0000000714400000| PB 0x0000000714400000| Untracked 
| 105|0x0000000714600000, 0x0000000714600000, 0x0000000714800000|  0%| F|  |TAMS 0x0000000714600000| PB 0x0000000714600000| Untracked 
| 106|0x0000000714800000, 0x00000007149eaca0, 0x0000000714a00000| 95%| E|  |TAMS 0x0000000714800000| PB 0x0000000714800000| Complete 
| 107|0x0000000714a00000, 0x0000000714c00000, 0x0000000714c00000|100%| E|CS|TAMS 0x0000000714a00000| PB 0x0000000714a00000| Complete 
| 108|0x0000000714c00000, 0x0000000714e00000, 0x0000000714e00000|100%| E|CS|TAMS 0x0000000714c00000| PB 0x0000000714c00000| Complete 
| 109|0x0000000714e00000, 0x0000000715000000, 0x0000000715000000|100%| E|CS|TAMS 0x0000000714e00000| PB 0x0000000714e00000| Complete 
| 110|0x0000000715000000, 0x0000000715200000, 0x0000000715200000|100%| E|CS|TAMS 0x0000000715000000| PB 0x0000000715000000| Complete 
| 111|0x0000000715200000, 0x0000000715400000, 0x0000000715400000|100%| E|CS|TAMS 0x0000000715200000| PB 0x0000000715200000| Complete 
| 112|0x0000000715400000, 0x0000000715495530, 0x0000000715600000| 29%| S|CS|TAMS 0x0000000715400000| PB 0x0000000715400000| Complete 
| 113|0x0000000715600000, 0x0000000715800000, 0x0000000715800000|100%| S|CS|TAMS 0x0000000715600000| PB 0x0000000715600000| Complete 
| 114|0x0000000715800000, 0x0000000715a00000, 0x0000000715a00000|100%| E|CS|TAMS 0x0000000715800000| PB 0x0000000715800000| Complete 
| 115|0x0000000715a00000, 0x0000000715c00000, 0x0000000715c00000|100%| E|CS|TAMS 0x0000000715a00000| PB 0x0000000715a00000| Complete 
| 116|0x0000000715c00000, 0x0000000715e00000, 0x0000000715e00000|100%| E|CS|TAMS 0x0000000715c00000| PB 0x0000000715c00000| Complete 
| 117|0x0000000715e00000, 0x0000000716000000, 0x0000000716000000|100%| E|CS|TAMS 0x0000000715e00000| PB 0x0000000715e00000| Complete 
| 118|0x0000000716000000, 0x0000000716200000, 0x0000000716200000|100%| E|CS|TAMS 0x0000000716000000| PB 0x0000000716000000| Complete 
| 119|0x0000000716200000, 0x0000000716400000, 0x0000000716400000|100%| E|  |TAMS 0x0000000716200000| PB 0x0000000716200000| Complete 
| 120|0x0000000716400000, 0x0000000716600000, 0x0000000716600000|100%| E|CS|TAMS 0x0000000716400000| PB 0x0000000716400000| Complete 
| 121|0x0000000716600000, 0x0000000716800000, 0x0000000716800000|100%| E|CS|TAMS 0x0000000716600000| PB 0x0000000716600000| Complete 
| 122|0x0000000716800000, 0x0000000716a00000, 0x0000000716a00000|100%| E|CS|TAMS 0x0000000716800000| PB 0x0000000716800000| Complete 
| 123|0x0000000716a00000, 0x0000000716c00000, 0x0000000716c00000|100%| E|CS|TAMS 0x0000000716a00000| PB 0x0000000716a00000| Complete 
| 124|0x0000000716c00000, 0x0000000716e00000, 0x0000000716e00000|100%| E|CS|TAMS 0x0000000716c00000| PB 0x0000000716c00000| Complete 

Card table byte_map: [0x000001ac240a0000,0x000001ac24870000] _byte_map_base: 0x000001ac20866000

Marking Bits: (CMBitMap*) 0x000001ac0bef0bf0
 Bits: [0x000001ac24870000, 0x000001ac286a0000)

Polling page: 0x000001ac09d10000

Metaspace:

Usage:
  Non-class:      9.44 MB used.
      Class:      1.59 MB used.
       Both:     11.03 MB used.

Virtual space:
  Non-class space:       64.00 MB reserved,       9.56 MB ( 15%) committed,  1 nodes.
      Class space:        1.00 GB reserved,       1.69 MB ( <1%) committed,  1 nodes.
             Both:        1.06 GB reserved,      11.25 MB (  1%) committed. 

Chunk freelists:
   Non-Class:  5.44 MB
       Class:  14.27 MB
        Both:  19.71 MB

MaxMetaspaceSize: unlimited
CompressedClassSpaceSize: 1.00 GB
Initial GC threshold: 21.00 MB
Current GC threshold: 21.00 MB
CDS: on
 - commit_granule_bytes: 65536.
 - commit_granule_words: 8192.
 - virtual_space_node_default_size: 8388608.
 - enlarge_chunks_in_place: 1.
 - use_allocation_guard: 0.


Internal statistics:

num_allocs_failed_limit: 0.
num_arena_births: 226.
num_arena_deaths: 0.
num_vsnodes_births: 2.
num_vsnodes_deaths: 0.
num_space_committed: 180.
num_space_uncommitted: 0.
num_chunks_returned_to_freelist: 0.
num_chunks_taken_from_freelist: 580.
num_chunk_merges: 0.
num_chunk_splits: 404.
num_chunks_enlarged: 301.
num_inconsistent_stats: 0.

CodeHeap 'non-profiled nmethods': size=120000Kb used=662Kb max_used=662Kb free=119337Kb
 bounds [0x000001ac1c060000, 0x000001ac1c2d0000, 0x000001ac23590000]
CodeHeap 'profiled nmethods': size=120000Kb used=2689Kb max_used=2689Kb free=117310Kb
 bounds [0x000001ac14590000, 0x000001ac14840000, 0x000001ac1bac0000]
CodeHeap 'non-nmethods': size=5760Kb used=1718Kb max_used=1730Kb free=4041Kb
 bounds [0x000001ac1bac0000, 0x000001ac1bd30000, 0x000001ac1c060000]
CodeCache: size=245760Kb, used=5069Kb, max_used=5081Kb, free=240688Kb
 total_blobs=2332, nmethods=1584, adapters=652, full_count=0
Compilation: enabled, stopped_count=0, restarted_count=0

Compilation events (20 events):
Event: 1.251 Thread 0x000001ac2b101c20 1574       3       java.lang.invoke.LambdaForm$MH/0x000001ac2d019400::invoke (45 bytes)
Event: 1.251 Thread 0x000001ac2b101c20 nmethod 1574 0x000001ac1482e690 code [0x000001ac1482e880, 0x000001ac1482ef58]
Event: 1.273 Thread 0x000001ac2b101c20 1575       1       com.sun.javafx.geom.RectBounds::getMaxX (5 bytes)
Event: 1.273 Thread 0x000001ac2b101c20 nmethod 1575 0x000001ac1c104690 code [0x000001ac1c104820, 0x000001ac1c1048e8]
Event: 1.274 Thread 0x000001ac2b101c20 1576       3       jdk.internal.misc.Unsafe::checkSize (32 bytes)
Event: 1.274 Thread 0x000001ac2b101c20 nmethod 1576 0x000001ac1482f110 code [0x000001ac1482f2c0, 0x000001ac1482f530]
Event: 1.275 Thread 0x000001ac2b101c20 1578       3       java.lang.StrictMath::floorOrCeil (128 bytes)
Event: 1.275 Thread 0x000001ac2b101c20 nmethod 1578 0x000001ac1482f610 code [0x000001ac1482f7e0, 0x000001ac1482fc40]
Event: 1.275 Thread 0x000001ac2b101c20 1577       3       java.lang.invoke.BoundMethodHandle$Species_L::<init> (12 bytes)
Event: 1.275 Thread 0x000001ac2b101c20 nmethod 1577 0x000001ac1482fd10 code [0x000001ac1482fec0, 0x000001ac148300e8]
Event: 1.279 Thread 0x000001ac2b101c20 1579       1       java.util.Collections$EmptyList::isEmpty (2 bytes)
Event: 1.279 Thread 0x000001ac2b101c20 nmethod 1579 0x000001ac1c104990 code [0x000001ac1c104b20, 0x000001ac1c104be8]
Event: 1.279 Thread 0x000001ac2b101c20 1580       1       com.sun.prism.impl.BaseContext::isDisposed (5 bytes)
Event: 1.279 Thread 0x000001ac2b101c20 nmethod 1580 0x000001ac1c104c90 code [0x000001ac1c104e20, 0x000001ac1c104ef0]
Event: 1.280 Thread 0x000001ac2b101c20 1581       3       com.sun.javafx.font.directwrite.IUnknown::Release (26 bytes)
Event: 1.280 Thread 0x000001ac2b101c20 nmethod 1581 0x000001ac14830210 code [0x000001ac148303c0, 0x000001ac14830568]
Event: 1.280 Thread 0x000001ac2b101c20 1582       1       com.sun.prism.PixelFormat$DataType::getSizeInBytes (5 bytes)
Event: 1.280 Thread 0x000001ac2b101c20 nmethod 1582 0x000001ac1c104f90 code [0x000001ac1c105120, 0x000001ac1c1051e8]
Event: 1.280 Thread 0x000001ac2b101c20 1583       1       com.sun.prism.PixelFormat::getDataType (5 bytes)
Event: 1.280 Thread 0x000001ac2b101c20 nmethod 1583 0x000001ac1c105290 code [0x000001ac1c105420, 0x000001ac1c1054f0]

GC Heap History (2 events):
Event: 0.742 GC heap before
{Heap before GC invocations=0 (full 0):
 garbage-first heap   total 256000K, used 20480K [0x0000000707400000, 0x0000000800000000)
  region size 2048K, 11 young (22528K), 0 survivors (0K)
 Metaspace       used 4824K, committed 4992K, reserved 1114112K
  class space    used 502K, committed 576K, reserved 1048576K
}
Event: 0.747 GC heap after
{Heap after GC invocations=1 (full 0):
 garbage-first heap   total 256000K, used 2645K [0x0000000707400000, 0x0000000800000000)
  region size 2048K, 2 young (4096K), 2 survivors (4096K)
 Metaspace       used 4824K, committed 4992K, reserved 1114112K
  class space    used 502K, committed 576K, reserved 1048576K
}

Dll operation events (20 events):
Event: 0.462 Loaded shared library C:\Users\ninja\.openjfx\cache\21.0.6+3\amd64\api-ms-win-crt-locale-l1-1-0.dll
Event: 0.464 Loaded shared library C:\Users\ninja\.openjfx\cache\21.0.6+3\amd64\api-ms-win-crt-math-l1-1-0.dll
Event: 0.466 Loaded shared library C:\Users\ninja\.openjfx\cache\21.0.6+3\amd64\api-ms-win-crt-multibyte-l1-1-0.dll
Event: 0.468 Loaded shared library C:\Users\ninja\.openjfx\cache\21.0.6+3\amd64\api-ms-win-crt-private-l1-1-0.dll
Event: 0.471 Loaded shared library C:\Users\ninja\.openjfx\cache\21.0.6+3\amd64\api-ms-win-crt-process-l1-1-0.dll
Event: 0.472 Loaded shared library C:\Users\ninja\.openjfx\cache\21.0.6+3\amd64\api-ms-win-crt-runtime-l1-1-0.dll
Event: 0.474 Loaded shared library C:\Users\ninja\.openjfx\cache\21.0.6+3\amd64\api-ms-win-crt-stdio-l1-1-0.dll
Event: 0.477 Loaded shared library C:\Users\ninja\.openjfx\cache\21.0.6+3\amd64\api-ms-win-crt-string-l1-1-0.dll
Event: 0.478 Loaded shared library C:\Users\ninja\.openjfx\cache\21.0.6+3\amd64\api-ms-win-crt-time-l1-1-0.dll
Event: 0.480 Loaded shared library C:\Users\ninja\.openjfx\cache\21.0.6+3\amd64\api-ms-win-crt-utility-l1-1-0.dll
Event: 0.493 Loaded shared library C:\Users\ninja\.openjfx\cache\21.0.6+3\amd64\ucrtbase.dll
Event: 0.497 Loaded shared library C:\Users\ninja\.openjfx\cache\21.0.6+3\amd64\vcruntime140.dll
Event: 0.499 Loaded shared library C:\Users\ninja\.openjfx\cache\21.0.6+3\amd64\vcruntime140_1.dll
Event: 0.507 Loaded shared library C:\Users\ninja\.openjfx\cache\21.0.6+3\amd64\msvcp140.dll
Event: 0.509 Loaded shared library C:\Users\ninja\.openjfx\cache\21.0.6+3\amd64\msvcp140_1.dll
Event: 0.513 Loaded shared library C:\Users\ninja\.openjfx\cache\21.0.6+3\amd64\msvcp140_2.dll
Event: 0.544 Loaded shared library C:\Users\ninja\.openjfx\cache\21.0.6+3\amd64\prism_d3d.dll
Event: 0.608 Loaded shared library C:\Users\ninja\.openjfx\cache\21.0.6+3\amd64\glass.dll
Event: 0.804 Loaded shared library C:\Users\ninja\.jdks\corretto-21.0.8\bin\jimage.dll
Event: 0.815 Loaded shared library C:\Users\ninja\.openjfx\cache\21.0.6+3\amd64\javafx_font.dll

Deoptimization events (20 events):
Event: 1.123 Thread 0x000001ac711f3450 Uncommon trap: trap_request=0xffffff45 fr.pc=0x000001ac1c0dc018 relative=0x00000000000001f8
Event: 1.123 Thread 0x000001ac711f3450 Uncommon trap: reason=unstable_if action=reinterpret pc=0x000001ac1c0dc018 method=java.io.ByteArrayInputStream.read()I @ 8 c2
Event: 1.123 Thread 0x000001ac711f3450 DEOPT PACKING pc=0x000001ac1c0dc018 sp=0x0000000b7c2fc5c0
Event: 1.123 Thread 0x000001ac711f3450 DEOPT UNPACKING pc=0x000001ac1bb146a2 sp=0x0000000b7c2fc568 mode 2
Event: 1.139 Thread 0x000001ac711f3450 Uncommon trap: trap_request=0xffffff45 fr.pc=0x000001ac1c0b2d5c relative=0x000000000000021c
Event: 1.139 Thread 0x000001ac711f3450 Uncommon trap: reason=unstable_if action=reinterpret pc=0x000001ac1c0b2d5c method=java.lang.String.startsWith(Ljava/lang/String;I)Z @ 50 c2
Event: 1.139 Thread 0x000001ac711f3450 DEOPT PACKING pc=0x000001ac1c0b2d5c sp=0x0000000b7c2fd990
Event: 1.139 Thread 0x000001ac711f3450 DEOPT UNPACKING pc=0x000001ac1bb146a2 sp=0x0000000b7c2fd918 mode 2
Event: 1.139 Thread 0x000001ac711f3450 Uncommon trap: trap_request=0xffffff45 fr.pc=0x000001ac1c072198 relative=0x00000000000001f8
Event: 1.139 Thread 0x000001ac711f3450 Uncommon trap: reason=unstable_if action=reinterpret pc=0x000001ac1c072198 method=java.lang.String.isLatin1()Z @ 10 c2
Event: 1.139 Thread 0x000001ac711f3450 DEOPT PACKING pc=0x000001ac1c072198 sp=0x0000000b7c2fd960
Event: 1.139 Thread 0x000001ac711f3450 DEOPT UNPACKING pc=0x000001ac1bb146a2 sp=0x0000000b7c2fd888 mode 2
Event: 1.230 Thread 0x000001ac2b409c20 Uncommon trap: trap_request=0xffffff45 fr.pc=0x000001ac1c0d5490 relative=0x0000000000000a10
Event: 1.230 Thread 0x000001ac2b409c20 Uncommon trap: reason=unstable_if action=reinterpret pc=0x000001ac1c0d5490 method=java.io.BufferedInputStream.read1([BII)I @ 34 c2
Event: 1.230 Thread 0x000001ac2b409c20 DEOPT PACKING pc=0x000001ac1c0d5490 sp=0x0000000b7c1fdc30
Event: 1.230 Thread 0x000001ac2b409c20 DEOPT UNPACKING pc=0x000001ac1bb146a2 sp=0x0000000b7c1fdb58 mode 2
Event: 1.231 Thread 0x000001ac2b409c20 Uncommon trap: trap_request=0xffffff45 fr.pc=0x000001ac1c0d38f8 relative=0x0000000000000198
Event: 1.231 Thread 0x000001ac2b409c20 Uncommon trap: reason=unstable_if action=reinterpret pc=0x000001ac1c0d38f8 method=java.io.BufferedInputStream.read1([BII)I @ 73 c2
Event: 1.231 Thread 0x000001ac2b409c20 DEOPT PACKING pc=0x000001ac1c0d38f8 sp=0x0000000b7c1fdb90
Event: 1.231 Thread 0x000001ac2b409c20 DEOPT UNPACKING pc=0x000001ac1bb146a2 sp=0x0000000b7c1fdb60 mode 2

Classes loaded (20 events):
Event: 1.129 Loading class sun/invoke/util/ValueConversions$1
Event: 1.129 Loading class sun/invoke/util/ValueConversions$1 done
Event: 1.129 Loading class java/lang/invoke/BoundMethodHandle$Species_LI
Event: 1.129 Loading class java/lang/invoke/BoundMethodHandle$Species_LI done
Event: 1.181 Loading class java/util/WeakHashMap$EntrySet
Event: 1.181 Loading class java/util/WeakHashMap$EntrySet done
Event: 1.181 Loading class java/util/WeakHashMap$EntryIterator
Event: 1.181 Loading class java/util/WeakHashMap$EntryIterator done
Event: 1.189 Loading class java/util/ConcurrentModificationException
Event: 1.189 Loading class java/util/ConcurrentModificationException done
Event: 1.192 Loading class java/util/concurrent/ConcurrentLinkedQueue
Event: 1.192 Loading class java/util/concurrent/ConcurrentLinkedQueue done
Event: 1.192 Loading class java/util/concurrent/ConcurrentLinkedQueue$Node
Event: 1.192 Loading class java/util/concurrent/ConcurrentLinkedQueue$Node done
Event: 1.255 Loading class java/nio/ShortBuffer
Event: 1.255 Loading class java/nio/ShortBuffer done
Event: 1.255 Loading class java/nio/DoubleBuffer
Event: 1.255 Loading class java/nio/DoubleBuffer done
Event: 1.255 Loading class java/nio/DirectFloatBufferU
Event: 1.255 Loading class java/nio/DirectFloatBufferU done

Classes unloaded (0 events):
No events

Classes redefined (0 events):
No events

Internal exceptions (20 events):
Event: 0.780 Thread 0x000001ac711f3450 Exception <a 'java/lang/NullPointerException'{0x0000000716923848}> (0x0000000716923848) 
thrown [s\src\hotspot\share\interpreter\linkResolver.cpp, line 1372]
Event: 0.806 Thread 0x000001ac711f3450 Exception <a 'sun/nio/fs/WindowsException'{0x000000071646cad0}> (0x000000071646cad0) 
thrown [s\src\hotspot\share\prims\jni.cpp, line 520]
Event: 0.901 Thread 0x000001ac711f3450 Exception <a 'java/lang/ClassNotFoundException'{0x0000000715a8a1a0}: com/sun/glass/ui/win/themes> (0x0000000715a8a1a0) 
thrown [s\src\hotspot\share\prims\jni.cpp, line 539]
Event: 0.902 Thread 0x000001ac711f3450 Exception <a 'java/lang/ClassNotFoundException'{0x0000000715a956a8}: com/sun/glass/ui/win/themes_en> (0x0000000715a956a8) 
thrown [s\src\hotspot\share\prims\jni.cpp, line 539]
Event: 0.902 Thread 0x000001ac711f3450 Exception <a 'java/lang/ClassNotFoundException'{0x0000000715a9d210}: com/sun/glass/ui/win/themes_en_US> (0x0000000715a9d210) 
thrown [s\src\hotspot\share\prims\jni.cpp, line 539]
Event: 0.959 Thread 0x000001ac711f3450 Exception <a 'java/lang/NoSuchMethodError'{0x00000007152a3828}: 'void java.lang.invoke.DirectMethodHandle$Holder.invokeStaticInit(java.lang.Object, java.lang.Object)'> (0x00000007152a3828) 
thrown [s\src\hotspot\share\interpreter\linkResolver.cpp, line 773]
Event: 0.962 Thread 0x000001ac711f3450 Exception <a 'sun/nio/fs/WindowsException'{0x00000007152b6bf8}> (0x00000007152b6bf8) 
thrown [s\src\hotspot\share\prims\jni.cpp, line 520]
Event: 1.034 Thread 0x000001ac711f3450 Implicit null exception at 0x000001ac1c0ddb1d to 0x000001ac1c0de05c
Event: 1.034 Thread 0x000001ac711f3450 Implicit null exception at 0x000001ac1c0d809d to 0x000001ac1c0d85e8
Event: 1.110 Thread 0x000001ac711f3450 Exception <a 'java/lang/IncompatibleClassChangeError'{0x0000000714a416d0}: Found class java.lang.Object, but interface was expected> (0x0000000714a416d0) 
thrown [s\src\hotspot\share\interpreter\linkResolver.cpp, line 840]
Event: 1.128 Thread 0x000001ac711f3450 Exception <a 'java/lang/NoSuchMethodError'{0x0000000714af1218}: 'int java.lang.invoke.DirectMethodHandle$Holder.invokeSpecial(java.lang.Object, java.lang.Object, int)'> (0x0000000714af1218) 
thrown [s\src\hotspot\share\interpreter\linkResolver.cpp, line 773]
Event: 1.129 Thread 0x000001ac711f3450 Exception <a 'java/lang/NoSuchMethodError'{0x0000000714af8a60}: 'int java.lang.invoke.DirectMethodHandle$Holder.invokeSpecial(java.lang.Object, java.lang.Object, java.lang.Object, int)'> (0x0000000714af8a60) 
thrown [s\src\hotspot\share\interpreter\linkResolver.cpp, line 773]
Event: 1.131 Thread 0x000001ac711f3450 Exception <a 'java/lang/NoSuchMethodError'{0x0000000714b0e370}: 'java.lang.Object java.lang.invoke.DirectMethodHandle$Holder.invokeStatic(java.lang.Object, java.lang.Object, java.lang.Object, java.lang.Object, int)'> (0x0000000714b0e370) 
thrown [s\src\hotspot\share\interpreter\linkResolver.cpp, line 773]
Event: 1.131 Thread 0x000001ac711f3450 Exception <a 'java/lang/NoSuchMethodError'{0x0000000714b16a98}: 'int java.lang.invoke.DirectMethodHandle$Holder.invokeSpecial(java.lang.Object, java.lang.Object, java.lang.Object)'> (0x0000000714b16a98) 
thrown [s\src\hotspot\share\interpreter\linkResolver.cpp, line 773]
Event: 1.143 Thread 0x000001ac711f3450 Exception <a 'java/lang/NoSuchMethodError'{0x0000000714b846c0}: 'java.lang.Object java.lang.invoke.DirectMethodHandle$Holder.newInvokeSpecial(java.lang.Object, java.lang.Object, int)'> (0x0000000714b846c0) 
thrown [s\src\hotspot\share\interpreter\linkResolver.cpp, line 773]
Event: 1.192 Thread 0x000001ac711f3450 Exception <a 'java/lang/NoSuchMethodError'{0x0000000714bb4300}: 'long java.lang.invoke.DirectMethodHandle$Holder.invokeStatic(java.lang.Object, java.lang.Object, java.lang.Object)'> (0x0000000714bb4300) 
thrown [s\src\hotspot\share\interpreter\linkResolver.cpp, line 773]
Event: 1.195 Thread 0x000001ac711f3450 Exception <a 'java/lang/NoSuchMethodError'{0x0000000714bb7710}: 'long java.lang.invoke.DirectMethodHandle$Holder.invokeStaticInit(java.lang.Object, java.lang.Object, java.lang.Object)'> (0x0000000714bb7710) 
thrown [s\src\hotspot\share\interpreter\linkResolver.cpp, line 773]
Event: 1.197 Thread 0x000001ac711f3450 Exception <a 'java/lang/NoSuchMethodError'{0x0000000714bcc540}: 'java.lang.Object java.lang.invoke.DirectMethodHandle$Holder.newInvokeSpecial(java.lang.Object, java.lang.Object, long)'> (0x0000000714bcc540) 
thrown [s\src\hotspot\share\interpreter\linkResolver.cpp, line 773]
Event: 1.198 Thread 0x000001ac711f3450 Exception <a 'java/lang/NoSuchMethodError'{0x0000000714bcfe98}: 'java.lang.Object java.lang.invoke.Invokers$Holder.linkToTargetMethod(java.lang.Object, long, java.lang.Object)'> (0x0000000714bcfe98) 
thrown [s\src\hotspot\share\interpreter\linkResolver.cpp, line 773]
Event: 1.215 Thread 0x000001ac2b409c20 Exception <a 'java/lang/NoSuchMethodError'{0x0000000714851fa8}: 'int java.lang.invoke.DirectMethodHandle$Holder.invokeStaticInit(java.lang.Object, java.lang.Object)'> (0x0000000714851fa8) 
thrown [s\src\hotspot\share\interpreter\linkResolver.cpp, line 773]

ZGC Phase Switch (0 events):
No events

VM Operations (16 events):
Event: 0.234 Executing VM operation: HandshakeAllThreads (Deoptimize)
Event: 0.234 Executing VM operation: HandshakeAllThreads (Deoptimize) done
Event: 0.234 Executing VM operation: HandshakeAllThreads (Deoptimize)
Event: 0.234 Executing VM operation: HandshakeAllThreads (Deoptimize) done
Event: 0.234 Executing VM operation: HandshakeAllThreads (Deoptimize)
Event: 0.234 Executing VM operation: HandshakeAllThreads (Deoptimize) done
Event: 0.601 Executing VM operation: HandshakeAllThreads (Deoptimize)
Event: 0.601 Executing VM operation: HandshakeAllThreads (Deoptimize) done
Event: 0.742 Executing VM operation: G1CollectForAllocation (G1 Evacuation Pause)
Event: 0.747 Executing VM operation: G1CollectForAllocation (G1 Evacuation Pause) done
Event: 0.913 Executing VM operation: HandshakeAllThreads (Deoptimize)
Event: 0.913 Executing VM operation: HandshakeAllThreads (Deoptimize) done
Event: 0.964 Executing VM operation: HandshakeAllThreads (Deoptimize)
Event: 0.964 Executing VM operation: HandshakeAllThreads (Deoptimize) done
Event: 1.096 Executing VM operation: ICBufferFull
Event: 1.096 Executing VM operation: ICBufferFull done

Memory protections (0 events):
No events

Nmethod flushes (0 events):
No events

Events (20 events):
Event: 0.049 Thread 0x000001ac0be86d90 Thread added: 0x000001ac2b0e93f0
Event: 0.049 Thread 0x000001ac0be86d90 Thread added: 0x000001ac2b0ec850
Event: 0.049 Thread 0x000001ac0be86d90 Thread added: 0x000001ac2b0f6c90
Event: 0.049 Thread 0x000001ac0be86d90 Thread added: 0x000001ac2b0f5450
Event: 0.050 Thread 0x000001ac0be86d90 Thread added: 0x000001ac2b0ffa00
Event: 0.050 Thread 0x000001ac0be86d90 Thread added: 0x000001ac2b101c20
Event: 0.079 Thread 0x000001ac0be86d90 Thread added: 0x000001ac2b1eec30
Event: 0.140 Thread 0x000001ac2b101c20 Thread added: 0x000001ac2b326b90
Event: 0.153 Thread 0x000001ac2b101c20 Thread added: 0x000001ac2b281e50
Event: 0.273 Thread 0x000001ac0be86d90 Thread added: 0x000001ac710587f0
Event: 0.273 Thread 0x000001ac0be86d90 Thread added: 0x000001ac2bca8560
Event: 0.536 Thread 0x000001ac0be86d90 Thread added: 0x000001ac2b409c20
Event: 0.590 Thread 0x000001ac2b281e50 Thread exited: 0x000001ac2b281e50
Event: 0.610 Thread 0x000001ac0be86d90 Thread added: 0x000001ac711fbd80
Event: 0.613 Thread 0x000001ac0be86d90 Thread added: 0x000001ac711f3450
Event: 0.714 Thread 0x000001ac2b326b90 Thread exited: 0x000001ac2b326b90
Event: 0.739 Thread 0x000001ac2b326b90 Thread added: 0x000001ac2b326b90
Event: 0.742 Thread 0x000001ac0be86d90 Thread added: 0x000001ac71e57560
Event: 0.924 Thread 0x000001ac2b101c20 Thread added: 0x000001ac774539d0
Event: 1.103 Thread 0x000001ac711f3450 Thread added: 0x000001ac773fc700


Dynamic libraries:
0x00007ff706a10000 - 0x00007ff706a1e000 	C:\Users\ninja\.jdks\corretto-21.0.8\bin\java.exe
0x00007ffb6e580000 - 0x00007ffb6e7e8000 	C:\Windows\SYSTEM32\ntdll.dll
0x00007ffb6d1a0000 - 0x00007ffb6d269000 	C:\Windows\System32\KERNEL32.DLL
0x00007ffb6b950000 - 0x00007ffb6bd42000 	C:\Windows\System32\KERNELBASE.dll
0x00007ffb6bd50000 - 0x00007ffb6be9b000 	C:\Windows\System32\ucrtbase.dll
0x00007ffb62b20000 - 0x00007ffb62b38000 	C:\Users\ninja\.jdks\corretto-21.0.8\bin\jli.dll
0x00007ffb60eb0000 - 0x00007ffb60ecb000 	C:\Users\ninja\.jdks\corretto-21.0.8\bin\VCRUNTIME140.dll
0x00007ffb6cfd0000 - 0x00007ffb6d195000 	C:\Windows\System32\USER32.dll
0x00007ffb6b710000 - 0x00007ffb6b737000 	C:\Windows\System32\win32u.dll
0x00007ffb6e510000 - 0x00007ffb6e53b000 	C:\Windows\System32\GDI32.dll
0x00007ffb44c40000 - 0x00007ffb44ed3000 	C:\Windows\WinSxS\amd64_microsoft.windows.common-controls_6595b64144ccf1df_6.0.26100.6899_none_3e0efeeae32e88c1\COMCTL32.dll
0x00007ffb6c010000 - 0x00007ffb6c13d000 	C:\Windows\System32\gdi32full.dll
0x00007ffb6c140000 - 0x00007ffb6c1e3000 	C:\Windows\System32\msvcp_win.dll
0x00007ffb6ce20000 - 0x00007ffb6cec9000 	C:\Windows\System32\msvcrt.dll
0x00007ffb6ccd0000 - 0x00007ffb6ccff000 	C:\Windows\System32\IMM32.DLL
0x00007ffb62e00000 - 0x00007ffb62e0c000 	C:\Users\ninja\.jdks\corretto-21.0.8\bin\vcruntime140_1.dll
0x00007ffb52380000 - 0x00007ffb5240d000 	C:\Users\ninja\.jdks\corretto-21.0.8\bin\msvcp140.dll
0x00007ffaac2d0000 - 0x00007ffaad077000 	C:\Users\ninja\.jdks\corretto-21.0.8\bin\server\jvm.dll
0x00007ffb6d270000 - 0x00007ffb6d324000 	C:\Windows\System32\ADVAPI32.dll
0x00007ffb6cbb0000 - 0x00007ffb6cc56000 	C:\Windows\System32\sechost.dll
0x00007ffb6e3f0000 - 0x00007ffb6e508000 	C:\Windows\System32\RPCRT4.dll
0x00007ffb6d3b0000 - 0x00007ffb6d424000 	C:\Windows\System32\WS2_32.dll
0x00007ffb6b570000 - 0x00007ffb6b5ce000 	C:\Windows\SYSTEM32\POWRPROF.dll
0x00007ffb50820000 - 0x00007ffb50855000 	C:\Windows\SYSTEM32\WINMM.dll
0x00007ffb4aac0000 - 0x00007ffb4aacb000 	C:\Windows\SYSTEM32\VERSION.dll
0x00007ffb6b550000 - 0x00007ffb6b564000 	C:\Windows\SYSTEM32\UMPDC.dll
0x00007ffb6a4e0000 - 0x00007ffb6a4fb000 	C:\Windows\SYSTEM32\kernel.appcore.dll
0x00007ffb55c40000 - 0x00007ffb55c4a000 	C:\Users\ninja\.jdks\corretto-21.0.8\bin\jimage.dll
0x00007ffb68e50000 - 0x00007ffb69092000 	C:\Windows\SYSTEM32\DBGHELP.DLL
0x00007ffb6e000000 - 0x00007ffb6e37b000 	C:\Windows\System32\combase.dll
0x00007ffb6d820000 - 0x00007ffb6d8f7000 	C:\Windows\System32\OLEAUT32.dll
0x00007ffb4a930000 - 0x00007ffb4a96c000 	C:\Windows\SYSTEM32\dbgcore.DLL
0x00007ffb6c1f0000 - 0x00007ffb6c288000 	C:\Windows\System32\bcryptPrimitives.dll
0x00007ffb55840000 - 0x00007ffb5584e000 	C:\Users\ninja\.jdks\corretto-21.0.8\bin\instrument.dll
0x00007ffb55790000 - 0x00007ffb557af000 	C:\Users\ninja\.jdks\corretto-21.0.8\bin\java.dll
0x00007ffb6c450000 - 0x00007ffb6cb9d000 	C:\Windows\System32\SHELL32.dll
0x00007ffb6bea0000 - 0x00007ffb6c00b000 	C:\Windows\System32\wintypes.dll
0x00007ffb69210000 - 0x00007ffb69a6d000 	C:\Windows\SYSTEM32\windows.storage.dll
0x00007ffb6c350000 - 0x00007ffb6c442000 	C:\Windows\System32\SHCORE.dll
0x00007ffb6e380000 - 0x00007ffb6e3e2000 	C:\Windows\System32\shlwapi.dll
0x00007ffb6b630000 - 0x00007ffb6b659000 	C:\Windows\SYSTEM32\profapi.dll
0x00007ffb52040000 - 0x00007ffb52117000 	C:\Users\ninja\.jdks\corretto-21.0.8\bin\jsvml.dll
0x00007ffb55830000 - 0x00007ffb55840000 	C:\Users\ninja\.jdks\corretto-21.0.8\bin\net.dll
0x00007ffb57140000 - 0x00007ffb5725f000 	C:\Windows\SYSTEM32\WINHTTP.dll
0x00007ffb6aa50000 - 0x00007ffb6aabb000 	C:\Windows\system32\mswsock.dll
0x00007ffb55770000 - 0x00007ffb55786000 	C:\Users\ninja\.jdks\corretto-21.0.8\bin\nio.dll
0x00007ffb55750000 - 0x00007ffb55768000 	C:\Users\ninja\.jdks\corretto-21.0.8\bin\zip.dll
0x000001ac0b630000 - 0x000001ac0b633000 	C:\Users\ninja\.openjfx\cache\21.0.6+3\amd64\api-ms-win-core-console-l1-1-0.dll
0x000001ac0be20000 - 0x000001ac0be23000 	C:\Users\ninja\.openjfx\cache\21.0.6+3\amd64\api-ms-win-core-console-l1-2-0.dll
0x000001ac0be30000 - 0x000001ac0be33000 	C:\Users\ninja\.openjfx\cache\21.0.6+3\amd64\api-ms-win-core-datetime-l1-1-0.dll
0x000001ac0be40000 - 0x000001ac0be43000 	C:\Users\ninja\.openjfx\cache\21.0.6+3\amd64\api-ms-win-core-debug-l1-1-0.dll
0x000001ac2bd30000 - 0x000001ac2bd33000 	C:\Users\ninja\.openjfx\cache\21.0.6+3\amd64\api-ms-win-core-errorhandling-l1-1-0.dll
0x000001ac2bd40000 - 0x000001ac2bd44000 	C:\Users\ninja\.openjfx\cache\21.0.6+3\amd64\api-ms-win-core-file-l1-1-0.dll
0x000001ac2bd50000 - 0x000001ac2bd53000 	C:\Users\ninja\.openjfx\cache\21.0.6+3\amd64\api-ms-win-core-file-l1-2-0.dll
0x000001ac2bd60000 - 0x000001ac2bd63000 	C:\Users\ninja\.openjfx\cache\21.0.6+3\amd64\api-ms-win-core-file-l2-1-0.dll
0x000001ac2bd70000 - 0x000001ac2bd73000 	C:\Users\ninja\.openjfx\cache\21.0.6+3\amd64\api-ms-win-core-handle-l1-1-0.dll
0x000001ac2bd80000 - 0x000001ac2bd83000 	C:\Users\ninja\.openjfx\cache\21.0.6+3\amd64\api-ms-win-core-heap-l1-1-0.dll
0x000001ac2bd90000 - 0x000001ac2bd93000 	C:\Users\ninja\.openjfx\cache\21.0.6+3\amd64\api-ms-win-core-interlocked-l1-1-0.dll
0x000001ac2bda0000 - 0x000001ac2bda3000 	C:\Users\ninja\.openjfx\cache\21.0.6+3\amd64\api-ms-win-core-libraryloader-l1-1-0.dll
0x000001ac2bdb0000 - 0x000001ac2bdb3000 	C:\Users\ninja\.openjfx\cache\21.0.6+3\amd64\api-ms-win-core-localization-l1-2-0.dll
0x000001ac2bdc0000 - 0x000001ac2bdc3000 	C:\Users\ninja\.openjfx\cache\21.0.6+3\amd64\api-ms-win-core-memory-l1-1-0.dll
0x000001ac2bdd0000 - 0x000001ac2bdd3000 	C:\Users\ninja\.openjfx\cache\21.0.6+3\amd64\api-ms-win-core-namedpipe-l1-1-0.dll
0x000001ac2bde0000 - 0x000001ac2bde3000 	C:\Users\ninja\.openjfx\cache\21.0.6+3\amd64\api-ms-win-core-processenvironment-l1-1-0.dll
0x000001ac2bdf0000 - 0x000001ac2bdf3000 	C:\Users\ninja\.openjfx\cache\21.0.6+3\amd64\api-ms-win-core-processthreads-l1-1-0.dll
0x000001ac2be00000 - 0x000001ac2be03000 	C:\Users\ninja\.openjfx\cache\21.0.6+3\amd64\api-ms-win-core-processthreads-l1-1-1.dll
0x000001ac2be10000 - 0x000001ac2be13000 	C:\Users\ninja\.openjfx\cache\21.0.6+3\amd64\api-ms-win-core-profile-l1-1-0.dll
0x000001ac2be20000 - 0x000001ac2be23000 	C:\Users\ninja\.openjfx\cache\21.0.6+3\amd64\api-ms-win-core-rtlsupport-l1-1-0.dll
0x000001ac2be30000 - 0x000001ac2be33000 	C:\Users\ninja\.openjfx\cache\21.0.6+3\amd64\api-ms-win-core-string-l1-1-0.dll
0x000001ac2be40000 - 0x000001ac2be43000 	C:\Users\ninja\.openjfx\cache\21.0.6+3\amd64\api-ms-win-core-synch-l1-1-0.dll
0x000001ac2be50000 - 0x000001ac2be53000 	C:\Users\ninja\.openjfx\cache\21.0.6+3\amd64\api-ms-win-core-synch-l1-2-0.dll
0x000001ac2be60000 - 0x000001ac2be63000 	C:\Users\ninja\.openjfx\cache\21.0.6+3\amd64\api-ms-win-core-sysinfo-l1-1-0.dll
0x000001ac2be70000 - 0x000001ac2be73000 	C:\Users\ninja\.openjfx\cache\21.0.6+3\amd64\api-ms-win-core-timezone-l1-1-0.dll
0x000001ac2be80000 - 0x000001ac2be83000 	C:\Users\ninja\.openjfx\cache\21.0.6+3\amd64\api-ms-win-core-util-l1-1-0.dll
0x000001ac2be90000 - 0x000001ac2be93000 	C:\Users\ninja\.openjfx\cache\21.0.6+3\amd64\api-ms-win-crt-conio-l1-1-0.dll
0x000001ac2bea0000 - 0x000001ac2bea4000 	C:\Users\ninja\.openjfx\cache\21.0.6+3\amd64\api-ms-win-crt-convert-l1-1-0.dll
0x000001ac2beb0000 - 0x000001ac2beb3000 	C:\Users\ninja\.openjfx\cache\21.0.6+3\amd64\api-ms-win-crt-environment-l1-1-0.dll
0x000001ac2bec0000 - 0x000001ac2bec3000 	C:\Users\ninja\.openjfx\cache\21.0.6+3\amd64\api-ms-win-crt-filesystem-l1-1-0.dll
0x000001ac2bed0000 - 0x000001ac2bed3000 	C:\Users\ninja\.openjfx\cache\21.0.6+3\amd64\api-ms-win-crt-heap-l1-1-0.dll
0x000001ac2bee0000 - 0x000001ac2bee3000 	C:\Users\ninja\.openjfx\cache\21.0.6+3\amd64\api-ms-win-crt-locale-l1-1-0.dll
0x000001ac2bef0000 - 0x000001ac2bef5000 	C:\Users\ninja\.openjfx\cache\21.0.6+3\amd64\api-ms-win-crt-math-l1-1-0.dll
0x000001ac2bf00000 - 0x000001ac2bf05000 	C:\Users\ninja\.openjfx\cache\21.0.6+3\amd64\api-ms-win-crt-multibyte-l1-1-0.dll
0x000001ac2bf10000 - 0x000001ac2bf20000 	C:\Users\ninja\.openjfx\cache\21.0.6+3\amd64\api-ms-win-crt-private-l1-1-0.dll
0x000001ac2bf20000 - 0x000001ac2bf23000 	C:\Users\ninja\.openjfx\cache\21.0.6+3\amd64\api-ms-win-crt-process-l1-1-0.dll
0x000001ac2bf30000 - 0x000001ac2bf34000 	C:\Users\ninja\.openjfx\cache\21.0.6+3\amd64\api-ms-win-crt-runtime-l1-1-0.dll
0x000001ac2bf40000 - 0x000001ac2bf44000 	C:\Users\ninja\.openjfx\cache\21.0.6+3\amd64\api-ms-win-crt-stdio-l1-1-0.dll
0x000001ac2bf50000 - 0x000001ac2bf54000 	C:\Users\ninja\.openjfx\cache\21.0.6+3\amd64\api-ms-win-crt-string-l1-1-0.dll
0x000001ac2bf60000 - 0x000001ac2bf63000 	C:\Users\ninja\.openjfx\cache\21.0.6+3\amd64\api-ms-win-crt-time-l1-1-0.dll
0x000001ac2bf70000 - 0x000001ac2bf73000 	C:\Users\ninja\.openjfx\cache\21.0.6+3\amd64\api-ms-win-crt-utility-l1-1-0.dll
0x00007ffaec630000 - 0x00007ffaec72c000 	C:\Users\ninja\.openjfx\cache\21.0.6+3\amd64\ucrtbase.dll
0x00007ffb55610000 - 0x00007ffb5562b000 	C:\Users\ninja\.openjfx\cache\21.0.6+3\amd64\vcruntime140.dll
0x00007ffb55600000 - 0x00007ffb5560c000 	C:\Users\ninja\.openjfx\cache\21.0.6+3\amd64\vcruntime140_1.dll
0x00007ffb37540000 - 0x00007ffb375ce000 	C:\Users\ninja\.openjfx\cache\21.0.6+3\amd64\msvcp140.dll
0x00007ffb54d30000 - 0x00007ffb54d39000 	C:\Users\ninja\.openjfx\cache\21.0.6+3\amd64\msvcp140_1.dll
0x00007ffb26010000 - 0x00007ffb26051000 	C:\Users\ninja\.openjfx\cache\21.0.6+3\amd64\msvcp140_2.dll
0x00007ffb54d00000 - 0x00007ffb54d30000 	C:\Users\ninja\.openjfx\cache\21.0.6+3\amd64\prism_d3d.dll
0x00007ffb48570000 - 0x00007ffb48720000 	C:\Windows\system32\d3d9.dll
0x00007ffb636b0000 - 0x00007ffb636dd000 	C:\Windows\SYSTEM32\dwmapi.dll
0x00007ffb634e0000 - 0x00007ffb63524000 	C:\Windows\SYSTEM32\dxcore.dll
0x00007ffb63220000 - 0x00007ffb632ca000 	C:\Windows\system32\uxtheme.dll
0x00007ffaddc50000 - 0x00007ffadf587000 	C:\Windows\System32\DriverStore\FileRepository\iigd_dch.inf_amd64_fa93a85c69ac1b8b\igd9trinity64.dll
0x00007ffb6d900000 - 0x00007ffb6da98000 	C:\Windows\System32\ole32.dll
0x00007ffb63530000 - 0x00007ffb6366b000 	C:\Windows\system32\dxgi.dll
0x00007ffb5cd70000 - 0x00007ffb5d301000 	C:\Windows\System32\DriverStore\FileRepository\iigd_dch.inf_amd64_fa93a85c69ac1b8b\igdgmm64.dll
0x00007ffb57c40000 - 0x00007ffb5ccb0000 	C:\Windows\System32\DriverStore\FileRepository\iigd_dch.inf_amd64_fa93a85c69ac1b8b\igc64.dll
0x00007ffb57670000 - 0x00007ffb576be000 	C:\Windows\SYSTEM32\ControlLib.dll
0x00007ffb6b290000 - 0x00007ffb6b2e7000 	C:\Windows\SYSTEM32\CFGMGR32.dll
0x00007ffb26780000 - 0x00007ffb2682c000 	C:\Windows\System32\DriverStore\FileRepository\iigd_dch.inf_amd64_fa93a85c69ac1b8b\IntelControlLib.dll
0x00007ffb60460000 - 0x00007ffb604c3000 	C:\Windows\SYSTEM32\directxdatabasehelper.dll
0x00007ffadc550000 - 0x00007ffaddc50000 	C:\Windows\System32\DriverStore\FileRepository\iigd_dch.inf_amd64_fa93a85c69ac1b8b\igd9dxva64.dll
0x00007ffb6db70000 - 0x00007ffb6dff8000 	C:\Windows\System32\SETUPAPI.dll
0x00007ffb402f0000 - 0x00007ffb42362000 	C:\Windows\System32\DriverStore\FileRepository\iigd_dch.inf_amd64_fa93a85c69ac1b8b\media_bin_64.dll
0x00007ffb20680000 - 0x00007ffb206c2000 	C:\Users\ninja\.openjfx\cache\21.0.6+3\amd64\glass.dll
0x00007ffb6cd10000 - 0x00007ffb6ce03000 	C:\Windows\System32\COMDLG32.dll
0x00007ffb6d450000 - 0x00007ffb6d5ab000 	C:\Windows\System32\MSCTF.dll
0x00007ffb572e0000 - 0x00007ffb57484000 	C:\Windows\System32\DriverStore\FileRepository\iigd_dch.inf_amd64_fa93a85c69ac1b8b\igdml64.dll
0x00007ffb4e050000 - 0x00007ffb4e078000 	C:\Windows\System32\DriverStore\FileRepository\iigd_dch.inf_amd64_fa93a85c69ac1b8b\igdinfo64.dll
0x00007ffb52320000 - 0x00007ffb52335000 	C:\Users\ninja\.openjfx\cache\21.0.6+3\amd64\javafx_font.dll
0x00007ffb61990000 - 0x00007ffb61bf7000 	C:\Windows\SYSTEM32\dwrite.dll
0x00007ffb6ced0000 - 0x00007ffb6cf81000 	C:\Windows\System32\clbcatq.dll
0x00007ffb61750000 - 0x00007ffb61980000 	C:\Windows\SYSTEM32\WindowsCodecs.dll
0x00007ffb54a60000 - 0x00007ffb54aba000 	C:\Windows\system32\dataexchange.dll
0x00007ffb4fdc0000 - 0x00007ffb50005000 	C:\Windows\system32\twinapi.appcore.dll
0x00007ffb51fb0000 - 0x00007ffb51fdc000 	C:\Program Files\Common Files\Microsoft Shared\Ink\rtscom.dll
0x00007ffb4f0f0000 - 0x00007ffb4f23a000 	C:\Windows\SYSTEM32\textinputframework.dll
0x00007ffb62b40000 - 0x00007ffb62c65000 	C:\Windows\SYSTEM32\CoreMessaging.dll
0x00007ffb5f710000 - 0x00007ffb5f9f3000 	C:\Windows\SYSTEM32\CoreUIComponents.dll
0x00007ffb6ad20000 - 0x00007ffb6ad2c000 	C:\Windows\SYSTEM32\CRYPTBASE.DLL
0x00007ffb355f0000 - 0x00007ffb3566a000 	C:\Windows\system32\Oleacc.dll

JVMTI agents:
C:\Users\ninja\IntelliJ IDEA 2025.2.1\lib\idea_rt.jar path:C:\Users\ninja\.jdks\corretto-21.0.8\bin\instrument.dll, loaded, initialized, instrumentlib options:63355

dbghelp: loaded successfully - version: 4.0.5 - missing functions: none
symbol engine: initialized successfully - sym options: 0x614 - pdb path: .;C:\Users\ninja\.jdks\corretto-21.0.8\bin;C:\Windows\SYSTEM32;C:\Windows\WinSxS\amd64_microsoft.windows.common-controls_6595b64144ccf1df_6.0.26100.6899_none_3e0efeeae32e88c1;C:\Users\ninja\.jdks\corretto-21.0.8\bin\server;C:\Users\ninja\.openjfx\cache\21.0.6+3\amd64;C:\Windows\System32\DriverStore\FileRepository\iigd_dch.inf_amd64_fa93a85c69ac1b8b;C:\Program Files\Common Files\Microsoft Shared\Ink

VM Arguments:
jvm_args: -javaagent:C:\Users\ninja\IntelliJ IDEA 2025.2.1\lib\idea_rt.jar=63355 -Dfile.encoding=UTF-8 -Dsun.stdout.encoding=UTF-8 -Dsun.stderr.encoding=UTF-8 --module-path=C:\Users\ninja\.m2\repository\org\openjfx\javafx-controls\21.0.6\javafx-controls-21.0.6-win.jar;C:\Users\ninja\.m2\repository\org\openjfx\javafx-graphics\21.0.6\javafx-graphics-21.0.6-win.jar;C:\Users\ninja\IdeaProjects\DinoGame\target\classes;C:\Users\ninja\.m2\repository\org\openjfx\javafx-base\21.0.6\javafx-base-21.0.6-win.jar;C:\Users\ninja\.m2\repository\org\openjfx\javafx-fxml\21.0.6\javafx-fxml-21.0.6-win.jar -Djdk.module.main=com.example.dinogame 
java_command: com.example.dinogame/com.example.dinogame.DinoGame
java_class_path (initial): C:\Users\ninja\.m2\repository\org\openjfx\javafx-controls\21.0.6\javafx-controls-21.0.6.jar;C:\Users\ninja\.m2\repository\org\openjfx\javafx-graphics\21.0.6\javafx-graphics-21.0.6.jar;C:\Users\ninja\.m2\repository\org\openjfx\javafx-base\21.0.6\javafx-base-21.0.6.jar;C:\Users\ninja\.m2\repository\org\openjfx\javafx-fxml\21.0.6\javafx-fxml-21.0.6.jar
Launcher Type: SUN_STANDARD

[Global flags]
     intx CICompilerCount                          = 4                                         {product} {ergonomic}
     uint ConcGCThreads                            = 2                                         {product} {ergonomic}
     uint G1ConcRefinementThreads                  = 8                                         {product} {ergonomic}
   size_t G1HeapRegionSize                         = 2097152                                   {product} {ergonomic}
    uintx GCDrainStackTargetSize                   = 64                                        {product} {ergonomic}
   size_t InitialHeapSize                          = 262144000                                 {product} {ergonomic}
   size_t MarkStackSize                            = 4194304                                   {product} {ergonomic}
   size_t MaxHeapSize                              = 4173332480                                {product} {ergonomic}
   size_t MaxNewSize                               = 2503999488                                {product} {ergonomic}
   size_t MinHeapDeltaBytes                        = 2097152                                   {product} {ergonomic}
   size_t MinHeapSize                              = 8388608                                   {product} {ergonomic}
    uintx NonNMethodCodeHeapSize                   = 5839372                                {pd product} {ergonomic}
    uintx NonProfiledCodeHeapSize                  = 122909434                              {pd product} {ergonomic}
    uintx ProfiledCodeHeapSize                     = 122909434                              {pd product} {ergonomic}
    uintx ReservedCodeCacheSize                    = 251658240                              {pd product} {ergonomic}
     bool SegmentedCodeCache                       = true                                      {product} {ergonomic}
   size_t SoftMaxHeapSize                          = 4173332480                             {manageable} {ergonomic}
     bool UseCompressedOops                        = true                           {product lp64_product} {ergonomic}
     bool UseG1GC                                  = true                                      {product} {ergonomic}
     bool UseLargePagesIndividualAllocation        = false                                  {pd product} {ergonomic}

Logging:
Log output configuration:
 #0: stdout all=warning uptime,level,tags foldmultilines=false
 #1: stderr all=off uptime,level,tags foldmultilines=false

Environment Variables:
PATH=C:\Program Files (x86)\Common Files\Oracle\Java\javapath;C:\Program Files (x86)\NVIDIA Corporation\PhysX\Common;C:\Windows\system32;C:\Windows;C:\Windows\System32\Wbem;C:\Windows\System32\WindowsPowerShell\v1.0\;C:\Windows\System32\OpenSSH\;C:\Program Files\dotnet\;C:\Program Files\7-Zip;C:\Users\ninja\AppData\Local\Microsoft\WindowsApps;C:\Users\ninja\AppData\Local\Programs\Microsoft VS Code\bin
USERNAME=ninja
OS=Windows_NT
PROCESSOR_IDENTIFIER=Intel64 Family 6 Model 189 Stepping 1, GenuineIntel
TMP=C:\Users\ninja\AppData\Local\Temp
TEMP=C:\Users\ninja\AppData\Local\Temp




Periodic native trim disabled

---------------  S Y S T E M  ---------------

OS:
 Windows 11 , 64 bit Build 26100 (10.0.26100.6725)
OS uptime: 4 days 15:05 hours
Hyper-V role detected

CPU: total 8 (initial active 8) (8 cores per cpu, 1 threads per core) family 6 model 189 stepping 1 microcode 0x11c, cx8, cmov, fxsr, mmx, 3dnowpref, sse, sse2, sse3, ssse3, sse4.1, sse4.2, popcnt, lzcnt, tsc, tscinvbit, avx, avx2, aes, erms, clmul, bmi1, bmi2, adx, sha, fma, vzeroupper, clflush, clflushopt, clwb, hv, serialize, rdtscp, rdpid, fsrm, f16c, cet_ibt, cet_ss
Processor Information for processor 0
  Max Mhz: 2100, Current Mhz: 2100, Mhz Limit: 2100
Processor Information for processor 1
  Max Mhz: 2100, Current Mhz: 2100, Mhz Limit: 2100
Processor Information for processor 2
  Max Mhz: 2100, Current Mhz: 2100, Mhz Limit: 2100
Processor Information for processor 3
  Max Mhz: 2100, Current Mhz: 2100, Mhz Limit: 2100
Processor Information for processor 4
  Max Mhz: 2100, Current Mhz: 2000, Mhz Limit: 2100
Processor Information for processor 5
  Max Mhz: 2100, Current Mhz: 2000, Mhz Limit: 2100
Processor Information for processor 6
  Max Mhz: 2100, Current Mhz: 2100, Mhz Limit: 2100
Processor Information for processor 7
  Max Mhz: 2100, Current Mhz: 2100, Mhz Limit: 2100

Memory: 4k page, system-wide physical 15914M (2568M free)
TotalPageFile size 25642M (AvailPageFile size 7858M)
current process WorkingSet (physical memory assigned to process): 288M, peak: 288M
current process commit charge ("private bytes"): 528M, peak: 528M

vm_info: OpenJDK 64-Bit Server VM (21.0.8+9-LTS) for windows-amd64 JRE (21.0.8+9-LTS), built on 2025-07-09T19:22:31Z by "Administrator" with MS VC++ 16.10 / 16.11 (VS2019)

END.
